#
# A fatal error has been detected by the Java Runtime Environment:
#
#  SIGSEGV (0xb) at pc=0x00007fff92a00d69, pid=1708, tid=2571
#
# JRE version: Java(TM) SE Runtime Environment (8.0_60-b27) (build 1.8.0_60-b27)
# Java VM: Java HotSpot(TM) 64-Bit Server VM (25.60-b23 mixed mode bsd-amd64 compressed oops)
# Problematic frame:
# C  [libobjc.A.dylib+0x6d69]  objc_msgSend+0x29
#
# Failed to write core dump. Core dumps have been disabled. To enable core dumping, try "ulimit -c unlimited" before starting Java again
#
# If you would like to submit a bug report, please visit:
#   http://bugreport.java.com/bugreport/crash.jsp
# The crash happened outside the Java Virtual Machine in native code.
# See problematic frame for where to report the bug.
#

---------------  T H R E A D  ---------------

Current thread (0x00007fcb63091800):  JavaThread "AWT-AppKit" daemon [_thread_in_native, id=2571, stack(0x00007fff5512d000,0x00007fff5592d000)]

siginfo: si_signo: 11 (SIGSEGV), si_code: 1 (SEGV_MAPERR), si_addr: 0x0000000000000000

Registers:
RAX=0x00007fcb66acb130, RBX=0x0000000123f15450, RCX=0x0000000123f39f40, RDX=0x0000000123f39b60
RSP=0x00007fff559280a8, RBP=0x00007fff55928160, RSI=0x00007fff899ead06, RDI=0x00007fcb6268f250
R8 =0x0000000000000000, R9 =0x0000000000000810, R10=0x0000000000000000, R11=0x00007fcb68958800
R12=0x0000000000000000, R13=0x00000001827749b0, R14=0x0000000123f15440, R15=0x00007fcb63091800
RIP=0x00007fff92a00d69, EFLAGS=0x0000000000010246, ERR=0x0000000000000004
  TRAPNO=0x000000000000000e

Top of Stack: (sp=0x00007fff559280a8)
0x00007fff559280a8:   0000000123f13157 00007fff55928100
0x00007fff559280b8:   0000000000000003 00007fff559280e0
0x00007fff559280c8:   000000010a740992 00000001827749b0
0x00007fff559280d8:   00000001827749b0 00007fcb66acb130
0x00007fff559280e8:   0000000123f156a0 0000000123f15710
0x00007fff559280f8:   00007fff75d82740 00007fff783c24b0
0x00007fff55928108:   0000000123f15450 0000000123f15690
0x00007fff55928118:   00007fcb66acb130 00007fcb6268f250
0x00007fff55928128:   00007fcb624398c0 00007fcb66acb130
0x00007fff55928138:   00007fcb6268f250 00007fff559281e8
0x00007fff55928148:   00007fcb630919f8 00000001827749b0
0x00007fff55928158:   00007fff55928210 00007fff559281d8
0x00007fff55928168:   000000010be15954 00000001827749b0
0x00007fff55928178:   00007fff55928210 00007fff559281d8
0x00007fff55928188:   000000010be156e7 000000010be156a2
0x00007fff55928198:   00007fff55928198 00000001827749b0
0x00007fff559281a8:   00007fff55928210 00000001827775e8
0x00007fff559281b8:   0000000000000000 00000001827749b0
0x00007fff559281c8:   0000000000000000 00007fff559281f8
0x00007fff559281d8:   00007fff55928258 000000010be07c4d
0x00007fff559281e8:   000000074085b218 000000010be0f578
0x00007fff559281f8:   00007fcb66acb130 00007fff55928258
0x00007fff55928208:   00007fcb6268f250 000000010be10d82
0x00007fff55928218:   00007fff55928218 0000000182774b7a
0x00007fff55928228:   00007fff55928280 00000001827775e8
0x00007fff55928238:   0000000000000000 0000000182774b88
0x00007fff55928248:   00007fff559281f8 00007fff55928268
0x00007fff55928258:   00007fff559282c8 000000010be07c4d
0x00007fff55928268:   00007fcb66acb130 0000000740c260d0
0x00007fff55928278:   00007fcb6268f250 0000000740c260d0
0x00007fff55928288:   00007fff55928288 0000000188d4f6ae
0x00007fff55928298:   00007fff559282d8 0000000188d4f768 

Instructions: (pc=0x00007fff92a00d69)
0x00007fff92a00d49:   01 2e 75 66 49 bb f8 ff ff ff ff 7f 00 00 4c 23
0x00007fff92a00d59:   1f 49 89 f2 45 23 53 18 49 c1 e2 04 4d 03 53 10
0x00007fff92a00d69:   49 3b 32 75 04 41 ff 62 08 49 83 3a 01 76 0d 49
0x00007fff92a00d79:   83 c2 10 49 3b 32 75 f1 41 ff 62 08 72 40 4d 8b 

Register to memory mapping:

RAX=0x00007fcb66acb130 is an unknown value
RBX=0x0000000123f15450: Java_jogamp_nativewindow_macosx_OSXUtil_GetScreenRefreshRate0+0x1cf0 in /private/var/folders/x9/z_v5q4vx5yx_kt718rrfk_lm0000gn/T/jogamp_0000/file_cache/jln9049784603489473295/jln2816289926786043959/libnativewindow_macosx.jnilib at 0x0000000123f0e000
RCX=0x0000000123f39f40 is an unknown value
RDX=0x0000000123f39b60 is an unknown value
RSP=0x00007fff559280a8 is pointing into the stack for thread: 0x00007fcb63091800
RBP=0x00007fff55928160 is pointing into the stack for thread: 0x00007fcb63091800
RSI=0x00007fff899ead06 is an unknown value
RDI=0x00007fcb6268f250 is an unknown value
R8 =0x0000000000000000 is an unknown value
R9 =0x0000000000000810 is an unknown value
R10=0x0000000000000000 is an unknown value
R11=0x00007fcb68958800 is a thread
R12=0x0000000000000000 is an unknown value
R13={method} {0x00000001827749b0} 'UnsetJAWTRootSurfaceLayer0' '(JJ)V' in 'jogamp/nativewindow/jawt/macosx/MacOSXJAWTWindow'
R14=0x0000000123f15440: Java_jogamp_nativewindow_macosx_OSXUtil_GetScreenRefreshRate0+0x1ce0 in /private/var/folders/x9/z_v5q4vx5yx_kt718rrfk_lm0000gn/T/jogamp_0000/file_cache/jln9049784603489473295/jln2816289926786043959/libnativewindow_macosx.jnilib at 0x0000000123f0e000
R15=0x00007fcb63091800 is a thread


Stack: [0x00007fff5512d000,0x00007fff5592d000],  sp=0x00007fff559280a8,  free space=8172k
Native frames: (J=compiled Java code, j=interpreted, Vv=VM code, C=native code)
C  [libobjc.A.dylib+0x6d69]  objc_msgSend+0x29
j  jogamp.nativewindow.jawt.macosx.MacOSXJAWTWindow.UnsetJAWTRootSurfaceLayer0(JJ)V+0
j  jogamp.nativewindow.jawt.macosx.MacOSXJAWTWindow.access$200(JJ)V+2
j  jogamp.nativewindow.jawt.macosx.MacOSXJAWTWindow$1.run()V+38
J 2177 C1 com.jogamp.common.util.RunnableTask.run()V (345 bytes) @ 0x000000010c286754 [0x000000010c2865c0+0x194]
v  ~StubRoutines::call_stub
V  [libjvm.dylib+0x2eab0e]  JavaCalls::call_helper(JavaValue*, methodHandle*, JavaCallArguments*, Thread*)+0x6ae
V  [libjvm.dylib+0x321bb7]  jni_invoke_nonstatic(JNIEnv_*, JavaValue*, _jobject*, JNICallType, _jmethodID*, JNI_ArgumentPusher*, Thread*)+0x2ec
V  [libjvm.dylib+0x31438b]  jni_CallVoidMethod+0x16b
C  [libnativewindow_macosx.jnilib+0x5326]  Java_jogamp_nativewindow_jawt_macosx_MacOSXJAWTWindow_UnsetJAWTRootSurfaceLayer0+0x2b6
C  [Foundation+0x7754e]  __NSThreadPerformPerform+0x117
C  [CoreFoundation+0xaa621]  __CFRUNLOOP_IS_CALLING_OUT_TO_A_SOURCE0_PERFORM_FUNCTION__+0x11
C  [CoreFoundation+0x89e1c]  __CFRunLoopDoSources0+0x22c
C  [CoreFoundation+0x8933f]  __CFRunLoopRun+0x39f
C  [CoreFoundation+0x88d38]  CFRunLoopRunSpecific+0x128
C  [HIToolbox+0x30d55]  RunCurrentEventLoopInMode+0xeb
C  [HIToolbox+0x30a97]  ReceiveNextEventCommon+0xb8
C  [HIToolbox+0x309cf]  _BlockUntilNextEventMatchingListInModeWithFilter+0x47
C  [AppKit+0x49f3a]  _DPSNextEvent+0x42b
C  [AppKit+0x49369]  -[NSApplication _nextEventMatchingEventMask:untilDate:inMode:dequeue:]+0x1c6
C  [libosxapp.dylib+0x23aa]  -[NSApplicationAWT nextEventMatchingMask:untilDate:inMode:dequeue:]+0x7c
C  [AppKit+0x3decc]  -[NSApplication run]+0x2aa
C  [libosxapp.dylib+0x214d]  +[NSApplicationAWT runAWTLoopWithApp:]+0x9c
C  [libawt_lwawt.dylib+0x44517]  -[AWTStarter starter:]+0x389
C  [Foundation+0x7754e]  __NSThreadPerformPerform+0x117
C  [CoreFoundation+0xaa621]  __CFRUNLOOP_IS_CALLING_OUT_TO_A_SOURCE0_PERFORM_FUNCTION__+0x11
C  [CoreFoundation+0x89e1c]  __CFRunLoopDoSources0+0x22c
C  [CoreFoundation+0x8933f]  __CFRunLoopRun+0x39f
C  [CoreFoundation+0x88d38]  CFRunLoopRunSpecific+0x128
C  [java+0x6463]  CreateExecutionEnvironment+0x367
C  [java+0x21ac]  JLI_Launch+0x7a0
C  [java+0x84c0]  main+0x65
C  [java+0x1a04]  start+0x34
C  0x0000000000000007

Java frames: (J=compiled Java code, j=interpreted, Vv=VM code)
j  jogamp.nativewindow.jawt.macosx.MacOSXJAWTWindow.UnsetJAWTRootSurfaceLayer0(JJ)V+0
j  jogamp.nativewindow.jawt.macosx.MacOSXJAWTWindow.access$200(JJ)V+2
j  jogamp.nativewindow.jawt.macosx.MacOSXJAWTWindow$1.run()V+38
J 2177 C1 com.jogamp.common.util.RunnableTask.run()V (345 bytes) @ 0x000000010c286754 [0x000000010c2865c0+0x194]
v  ~StubRoutines::call_stub

---------------  P R O C E S S  ---------------

Java Threads: ( => current thread )
  0x00007fcb68958800 JavaThread "Thread-19" [_thread_blocked, id=5231, stack(0x0000700001a71000,0x0000700001b71000)]
  0x00007fcb63a3c000 JavaThread "Animation Thread" [_thread_blocked, id=57899, stack(0x0000700001765000,0x0000700001865000)]
  0x00007fcb62be8000 JavaThread "AWT-EventQueue-1" [_thread_in_native, id=58395, stack(0x0000700001868000,0x0000700001968000)]
  0x00007fcb63a41000 JavaThread "DestroyJavaVM" [_thread_blocked, id=5891, stack(0x000070000011a000,0x000070000021a000)]
  0x00007fcb63a3f000 JavaThread "AWT-EventQueue-0" [_thread_blocked, id=55815, stack(0x0000700001662000,0x0000700001762000)]
  0x00007fcb630b7000 JavaThread "Java2D Disposer" daemon [_thread_blocked, id=52483, stack(0x00007000013d9000,0x00007000014d9000)]
  0x00007fcb63935000 JavaThread "Java2D Queue Flusher" daemon [_thread_blocked, id=49415, stack(0x00007000012d6000,0x00007000013d6000)]
  0x00007fcb62944000 JavaThread "AWT-Shutdown" [_thread_blocked, id=28947, stack(0x00007000010cd000,0x00007000011cd000)]
=>0x00007fcb63091800 JavaThread "AWT-AppKit" daemon [_thread_in_native, id=2571, stack(0x00007fff5512d000,0x00007fff5592d000)]
  0x00007fcb6401f800 JavaThread "Service Thread" daemon [_thread_blocked, id=18691, stack(0x0000700000e44000,0x0000700000f44000)]
  0x00007fcb6283e800 JavaThread "C1 CompilerThread2" daemon [_thread_blocked, id=18179, stack(0x0000700000d41000,0x0000700000e41000)]
  0x00007fcb62836000 JavaThread "C2 CompilerThread1" daemon [_thread_in_native, id=17667, stack(0x0000700000c3e000,0x0000700000d3e000)]
  0x00007fcb63841000 JavaThread "C2 CompilerThread0" daemon [_thread_in_native, id=17155, stack(0x0000700000b3b000,0x0000700000c3b000)]
  0x00007fcb63838000 JavaThread "Signal Dispatcher" daemon [_thread_blocked, id=12815, stack(0x0000700000a38000,0x0000700000b38000)]
  0x00007fcb6382d000 JavaThread "Finalizer" daemon [_thread_blocked, id=12291, stack(0x000070000082f000,0x000070000092f000)]
  0x00007fcb6382c000 JavaThread "Reference Handler" daemon [_thread_blocked, id=11779, stack(0x000070000072c000,0x000070000082c000)]

Other Threads:
  0x00007fcb63829800 VMThread [stack: 0x0000700000629000,0x0000700000729000] [id=11267]
  0x00007fcb62835000 WatcherThread [stack: 0x0000700000f47000,0x0000700001047000] [id=19203]

VM state:not at safepoint (normal execution)

VM Mutex/Monitor currently owned by a thread: None

Heap:
 PSYoungGen      total 41984K, used 6773K [0x0000000795580000, 0x0000000798d00000, 0x00000007c0000000)
  eden space 29184K, 22% used [0x0000000795580000,0x0000000795bed778,0x0000000797200000)
  from space 12800K, 1% used [0x0000000798080000,0x00000007980b0000,0x0000000798d00000)
  to   space 13824K, 0% used [0x0000000797200000,0x0000000797200000,0x0000000797f80000)
 ParOldGen       total 58880K, used 16418K [0x0000000740000000, 0x0000000743980000, 0x0000000795580000)
  object space 58880K, 27% used [0x0000000740000000,0x0000000741008a98,0x0000000743980000)
 Metaspace       used 21194K, capacity 21403K, committed 21808K, reserved 1069056K
  class space    used 2049K, capacity 2112K, committed 2176K, reserved 1048576K

Card table byte_map: [0x000000011b1c0000,0x000000011b5c1000] byte_map_base: 0x00000001177c0000

Marking Bits: (ParMarkBitMap*) 0x000000010ae2de20
 Begin Bits: [0x000000011b86c000, 0x000000011d86c000)
 End Bits:   [0x000000011d86c000, 0x000000011f86c000)

Polling page: 0x000000010b51f000

CodeCache: size=245760Kb used=9882Kb max_used=9953Kb free=235877Kb
 bounds [0x000000010be00000, 0x000000010c7d0000, 0x000000011ae00000]
 total_blobs=3589 nmethods=2699 adapters=803
 compilation: enabled

Compilation events (10 events):
Event: 34.319 Thread 0x00007fcb6283e800 2975       1       sun.java2d.StateTrackableDelegate::markDirty (6 bytes)
Event: 34.319 Thread 0x00007fcb6283e800 nmethod 2975 0x000000010c3d4950 code [0x000000010c3d4aa0, 0x000000010c3d4bd0]
Event: 34.332 Thread 0x00007fcb6283e800 2976       1       sun.java2d.SurfaceData::isValid (5 bytes)
Event: 34.333 Thread 0x00007fcb6283e800 nmethod 2976 0x000000010c3df2d0 code [0x000000010c3df420, 0x000000010c3df530]
Event: 34.342 Thread 0x00007fcb6283e800 2977       3       sun.net.www.protocol.jar.Handler::parseContextSpec (154 bytes)
Event: 34.344 Thread 0x00007fcb6283e800 nmethod 2977 0x000000010c3f7f50 code [0x000000010c3f8340, 0x000000010c3faa28]
Event: 34.344 Thread 0x00007fcb6283e800 2978       3       sun.net.www.ParseUtil::canonizeString (195 bytes)
Event: 34.346 Thread 0x00007fcb6283e800 nmethod 2978 0x000000010c3f4790 code [0x000000010c3f4b60, 0x000000010c3f6fa8]
Event: 34.347 Thread 0x00007fcb6283e800 2980  s    2       sun.misc.URLClassPath::getNextLoader (88 bytes)
Event: 34.350 Thread 0x00007fcb6283e800 nmethod 2980 0x000000010c3c7e90 code [0x000000010c3c8040, 0x000000010c3c8608]

GC Heap History (10 events):
Event: 20.851 GC heap before
{Heap before GC invocations=9 (full 1):
 PSYoungGen      total 47104K, used 31840K [0x0000000795580000, 0x0000000799380000, 0x00000007c0000000)
  eden space 31744K, 100% used [0x0000000795580000,0x0000000797480000,0x0000000797480000)
  from space 15360K, 0% used [0x0000000797500000,0x0000000797518000,0x0000000798400000)
  to   space 15872K, 0% used [0x0000000798400000,0x0000000798400000,0x0000000799380000)
 ParOldGen       total 58880K, used 16402K [0x0000000740000000, 0x0000000743980000, 0x0000000795580000)
  object space 58880K, 27% used [0x0000000740000000,0x0000000741004a98,0x0000000743980000)
 Metaspace       used 21156K, capacity 21403K, committed 21808K, reserved 1069056K
  class space    used 2042K, capacity 2112K, committed 2176K, reserved 1048576K
Event: 20.853 GC heap after
Heap after GC invocations=9 (full 1):
 PSYoungGen      total 45568K, used 96K [0x0000000795580000, 0x0000000799200000, 0x00000007c0000000)
  eden space 31232K, 0% used [0x0000000795580000,0x0000000795580000,0x0000000797400000)
  from space 14336K, 0% used [0x0000000798400000,0x0000000798418000,0x0000000799200000)
  to   space 15360K, 0% used [0x0000000797400000,0x0000000797400000,0x0000000798300000)
 ParOldGen       total 58880K, used 16410K [0x0000000740000000, 0x0000000743980000, 0x0000000795580000)
  object space 58880K, 27% used [0x0000000740000000,0x0000000741006a98,0x0000000743980000)
 Metaspace       used 21156K, capacity 21403K, committed 21808K, reserved 1069056K
  class space    used 2042K, capacity 2112K, committed 2176K, reserved 1048576K
}
Event: 24.150 GC heap before
{Heap before GC invocations=10 (full 1):
 PSYoungGen      total 45568K, used 31328K [0x0000000795580000, 0x0000000799200000, 0x00000007c0000000)
  eden space 31232K, 100% used [0x0000000795580000,0x0000000797400000,0x0000000797400000)
  from space 14336K, 0% used [0x0000000798400000,0x0000000798418000,0x0000000799200000)
  to   space 15360K, 0% used [0x0000000797400000,0x0000000797400000,0x0000000798300000)
 ParOldGen       total 58880K, used 16410K [0x0000000740000000, 0x0000000743980000, 0x0000000795580000)
  object space 58880K, 27% used [0x0000000740000000,0x0000000741006a98,0x0000000743980000)
 Metaspace       used 21157K, capacity 21403K, committed 21808K, reserved 1069056K
  class space    used 2042K, capacity 2112K, committed 2176K, reserved 1048576K
Event: 24.151 GC heap after
Heap after GC invocations=10 (full 1):
 PSYoungGen      total 31232K, used 128K [0x0000000795580000, 0x0000000799180000, 0x00000007c0000000)
  eden space 30720K, 0% used [0x0000000795580000,0x0000000795580000,0x0000000797380000)
  from space 512K, 25% used [0x0000000797400000,0x0000000797420000,0x0000000797480000)
  to   space 15360K, 0% used [0x0000000798280000,0x0000000798280000,0x0000000799180000)
 ParOldGen       total 58880K, used 16418K [0x0000000740000000, 0x0000000743980000, 0x0000000795580000)
  object space 58880K, 27% used [0x0000000740000000,0x0000000741008a98,0x0000000743980000)
 Metaspace       used 21157K, capacity 21403K, committed 21808K, reserved 1069056K
  class space    used 2042K, capacity 2112K, committed 2176K, reserved 1048576K
}
Event: 27.265 GC heap before
{Heap before GC invocations=11 (full 1):
 PSYoungGen      total 31232K, used 30848K [0x0000000795580000, 0x0000000799180000, 0x00000007c0000000)
  eden space 30720K, 100% used [0x0000000795580000,0x0000000797380000,0x0000000797380000)
  from space 512K, 25% used [0x0000000797400000,0x0000000797420000,0x0000000797480000)
  to   space 15360K, 0% used [0x0000000798280000,0x0000000798280000,0x0000000799180000)
 ParOldGen       total 58880K, used 16418K [0x0000000740000000, 0x0000000743980000, 0x0000000795580000)
  object space 58880K, 27% used [0x0000000740000000,0x0000000741008a98,0x0000000743980000)
 Metaspace       used 21159K, capacity 21403K, committed 21808K, reserved 1069056K
  class space    used 2042K, capacity 2112K, committed 2176K, reserved 1048576K
Event: 27.266 GC heap after
Heap after GC invocations=11 (full 1):
 PSYoungGen      total 44032K, used 160K [0x0000000795580000, 0x0000000799000000, 0x00000007c0000000)
  eden space 30208K, 0% used [0x0000000795580000,0x0000000795580000,0x0000000797300000)
  from space 13824K, 1% used [0x0000000798280000,0x00000007982a8000,0x0000000799000000)
  to   space 14848K, 0% used [0x0000000797300000,0x0000000797300000,0x0000000798180000)
 ParOldGen       total 58880K, used 16418K [0x0000000740000000, 0x0000000743980000, 0x0000000795580000)
  object space 58880K, 27% used [0x0000000740000000,0x0000000741008a98,0x0000000743980000)
 Metaspace       used 21159K, capacity 21403K, committed 21808K, reserved 1069056K
  class space    used 2042K, capacity 2112K, committed 2176K, reserved 1048576K
}
Event: 30.318 GC heap before
{Heap before GC invocations=12 (full 1):
 PSYoungGen      total 44032K, used 30368K [0x0000000795580000, 0x0000000799000000, 0x00000007c0000000)
  eden space 30208K, 100% used [0x0000000795580000,0x0000000797300000,0x0000000797300000)
  from space 13824K, 1% used [0x0000000798280000,0x00000007982a8000,0x0000000799000000)
  to   space 14848K, 0% used [0x0000000797300000,0x0000000797300000,0x0000000798180000)
 ParOldGen       total 58880K, used 16418K [0x0000000740000000, 0x0000000743980000, 0x0000000795580000)
  object space 58880K, 27% used [0x0000000740000000,0x0000000741008a98,0x0000000743980000)
 Metaspace       used 21159K, capacity 21403K, committed 21808K, reserved 1069056K
  class space    used 2042K, capacity 2112K, committed 2176K, reserved 1048576K
Event: 30.319 GC heap after
Heap after GC invocations=12 (full 1):
 PSYoungGen      total 30208K, used 160K [0x0000000795580000, 0x0000000798e80000, 0x00000007c0000000)
  eden space 29696K, 0% used [0x0000000795580000,0x0000000795580000,0x0000000797280000)
  from space 512K, 31% used [0x0000000797300000,0x0000000797328000,0x0000000797380000)
  to   space 14336K, 0% used [0x0000000798080000,0x0000000798080000,0x0000000798e80000)
 ParOldGen       total 58880K, used 16418K [0x0000000740000000, 0x0000000743980000, 0x0000000795580000)
  object space 58880K, 27% used [0x0000000740000000,0x0000000741008a98,0x0000000743980000)
 Metaspace       used 21159K, capacity 21403K, committed 21808K, reserved 1069056K
  class space    used 2042K, capacity 2112K, committed 2176K, reserved 1048576K
}
Event: 33.701 GC heap before
{Heap before GC invocations=13 (full 1):
 PSYoungGen      total 30208K, used 29856K [0x0000000795580000, 0x0000000798e80000, 0x00000007c0000000)
  eden space 29696K, 100% used [0x0000000795580000,0x0000000797280000,0x0000000797280000)
  from space 512K, 31% used [0x0000000797300000,0x0000000797328000,0x0000000797380000)
  to   space 14336K, 0% used [0x0000000798080000,0x0000000798080000,0x0000000798e80000)
 ParOldGen       total 58880K, used 16418K [0x0000000740000000, 0x0000000743980000, 0x0000000795580000)
  object space 58880K, 27% used [0x0000000740000000,0x0000000741008a98,0x0000000743980000)
 Metaspace       used 21159K, capacity 21403K, committed 21808K, reserved 1069056K
  class space    used 2042K, capacity 2112K, committed 2176K, reserved 1048576K
Event: 33.702 GC heap after
Heap after GC invocations=13 (full 1):
 PSYoungGen      total 41984K, used 192K [0x0000000795580000, 0x0000000798d00000, 0x00000007c0000000)
  eden space 29184K, 0% used [0x0000000795580000,0x0000000795580000,0x0000000797200000)
  from space 12800K, 1% used [0x0000000798080000,0x00000007980b0000,0x0000000798d00000)
  to   space 13824K, 0% used [0x0000000797200000,0x0000000797200000,0x0000000797f80000)
 ParOldGen       total 58880K, used 16418K [0x0000000740000000, 0x0000000743980000, 0x0000000795580000)
  object space 58880K, 27% used [0x0000000740000000,0x0000000741008a98,0x0000000743980000)
 Metaspace       used 21159K, capacity 21403K, committed 21808K, reserved 1069056K
  class space    used 2042K, capacity 2112K, committed 2176K, reserved 1048576K
}

Deoptimization events (10 events):
Event: 34.315 Thread 0x00007fcb62be8000 Uncommon trap: reason=class_check action=maybe_recompile pc=0x000000010c7a98a8 method=java.awt.EventQueue.coalesceEvent(Ljava/awt/AWTEvent;I)Z @ 32
Event: 34.316 Thread 0x00007fcb62be8000 Uncommon trap: reason=unstable_if action=reinterpret pc=0x000000010c7ba87c method=java.awt.EventQueue.isDispatchThreadImpl()Z @ 65
Event: 34.317 Thread 0x00007fcb63a3f000 Uncommon trap: reason=unstable_if action=reinterpret pc=0x000000010c7a9374 method=java.awt.EventQueue.getPriority(Ljava/awt/AWTEvent;)I @ 71
Event: 34.317 Thread 0x00007fcb62be8000 Uncommon trap: reason=unstable_if action=reinterpret pc=0x000000010c3d15e8 method=com.jogamp.common.util.VersionNumber.compareTo(Lcom/jogamp/common/util/VersionNumber;)I @ 21
Event: 34.319 Thread 0x00007fcb63a3f000 Uncommon trap: reason=unstable_if action=reinterpret pc=0x000000010bff5254 method=java.awt.Font.equals(Ljava/lang/Object;)Z @ 2
Event: 34.332 Thread 0x00007fcb630d9800 Uncommon trap: reason=unstable_if action=reinterpret pc=0x000000010c3248a0 method=java.util.HashMap.putVal(ILjava/lang/Object;Ljava/lang/Object;ZZ)Ljava/lang/Object; @ 81
Event: 34.332 Thread 0x00007fcb630d9800 Uncommon trap: reason=unstable_if action=reinterpret pc=0x000000010c3269b4 method=java.util.HashMap.putVal(ILjava/lang/Object;Ljava/lang/Object;ZZ)Ljava/lang/Object; @ 81
Event: 34.348 Thread 0x00007fcb62be8000 Uncommon trap: reason=unstable_if action=reinterpret pc=0x000000010c7a3c98 method=java.util.LinkedList$ListItr.<init>(Ljava/util/LinkedList;I)V @ 26
Event: 34.348 Thread 0x00007fcb62be8000 Uncommon trap: reason=unstable_if action=reinterpret pc=0x000000010c64bb70 method=java.security.AccessControlContext.optimize()Ljava/security/AccessControlContext; @ 233
Event: 34.350 Thread 0x00007fcb62be8000 Uncommon trap: reason=unstable_if action=reinterpret pc=0x000000010c7b4a04 method=java.util.LinkedList$ListItr.<init>(Ljava/util/LinkedList;I)V @ 26

Internal exceptions (10 events):
Event: 0.280 Thread 0x00007fcb64006800 Exception <a 'java/io/FileNotFoundException'> (0x00000007958b8a88) thrown at [/Users/java_re/workspace/8-2-build-macosx-x86_64/jdk8u60/4407/hotspot/src/share/vm/prims/jni.cpp, line 709]
Event: 0.280 Thread 0x00007fcb64006800 Exception <a 'java/io/FileNotFoundException'> (0x00000007958b9610) thrown at [/Users/java_re/workspace/8-2-build-macosx-x86_64/jdk8u60/4407/hotspot/src/share/vm/prims/jni.cpp, line 709]
Event: 0.317 Thread 0x00007fcb64006800 Exception <a 'java/io/FileNotFoundException'> (0x00000007959c96a0) thrown at [/Users/java_re/workspace/8-2-build-macosx-x86_64/jdk8u60/4407/hotspot/src/share/vm/prims/jni.cpp, line 709]
Event: 0.403 Thread 0x00007fcb64006800 Exception <a 'java/io/FileNotFoundException'> (0x0000000795a08298) thrown at [/Users/java_re/workspace/8-2-build-macosx-x86_64/jdk8u60/4407/hotspot/src/share/vm/prims/jni.cpp, line 709]
Event: 1.647 Thread 0x00007fcb63a3c000 Exception <a 'java/lang/UnsatisfiedLinkError': com.jogamp.common.util.JarUtil.fixNativeLibAttribs(Ljava/lang/String;)Z> (0x0000000796dd9338) thrown at [/Users/java_re/workspace/8-2-build-macosx-x86_64/jdk8u60/4407/hotspot/src/share/vm/prims/nativeLookup.c
Event: 1.832 Thread 0x00007fcb6382d000 Exception <a 'java/lang/NullPointerException'> (0x00000007956a30c0) thrown at [/Users/java_re/workspace/8-2-build-macosx-x86_64/jdk8u60/4407/hotspot/src/share/vm/interpreter/linkResolver.cpp, line 1178]
Event: 2.379 Thread 0x00007fcb62be8000 Exception <a 'java/io/FileNotFoundException'> (0x00000007962700a8) thrown at [/Users/java_re/workspace/8-2-build-macosx-x86_64/jdk8u60/4407/hotspot/src/share/vm/prims/jni.cpp, line 709]
Event: 2.380 Thread 0x00007fcb62be8000 Exception <a 'java/io/FileNotFoundException'> (0x000000079627c360) thrown at [/Users/java_re/workspace/8-2-build-macosx-x86_64/jdk8u60/4407/hotspot/src/share/vm/prims/jni.cpp, line 709]
Event: 2.380 Thread 0x00007fcb62be8000 Implicit null exception at 0x000000010bfa9e75 to 0x000000010bfaa1d9
Event: 5.419 Thread 0x00007fcb62be8000 Implicit null exception at 0x000000010c20cc8b to 0x000000010c20d0c0

Events (10 events):
Event: 34.349 Executing VM operation: Deoptimize
Event: 34.349 Executing VM operation: Deoptimize done
Event: 34.350 loading class java/awt/Toolkit$ToolkitEventMulticaster
Event: 34.350 loading class java/awt/Toolkit$ToolkitEventMulticaster done
Event: 34.350 Thread 0x00007fcb62be8000 Uncommon trap: trap_request=0xffffff65 fr.pc=0x000000010c7b4a04
Event: 34.350 Thread 0x00007fcb62be8000 DEOPT PACKING pc=0x000000010c7b4a04 sp=0x0000700001965950
Event: 34.350 Thread 0x00007fcb62be8000 DEOPT UNPACKING pc=0x000000010be05229 sp=0x00007000019658a8 mode 2
Event: 34.351 Thread 0x00007fcb630d9800 Thread exited: 0x00007fcb630d9800
Event: 34.353 loading class java/awt/Window$1DisposeAction
Event: 34.353 loading class java/awt/Window$1DisposeAction done


Dynamic libraries:
0x00000000055d0000 	/System/Library/Frameworks/Cocoa.framework/Versions/A/Cocoa
0x00000000055d0000 	/System/Library/Frameworks/Security.framework/Versions/A/Security
0x00000000055d0000 	/System/Library/Frameworks/ApplicationServices.framework/Versions/A/ApplicationServices
0x00000000055d0000 	/usr/lib/libz.1.dylib
0x00000000055d0000 	/usr/lib/libSystem.B.dylib
0x00000000055d0000 	/usr/lib/libobjc.A.dylib
0x00000000055d0000 	/System/Library/Frameworks/CoreFoundation.framework/Versions/A/CoreFoundation
0x00000000055d0000 	/System/Library/Frameworks/Foundation.framework/Versions/C/Foundation
0x00000000055d0000 	/System/Library/Frameworks/AppKit.framework/Versions/C/AppKit
0x00000000055d0000 	/System/Library/Frameworks/CoreData.framework/Versions/A/CoreData
0x00000000055d0000 	/System/Library/PrivateFrameworks/RemoteViewServices.framework/Versions/A/RemoteViewServices
0x00000000055d0000 	/System/Library/PrivateFrameworks/UIFoundation.framework/Versions/A/UIFoundation
0x00000000055d0000 	/usr/lib/libScreenReader.dylib
0x00000000055d0000 	/System/Library/Frameworks/Accelerate.framework/Versions/A/Accelerate
0x00000000055d0000 	/System/Library/Frameworks/IOSurface.framework/Versions/A/IOSurface
0x00000000055d0000 	/System/Library/Frameworks/AudioToolbox.framework/Versions/A/AudioToolbox
0x00000000055d0000 	/System/Library/Frameworks/AudioUnit.framework/Versions/A/AudioUnit
0x00000000055d0000 	/System/Library/PrivateFrameworks/DataDetectorsCore.framework/Versions/A/DataDetectorsCore
0x00000000055d0000 	/System/Library/PrivateFrameworks/DesktopServicesPriv.framework/Versions/A/DesktopServicesPriv
0x00000000055d0000 	/System/Library/Frameworks/Carbon.framework/Versions/A/Frameworks/HIToolbox.framework/Versions/A/HIToolbox
0x00000000055d0000 	/System/Library/Frameworks/QuartzCore.framework/Versions/A/QuartzCore
0x00000000055d0000 	/System/Library/Frameworks/Carbon.framework/Versions/A/Frameworks/SpeechRecognition.framework/Versions/A/SpeechRecognition
0x00000000055d0000 	/usr/lib/libauto.dylib
0x00000000055d0000 	/usr/lib/libicucore.A.dylib
0x00000000055d0000 	/usr/lib/libxml2.2.dylib
0x00000000055d0000 	/System/Library/PrivateFrameworks/CoreUI.framework/Versions/A/CoreUI
0x00000000055d0000 	/System/Library/Frameworks/CoreAudio.framework/Versions/A/CoreAudio
0x00000000055d0000 	/System/Library/Frameworks/DiskArbitration.framework/Versions/A/DiskArbitration
0x00000000055d0000 	/usr/lib/liblangid.dylib
0x00000000055d0000 	/System/Library/PrivateFrameworks/MultitouchSupport.framework/Versions/A/MultitouchSupport
0x00000000055d0000 	/System/Library/Frameworks/IOKit.framework/Versions/A/IOKit
0x00000000055d0000 	/usr/lib/libDiagnosticMessagesClient.dylib
0x00000000055d0000 	/System/Library/Frameworks/CoreServices.framework/Versions/A/CoreServices
0x00000000055d0000 	/System/Library/PrivateFrameworks/PerformanceAnalysis.framework/Versions/A/PerformanceAnalysis
0x00000000055d0000 	/System/Library/PrivateFrameworks/GenerationalStorage.framework/Versions/A/GenerationalStorage
0x00000000055d0000 	/System/Library/Frameworks/OpenGL.framework/Versions/A/OpenGL
0x00000000055d0000 	/System/Library/PrivateFrameworks/Sharing.framework/Versions/A/Sharing
0x00000000055d0000 	/System/Library/Frameworks/CoreGraphics.framework/Versions/A/CoreGraphics
0x00000000055d0000 	/System/Library/Frameworks/CoreImage.framework/Versions/A/CoreImage
0x00000000055d0000 	/System/Library/Frameworks/CoreText.framework/Versions/A/CoreText
0x00000000055d0000 	/System/Library/Frameworks/ImageIO.framework/Versions/A/ImageIO
0x00000000055d0000 	/System/Library/PrivateFrameworks/Backup.framework/Versions/A/Backup
0x00000000055d0000 	/usr/lib/libextension.dylib
0x00000000055d0000 	/usr/lib/libarchive.2.dylib
0x00000000055d0000 	/System/Library/Frameworks/CFNetwork.framework/Versions/A/CFNetwork
0x00000000055d0000 	/System/Library/Frameworks/SystemConfiguration.framework/Versions/A/SystemConfiguration
0x00000000055d0000 	/usr/lib/libCRFSuite.dylib
0x00000000055d0000 	/usr/lib/libc++.1.dylib
0x00000000055d0000 	/usr/lib/libc++abi.dylib
0x00000000055d0000 	/usr/lib/system/libcache.dylib
0x00000000055d0000 	/usr/lib/system/libcommonCrypto.dylib
0x00000000055d0000 	/usr/lib/system/libcompiler_rt.dylib
0x00000000055d0000 	/usr/lib/system/libcopyfile.dylib
0x00000000055d0000 	/usr/lib/system/libcorecrypto.dylib
0x00000000055d0000 	/usr/lib/system/libdispatch.dylib
0x00000000055d0000 	/usr/lib/system/libdyld.dylib
0x00000000055d0000 	/usr/lib/system/libkeymgr.dylib
0x00000000055d0000 	/usr/lib/system/liblaunch.dylib
0x00000000055d0000 	/usr/lib/system/libmacho.dylib
0x00000000055d0000 	/usr/lib/system/libquarantine.dylib
0x00000000055d0000 	/usr/lib/system/libremovefile.dylib
0x00000000055d0000 	/usr/lib/system/libsystem_asl.dylib
0x00000000055d0000 	/usr/lib/system/libsystem_blocks.dylib
0x00000000055d0000 	/usr/lib/system/libsystem_c.dylib
0x00000000055d0000 	/usr/lib/system/libsystem_configuration.dylib
0x00000000055d0000 	/usr/lib/system/libsystem_coreservices.dylib
0x00000000055d0000 	/usr/lib/system/libsystem_coretls.dylib
0x00000000055d0000 	/usr/lib/system/libsystem_dnssd.dylib
0x00000000055d0000 	/usr/lib/system/libsystem_info.dylib
0x00000000055d0000 	/usr/lib/system/libsystem_kernel.dylib
0x00000000055d0000 	/usr/lib/system/libsystem_m.dylib
0x00000000055d0000 	/usr/lib/system/libsystem_malloc.dylib
0x00000000055d0000 	/usr/lib/system/libsystem_network.dylib
0x00000000055d0000 	/usr/lib/system/libsystem_networkextension.dylib
0x00000000055d0000 	/usr/lib/system/libsystem_notify.dylib
0x00000000055d0000 	/usr/lib/system/libsystem_platform.dylib
0x00000000055d0000 	/usr/lib/system/libsystem_pthread.dylib
0x00000000055d0000 	/usr/lib/system/libsystem_sandbox.dylib
0x00000000055d0000 	/usr/lib/system/libsystem_secinit.dylib
0x00000000055d0000 	/usr/lib/system/libsystem_trace.dylib
0x00000000055d0000 	/usr/lib/system/libunc.dylib
0x00000000055d0000 	/usr/lib/system/libunwind.dylib
0x00000000055d0000 	/usr/lib/system/libxpc.dylib
0x00000000055d0000 	/usr/lib/libenergytrace.dylib
0x00000000055d0000 	/usr/lib/libbsm.0.dylib
0x00000000055d0000 	/usr/lib/system/libkxld.dylib
0x00000000055d0000 	/usr/lib/libxar.1.dylib
0x00000000055d0000 	/usr/lib/libsqlite3.dylib
0x00000000055d0000 	/usr/lib/libpam.2.dylib
0x00000000055d0000 	/usr/lib/libOpenScriptingUtil.dylib
0x00000000055d0000 	/usr/lib/libbz2.1.0.dylib
0x00000000055d0000 	/usr/lib/liblzma.5.dylib
0x00000000055d0000 	/System/Library/Frameworks/CoreServices.framework/Versions/A/Frameworks/FSEvents.framework/Versions/A/FSEvents
0x00000000055d0000 	/System/Library/Frameworks/CoreServices.framework/Versions/A/Frameworks/CarbonCore.framework/Versions/A/CarbonCore
0x00000000055d0000 	/System/Library/Frameworks/CoreServices.framework/Versions/A/Frameworks/Metadata.framework/Versions/A/Metadata
0x00000000055d0000 	/System/Library/Frameworks/CoreServices.framework/Versions/A/Frameworks/OSServices.framework/Versions/A/OSServices
0x00000000055d0000 	/System/Library/Frameworks/CoreServices.framework/Versions/A/Frameworks/SearchKit.framework/Versions/A/SearchKit
0x00000000055d0000 	/System/Library/Frameworks/CoreServices.framework/Versions/A/Frameworks/AE.framework/Versions/A/AE
0x00000000055d0000 	/System/Library/Frameworks/CoreServices.framework/Versions/A/Frameworks/LaunchServices.framework/Versions/A/LaunchServices
0x00000000055d0000 	/System/Library/Frameworks/CoreServices.framework/Versions/A/Frameworks/DictionaryServices.framework/Versions/A/DictionaryServices
0x00000000055d0000 	/System/Library/Frameworks/CoreServices.framework/Versions/A/Frameworks/SharedFileList.framework/Versions/A/SharedFileList
0x00000000055d0000 	/System/Library/Frameworks/NetFS.framework/Versions/A/NetFS
0x00000000055d0000 	/System/Library/PrivateFrameworks/NetAuth.framework/Versions/A/NetAuth
0x00000000055d0000 	/System/Library/PrivateFrameworks/login.framework/Versions/A/Frameworks/loginsupport.framework/Versions/A/loginsupport
0x00000000055d0000 	/System/Library/PrivateFrameworks/TCC.framework/Versions/A/TCC
0x00000000055d0000 	/usr/lib/libmecabra.dylib
0x00000000055d0000 	/System/Library/Frameworks/ApplicationServices.framework/Versions/A/Frameworks/ATS.framework/Versions/A/ATS
0x00000000055d0000 	/System/Library/Frameworks/ApplicationServices.framework/Versions/A/Frameworks/ColorSync.framework/Versions/A/ColorSync
0x00000000055d0000 	/System/Library/Frameworks/ApplicationServices.framework/Versions/A/Frameworks/HIServices.framework/Versions/A/HIServices
0x00000000055d0000 	/System/Library/Frameworks/ApplicationServices.framework/Versions/A/Frameworks/LangAnalysis.framework/Versions/A/LangAnalysis
0x00000000055d0000 	/System/Library/Frameworks/ApplicationServices.framework/Versions/A/Frameworks/PrintCore.framework/Versions/A/PrintCore
0x00000000055d0000 	/System/Library/Frameworks/ApplicationServices.framework/Versions/A/Frameworks/QD.framework/Versions/A/QD
0x00000000055d0000 	/System/Library/Frameworks/ApplicationServices.framework/Versions/A/Frameworks/SpeechSynthesis.framework/Versions/A/SpeechSynthesis
0x00000000055d0000 	/System/Library/Frameworks/Metal.framework/Versions/A/Metal
0x00000000055d0000 	/System/Library/Frameworks/Accelerate.framework/Versions/A/Frameworks/vImage.framework/Versions/A/vImage
0x00000000055d0000 	/System/Library/Frameworks/Accelerate.framework/Versions/A/Frameworks/vecLib.framework/Versions/A/vecLib
0x00000000055d0000 	/System/Library/Frameworks/Accelerate.framework/Versions/A/Frameworks/vecLib.framework/Versions/A/libvDSP.dylib
0x00000000055d0000 	/System/Library/Frameworks/Accelerate.framework/Versions/A/Frameworks/vecLib.framework/Versions/A/libvMisc.dylib
0x00000000055d0000 	/System/Library/Frameworks/Accelerate.framework/Versions/A/Frameworks/vecLib.framework/Versions/A/libLAPACK.dylib
0x00000000055d0000 	/System/Library/Frameworks/Accelerate.framework/Versions/A/Frameworks/vecLib.framework/Versions/A/libBLAS.dylib
0x00000000055d0000 	/System/Library/Frameworks/Accelerate.framework/Versions/A/Frameworks/vecLib.framework/Versions/A/libLinearAlgebra.dylib
0x00000000055d0000 	/System/Library/Frameworks/Accelerate.framework/Versions/A/Frameworks/vecLib.framework/Versions/A/libSparseBLAS.dylib
0x00000000055d0000 	/System/Library/PrivateFrameworks/GPUCompiler.framework/libmetal_timestamp.dylib
0x00000000055d0000 	/System/Library/Frameworks/OpenGL.framework/Versions/A/Libraries/libCoreFSCache.dylib
0x00000000055d0000 	/System/Library/PrivateFrameworks/IOAccelerator.framework/Versions/A/IOAccelerator
0x00000000055d0000 	/System/Library/Frameworks/ApplicationServices.framework/Versions/A/Frameworks/ATS.framework/Versions/A/Resources/libFontParser.dylib
0x00000000055d0000 	/System/Library/Frameworks/ApplicationServices.framework/Versions/A/Frameworks/ATS.framework/Versions/A/Resources/libFontRegistry.dylib
0x00000000055d0000 	/System/Library/PrivateFrameworks/AppleVPA.framework/Versions/A/AppleVPA
0x00000000055d0000 	/System/Library/PrivateFrameworks/AppleJPEG.framework/Versions/A/AppleJPEG
0x00000000055d0000 	/System/Library/Frameworks/ImageIO.framework/Versions/A/Resources/libJPEG.dylib
0x00000000055d0000 	/System/Library/Frameworks/ImageIO.framework/Versions/A/Resources/libTIFF.dylib
0x00000000055d0000 	/System/Library/Frameworks/ImageIO.framework/Versions/A/Resources/libPng.dylib
0x00000000055d0000 	/System/Library/Frameworks/ImageIO.framework/Versions/A/Resources/libGIF.dylib
0x00000000055d0000 	/System/Library/Frameworks/ImageIO.framework/Versions/A/Resources/libJP2.dylib
0x00000000055d0000 	/System/Library/Frameworks/ImageIO.framework/Versions/A/Resources/libRadiance.dylib
0x00000000055d0000 	/System/Library/Frameworks/CoreVideo.framework/Versions/A/CoreVideo
0x00000000055d0000 	/System/Library/Frameworks/OpenGL.framework/Versions/A/Libraries/libGLU.dylib
0x00000000055d0000 	/System/Library/Frameworks/OpenGL.framework/Versions/A/Libraries/libGFXShared.dylib
0x00000000055d0000 	/System/Library/Frameworks/OpenGL.framework/Versions/A/Libraries/libGL.dylib
0x00000000055d0000 	/System/Library/Frameworks/OpenGL.framework/Versions/A/Libraries/libGLImage.dylib
0x00000000055d0000 	/System/Library/Frameworks/OpenGL.framework/Versions/A/Libraries/libCVMSPluginSupport.dylib
0x00000000055d0000 	/System/Library/Frameworks/OpenGL.framework/Versions/A/Libraries/libCoreVMClient.dylib
0x00000000055d0000 	/usr/lib/libcups.2.dylib
0x00000000055d0000 	/System/Library/Frameworks/Kerberos.framework/Versions/A/Kerberos
0x00000000055d0000 	/System/Library/Frameworks/GSS.framework/Versions/A/GSS
0x00000000055d0000 	/usr/lib/libresolv.9.dylib
0x00000000055d0000 	/usr/lib/libiconv.2.dylib
0x00000000055d0000 	/System/Library/PrivateFrameworks/Heimdal.framework/Versions/A/Heimdal
0x00000000055d0000 	/usr/lib/libheimdal-asn1.dylib
0x00000000055d0000 	/System/Library/Frameworks/OpenDirectory.framework/Versions/A/OpenDirectory
0x00000000055d0000 	/System/Library/PrivateFrameworks/CommonAuth.framework/Versions/A/CommonAuth
0x00000000055d0000 	/System/Library/Frameworks/OpenDirectory.framework/Versions/A/Frameworks/CFOpenDirectory.framework/Versions/A/CFOpenDirectory
0x00000000055d0000 	/System/Library/Frameworks/SecurityFoundation.framework/Versions/A/SecurityFoundation
0x00000000055d0000 	/System/Library/PrivateFrameworks/LanguageModeling.framework/Versions/A/LanguageModeling
0x00000000055d0000 	/usr/lib/libmarisa.dylib
0x00000000055d0000 	/usr/lib/libChineseTokenizer.dylib
0x00000000055d0000 	/usr/lib/libcmph.dylib
0x00000000055d0000 	/usr/lib/libcompression.dylib
0x00000000055d0000 	/System/Library/Frameworks/ServiceManagement.framework/Versions/A/ServiceManagement
0x00000000055d0000 	/usr/lib/libxslt.1.dylib
0x00000000055d0000 	/System/Library/Frameworks/Carbon.framework/Versions/A/Frameworks/Ink.framework/Versions/A/Ink
0x00000000055d0000 	/usr/lib/libFosl_dynamic.dylib
0x00000000055d0000 	/System/Library/PrivateFrameworks/FaceCore.framework/Versions/A/FaceCore
0x00000000055d0000 	/System/Library/Frameworks/OpenCL.framework/Versions/A/OpenCL
0x00000000055d0000 	/System/Library/PrivateFrameworks/CrashReporterSupport.framework/Versions/A/CrashReporterSupport
0x00000000055d0000 	/System/Library/PrivateFrameworks/IconServices.framework/Versions/A/IconServices
0x00000000055d0000 	/System/Library/PrivateFrameworks/Apple80211.framework/Versions/A/Apple80211
0x00000000055d0000 	/System/Library/Frameworks/CoreWLAN.framework/Versions/A/CoreWLAN
0x00000000055d0000 	/System/Library/Frameworks/IOBluetooth.framework/Versions/A/IOBluetooth
0x00000000055d0000 	/System/Library/PrivateFrameworks/CoreWiFi.framework/Versions/A/CoreWiFi
0x00000000055d0000 	/System/Library/Frameworks/CoreBluetooth.framework/Versions/A/CoreBluetooth
0x00000000055d0000 	/System/Library/PrivateFrameworks/ChunkingLibrary.framework/Versions/A/ChunkingLibrary
0x00000000055d0000 	/System/Library/PrivateFrameworks/DebugSymbols.framework/Versions/A/DebugSymbols
0x00000000055d0000 	/System/Library/PrivateFrameworks/CoreSymbolication.framework/Versions/A/CoreSymbolication
0x00000000055d0000 	/System/Library/PrivateFrameworks/Symbolication.framework/Versions/A/Symbolication
0x00000000055d0000 	/System/Library/PrivateFrameworks/SpeechRecognitionCore.framework/Versions/A/SpeechRecognitionCore
0x000000010a54f000 	/Library/Java/JavaVirtualMachines/jdk1.8.0_60.jdk/Contents/Home/jre/lib/server/libjvm.dylib
0x00000000055d0000 	/usr/lib/libstdc++.6.dylib
0x000000010b4dc000 	/Library/Java/JavaVirtualMachines/jdk1.8.0_60.jdk/Contents/Home/jre/lib/libverify.dylib
0x000000010b4ea000 	/Library/Java/JavaVirtualMachines/jdk1.8.0_60.jdk/Contents/Home/jre/lib/libjava.dylib
0x000000010b529000 	/Library/Java/JavaVirtualMachines/jdk1.8.0_60.jdk/Contents/Home/jre/lib/libzip.dylib
0x0000000121697000 	/System/Library/Frameworks/JavaVM.framework/Frameworks/JavaRuntimeSupport.framework/JavaRuntimeSupport
0x00000001216b2000 	/System/Library/Frameworks/JavaVM.framework/Versions/A/Frameworks/JavaNativeFoundation.framework/Versions/A/JavaNativeFoundation
0x00000001216c7000 	/System/Library/Frameworks/JavaVM.framework/Versions/A/JavaVM
0x00000000055d0000 	/System/Library/Frameworks/Carbon.framework/Versions/A/Carbon
0x00000001216d4000 	/System/Library/PrivateFrameworks/JavaLaunching.framework/Versions/A/JavaLaunching
0x00000000055d0000 	/System/Library/Frameworks/Carbon.framework/Versions/A/Frameworks/CommonPanels.framework/Versions/A/CommonPanels
0x00000000055d0000 	/System/Library/Frameworks/Carbon.framework/Versions/A/Frameworks/Help.framework/Versions/A/Help
0x00000000055d0000 	/System/Library/Frameworks/Carbon.framework/Versions/A/Frameworks/ImageCapture.framework/Versions/A/ImageCapture
0x00000000055d0000 	/System/Library/Frameworks/Carbon.framework/Versions/A/Frameworks/OpenScripting.framework/Versions/A/OpenScripting
0x00000000055d0000 	/System/Library/Frameworks/Carbon.framework/Versions/A/Frameworks/Print.framework/Versions/A/Print
0x00000000055d0000 	/System/Library/Frameworks/Carbon.framework/Versions/A/Frameworks/SecurityHI.framework/Versions/A/SecurityHI
0x0000000122ff4000 	/Library/Java/JavaVirtualMachines/jdk1.8.0_60.jdk/Contents/Home/jre/lib/libawt.dylib
0x000000012309c000 	/Library/Java/JavaVirtualMachines/jdk1.8.0_60.jdk/Contents/Home/jre/lib/./libmlib_image.dylib
0x0000000123168000 	/Library/Java/JavaVirtualMachines/jdk1.8.0_60.jdk/Contents/Home/jre/lib/libawt_lwawt.dylib
0x000000012321d000 	/Library/Java/JavaVirtualMachines/jdk1.8.0_60.jdk/Contents/Home/jre/lib/./libosxapp.dylib
0x00000000055d0000 	/System/Library/Frameworks/ExceptionHandling.framework/Versions/A/ExceptionHandling
0x00000000055d0000 	/System/Library/PrivateFrameworks/CoreServicesInternal.framework/Versions/A/CoreServicesInternal
0x00000000055d0000 	/System/Library/Frameworks/CoreGraphics.framework/Versions/A/Resources/libRIP.A.dylib
0x00000000055d0000 	/System/Library/Frameworks/Accelerate.framework/Versions/A/Frameworks/vImage.framework/Versions/A/Libraries/libCGInterfaces.dylib
0x00000000055d0000 	/System/Library/Frameworks/CoreGraphics.framework/Versions/A/Resources/libCGXType.A.dylib
0x00000000055d0000 	/System/Library/Frameworks/OpenCL.framework/Versions/A/Libraries/libcldcpuengine.dylib
0x00000000055d0000 	/System/Library/PrivateFrameworks/DiskImages.framework/Versions/A/DiskImages
0x00000000055d0000 	/System/Library/Frameworks/DiscRecording.framework/Versions/A/DiscRecording
0x00000000055d0000 	/usr/lib/libcsfde.dylib
0x00000000055d0000 	/usr/lib/libcurl.4.dylib
0x00000000055d0000 	/System/Library/PrivateFrameworks/MediaKit.framework/Versions/A/MediaKit
0x00000000055d0000 	/System/Library/PrivateFrameworks/ProtectedCloudStorage.framework/Versions/A/ProtectedCloudStorage
0x00000000055d0000 	/usr/lib/libCoreStorage.dylib
0x00000000055d0000 	/System/Library/PrivateFrameworks/EFILogin.framework/Versions/A/EFILogin
0x00000000055d0000 	/usr/lib/libutil.dylib
0x00000000055d0000 	/System/Library/PrivateFrameworks/FindMyDevice.framework/Versions/A/FindMyDevice
0x00000000055d0000 	/System/Library/Frameworks/LDAP.framework/Versions/A/LDAP
0x00000000055d0000 	/usr/lib/libsasl2.2.dylib
0x00000000055d0000 	/System/Library/PrivateFrameworks/CoreDaemon.framework/Versions/B/CoreDaemon
0x00000000055d0000 	/usr/lib/libcrypto.0.9.8.dylib
0x00000000055d0000 	/System/Library/PrivateFrameworks/AppleSRP.framework/Versions/A/AppleSRP
0x00000000055d0000 	/System/Library/PrivateFrameworks/TrustEvaluationAgent.framework/Versions/A/TrustEvaluationAgent
0x000000012495b000 	cl_kernels
0x00000000055d0000 	/System/Library/Frameworks/OpenCL.framework/Versions/A/Libraries/ImageFormats/unorm8_bgra.dylib
0x00000000055d0000 	/System/Library/Frameworks/OpenCL.framework/Versions/A/Libraries/ImageFormats/unorm8_rgba.dylib
0x00000000055d0000 	/System/Library/PrivateFrameworks/FamilyControls.framework/Versions/A/FamilyControls
0x00000000055d0000 	/System/Library/PrivateFrameworks/CommerceKit.framework/Versions/A/Frameworks/CommerceCore.framework/Versions/A/CommerceCore
0x00000000055d0000 	/System/Library/PrivateFrameworks/SystemAdministration.framework/Versions/A/SystemAdministration
0x00000000055d0000 	/System/Library/PrivateFrameworks/AppContainer.framework/Versions/A/AppContainer
0x00000000055d0000 	/System/Library/PrivateFrameworks/SecCodeWrapper.framework/Versions/A/SecCodeWrapper
0x00000000055d0000 	/System/Library/Frameworks/DirectoryService.framework/Versions/A/DirectoryService
0x00000000055d0000 	/System/Library/PrivateFrameworks/LoginUIKit.framework/Versions/A/Frameworks/LoginUICore.framework/Versions/A/LoginUICore
0x00000000055d0000 	/usr/lib/libodfde.dylib
0x00000000055d0000 	/System/Library/Frameworks/OpenGL.framework/Versions/A/Resources/GLEngine.bundle/GLEngine
0x00000000055d0000 	/System/Library/Frameworks/OpenGL.framework/Versions/A/Libraries/libGLProgrammability.dylib
0x00000001259f0000 	/System/Library/Extensions/AppleIntelHD5000GraphicsGLDriver.bundle/Contents/MacOS/AppleIntelHD5000GraphicsGLDriver
0x00000000055d0000 	/System/Library/PrivateFrameworks/GPUSupport.framework/Versions/A/Libraries/libGPUSupportMercury.dylib
0x00000000055d0000 	/System/Library/Frameworks/OpenGL.framework/Versions/A/Resources/GLRendererFloat.bundle/GLRendererFloat
0x00000001269a7000 	/Library/Java/JavaVirtualMachines/jdk1.8.0_60.jdk/Contents/Home/jre/lib/libfontmanager.dylib
0x0000000127e41000 	/Library/Java/JavaVirtualMachines/jdk1.8.0_60.jdk/Contents/Home/jre/lib/libosxui.dylib
0x0000000128c86000 	/Library/Java/JavaVirtualMachines/jdk1.8.0_60.jdk/Contents/Home/jre/lib/libnet.dylib
0x0000000128ae9000 	/Library/Java/JavaVirtualMachines/jdk1.8.0_60.jdk/Contents/Home/jre/lib/libnio.dylib
0x00000000055d0000 	/System/Library/Frameworks/ApplicationServices.framework/Versions/A/Frameworks/ATS.framework/Versions/A/Resources/libTrueTypeScaler.dylib
0x0000000180966000 	/System/Library/Extensions/AppleIntelHD5000GraphicsMTLDriver.bundle/Contents/MacOS/AppleIntelHD5000GraphicsMTLDriver
0x0000000123f03000 	/private/var/folders/x9/z_v5q4vx5yx_kt718rrfk_lm0000gn/T/jogamp_0000/file_cache/jln9049784603489473295/jln2816289926786043959/libgluegen-rt.jnilib
0x0000000123f08000 	/private/var/folders/x9/z_v5q4vx5yx_kt718rrfk_lm0000gn/T/jogamp_0000/file_cache/jln9049784603489473295/jln2816289926786043959/libnativewindow_awt.jnilib
0x0000000123f0b000 	/Library/Java/JavaVirtualMachines/jdk1.8.0_60.jdk/Contents/Home/jre/lib/libjawt.dylib
0x0000000123f0e000 	/private/var/folders/x9/z_v5q4vx5yx_kt718rrfk_lm0000gn/T/jogamp_0000/file_cache/jln9049784603489473295/jln2816289926786043959/libnativewindow_macosx.jnilib
0x0000000182622000 	/private/var/folders/x9/z_v5q4vx5yx_kt718rrfk_lm0000gn/T/jogamp_0000/file_cache/jln9049784603489473295/jln2816289926786043959/libjogl_desktop.jnilib
0x0000000184e9a000 	/Library/Java/JavaVirtualMachines/jdk1.8.0_60.jdk/Contents/Home/jre/lib/libt2k.dylib

VM Arguments:
jvm_args: -Djava.security.policy=java.policy.applet -Dfile.encoding=UTF-8 
java_command: sun.applet.AppletViewer module5.EarthquakeCityMap1444342966709.html
java_class_path (initial): /Users/gregorymankes/Google Drive/Udacity and Other Courses/Coursera/Data Structures Specialization/Course 1/Code/UCSDUnfoldingMaps/build:/Users/gregorymankes/Google Drive/Udacity and Other Courses/Coursera/Data Structures Specialization/Course 1/Code/UCSDUnfoldingMaps/lib/core.jar:/Users/gregorymankes/Google Drive/Udacity and Other Courses/Coursera/Data Structures Specialization/Course 1/Code/UCSDUnfoldingMaps/lib/gluegen-rt.jar:/Users/gregorymankes/Google Drive/Udacity and Other Courses/Coursera/Data Structures Specialization/Course 1/Code/UCSDUnfoldingMaps/lib/jogl-all.jar:/Users/gregorymankes/Google Drive/Udacity and Other Courses/Coursera/Data Structures Specialization/Course 1/Code/UCSDUnfoldingMaps/lib/log4j-1.2.15.jar:/Users/gregorymankes/Google Drive/Udacity and Other Courses/Coursera/Data Structures Specialization/Course 1/Code/UCSDUnfoldingMaps/lib/sqlite-jdbc-3.7.2.jar:/Users/gregorymankes/Google Drive/Udacity and Other Courses/Coursera/Data Structures Specialization/Course 1/Code/UCSDUnfoldingMaps/lib/json4processing.jar:/Users/gregorymankes/Google Drive/Udacity and Other Courses/Coursera/Data Structures Specialization/Course 1/Code/UCSDUnfoldingMaps/lib/libTUIO.jar:/Users/gregorymankes/Google Drive/Udacity and Other Courses/Coursera/Data Structures Specialization/Course 1/Code/UCSDUnfoldingMaps/lib/unfolding.0.9.7-uscd.jar
Launcher Type: SUN_STANDARD

Environment Variables:
PATH=/usr/bin:/bin:/usr/sbin:/sbin
SHELL=/bin/bash

Signal Handlers:
SIGSEGV: [libjvm.dylib+0x5a6d31], sa_mask[0]=11111111011111110111111111111111, sa_flags=SA_ONSTACK|SA_RESTART|SA_SIGINFO
SIGBUS: [libjvm.dylib+0x5a6d31], sa_mask[0]=11111111011111110111111111111111, sa_flags=SA_RESTART|SA_SIGINFO
SIGFPE: [libjvm.dylib+0x480a4c], sa_mask[0]=11111111011111110111111111111111, sa_flags=SA_RESTART|SA_SIGINFO
SIGPIPE: [libjvm.dylib+0x480a4c], sa_mask[0]=11111111011111110111111111111111, sa_flags=SA_RESTART|SA_SIGINFO
SIGXFSZ: [libjvm.dylib+0x480a4c], sa_mask[0]=11111111011111110111111111111111, sa_flags=SA_RESTART|SA_SIGINFO
SIGILL: [libjvm.dylib+0x480a4c], sa_mask[0]=11111111011111110111111111111111, sa_flags=SA_RESTART|SA_SIGINFO
SIGUSR1: SIG_DFL, sa_mask[0]=00000000000000000000000000000000, sa_flags=none
SIGUSR2: [libjvm.dylib+0x48056a], sa_mask[0]=00100000000000000000000000000000, sa_flags=SA_RESTART|SA_SIGINFO
SIGHUP: [libjvm.dylib+0x47eb41], sa_mask[0]=11111111011111110111111111111111, sa_flags=SA_RESTART|SA_SIGINFO
SIGINT: [libjvm.dylib+0x47eb41], sa_mask[0]=11111111011111110111111111111111, sa_flags=SA_RESTART|SA_SIGINFO
SIGTERM: [libjvm.dylib+0x47eb41], sa_mask[0]=11111111011111110111111111111111, sa_flags=SA_RESTART|SA_SIGINFO
SIGQUIT: [libjvm.dylib+0x47eb41], sa_mask[0]=11111111011111110111111111111111, sa_flags=SA_RESTART|SA_SIGINFO


---------------  S Y S T E M  ---------------

OS:Bsduname:Darwin 15.0.0 Darwin Kernel Version 15.0.0: Wed Aug 26 16:57:32 PDT 2015; root:xnu-3247.1.106~1/RELEASE_X86_64 x86_64
rlimit: STACK 8192k, CORE 0k, NPROC 709, NOFILE 10240, AS infinity
load average:2.15 2.16 2.06

CPU:total 4 (2 cores per cpu, 2 threads per core) family 6 model 69 stepping 1, cmov, cx8, fxsr, mmx, sse, sse2, sse3, ssse3, sse4.1, sse4.2, popcnt, avx, avx2, aes, clmul, erms, lzcnt, ht, tsc, tscinvbit, bmi1, bmi2

Memory: 4k page, physical 8388608k(188536k free)

/proc/meminfo:


vm_info: Java HotSpot(TM) 64-Bit Server VM (25.60-b23) for bsd-amd64 JRE (1.8.0_60-b27), built on Aug  4 2015 10:47:24 by "java_re" with gcc 4.2.1 (Based on Apple Inc. build 5658) (LLVM build 2336.11.00)

time: Thu Oct  8 18:23:21 2015
elapsed time: 34 seconds (0d 0h 0m 34s)

