#
# A fatal error has been detected by the Java Runtime Environment:
#
#  SIGSEGV (0xb) at pc=0x00007fff96c4044c, pid=1637, tid=1811
#
# JRE version: Java(TM) SE Runtime Environment (8.0_60-b27) (build 1.8.0_60-b27)
# Java VM: Java HotSpot(TM) 64-Bit Server VM (25.60-b23 mixed mode bsd-amd64 compressed oops)
# Problematic frame:
# C  [libobjc.A.dylib+0x944c]  objc_release+0xc
#
# Failed to write core dump. Core dumps have been disabled. To enable core dumping, try "ulimit -c unlimited" before starting Java again
#
# If you would like to submit a bug report, please visit:
#   http://bugreport.java.com/bugreport/crash.jsp
# The crash happened outside the Java Virtual Machine in native code.
# See problematic frame for where to report the bug.
#

---------------  T H R E A D  ---------------

Current thread (0x00007fbf3c8d7800):  JavaThread "AWT-AppKit" daemon [_thread_in_native, id=1811, stack(0x00007fff50f4f000,0x00007fff5174f000)]

siginfo: si_signo: 11 (SIGSEGV), si_code: 0 (unknown), si_addr: 0x0000000000000000

Registers:
RAX=0x0000000000000008, RBX=0x0000000000000000, RCX=0x0000000000000003, RDX=0x00007fbf3f4bce88
RSP=0x00007fff5174a1d8, RBP=0x00007fff5174a200, RSI=0x000000012807ff00, RDI=0x500007fbf3f1ed7e
R8 =0x0000000000000001, R9 =0x00007fbf3f600000, R10=0x00007fbf3b2157d0, R11=0x0000000181842840
R12=0x0000000000000000, R13=0x0000000183704178, R14=0x00007fbf3f629a80, R15=0x00007fbf3c8d7800
RIP=0x00007fff96c4044c, EFLAGS=0x0000000000010246, ERR=0x0000000000000000
  TRAPNO=0x000000000000000d

Top of Stack: (sp=0x00007fff5174a1d8)
0x00007fff5174a1d8:   000000012800952b 00007fff5174a200
0x00007fff5174a1e8:   0000000181842450 0000000181842440
0x00007fff5174a1f8:   00007fbf3c8d7800 00007fff5174a2c0
0x00007fff5174a208:   0000000181840215 0000000181842700
0x00007fff5174a218:   00000001818426e0 00000001818424b0
0x00007fff5174a228:   0000000000000000 0000000183704178
0x00007fff5174a238:   0000000183704178 00007fbf3f4bce80
0x00007fff5174a248:   00000001818426a0 0000000181842710
0x00007fff5174a258:   00007fff7e911550 00007fff7de86c80
0x00007fff5174a268:   0000000181842450 0000000181842690
0x00007fff5174a278:   00007fbf3f4bce80 00007fbf3f629a80
0x00007fff5174a288:   00007fbf3af376d0 00007fbf3f4bce80
0x00007fff5174a298:   00007fbf3f629a80 00007fff5174a348
0x00007fff5174a2a8:   00007fbf3c8d79f8 0000000183704178
0x00007fff5174a2b8:   00007fff5174a370 00007fff5174a338
0x00007fff5174a2c8:   000000010ff18954 0000000183704178
0x00007fff5174a2d8:   00007fff5174a370 00007fff5174a338
0x00007fff5174a2e8:   000000010ff186e7 000000010ff186a2
0x00007fff5174a2f8:   00007fff5174a2f8 0000000183704178
0x00007fff5174a308:   00007fff5174a370 0000000183706db0
0x00007fff5174a318:   0000000000000000 0000000183704178
0x00007fff5174a328:   0000000000000000 00007fff5174a358
0x00007fff5174a338:   00007fff5174a3b8 000000010ff0ac4d
0x00007fff5174a348:   0000000797915e60 000000010ff12578
0x00007fff5174a358:   00007fbf3f4bce80 00007fff5174a3b8
0x00007fff5174a368:   00007fbf3f629a80 000000010ff13d82
0x00007fff5174a378:   00007fff5174a378 0000000183704342
0x00007fff5174a388:   00007fff5174a3e0 0000000183706db0
0x00007fff5174a398:   0000000000000000 0000000183704350
0x00007fff5174a3a8:   00007fff5174a358 00007fff5174a3c8
0x00007fff5174a3b8:   00007fff5174a428 000000010ff0ac4d
0x00007fff5174a3c8:   00007fbf3f4bce80 0000000797913d40 

Instructions: (pc=0x00007fff96c4044c)
0x00007fff96c4042c:   5d c3 31 c0 48 85 ff 74 04 48 8b 47 08 c3 90 90
0x00007fff96c4043c:   90 90 90 90 48 85 ff 74 06 40 f6 c7 01 74 01 c3
0x00007fff96c4044c:   48 8b 07 f6 40 20 02 74 0a be 01 00 00 00 e9 51
0x00007fff96c4045c:   83 01 00 48 8d 05 7a 96 f5 e7 48 8b 30 e9 52 7c 

Register to memory mapping:

RAX=0x0000000000000008 is an unknown value
RBX=0x0000000000000000 is an unknown value
RCX=0x0000000000000003 is an unknown value
RDX=0x00007fbf3f4bce88 is an unknown value
RSP=0x00007fff5174a1d8 is pointing into the stack for thread: 0x00007fbf3c8d7800
RBP=0x00007fff5174a200 is pointing into the stack for thread: 0x00007fbf3c8d7800
RSI=0x000000012807ff00: OBJC_IVAR_$_PrinterView.fCurPeekGraphics+0x1aa8 in /Library/Java/JavaVirtualMachines/jdk1.8.0_60.jdk/Contents/Home/jre/lib/libawt_lwawt.dylib at 0x0000000128005000
RDI=0x500007fbf3f1ed7e is an unknown value
R8 =0x0000000000000001 is an unknown value
R9 =0x00007fbf3f600000 is an unknown value
R10=0x00007fbf3b2157d0 is an unknown value
R11=0x0000000181842840: OBJC_CLASS_$_MyCALayer+0 in /private/var/folders/x9/z_v5q4vx5yx_kt718rrfk_lm0000gn/T/jogamp_0000/file_cache/jln233824687949083744/jln913963382915743531/libnativewindow_macosx.jnilib at 0x000000018183b000
R12=0x0000000000000000 is an unknown value
R13={method} {0x0000000183704178} 'UnsetJAWTRootSurfaceLayer0' '(JJ)V' in 'jogamp/nativewindow/jawt/macosx/MacOSXJAWTWindow'
R14=0x00007fbf3f629a80 is an unknown value
R15=0x00007fbf3c8d7800 is a thread


Stack: [0x00007fff50f4f000,0x00007fff5174f000],  sp=0x00007fff5174a1d8,  free space=8172k
Native frames: (J=compiled Java code, j=interpreted, Vv=VM code, C=native code)
C  [libobjc.A.dylib+0x944c]  objc_release+0xc
C  [libnativewindow_macosx.jnilib+0x5215]  Java_jogamp_nativewindow_jawt_macosx_MacOSXJAWTWindow_UnsetJAWTRootSurfaceLayer0+0x1a5
j  jogamp.nativewindow.jawt.macosx.MacOSXJAWTWindow.UnsetJAWTRootSurfaceLayer0(JJ)V+0
j  jogamp.nativewindow.jawt.macosx.MacOSXJAWTWindow.access$200(JJ)V+2
j  jogamp.nativewindow.jawt.macosx.MacOSXJAWTWindow$1.run()V+38
J 1924 C1 com.jogamp.common.util.RunnableTask.run()V (345 bytes) @ 0x0000000110584894 [0x0000000110584700+0x194]
v  ~StubRoutines::call_stub
V  [libjvm.dylib+0x2eab0e]  JavaCalls::call_helper(JavaValue*, methodHandle*, JavaCallArguments*, Thread*)+0x6ae
V  [libjvm.dylib+0x321bb7]  jni_invoke_nonstatic(JNIEnv_*, JavaValue*, _jobject*, JNICallType, _jmethodID*, JNI_ArgumentPusher*, Thread*)+0x2ec
V  [libjvm.dylib+0x31438b]  jni_CallVoidMethod+0x16b
C  [libnativewindow_macosx.jnilib+0x5326]  Java_jogamp_nativewindow_jawt_macosx_MacOSXJAWTWindow_UnsetJAWTRootSurfaceLayer0+0x2b6
C  [Foundation+0x92dd0]  __NSThreadPerformPerform+0x125
C  [CoreFoundation+0x80a01]  __CFRUNLOOP_IS_CALLING_OUT_TO_A_SOURCE0_PERFORM_FUNCTION__+0x11
C  [CoreFoundation+0x72c5c]  __CFRunLoopDoSources0+0x1dc
C  [CoreFoundation+0x721bf]  __CFRunLoopRun+0x39f
C  [CoreFoundation+0x71bd8]  CFRunLoopRunSpecific+0x128
C  [HIToolbox+0x3256f]  RunCurrentEventLoopInMode+0xeb
C  [HIToolbox+0x321ee]  ReceiveNextEventCommon+0xb3
C  [HIToolbox+0x3212b]  _BlockUntilNextEventMatchingListInModeWithFilter+0x47
C  [AppKit+0x918ab]  _DPSNextEvent+0x3d2
C  [AppKit+0x90e58]  -[NSApplication nextEventMatchingMask:untilDate:inMode:dequeue:]+0x15a
C  [libosxapp.dylib+0x23aa]  -[NSApplicationAWT nextEventMatchingMask:untilDate:inMode:dequeue:]+0x7c
C  [AppKit+0x86af3]  -[NSApplication run]+0x252
C  [libosxapp.dylib+0x214d]  +[NSApplicationAWT runAWTLoopWithApp:]+0x9c
C  [libawt_lwawt.dylib+0x44517]  -[AWTStarter starter:]+0x389
C  [Foundation+0x92dd0]  __NSThreadPerformPerform+0x125
C  [CoreFoundation+0x80a01]  __CFRUNLOOP_IS_CALLING_OUT_TO_A_SOURCE0_PERFORM_FUNCTION__+0x11
C  [CoreFoundation+0x72b8d]  __CFRunLoopDoSources0+0x10d
C  [CoreFoundation+0x721bf]  __CFRunLoopRun+0x39f
C  [CoreFoundation+0x71bd8]  CFRunLoopRunSpecific+0x128
C  [java+0x6463]  CreateExecutionEnvironment+0x367
C  [java+0x21ac]  JLI_Launch+0x7a0
C  [java+0x84c0]  main+0x65
C  [java+0x1a04]  start+0x34
C  0x0000000000000007

Java frames: (J=compiled Java code, j=interpreted, Vv=VM code)
j  jogamp.nativewindow.jawt.macosx.MacOSXJAWTWindow.UnsetJAWTRootSurfaceLayer0(JJ)V+0
j  jogamp.nativewindow.jawt.macosx.MacOSXJAWTWindow.access$200(JJ)V+2
j  jogamp.nativewindow.jawt.macosx.MacOSXJAWTWindow$1.run()V+38
J 1924 C1 com.jogamp.common.util.RunnableTask.run()V (345 bytes) @ 0x0000000110584894 [0x0000000110584700+0x194]
v  ~StubRoutines::call_stub

---------------  P R O C E S S  ---------------

Java Threads: ( => current thread )
  0x00007fbf3b076000 JavaThread "Thread-19" [_thread_blocked, id=34887, stack(0x0000000125ff6000,0x00000001260f6000)]
  0x00007fbf3b388800 JavaThread "Keep-Alive-Timer" daemon [_thread_blocked, id=62515, stack(0x0000000188ef4000,0x0000000188ff4000)]
  0x00007fbf3b003000 JavaThread "Animation Thread" [_thread_blocked, id=55851, stack(0x0000000181a0f000,0x0000000181b0f000)]
  0x00007fbf3ba7b800 JavaThread "AWT-EventQueue-1" [_thread_in_native, id=56363, stack(0x0000000181eb7000,0x0000000181fb7000)]
  0x00007fbf3b081800 JavaThread "DestroyJavaVM" [_thread_blocked, id=4867, stack(0x000000010fe01000,0x000000010ff01000)]
  0x00007fbf3b99c800 JavaThread "AWT-EventQueue-0" [_thread_blocked, id=53763, stack(0x000000012e3a4000,0x000000012e4a4000)]
  0x00007fbf3b180800 JavaThread "Java2D Disposer" daemon [_thread_blocked, id=50711, stack(0x000000012d161000,0x000000012d261000)]
  0x00007fbf3c923800 JavaThread "Java2D Queue Flusher" daemon [_thread_blocked, id=49159, stack(0x000000012c0eb000,0x000000012c1eb000)]
  0x00007fbf3c01b800 JavaThread "AWT-Shutdown" [_thread_blocked, id=27923, stack(0x00000001296bf000,0x00000001297bf000)]
=>0x00007fbf3c8d7800 JavaThread "AWT-AppKit" daemon [_thread_in_native, id=1811, stack(0x00007fff50f4f000,0x00007fff5174f000)]
  0x00007fbf3b02b000 JavaThread "Service Thread" daemon [_thread_blocked, id=18179, stack(0x0000000127c55000,0x0000000127d55000)]
  0x00007fbf3c822000 JavaThread "C1 CompilerThread2" daemon [_thread_blocked, id=17667, stack(0x0000000127b52000,0x0000000127c52000)]
  0x00007fbf3b01d000 JavaThread "C2 CompilerThread1" daemon [_thread_blocked, id=17155, stack(0x0000000127a4f000,0x0000000127b4f000)]
  0x00007fbf3b826800 JavaThread "C2 CompilerThread0" daemon [_thread_blocked, id=16643, stack(0x000000012794c000,0x0000000127a4c000)]
  0x00007fbf3c821800 JavaThread "Signal Dispatcher" daemon [_thread_blocked, id=13847, stack(0x0000000127849000,0x0000000127949000)]
  0x00007fbf3b821800 JavaThread "Finalizer" daemon [_thread_blocked, id=11523, stack(0x0000000125e28000,0x0000000125f28000)]
  0x00007fbf3c816800 JavaThread "Reference Handler" daemon [_thread_blocked, id=11011, stack(0x0000000125d25000,0x0000000125e25000)]

Other Threads:
  0x00007fbf3b00e000 VMThread [stack: 0x0000000125c22000,0x0000000125d22000] [id=10499]
  0x00007fbf3b80a800 WatcherThread [stack: 0x0000000127d58000,0x0000000127e58000] [id=18691]

VM state:not at safepoint (normal execution)

VM Mutex/Monitor currently owned by a thread: None

Heap:
 PSYoungGen      total 38400K, used 13953K [0x0000000795580000, 0x0000000798000000, 0x00000007c0000000)
  eden space 33280K, 26% used [0x0000000795580000,0x0000000795e41010,0x0000000797600000)
  from space 5120K, 97% used [0x0000000797600000,0x0000000797adf440,0x0000000797b00000)
  to   space 5120K, 0% used [0x0000000797b00000,0x0000000797b00000,0x0000000798000000)
 ParOldGen       total 87552K, used 10816K [0x0000000740000000, 0x0000000745580000, 0x0000000795580000)
  object space 87552K, 12% used [0x0000000740000000,0x0000000740a902d8,0x0000000745580000)
 Metaspace       used 19154K, capacity 19339K, committed 19456K, reserved 1067008K
  class space    used 1882K, capacity 1982K, committed 2048K, reserved 1048576K

Card table byte_map: [0x000000011f2c3000,0x000000011f6c4000] byte_map_base: 0x000000011b8c3000

Marking Bits: (ParMarkBitMap*) 0x000000010ee8ee20
 Begin Bits: [0x000000011fd7b000, 0x0000000121d7b000)
 End Bits:   [0x0000000121d7b000, 0x0000000123d7b000)

Polling page: 0x000000010f593000

CodeCache: size=245760Kb used=7104Kb max_used=7116Kb free=238655Kb
 bounds [0x000000010ff03000, 0x0000000110603000, 0x000000011ef03000]
 total_blobs=2817 nmethods=1943 adapters=788
 compilation: enabled

Compilation events (10 events):
Event: 13.359 Thread 0x00007fbf3c822000 2051       3       sun.awt.SunToolkit::postEvent (157 bytes)
Event: 13.360 Thread 0x00007fbf3b826800 2053  s    4       sun.misc.URLClassPath::getNextLoader (88 bytes)
Event: 13.364 Thread 0x00007fbf3c822000 nmethod 2051 0x00000001105f3b90 code [0x00000001105f3f40, 0x00000001105f6308]
Event: 13.364 Thread 0x00007fbf3c822000 2054  s!   2       sun.misc.URLClassPath::getLoader (197 bytes)
Event: 13.368 Thread 0x00007fbf3c822000 nmethod 2054 0x00000001105f7250 code [0x00000001105f7540, 0x00000001105f8c48]
Event: 13.368 Thread 0x00007fbf3c822000 2052       3       sun.awt.AWTAccessor::getSequencedEventAccessor (4 bytes)
Event: 13.368 Thread 0x00007fbf3c822000 nmethod 2052 0x00000001105f3350 code [0x00000001105f34a0, 0x00000001105f35f0]
Event: 13.369 Thread 0x00007fbf3b826800 nmethod 2053 0x00000001105f1050 code [0x00000001105f11c0, 0x00000001105f1938]
Event: 13.376 Thread 0x00007fbf3c822000 2055       3       java.util.IdentityHashMap::maskNull (12 bytes)
Event: 13.376 Thread 0x00007fbf3c822000 nmethod 2055 0x00000001105f0cd0 code [0x00000001105f0e40, 0x00000001105f0fd0]

GC Heap History (6 events):
Event: 3.155 GC heap before
{Heap before GC invocations=1 (full 0):
 PSYoungGen      total 38400K, used 33280K [0x0000000795580000, 0x0000000798000000, 0x00000007c0000000)
  eden space 33280K, 100% used [0x0000000795580000,0x0000000797600000,0x0000000797600000)
  from space 5120K, 0% used [0x0000000797b00000,0x0000000797b00000,0x0000000798000000)
  to   space 5120K, 0% used [0x0000000797600000,0x0000000797600000,0x0000000797b00000)
 ParOldGen       total 87552K, used 0K [0x0000000740000000, 0x0000000745580000, 0x0000000795580000)
  object space 87552K, 0% used [0x0000000740000000,0x0000000740000000,0x0000000745580000)
 Metaspace       used 15438K, capacity 15637K, committed 15744K, reserved 1062912K
  class space    used 1561K, capacity 1627K, committed 1664K, reserved 1048576K
Event: 3.163 GC heap after
Heap after GC invocations=1 (full 0):
 PSYoungGen      total 38400K, used 4812K [0x0000000795580000, 0x0000000798000000, 0x00000007c0000000)
  eden space 33280K, 0% used [0x0000000795580000,0x0000000795580000,0x0000000797600000)
  from space 5120K, 93% used [0x0000000797600000,0x0000000797ab32d8,0x0000000797b00000)
  to   space 5120K, 0% used [0x0000000797b00000,0x0000000797b00000,0x0000000798000000)
 ParOldGen       total 87552K, used 16K [0x0000000740000000, 0x0000000745580000, 0x0000000795580000)
  object space 87552K, 0% used [0x0000000740000000,0x0000000740004000,0x0000000745580000)
 Metaspace       used 15438K, capacity 15637K, committed 15744K, reserved 1062912K
  class space    used 1561K, capacity 1627K, committed 1664K, reserved 1048576K
}
Event: 4.400 GC heap before
{Heap before GC invocations=2 (full 0):
 PSYoungGen      total 38400K, used 38092K [0x0000000795580000, 0x0000000798000000, 0x00000007c0000000)
  eden space 33280K, 100% used [0x0000000795580000,0x0000000797600000,0x0000000797600000)
  from space 5120K, 93% used [0x0000000797600000,0x0000000797ab32d8,0x0000000797b00000)
  to   space 5120K, 0% used [0x0000000797b00000,0x0000000797b00000,0x0000000798000000)
 ParOldGen       total 87552K, used 16K [0x0000000740000000, 0x0000000745580000, 0x0000000795580000)
  object space 87552K, 0% used [0x0000000740000000,0x0000000740004000,0x0000000745580000)
 Metaspace       used 18373K, capacity 18587K, committed 18944K, reserved 1067008K
  class space    used 1872K, capacity 1948K, committed 2048K, reserved 1048576K
Event: 4.419 GC heap after
Heap after GC invocations=2 (full 0):
 PSYoungGen      total 38400K, used 5101K [0x0000000795580000, 0x0000000798000000, 0x00000007c0000000)
  eden space 33280K, 0% used [0x0000000795580000,0x0000000795580000,0x0000000797600000)
  from space 5120K, 99% used [0x0000000797b00000,0x0000000797ffb440,0x0000000798000000)
  to   space 5120K, 0% used [0x0000000797600000,0x0000000797600000,0x0000000797b00000)
 ParOldGen       total 87552K, used 9024K [0x0000000740000000, 0x0000000745580000, 0x0000000795580000)
  object space 87552K, 10% used [0x0000000740000000,0x00000007408d0268,0x0000000745580000)
 Metaspace       used 18373K, capacity 18587K, committed 18944K, reserved 1067008K
  class space    used 1872K, capacity 1948K, committed 2048K, reserved 1048576K
}
Event: 11.061 GC heap before
{Heap before GC invocations=3 (full 0):
 PSYoungGen      total 38400K, used 38381K [0x0000000795580000, 0x0000000798000000, 0x00000007c0000000)
  eden space 33280K, 100% used [0x0000000795580000,0x0000000797600000,0x0000000797600000)
  from space 5120K, 99% used [0x0000000797b00000,0x0000000797ffb440,0x0000000798000000)
  to   space 5120K, 0% used [0x0000000797600000,0x0000000797600000,0x0000000797b00000)
 ParOldGen       total 87552K, used 9024K [0x0000000740000000, 0x0000000745580000, 0x0000000795580000)
  object space 87552K, 10% used [0x0000000740000000,0x00000007408d0268,0x0000000745580000)
 Metaspace       used 19017K, capacity 19233K, committed 19456K, reserved 1067008K
  class space    used 1875K, capacity 1949K, committed 2048K, reserved 1048576K
Event: 11.071 GC heap after
Heap after GC invocations=3 (full 0):
 PSYoungGen      total 38400K, used 4989K [0x0000000795580000, 0x0000000798000000, 0x00000007c0000000)
  eden space 33280K, 0% used [0x0000000795580000,0x0000000795580000,0x0000000797600000)
  from space 5120K, 97% used [0x0000000797600000,0x0000000797adf440,0x0000000797b00000)
  to   space 5120K, 0% used [0x0000000797b00000,0x0000000797b00000,0x0000000798000000)
 ParOldGen       total 87552K, used 10816K [0x0000000740000000, 0x0000000745580000, 0x0000000795580000)
  object space 87552K, 12% used [0x0000000740000000,0x0000000740a902d8,0x0000000745580000)
 Metaspace       used 19017K, capacity 19233K, committed 19456K, reserved 1067008K
  class space    used 1875K, capacity 1949K, committed 2048K, reserved 1048576K
}

Deoptimization events (10 events):
Event: 2.841 Thread 0x00007fbf3b003000 Uncommon trap: reason=unstable_if action=reinterpret pc=0x00000001100d2880 method=java.lang.String.indexOf([CII[CIII)I @ 3
Event: 2.849 Thread 0x00007fbf3b003000 Uncommon trap: reason=bimorphic action=maybe_recompile pc=0x0000000110179e2c method=java.util.HashMap.getNode(ILjava/lang/Object;)Ljava/util/HashMap$Node; @ 126
Event: 2.849 Thread 0x00007fbf3b003000 Uncommon trap: reason=bimorphic action=maybe_recompile pc=0x0000000110179e2c method=java.util.HashMap.getNode(ILjava/lang/Object;)Ljava/util/HashMap$Node; @ 126
Event: 2.849 Thread 0x00007fbf3b003000 Uncommon trap: reason=bimorphic action=maybe_recompile pc=0x0000000110179e2c method=java.util.HashMap.getNode(ILjava/lang/Object;)Ljava/util/HashMap$Node; @ 126
Event: 2.849 Thread 0x00007fbf3b003000 Uncommon trap: reason=bimorphic action=maybe_recompile pc=0x0000000110179e2c method=java.util.HashMap.getNode(ILjava/lang/Object;)Ljava/util/HashMap$Node; @ 126
Event: 2.858 Thread 0x00007fbf3b003000 Uncommon trap: reason=unstable_if action=reinterpret pc=0x0000000110190edc method=java.lang.String.lastIndexOf([CII[CIII)I @ 118
Event: 3.919 Thread 0x00007fbf3ba7b800 Uncommon trap: reason=unstable_if action=reinterpret pc=0x00000001100bec6c method=java.lang.AbstractStringBuilder.append(Ljava/lang/String;)Ljava/lang/AbstractStringBuilder; @ 1
Event: 4.085 Thread 0x00007fbf3ba7b800 Uncommon trap: reason=unstable_if action=reinterpret pc=0x00000001102b3afc method=com.jogamp.common.util.IntIntHashMap.get(I)I @ 28
Event: 13.343 Thread 0x00007fbf3ba7b800 Uncommon trap: reason=unstable_if action=reinterpret pc=0x0000000110368fe8 method=com.jogamp.common.util.VersionNumber.compareTo(Lcom/jogamp/common/util/VersionNumber;)I @ 21
Event: 13.357 Thread 0x00007fbf3b189800 Uncommon trap: reason=unstable_if action=reinterpret pc=0x00000001105b3f08 method=java.util.HashMap.putVal(ILjava/lang/Object;Ljava/lang/Object;ZZ)Ljava/lang/Object; @ 81

Internal exceptions (10 events):
Event: 0.289 Thread 0x00007fbf3c800000 Exception <a 'java/lang/NoSuchFieldError': method resolution failed> (0x000000079587ccf8) thrown at [/Users/java_re/workspace/8-2-build-macosx-x86_64/jdk8u60/4407/hotspot/src/share/vm/prims/methodHandles.cpp, line 1146]
Event: 0.293 Thread 0x00007fbf3c800000 Exception <a 'java/lang/NoSuchFieldError': method resolution failed> (0x000000079588a4c8) thrown at [/Users/java_re/workspace/8-2-build-macosx-x86_64/jdk8u60/4407/hotspot/src/share/vm/prims/methodHandles.cpp, line 1146]
Event: 0.522 Thread 0x00007fbf3c800000 Exception <a 'java/io/FileNotFoundException'> (0x0000000795906320) thrown at [/Users/java_re/workspace/8-2-build-macosx-x86_64/jdk8u60/4407/hotspot/src/share/vm/prims/jni.cpp, line 709]
Event: 0.522 Thread 0x00007fbf3c800000 Exception <a 'java/io/FileNotFoundException'> (0x0000000795906ea8) thrown at [/Users/java_re/workspace/8-2-build-macosx-x86_64/jdk8u60/4407/hotspot/src/share/vm/prims/jni.cpp, line 709]
Event: 0.654 Thread 0x00007fbf3c800000 Exception <a 'java/io/FileNotFoundException'> (0x0000000795a585f8) thrown at [/Users/java_re/workspace/8-2-build-macosx-x86_64/jdk8u60/4407/hotspot/src/share/vm/prims/jni.cpp, line 709]
Event: 2.873 Thread 0x00007fbf3b003000 Exception <a 'java/lang/UnsatisfiedLinkError': com.jogamp.common.util.JarUtil.fixNativeLibAttribs(Ljava/lang/String;)Z> (0x0000000796daad30) thrown at [/Users/java_re/workspace/8-2-build-macosx-x86_64/jdk8u60/4407/hotspot/src/share/vm/prims/nativeLookup.c
Event: 3.165 Thread 0x00007fbf3b821800 Exception <a 'java/lang/NullPointerException'> (0x00000007956a4a80) thrown at [/Users/java_re/workspace/8-2-build-macosx-x86_64/jdk8u60/4407/hotspot/src/share/vm/interpreter/linkResolver.cpp, line 1178]
Event: 3.918 Thread 0x00007fbf3ba7b800 Exception <a 'java/io/FileNotFoundException'> (0x00000007963a7700) thrown at [/Users/java_re/workspace/8-2-build-macosx-x86_64/jdk8u60/4407/hotspot/src/share/vm/prims/jni.cpp, line 709]
Event: 3.919 Thread 0x00007fbf3ba7b800 Exception <a 'java/io/FileNotFoundException'> (0x00000007963b4c68) thrown at [/Users/java_re/workspace/8-2-build-macosx-x86_64/jdk8u60/4407/hotspot/src/share/vm/prims/jni.cpp, line 709]
Event: 3.919 Thread 0x00007fbf3ba7b800 Implicit null exception at 0x00000001100be8f5 to 0x00000001100bec59

Events (10 events):
Event: 13.373 loading class jogamp/nativewindow/jawt/macosx/MacOSXJAWTWindow$1 done
Event: 13.376 loading class java/awt/LightweightDispatcher$2
Event: 13.376 loading class java/awt/LightweightDispatcher$2 done
Event: 13.377 loading class java/awt/event/AWTEventListenerProxy
Event: 13.377 loading class java/awt/event/AWTEventListenerProxy done
Event: 13.377 loading class java/awt/Toolkit$ToolkitEventMulticaster
Event: 13.377 loading class java/awt/Toolkit$ToolkitEventMulticaster done
Event: 13.378 Thread 0x00007fbf3b189800 Thread exited: 0x00007fbf3b189800
Event: 13.378 loading class java/awt/Window$1DisposeAction
Event: 13.378 loading class java/awt/Window$1DisposeAction done


Dynamic libraries:
0x000000000d13d000 	/System/Library/Frameworks/Cocoa.framework/Versions/A/Cocoa
0x000000000d13d000 	/System/Library/Frameworks/Security.framework/Versions/A/Security
0x000000000d13d000 	/System/Library/Frameworks/ApplicationServices.framework/Versions/A/ApplicationServices
0x000000000d13d000 	/usr/lib/libz.1.dylib
0x000000000d13d000 	/usr/lib/libSystem.B.dylib
0x000000000d13d000 	/usr/lib/libobjc.A.dylib
0x000000000d13d000 	/System/Library/Frameworks/CoreFoundation.framework/Versions/A/CoreFoundation
0x000000000d13d000 	/System/Library/Frameworks/Foundation.framework/Versions/C/Foundation
0x000000000d13d000 	/System/Library/Frameworks/AppKit.framework/Versions/C/AppKit
0x000000000d13d000 	/System/Library/Frameworks/CoreData.framework/Versions/A/CoreData
0x000000000d13d000 	/System/Library/PrivateFrameworks/RemoteViewServices.framework/Versions/A/RemoteViewServices
0x000000000d13d000 	/System/Library/PrivateFrameworks/UIFoundation.framework/Versions/A/UIFoundation
0x000000000d13d000 	/System/Library/Frameworks/IOSurface.framework/Versions/A/IOSurface
0x000000000d13d000 	/System/Library/Frameworks/AudioToolbox.framework/Versions/A/AudioToolbox
0x000000000d13d000 	/System/Library/Frameworks/AudioUnit.framework/Versions/A/AudioUnit
0x000000000d13d000 	/System/Library/PrivateFrameworks/DataDetectorsCore.framework/Versions/A/DataDetectorsCore
0x000000000d13d000 	/System/Library/PrivateFrameworks/DesktopServicesPriv.framework/Versions/A/DesktopServicesPriv
0x000000000d13d000 	/System/Library/Frameworks/Carbon.framework/Versions/A/Frameworks/HIToolbox.framework/Versions/A/HIToolbox
0x000000000d13d000 	/System/Library/Frameworks/QuartzCore.framework/Versions/A/QuartzCore
0x000000000d13d000 	/System/Library/Frameworks/Carbon.framework/Versions/A/Frameworks/SpeechRecognition.framework/Versions/A/SpeechRecognition
0x000000000d13d000 	/usr/lib/libauto.dylib
0x000000000d13d000 	/usr/lib/libicucore.A.dylib
0x000000000d13d000 	/usr/lib/libxml2.2.dylib
0x000000000d13d000 	/System/Library/PrivateFrameworks/CoreUI.framework/Versions/A/CoreUI
0x000000000d13d000 	/System/Library/Frameworks/CoreAudio.framework/Versions/A/CoreAudio
0x000000000d13d000 	/System/Library/Frameworks/DiskArbitration.framework/Versions/A/DiskArbitration
0x000000000d13d000 	/usr/lib/liblangid.dylib
0x000000000d13d000 	/System/Library/PrivateFrameworks/MultitouchSupport.framework/Versions/A/MultitouchSupport
0x000000000d13d000 	/System/Library/Frameworks/IOKit.framework/Versions/A/IOKit
0x000000000d13d000 	/usr/lib/libDiagnosticMessagesClient.dylib
0x000000000d13d000 	/System/Library/Frameworks/CoreServices.framework/Versions/A/CoreServices
0x000000000d13d000 	/System/Library/PrivateFrameworks/PerformanceAnalysis.framework/Versions/A/PerformanceAnalysis
0x000000000d13d000 	/System/Library/PrivateFrameworks/GenerationalStorage.framework/Versions/A/GenerationalStorage
0x000000000d13d000 	/System/Library/Frameworks/OpenGL.framework/Versions/A/OpenGL
0x000000000d13d000 	/System/Library/PrivateFrameworks/Sharing.framework/Versions/A/Sharing
0x000000000d13d000 	/System/Library/Frameworks/CoreGraphics.framework/Versions/A/CoreGraphics
0x000000000d13d000 	/System/Library/Frameworks/CoreText.framework/Versions/A/CoreText
0x000000000d13d000 	/System/Library/Frameworks/ImageIO.framework/Versions/A/ImageIO
0x000000000d13d000 	/usr/lib/libextension.dylib
0x000000000d13d000 	/System/Library/PrivateFrameworks/Backup.framework/Versions/A/Backup
0x000000000d13d000 	/usr/lib/libarchive.2.dylib
0x000000000d13d000 	/System/Library/Frameworks/CFNetwork.framework/Versions/A/CFNetwork
0x000000000d13d000 	/System/Library/Frameworks/SystemConfiguration.framework/Versions/A/SystemConfiguration
0x000000000d13d000 	/usr/lib/libCRFSuite.dylib
0x000000000d13d000 	/usr/lib/libc++.1.dylib
0x000000000d13d000 	/usr/lib/libc++abi.dylib
0x000000000d13d000 	/usr/lib/system/libcache.dylib
0x000000000d13d000 	/usr/lib/system/libcommonCrypto.dylib
0x000000000d13d000 	/usr/lib/system/libcompiler_rt.dylib
0x000000000d13d000 	/usr/lib/system/libcopyfile.dylib
0x000000000d13d000 	/usr/lib/system/libcorecrypto.dylib
0x000000000d13d000 	/usr/lib/system/libdispatch.dylib
0x000000000d13d000 	/usr/lib/system/libdyld.dylib
0x000000000d13d000 	/usr/lib/system/libkeymgr.dylib
0x000000000d13d000 	/usr/lib/system/liblaunch.dylib
0x000000000d13d000 	/usr/lib/system/libmacho.dylib
0x000000000d13d000 	/usr/lib/system/libquarantine.dylib
0x000000000d13d000 	/usr/lib/system/libremovefile.dylib
0x000000000d13d000 	/usr/lib/system/libsystem_asl.dylib
0x000000000d13d000 	/usr/lib/system/libsystem_blocks.dylib
0x000000000d13d000 	/usr/lib/system/libsystem_c.dylib
0x000000000d13d000 	/usr/lib/system/libsystem_configuration.dylib
0x000000000d13d000 	/usr/lib/system/libsystem_coreservices.dylib
0x000000000d13d000 	/usr/lib/system/libsystem_coretls.dylib
0x000000000d13d000 	/usr/lib/system/libsystem_dnssd.dylib
0x000000000d13d000 	/usr/lib/system/libsystem_info.dylib
0x000000000d13d000 	/usr/lib/system/libsystem_kernel.dylib
0x000000000d13d000 	/usr/lib/system/libsystem_m.dylib
0x000000000d13d000 	/usr/lib/system/libsystem_malloc.dylib
0x000000000d13d000 	/usr/lib/system/libsystem_network.dylib
0x000000000d13d000 	/usr/lib/system/libsystem_networkextension.dylib
0x000000000d13d000 	/usr/lib/system/libsystem_notify.dylib
0x000000000d13d000 	/usr/lib/system/libsystem_platform.dylib
0x000000000d13d000 	/usr/lib/system/libsystem_pthread.dylib
0x000000000d13d000 	/usr/lib/system/libsystem_sandbox.dylib
0x000000000d13d000 	/usr/lib/system/libsystem_secinit.dylib
0x000000000d13d000 	/usr/lib/system/libsystem_stats.dylib
0x000000000d13d000 	/usr/lib/system/libsystem_trace.dylib
0x000000000d13d000 	/usr/lib/system/libunc.dylib
0x000000000d13d000 	/usr/lib/system/libunwind.dylib
0x000000000d13d000 	/usr/lib/system/libxpc.dylib
0x000000000d13d000 	/usr/lib/libbz2.1.0.dylib
0x000000000d13d000 	/usr/lib/liblzma.5.dylib
0x000000000d13d000 	/usr/lib/libbsm.0.dylib
0x000000000d13d000 	/usr/lib/libsqlite3.dylib
0x000000000d13d000 	/usr/lib/system/libkxld.dylib
0x000000000d13d000 	/usr/lib/libxar.1.dylib
0x000000000d13d000 	/usr/lib/libpam.2.dylib
0x000000000d13d000 	/usr/lib/libOpenScriptingUtil.dylib
0x000000000d13d000 	/System/Library/Frameworks/CoreServices.framework/Versions/A/Frameworks/FSEvents.framework/Versions/A/FSEvents
0x000000000d13d000 	/System/Library/Frameworks/CoreServices.framework/Versions/A/Frameworks/CarbonCore.framework/Versions/A/CarbonCore
0x000000000d13d000 	/System/Library/Frameworks/CoreServices.framework/Versions/A/Frameworks/Metadata.framework/Versions/A/Metadata
0x000000000d13d000 	/System/Library/Frameworks/CoreServices.framework/Versions/A/Frameworks/OSServices.framework/Versions/A/OSServices
0x000000000d13d000 	/System/Library/Frameworks/CoreServices.framework/Versions/A/Frameworks/SearchKit.framework/Versions/A/SearchKit
0x000000000d13d000 	/System/Library/Frameworks/CoreServices.framework/Versions/A/Frameworks/AE.framework/Versions/A/AE
0x000000000d13d000 	/System/Library/Frameworks/CoreServices.framework/Versions/A/Frameworks/LaunchServices.framework/Versions/A/LaunchServices
0x000000000d13d000 	/System/Library/Frameworks/CoreServices.framework/Versions/A/Frameworks/DictionaryServices.framework/Versions/A/DictionaryServices
0x000000000d13d000 	/System/Library/Frameworks/NetFS.framework/Versions/A/NetFS
0x000000000d13d000 	/System/Library/PrivateFrameworks/NetAuth.framework/Versions/A/NetAuth
0x000000000d13d000 	/System/Library/PrivateFrameworks/login.framework/Versions/A/Frameworks/loginsupport.framework/Versions/A/loginsupport
0x000000000d13d000 	/System/Library/PrivateFrameworks/TCC.framework/Versions/A/TCC
0x000000000d13d000 	/usr/lib/libmecabra.dylib
0x000000000d13d000 	/System/Library/Frameworks/ApplicationServices.framework/Versions/A/Frameworks/ATS.framework/Versions/A/ATS
0x000000000d13d000 	/System/Library/Frameworks/ApplicationServices.framework/Versions/A/Frameworks/ColorSync.framework/Versions/A/ColorSync
0x000000000d13d000 	/System/Library/Frameworks/ApplicationServices.framework/Versions/A/Frameworks/HIServices.framework/Versions/A/HIServices
0x000000000d13d000 	/System/Library/Frameworks/ApplicationServices.framework/Versions/A/Frameworks/LangAnalysis.framework/Versions/A/LangAnalysis
0x000000000d13d000 	/System/Library/Frameworks/ApplicationServices.framework/Versions/A/Frameworks/PrintCore.framework/Versions/A/PrintCore
0x000000000d13d000 	/System/Library/Frameworks/ApplicationServices.framework/Versions/A/Frameworks/QD.framework/Versions/A/QD
0x000000000d13d000 	/System/Library/Frameworks/ApplicationServices.framework/Versions/A/Frameworks/SpeechSynthesis.framework/Versions/A/SpeechSynthesis
0x000000000d13d000 	/System/Library/Frameworks/Accelerate.framework/Versions/A/Accelerate
0x000000000d13d000 	/System/Library/Frameworks/Accelerate.framework/Versions/A/Frameworks/vImage.framework/Versions/A/vImage
0x000000000d13d000 	/System/Library/Frameworks/Accelerate.framework/Versions/A/Frameworks/vecLib.framework/Versions/A/vecLib
0x000000000d13d000 	/System/Library/Frameworks/Accelerate.framework/Versions/A/Frameworks/vecLib.framework/Versions/A/libvDSP.dylib
0x000000000d13d000 	/System/Library/Frameworks/Accelerate.framework/Versions/A/Frameworks/vecLib.framework/Versions/A/libvMisc.dylib
0x000000000d13d000 	/System/Library/Frameworks/Accelerate.framework/Versions/A/Frameworks/vecLib.framework/Versions/A/libLAPACK.dylib
0x000000000d13d000 	/System/Library/Frameworks/Accelerate.framework/Versions/A/Frameworks/vecLib.framework/Versions/A/libBLAS.dylib
0x000000000d13d000 	/System/Library/Frameworks/Accelerate.framework/Versions/A/Frameworks/vecLib.framework/Versions/A/libLinearAlgebra.dylib
0x000000000d13d000 	/System/Library/Frameworks/ApplicationServices.framework/Versions/A/Frameworks/ATS.framework/Versions/A/Resources/libFontParser.dylib
0x000000000d13d000 	/System/Library/Frameworks/ApplicationServices.framework/Versions/A/Frameworks/ATS.framework/Versions/A/Resources/libFontRegistry.dylib
0x000000000d13d000 	/System/Library/PrivateFrameworks/AppleVPA.framework/Versions/A/AppleVPA
0x000000000d13d000 	/System/Library/PrivateFrameworks/AppleJPEG.framework/Versions/A/AppleJPEG
0x000000000d13d000 	/System/Library/Frameworks/ImageIO.framework/Versions/A/Resources/libJPEG.dylib
0x000000000d13d000 	/System/Library/Frameworks/ImageIO.framework/Versions/A/Resources/libTIFF.dylib
0x000000000d13d000 	/System/Library/Frameworks/ImageIO.framework/Versions/A/Resources/libPng.dylib
0x000000000d13d000 	/System/Library/Frameworks/ImageIO.framework/Versions/A/Resources/libGIF.dylib
0x000000000d13d000 	/System/Library/Frameworks/ImageIO.framework/Versions/A/Resources/libJP2.dylib
0x000000000d13d000 	/System/Library/Frameworks/ImageIO.framework/Versions/A/Resources/libRadiance.dylib
0x000000000d13d000 	/System/Library/Frameworks/CoreVideo.framework/Versions/A/CoreVideo
0x000000000d13d000 	/System/Library/Frameworks/OpenGL.framework/Versions/A/Libraries/libGLU.dylib
0x000000000d13d000 	/System/Library/Frameworks/OpenGL.framework/Versions/A/Libraries/libGFXShared.dylib
0x000000000d13d000 	/System/Library/Frameworks/OpenGL.framework/Versions/A/Libraries/libGL.dylib
0x000000000d13d000 	/System/Library/Frameworks/OpenGL.framework/Versions/A/Libraries/libGLImage.dylib
0x000000000d13d000 	/System/Library/Frameworks/OpenGL.framework/Versions/A/Libraries/libCVMSPluginSupport.dylib
0x000000000d13d000 	/System/Library/Frameworks/OpenGL.framework/Versions/A/Libraries/libCoreVMClient.dylib
0x000000000d13d000 	/usr/lib/libcups.2.dylib
0x000000000d13d000 	/System/Library/Frameworks/Kerberos.framework/Versions/A/Kerberos
0x000000000d13d000 	/System/Library/Frameworks/GSS.framework/Versions/A/GSS
0x000000000d13d000 	/usr/lib/libresolv.9.dylib
0x000000000d13d000 	/usr/lib/libiconv.2.dylib
0x000000000d13d000 	/System/Library/PrivateFrameworks/Heimdal.framework/Versions/A/Heimdal
0x000000000d13d000 	/usr/lib/libheimdal-asn1.dylib
0x000000000d13d000 	/System/Library/Frameworks/OpenDirectory.framework/Versions/A/OpenDirectory
0x000000000d13d000 	/System/Library/PrivateFrameworks/CommonAuth.framework/Versions/A/CommonAuth
0x000000000d13d000 	/System/Library/Frameworks/OpenDirectory.framework/Versions/A/Frameworks/CFOpenDirectory.framework/Versions/A/CFOpenDirectory
0x000000000d13d000 	/System/Library/Frameworks/SecurityFoundation.framework/Versions/A/SecurityFoundation
0x000000000d13d000 	/System/Library/PrivateFrameworks/LanguageModeling.framework/Versions/A/LanguageModeling
0x000000000d13d000 	/usr/lib/libcmph.dylib
0x000000000d13d000 	/System/Library/Frameworks/ServiceManagement.framework/Versions/A/ServiceManagement
0x000000000d13d000 	/usr/lib/libxslt.1.dylib
0x000000000d13d000 	/System/Library/Frameworks/Carbon.framework/Versions/A/Frameworks/Ink.framework/Versions/A/Ink
0x000000000d13d000 	/System/Library/Frameworks/QuartzCore.framework/Versions/A/Frameworks/CoreImage.framework/Versions/A/CoreImage
0x000000000d13d000 	/System/Library/PrivateFrameworks/CrashReporterSupport.framework/Versions/A/CrashReporterSupport
0x000000000d13d000 	/System/Library/Frameworks/OpenCL.framework/Versions/A/OpenCL
0x000000000d13d000 	/System/Library/PrivateFrameworks/FaceCore.framework/Versions/A/FaceCore
0x000000000d13d000 	/System/Library/PrivateFrameworks/Ubiquity.framework/Versions/A/Ubiquity
0x000000000d13d000 	/System/Library/PrivateFrameworks/IconServices.framework/Versions/A/IconServices
0x000000000d13d000 	/System/Library/PrivateFrameworks/ChunkingLibrary.framework/Versions/A/ChunkingLibrary
0x000000000d13d000 	/System/Library/PrivateFrameworks/Apple80211.framework/Versions/A/Apple80211
0x000000000d13d000 	/System/Library/Frameworks/CoreWLAN.framework/Versions/A/CoreWLAN
0x000000000d13d000 	/System/Library/Frameworks/IOBluetooth.framework/Versions/A/IOBluetooth
0x000000000d13d000 	/System/Library/PrivateFrameworks/CoreWiFi.framework/Versions/A/CoreWiFi
0x000000000d13d000 	/System/Library/Frameworks/CoreBluetooth.framework/Versions/A/CoreBluetooth
0x000000000d13d000 	/System/Library/PrivateFrameworks/DebugSymbols.framework/Versions/A/DebugSymbols
0x000000000d13d000 	/System/Library/PrivateFrameworks/CoreSymbolication.framework/Versions/A/CoreSymbolication
0x000000000d13d000 	/System/Library/PrivateFrameworks/Symbolication.framework/Versions/A/Symbolication
0x000000000d13d000 	/System/Library/PrivateFrameworks/SpeechRecognitionCore.framework/Versions/A/SpeechRecognitionCore
0x000000010e5b0000 	/Library/Java/JavaVirtualMachines/jdk1.8.0_60.jdk/Contents/Home/jre/lib/server/libjvm.dylib
0x000000000d13d000 	/usr/lib/libstdc++.6.dylib
0x000000010f550000 	/Library/Java/JavaVirtualMachines/jdk1.8.0_60.jdk/Contents/Home/jre/lib/libverify.dylib
0x000000010f55e000 	/Library/Java/JavaVirtualMachines/jdk1.8.0_60.jdk/Contents/Home/jre/lib/libjava.dylib
0x000000010f59d000 	/Library/Java/JavaVirtualMachines/jdk1.8.0_60.jdk/Contents/Home/jre/lib/libzip.dylib
0x0000000125f2a000 	/System/Library/Frameworks/JavaVM.framework/Frameworks/JavaRuntimeSupport.framework/JavaRuntimeSupport
0x0000000125f42000 	/System/Library/Frameworks/JavaVM.framework/Versions/A/Frameworks/JavaNativeFoundation.framework/Versions/A/JavaNativeFoundation
0x0000000125f57000 	/System/Library/Frameworks/JavaVM.framework/Versions/A/JavaVM
0x000000000d13d000 	/System/Library/Frameworks/Carbon.framework/Versions/A/Carbon
0x0000000125f64000 	/System/Library/PrivateFrameworks/JavaLaunching.framework/Versions/A/JavaLaunching
0x000000000d13d000 	/System/Library/Frameworks/Carbon.framework/Versions/A/Frameworks/CommonPanels.framework/Versions/A/CommonPanels
0x000000000d13d000 	/System/Library/Frameworks/Carbon.framework/Versions/A/Frameworks/Help.framework/Versions/A/Help
0x000000000d13d000 	/System/Library/Frameworks/Carbon.framework/Versions/A/Frameworks/ImageCapture.framework/Versions/A/ImageCapture
0x000000000d13d000 	/System/Library/Frameworks/Carbon.framework/Versions/A/Frameworks/OpenScripting.framework/Versions/A/OpenScripting
0x000000000d13d000 	/System/Library/Frameworks/Carbon.framework/Versions/A/Frameworks/Print.framework/Versions/A/Print
0x000000000d13d000 	/System/Library/Frameworks/Carbon.framework/Versions/A/Frameworks/SecurityHI.framework/Versions/A/SecurityHI
0x0000000127e91000 	/Library/Java/JavaVirtualMachines/jdk1.8.0_60.jdk/Contents/Home/jre/lib/libawt.dylib
0x0000000127f39000 	/Library/Java/JavaVirtualMachines/jdk1.8.0_60.jdk/Contents/Home/jre/lib/./libmlib_image.dylib
0x0000000128005000 	/Library/Java/JavaVirtualMachines/jdk1.8.0_60.jdk/Contents/Home/jre/lib/libawt_lwawt.dylib
0x00000001280ba000 	/Library/Java/JavaVirtualMachines/jdk1.8.0_60.jdk/Contents/Home/jre/lib/./libosxapp.dylib
0x000000000d13d000 	/System/Library/Frameworks/ExceptionHandling.framework/Versions/A/ExceptionHandling
0x000000000d13d000 	/System/Library/PrivateFrameworks/CoreServicesInternal.framework/Versions/A/CoreServicesInternal
0x000000000d13d000 	/System/Library/PrivateFrameworks/CloudDocs.framework/Versions/A/CloudDocs
0x000000000d13d000 	/System/Library/PrivateFrameworks/CoreDuet.framework/Versions/A/CoreDuet
0x000000000d13d000 	/System/Library/Frameworks/CloudKit.framework/Versions/A/CloudKit
0x000000000d13d000 	/System/Library/PrivateFrameworks/ProtocolBuffer.framework/Versions/A/ProtocolBuffer
0x000000000d13d000 	/System/Library/PrivateFrameworks/CoreDuetDaemonProtocol.framework/Versions/A/CoreDuetDaemonProtocol
0x000000000d13d000 	/System/Library/PrivateFrameworks/CoreDuetDebugLogging.framework/Versions/A/CoreDuetDebugLogging
0x000000000d13d000 	/System/Library/PrivateFrameworks/MMCS.framework/Versions/A/MMCS
0x000000000d13d000 	/System/Library/Frameworks/CoreLocation.framework/Versions/A/CoreLocation
0x000000000d13d000 	/System/Library/PrivateFrameworks/ProtectedCloudStorage.framework/Versions/A/ProtectedCloudStorage
0x000000000d13d000 	/System/Library/PrivateFrameworks/GeoServices.framework/Versions/A/GeoServices
0x000000000d13d000 	/System/Library/Frameworks/CoreGraphics.framework/Versions/A/Resources/libCGCMS.A.dylib
0x000000000d13d000 	/System/Library/Frameworks/CoreGraphics.framework/Versions/A/Resources/libRIP.A.dylib
0x000000000d13d000 	/System/Library/Frameworks/CoreGraphics.framework/Versions/A/Resources/libCGXType.A.dylib
0x000000000d13d000 	/System/Library/Frameworks/OpenCL.framework/Versions/A/Libraries/libcldcpuengine.dylib
0x000000000d13d000 	/System/Library/PrivateFrameworks/DiskImages.framework/Versions/A/DiskImages
0x000000000d13d000 	/System/Library/Frameworks/DiscRecording.framework/Versions/A/DiscRecording
0x000000000d13d000 	/usr/lib/libcsfde.dylib
0x000000000d13d000 	/usr/lib/libcurl.4.dylib
0x000000000d13d000 	/System/Library/PrivateFrameworks/MediaKit.framework/Versions/A/MediaKit
0x000000000d13d000 	/usr/lib/libCoreStorage.dylib
0x000000000d13d000 	/System/Library/PrivateFrameworks/EFILogin.framework/Versions/A/EFILogin
0x000000000d13d000 	/usr/lib/libutil.dylib
0x000000000d13d000 	/System/Library/PrivateFrameworks/FindMyDevice.framework/Versions/A/FindMyDevice
0x000000000d13d000 	/System/Library/Frameworks/LDAP.framework/Versions/A/LDAP
0x000000000d13d000 	/usr/lib/libsasl2.2.dylib
0x000000000d13d000 	/System/Library/PrivateFrameworks/CoreDaemon.framework/Versions/B/CoreDaemon
0x000000000d13d000 	/usr/lib/libcrypto.0.9.8.dylib
0x000000000d13d000 	/System/Library/PrivateFrameworks/AppleSRP.framework/Versions/A/AppleSRP
0x000000000d13d000 	/System/Library/PrivateFrameworks/TrustEvaluationAgent.framework/Versions/A/TrustEvaluationAgent
0x000000012ae47000 	cl_kernels
0x000000012ae49000 	/System/Library/Frameworks/OpenCL.framework/Versions/A/Libraries/ImageFormats/unorm8_bgra.dylib
0x000000012ae38000 	cl_kernels
0x000000000d13d000 	/System/Library/PrivateFrameworks/FamilyControls.framework/Versions/A/FamilyControls
0x000000000d13d000 	/System/Library/PrivateFrameworks/CommerceKit.framework/Versions/A/Frameworks/CommerceCore.framework/Versions/A/CommerceCore
0x000000000d13d000 	/System/Library/PrivateFrameworks/SystemAdministration.framework/Versions/A/SystemAdministration
0x000000000d13d000 	/System/Library/PrivateFrameworks/AppContainer.framework/Versions/A/AppContainer
0x000000000d13d000 	/System/Library/PrivateFrameworks/SecCodeWrapper.framework/Versions/A/SecCodeWrapper
0x000000000d13d000 	/System/Library/Frameworks/DirectoryService.framework/Versions/A/DirectoryService
0x000000000d13d000 	/System/Library/PrivateFrameworks/LoginUIKit.framework/Versions/A/Frameworks/LoginUICore.framework/Versions/A/LoginUICore
0x000000000d13d000 	/usr/lib/libodfde.dylib
0x000000000d13d000 	/System/Library/Frameworks/OpenGL.framework/Versions/A/Resources/GLEngine.bundle/GLEngine
0x000000000d13d000 	/System/Library/Frameworks/OpenGL.framework/Versions/A/Libraries/libGLProgrammability.dylib
0x000000012c1ed000 	/System/Library/Extensions/AppleIntelHD5000GraphicsGLDriver.bundle/Contents/MacOS/AppleIntelHD5000GraphicsGLDriver
0x000000000d13d000 	/System/Library/PrivateFrameworks/IOAccelerator.framework/Versions/A/IOAccelerator
0x000000000d13d000 	/System/Library/PrivateFrameworks/GPUSupport.framework/Versions/A/Libraries/libGPUSupportMercury.dylib
0x000000000d13d000 	/System/Library/Frameworks/OpenGL.framework/Versions/A/Resources/GLRendererFloat.bundle/GLRendererFloat
0x000000012d263000 	/Library/Java/JavaVirtualMachines/jdk1.8.0_60.jdk/Contents/Home/jre/lib/libfontmanager.dylib
0x000000012e33a000 	/Library/Java/JavaVirtualMachines/jdk1.8.0_60.jdk/Contents/Home/jre/lib/libosxui.dylib
0x000000012e562000 	/Library/Java/JavaVirtualMachines/jdk1.8.0_60.jdk/Contents/Home/jre/lib/libnet.dylib
0x000000012e7a1000 	/Library/Java/JavaVirtualMachines/jdk1.8.0_60.jdk/Contents/Home/jre/lib/libnio.dylib
0x000000000d13d000 	/System/Library/Frameworks/ApplicationServices.framework/Versions/A/Frameworks/ATS.framework/Versions/A/Resources/libTrueTypeScaler.dylib
0x0000000181834000 	/private/var/folders/x9/z_v5q4vx5yx_kt718rrfk_lm0000gn/T/jogamp_0000/file_cache/jln233824687949083744/jln913963382915743531/libgluegen-rt.jnilib
0x000000012e579000 	/private/var/folders/x9/z_v5q4vx5yx_kt718rrfk_lm0000gn/T/jogamp_0000/file_cache/jln233824687949083744/jln913963382915743531/libnativewindow_awt.jnilib
0x0000000181838000 	/Library/Java/JavaVirtualMachines/jdk1.8.0_60.jdk/Contents/Home/jre/lib/libjawt.dylib
0x000000018183b000 	/private/var/folders/x9/z_v5q4vx5yx_kt718rrfk_lm0000gn/T/jogamp_0000/file_cache/jln233824687949083744/jln913963382915743531/libnativewindow_macosx.jnilib
0x00000001835c4000 	/private/var/folders/x9/z_v5q4vx5yx_kt718rrfk_lm0000gn/T/jogamp_0000/file_cache/jln233824687949083744/jln913963382915743531/libjogl_desktop.jnilib

VM Arguments:
jvm_args: -Djava.security.policy=java.policy.applet -Dfile.encoding=UTF-8 
java_command: sun.applet.AppletViewer HelloUCSDWorld1444252199621.html
java_class_path (initial): /Users/gregorymankes/Google Drive/Udacity and Other Courses/Coursera/Data Structures Specialization/Course 1/Code/UCSDUnfoldingMaps/build:/Users/gregorymankes/Google Drive/Udacity and Other Courses/Coursera/Data Structures Specialization/Course 1/Code/UCSDUnfoldingMaps/lib/core.jar:/Users/gregorymankes/Google Drive/Udacity and Other Courses/Coursera/Data Structures Specialization/Course 1/Code/UCSDUnfoldingMaps/lib/gluegen-rt.jar:/Users/gregorymankes/Google Drive/Udacity and Other Courses/Coursera/Data Structures Specialization/Course 1/Code/UCSDUnfoldingMaps/lib/jogl-all.jar:/Users/gregorymankes/Google Drive/Udacity and Other Courses/Coursera/Data Structures Specialization/Course 1/Code/UCSDUnfoldingMaps/lib/log4j-1.2.15.jar:/Users/gregorymankes/Google Drive/Udacity and Other Courses/Coursera/Data Structures Specialization/Course 1/Code/UCSDUnfoldingMaps/lib/sqlite-jdbc-3.7.2.jar:/Users/gregorymankes/Google Drive/Udacity and Other Courses/Coursera/Data Structures Specialization/Course 1/Code/UCSDUnfoldingMaps/lib/json4processing.jar:/Users/gregorymankes/Google Drive/Udacity and Other Courses/Coursera/Data Structures Specialization/Course 1/Code/UCSDUnfoldingMaps/lib/libTUIO.jar:/Users/gregorymankes/Google Drive/Udacity and Other Courses/Coursera/Data Structures Specialization/Course 1/Code/UCSDUnfoldingMaps/lib/unfolding.0.9.7-uscd.jar
Launcher Type: SUN_STANDARD

Environment Variables:
PATH=/usr/bin:/bin:/usr/sbin:/sbin
SHELL=/bin/bash

Signal Handlers:
SIGSEGV: [libjvm.dylib+0x5a6d31], sa_mask[0]=11111111011111110111111111111111, sa_flags=SA_ONSTACK|SA_RESTART|SA_SIGINFO
SIGBUS: [libjvm.dylib+0x5a6d31], sa_mask[0]=11111111011111110111111111111111, sa_flags=SA_RESTART|SA_SIGINFO
SIGFPE: [libjvm.dylib+0x480a4c], sa_mask[0]=11111111011111110111111111111111, sa_flags=SA_RESTART|SA_SIGINFO
SIGPIPE: [libjvm.dylib+0x480a4c], sa_mask[0]=11111111011111110111111111111111, sa_flags=SA_RESTART|SA_SIGINFO
SIGXFSZ: [libjvm.dylib+0x480a4c], sa_mask[0]=11111111011111110111111111111111, sa_flags=SA_RESTART|SA_SIGINFO
SIGILL: [libjvm.dylib+0x480a4c], sa_mask[0]=11111111011111110111111111111111, sa_flags=SA_RESTART|SA_SIGINFO
SIGUSR1: SIG_DFL, sa_mask[0]=00000000000000000000000000000000, sa_flags=none
SIGUSR2: [libjvm.dylib+0x48056a], sa_mask[0]=00100000000000000000000000000000, sa_flags=SA_RESTART|SA_SIGINFO
SIGHUP: [libjvm.dylib+0x47eb41], sa_mask[0]=11111111011111110111111111111111, sa_flags=SA_RESTART|SA_SIGINFO
SIGINT: [libjvm.dylib+0x47eb41], sa_mask[0]=11111111011111110111111111111111, sa_flags=SA_RESTART|SA_SIGINFO
SIGTERM: [libjvm.dylib+0x47eb41], sa_mask[0]=11111111011111110111111111111111, sa_flags=SA_RESTART|SA_SIGINFO
SIGQUIT: [libjvm.dylib+0x47eb41], sa_mask[0]=11111111011111110111111111111111, sa_flags=SA_RESTART|SA_SIGINFO


---------------  S Y S T E M  ---------------

OS:Bsduname:Darwin 14.5.0 Darwin Kernel Version 14.5.0: Wed Jul 29 02:26:53 PDT 2015; root:xnu-2782.40.9~1/RELEASE_X86_64 x86_64
rlimit: STACK 8192k, CORE 0k, NPROC 709, NOFILE 10240, AS infinity
load average:1.73 1.46 1.54

CPU:total 4 (2 cores per cpu, 2 threads per core) family 6 model 69 stepping 1, cmov, cx8, fxsr, mmx, sse, sse2, sse3, ssse3, sse4.1, sse4.2, popcnt, avx, avx2, aes, clmul, erms, lzcnt, ht, tsc, tscinvbit, bmi1, bmi2

Memory: 4k page, physical 8388608k(200140k free)

/proc/meminfo:


vm_info: Java HotSpot(TM) 64-Bit Server VM (25.60-b23) for bsd-amd64 JRE (1.8.0_60-b27), built on Aug  4 2015 10:47:24 by "java_re" with gcc 4.2.1 (Based on Apple Inc. build 5658) (LLVM build 2336.11.00)

time: Wed Oct  7 17:10:13 2015
elapsed time: 13 seconds (0d 0h 0m 13s)

