#
# A fatal error has been detected by the Java Runtime Environment:
#
#  SIGSEGV (0xb) at pc=0x00007fff92a00d5d, pid=16175, tid=2571
#
# JRE version: Java(TM) SE Runtime Environment (8.0_60-b27) (build 1.8.0_60-b27)
# Java VM: Java HotSpot(TM) 64-Bit Server VM (25.60-b23 mixed mode bsd-amd64 compressed oops)
# Problematic frame:
# C  [libobjc.A.dylib+0x6d5d]  objc_msgSend+0x1d
#
# Failed to write core dump. Core dumps have been disabled. To enable core dumping, try "ulimit -c unlimited" before starting Java again
#
# If you would like to submit a bug report, please visit:
#   http://bugreport.java.com/bugreport/crash.jsp
# The crash happened outside the Java Virtual Machine in native code.
# See problematic frame for where to report the bug.
#

---------------  T H R E A D  ---------------

Current thread (0x00007fe714953000):  JavaThread "AWT-AppKit" daemon [_thread_in_native, id=2571, stack(0x00007fff51013000,0x00007fff51813000)]

siginfo: si_signo: 11 (SIGSEGV), si_code: 1 (SEGV_MAPERR), si_addr: 0x0000000000000018

Registers:
RAX=0x00007fe717465a60, RBX=0x0000000128131450, RCX=0x0000000128156fe0, RDX=0x0000000128156ce0
RSP=0x00007fff5180e0a8, RBP=0x00007fff5180e160, RSI=0x00007fff899ead06, RDI=0x00007fe717463090
R8 =0x0000000000000000, R9 =0x0000000000000810, R10=0x00007fff899ead06, R11=0x0000000000000000
R12=0x0000000000000000, R13=0x00000001868eaa90, R14=0x0000000128131440, R15=0x00007fe714953000
RIP=0x00007fff92a00d5d, EFLAGS=0x0000000000010246, ERR=0x0000000000000004
  TRAPNO=0x000000000000000e

Top of Stack: (sp=0x00007fff5180e0a8)
0x00007fff5180e0a8:   000000012812f157 00007fff5180e100
0x00007fff5180e0b8:   0000000000000003 00007fff5180e0e0
0x00007fff5180e0c8:   000000010e85a992 00000001868eaa90
0x00007fff5180e0d8:   00000001868eaa90 00007fe717465a60
0x00007fff5180e0e8:   00000001281316a0 0000000128131710
0x00007fff5180e0f8:   00007fff75d82740 00007fff783c24b0
0x00007fff5180e108:   0000000128131450 0000000128131690
0x00007fff5180e118:   00007fe717465a60 00007fe717463090
0x00007fff5180e128:   00007fe712c3eec0 00007fe717465a60
0x00007fff5180e138:   00007fe717463090 00007fff5180e1e8
0x00007fff5180e148:   00007fe7149531f8 00000001868eaa90
0x00007fff5180e158:   00007fff5180e210 00007fff5180e1d8
0x00007fff5180e168:   000000010fe61954 00000001868eaa90
0x00007fff5180e178:   00007fff5180e210 00007fff5180e1d8
0x00007fff5180e188:   000000010fe616e7 000000010fe616a2
0x00007fff5180e198:   00007fff5180e198 00000001868eaa90
0x00007fff5180e1a8:   00007fff5180e210 00000001868ec240
0x00007fff5180e1b8:   0000000000000000 00000001868eaa90
0x00007fff5180e1c8:   0000000000000000 00007fff5180e1f8
0x00007fff5180e1d8:   00007fff5180e258 000000010fe53c4d
0x00007fff5180e1e8:   0000000741995bf0 000000010fe5b578
0x00007fff5180e1f8:   00007fe717465a60 00007fff5180e258
0x00007fff5180e208:   00007fe717463090 000000010fe5cd82
0x00007fff5180e218:   00007fff5180e218 00000001868eac5a
0x00007fff5180e228:   00007fff5180e280 00000001868ec240
0x00007fff5180e238:   0000000000000000 00000001868eac68
0x00007fff5180e248:   00007fff5180e1f8 00007fff5180e268
0x00007fff5180e258:   00007fff5180e2c8 000000010fe53c4d
0x00007fff5180e268:   00007fe717465a60 00000007419b6a70
0x00007fff5180e278:   00007fe717463090 00000007419b6a70
0x00007fff5180e288:   00007fff5180e288 000000018a44fb4e
0x00007fff5180e298:   00007fff5180e2d8 000000018a44fc08 

Instructions: (pc=0x00007fff92a00d5d)
0x00007fff92a00d3d:   44 00 00 48 85 ff 2e 74 62 40 f6 c7 01 2e 75 66
0x00007fff92a00d4d:   49 bb f8 ff ff ff ff 7f 00 00 4c 23 1f 49 89 f2
0x00007fff92a00d5d:   45 23 53 18 49 c1 e2 04 4d 03 53 10 49 3b 32 75
0x00007fff92a00d6d:   04 41 ff 62 08 49 83 3a 01 76 0d 49 83 c2 10 49 

Register to memory mapping:

RAX=0x00007fe717465a60 is an unknown value
RBX=0x0000000128131450: Java_jogamp_nativewindow_macosx_OSXUtil_GetScreenRefreshRate0+0x1cf0 in /private/var/folders/x9/z_v5q4vx5yx_kt718rrfk_lm0000gn/T/jogamp_0000/file_cache/jln5153937635773319045/jln5894002366449589420/libnativewindow_macosx.jnilib at 0x000000012812a000
RCX=0x0000000128156fe0 is an unknown value
RDX=0x0000000128156ce0 is an unknown value
RSP=0x00007fff5180e0a8 is pointing into the stack for thread: 0x00007fe714953000
RBP=0x00007fff5180e160 is pointing into the stack for thread: 0x00007fe714953000
RSI=0x00007fff899ead06 is an unknown value
RDI=0x00007fe717463090 is an unknown value
R8 =0x0000000000000000 is an unknown value
R9 =0x0000000000000810 is an unknown value
R10=0x00007fff899ead06 is an unknown value
R11=0x0000000000000000 is an unknown value
R12=0x0000000000000000 is an unknown value
R13={method} {0x00000001868eaa90} 'UnsetJAWTRootSurfaceLayer0' '(JJ)V' in 'jogamp/nativewindow/jawt/macosx/MacOSXJAWTWindow'
R14=0x0000000128131440: Java_jogamp_nativewindow_macosx_OSXUtil_GetScreenRefreshRate0+0x1ce0 in /private/var/folders/x9/z_v5q4vx5yx_kt718rrfk_lm0000gn/T/jogamp_0000/file_cache/jln5153937635773319045/jln5894002366449589420/libnativewindow_macosx.jnilib at 0x000000012812a000
R15=0x00007fe714953000 is a thread


Stack: [0x00007fff51013000,0x00007fff51813000],  sp=0x00007fff5180e0a8,  free space=8172k
Native frames: (J=compiled Java code, j=interpreted, Vv=VM code, C=native code)
C  [libobjc.A.dylib+0x6d5d]  objc_msgSend+0x1d
j  jogamp.nativewindow.jawt.macosx.MacOSXJAWTWindow.UnsetJAWTRootSurfaceLayer0(JJ)V+0
j  jogamp.nativewindow.jawt.macosx.MacOSXJAWTWindow.access$200(JJ)V+2
j  jogamp.nativewindow.jawt.macosx.MacOSXJAWTWindow$1.run()V+38
J 2702 C1 com.jogamp.common.util.RunnableTask.run()V (345 bytes) @ 0x00000001103d0154 [0x00000001103cffc0+0x194]
v  ~StubRoutines::call_stub
V  [libjvm.dylib+0x2eab0e]
V  [libjvm.dylib+0x321bb7]
V  [libjvm.dylib+0x31438b]
C  [libnativewindow_macosx.jnilib+0x5326]  Java_jogamp_nativewindow_jawt_macosx_MacOSXJAWTWindow_UnsetJAWTRootSurfaceLayer0+0x2b6
C  [Foundation+0x7754e]  __NSThreadPerformPerform+0x117
C  [CoreFoundation+0xaa621]  __CFRUNLOOP_IS_CALLING_OUT_TO_A_SOURCE0_PERFORM_FUNCTION__+0x11
C  [CoreFoundation+0x89d97]  __CFRunLoopDoSources0+0x1a7
C  [CoreFoundation+0x8933f]  __CFRunLoopRun+0x39f
C  [CoreFoundation+0x88d38]  CFRunLoopRunSpecific+0x128
C  [HIToolbox+0x30d55]  RunCurrentEventLoopInMode+0xeb
C  [HIToolbox+0x30a97]  ReceiveNextEventCommon+0xb8
C  [HIToolbox+0x309cf]  _BlockUntilNextEventMatchingListInModeWithFilter+0x47
C  [AppKit+0x49f3a]  _DPSNextEvent+0x42b
C  [AppKit+0x49369]  -[NSApplication _nextEventMatchingEventMask:untilDate:inMode:dequeue:]+0x1c6
C  [libosxapp.dylib+0x23aa]  -[NSApplicationAWT nextEventMatchingMask:untilDate:inMode:dequeue:]+0x7c
C  [AppKit+0x3decc]  -[NSApplication run]+0x2aa
C  [libosxapp.dylib+0x214d]  +[NSApplicationAWT runAWTLoopWithApp:]+0x9c
C  [libawt_lwawt.dylib+0x44517]  -[AWTStarter starter:]+0x389
C  [Foundation+0x7754e]  __NSThreadPerformPerform+0x117
C  [CoreFoundation+0xaa621]  __CFRUNLOOP_IS_CALLING_OUT_TO_A_SOURCE0_PERFORM_FUNCTION__+0x11
C  [CoreFoundation+0x89e1c]  __CFRunLoopDoSources0+0x22c
C  [CoreFoundation+0x8933f]  __CFRunLoopRun+0x39f
C  [CoreFoundation+0x88d38]  CFRunLoopRunSpecific+0x128
C  [java+0x6463]  CreateExecutionEnvironment+0x367
C  [java+0x21ac]  JLI_Launch+0x7a0
C  [java+0x84c0]  main+0x65
C  [java+0x1a04]  start+0x34
C  0x0000000000000007

Java frames: (J=compiled Java code, j=interpreted, Vv=VM code)
j  jogamp.nativewindow.jawt.macosx.MacOSXJAWTWindow.UnsetJAWTRootSurfaceLayer0(JJ)V+0
j  jogamp.nativewindow.jawt.macosx.MacOSXJAWTWindow.access$200(JJ)V+2
j  jogamp.nativewindow.jawt.macosx.MacOSXJAWTWindow$1.run()V+38
J 2702 C1 com.jogamp.common.util.RunnableTask.run()V (345 bytes) @ 0x00000001103d0154 [0x00000001103cffc0+0x194]
v  ~StubRoutines::call_stub

---------------  P R O C E S S  ---------------

Java Threads: ( => current thread )
  0x00007fe71916d800 JavaThread "Thread-302" [_thread_blocked, id=27519, stack(0x0000700001af1000,0x0000700001bf1000)]
  0x00007fe71aace800 JavaThread "Keep-Alive-Timer" daemon [_thread_blocked, id=65151, stack(0x0000700001dfa000,0x0000700001efa000)]
  0x00007fe71a32c000 JavaThread "Image Fetcher 2" daemon [_thread_blocked, id=27163, stack(0x0000700000fc7000,0x00007000010c7000)]
  0x00007fe719931800 JavaThread "Image Fetcher 1" daemon [_thread_blocked, id=38719, stack(0x00007000019ee000,0x0000700001aee000)]
  0x00007fe71a206000 JavaThread "Image Fetcher 0" daemon [_thread_blocked, id=66599, stack(0x0000700001cf7000,0x0000700001df7000)]
  0x00007fe713995800 JavaThread "AWT-EventQueue-1" [_thread_in_native, id=59167, stack(0x0000700001868000,0x0000700001968000)]
  0x00007fe7138db000 JavaThread "DestroyJavaVM" [_thread_blocked, id=5891, stack(0x000070000011a000,0x000070000021a000)]
  0x00007fe71420b000 JavaThread "AWT-EventQueue-0" [_thread_blocked, id=56323, stack(0x0000700001662000,0x0000700001762000)]
  0x00007fe71386a000 JavaThread "Java2D Disposer" daemon [_thread_blocked, id=52995, stack(0x00007000013d9000,0x00007000014d9000)]
  0x00007fe714148000 JavaThread "Java2D Queue Flusher" daemon [_thread_blocked, id=49927, stack(0x00007000012d6000,0x00007000013d6000)]
  0x00007fe7138ba000 JavaThread "AWT-Shutdown" [_thread_blocked, id=24111, stack(0x0000700001150000,0x0000700001250000)]
=>0x00007fe714953000 JavaThread "AWT-AppKit" daemon [_thread_in_native, id=2571, stack(0x00007fff51013000,0x00007fff51813000)]
  0x00007fe71383c000 JavaThread "Service Thread" daemon [_thread_blocked, id=18179, stack(0x0000700000dc1000,0x0000700000ec1000)]
  0x00007fe714018800 JavaThread "C1 CompilerThread2" daemon [_thread_blocked, id=17667, stack(0x0000700000cbe000,0x0000700000dbe000)]
  0x00007fe713042000 JavaThread "C2 CompilerThread1" daemon [_thread_blocked, id=17155, stack(0x0000700000bbb000,0x0000700000cbb000)]
  0x00007fe713832800 JavaThread "C2 CompilerThread0" daemon [_thread_blocked, id=16643, stack(0x0000700000ab8000,0x0000700000bb8000)]
  0x00007fe71305c000 JavaThread "Signal Dispatcher" daemon [_thread_blocked, id=14351, stack(0x00007000009b5000,0x0000700000ab5000)]
  0x00007fe71400b800 JavaThread "Finalizer" daemon [_thread_blocked, id=12291, stack(0x000070000082f000,0x000070000092f000)]
  0x00007fe71380d000 JavaThread "Reference Handler" daemon [_thread_blocked, id=11779, stack(0x000070000072c000,0x000070000082c000)]

Other Threads:
  0x00007fe713056000 VMThread [stack: 0x0000700000629000,0x0000700000729000] [id=11267]
  0x00007fe714811800 WatcherThread [stack: 0x0000700000ec4000,0x0000700000fc4000] [id=18691]

VM state:not at safepoint (normal execution)

VM Mutex/Monitor currently owned by a thread: None

Heap:
 PSYoungGen      total 119296K, used 43435K [0x0000000795580000, 0x00000007a0480000, 0x00000007c0000000)
  eden space 89600K, 18% used [0x0000000795580000,0x00000007965926c0,0x000000079ad00000)
  from space 29696K, 90% used [0x000000079ad00000,0x000000079c758680,0x000000079ca00000)
  to   space 32768K, 0% used [0x000000079e480000,0x000000079e480000,0x00000007a0480000)
 ParOldGen       total 85504K, used 62931K [0x0000000740000000, 0x0000000745380000, 0x0000000795580000)
  object space 85504K, 73% used [0x0000000740000000,0x0000000743d74c70,0x0000000745380000)
 Metaspace       used 21811K, capacity 22019K, committed 22320K, reserved 1069056K
  class space    used 2066K, capacity 2144K, committed 2176K, reserved 1048576K

Card table byte_map: [0x000000011f20c000,0x000000011f60d000] byte_map_base: 0x000000011b80c000

Marking Bits: (ParMarkBitMap*) 0x000000010ef47e20
 Begin Bits: [0x000000011f8b8000, 0x00000001218b8000)
 End Bits:   [0x00000001218b8000, 0x00000001238b8000)

Polling page: 0x000000010f5f6000

CodeCache: size=245760Kb used=11847Kb max_used=11911Kb free=233912Kb
 bounds [0x000000010fe4c000, 0x0000000110a0c000, 0x000000011ee4c000]
 total_blobs=4178 nmethods=3284 adapters=807
 compilation: enabled

Compilation events (10 events):
Event: 38.257 Thread 0x00007fe714018800 3790   !   3       sun.net.www.MeteredStream::finalize (33 bytes)
Event: 38.258 Thread 0x00007fe714018800 nmethod 3790 0x0000000110035690 code [0x0000000110035820, 0x0000000110035c38]
Event: 38.258 Thread 0x00007fe714018800 3791       3       java.lang.Object::finalize (1 bytes)
Event: 38.259 Thread 0x00007fe714018800 nmethod 3791 0x00000001109c2e90 code [0x00000001109c2fe0, 0x00000001109c3130]
Event: 38.599 Thread 0x00007fe713042000 3792       4       java.util.Vector$Itr::hasNext (20 bytes)
Event: 38.600 Thread 0x00007fe713042000 nmethod 3792 0x000000011091e8d0 code [0x000000011091ea20, 0x000000011091eab8]
Event: 39.583 Thread 0x00007fe714018800 3793       3       sun.java2d.pipe.RenderBuffer::putInt (26 bytes)
Event: 39.584 Thread 0x00007fe714018800 nmethod 3793 0x000000010fff9c50 code [0x000000010fff9dc0, 0x000000010fff9f30]
Event: 39.586 Thread 0x00007fe714018800 3794   !   3       sun.awt.PostEventQueue::flush (168 bytes)
Event: 39.588 Thread 0x00007fe714018800 nmethod 3794 0x00000001100bdad0 code [0x00000001100bdd20, 0x00000001100bee68]

GC Heap History (10 events):
Event: 24.586 GC heap before
{Heap before GC invocations=12 (full 1):
 PSYoungGen      total 80384K, used 70328K [0x0000000795580000, 0x000000079b780000, 0x00000007c0000000)
  eden space 64512K, 99% used [0x0000000795580000,0x0000000799446090,0x0000000799480000)
  from space 15872K, 38% used [0x000000079a800000,0x000000079ade8170,0x000000079b780000)
  to   space 17920K, 0% used [0x0000000799480000,0x0000000799480000,0x000000079a600000)
 ParOldGen       total 85504K, used 41769K [0x0000000740000000, 0x0000000745380000, 0x0000000795580000)
  object space 85504K, 48% used [0x0000000740000000,0x00000007428ca6a0,0x0000000745380000)
 Metaspace       used 21602K, capacity 21827K, committed 22064K, reserved 1069056K
  class space    used 2058K, capacity 2144K, committed 2176K, reserved 1048576K
Event: 24.590 GC heap after
Heap after GC invocations=12 (full 1):
 PSYoungGen      total 82432K, used 8896K [0x0000000795580000, 0x000000079c500000, 0x00000007c0000000)
  eden space 64512K, 0% used [0x0000000795580000,0x0000000795580000,0x0000000799480000)
  from space 17920K, 49% used [0x0000000799480000,0x0000000799d30250,0x000000079a600000)
  to   space 16896K, 0% used [0x000000079b480000,0x000000079b480000,0x000000079c500000)
 ParOldGen       total 85504K, used 41777K [0x0000000740000000, 0x0000000745380000, 0x0000000795580000)
  object space 85504K, 48% used [0x0000000740000000,0x00000007428cc6a0,0x0000000745380000)
 Metaspace       used 21602K, capacity 21827K, committed 22064K, reserved 1069056K
  class space    used 2058K, capacity 2144K, committed 2176K, reserved 1048576K
}
Event: 28.500 GC heap before
{Heap before GC invocations=13 (full 1):
 PSYoungGen      total 82432K, used 73408K [0x0000000795580000, 0x000000079c500000, 0x00000007c0000000)
  eden space 64512K, 100% used [0x0000000795580000,0x0000000799480000,0x0000000799480000)
  from space 17920K, 49% used [0x0000000799480000,0x0000000799d30250,0x000000079a600000)
  to   space 16896K, 0% used [0x000000079b480000,0x000000079b480000,0x000000079c500000)
 ParOldGen       total 85504K, used 41777K [0x0000000740000000, 0x0000000745380000, 0x0000000795580000)
  object space 85504K, 48% used [0x0000000740000000,0x00000007428cc6a0,0x0000000745380000)
 Metaspace       used 21616K, capacity 21827K, committed 22064K, reserved 1069056K
  class space    used 2058K, capacity 2144K, committed 2176K, reserved 1048576K
Event: 28.509 GC heap after
Heap after GC invocations=13 (full 1):
 PSYoungGen      total 95744K, used 14272K [0x0000000795580000, 0x000000079c680000, 0x00000007c0000000)
  eden space 78848K, 0% used [0x0000000795580000,0x0000000795580000,0x000000079a280000)
  from space 16896K, 84% used [0x000000079b480000,0x000000079c270380,0x000000079c500000)
  to   space 18432K, 0% used [0x000000079a280000,0x000000079a280000,0x000000079b480000)
 ParOldGen       total 85504K, used 41785K [0x0000000740000000, 0x0000000745380000, 0x0000000795580000)
  object space 85504K, 48% used [0x0000000740000000,0x00000007428ce6a0,0x0000000745380000)
 Metaspace       used 21616K, capacity 21827K, committed 22064K, reserved 1069056K
  class space    used 2058K, capacity 2144K, committed 2176K, reserved 1048576K
}
Event: 32.000 GC heap before
{Heap before GC invocations=14 (full 1):
 PSYoungGen      total 95744K, used 93120K [0x0000000795580000, 0x000000079c680000, 0x00000007c0000000)
  eden space 78848K, 100% used [0x0000000795580000,0x000000079a280000,0x000000079a280000)
  from space 16896K, 84% used [0x000000079b480000,0x000000079c270380,0x000000079c500000)
  to   space 18432K, 0% used [0x000000079a280000,0x000000079a280000,0x000000079b480000)
 ParOldGen       total 85504K, used 41785K [0x0000000740000000, 0x0000000745380000, 0x0000000795580000)
  object space 85504K, 48% used [0x0000000740000000,0x00000007428ce6a0,0x0000000745380000)
 Metaspace       used 21652K, capacity 21827K, committed 22064K, reserved 1069056K
  class space    used 2058K, capacity 2144K, committed 2176K, reserved 1048576K
Event: 32.015 GC heap after
Heap after GC invocations=14 (full 1):
 PSYoungGen      total 97280K, used 18401K [0x0000000795580000, 0x000000079e080000, 0x00000007c0000000)
  eden space 78848K, 0% used [0x0000000795580000,0x0000000795580000,0x000000079a280000)
  from space 18432K, 99% used [0x000000079a280000,0x000000079b4784a0,0x000000079b480000)
  to   space 23040K, 0% used [0x000000079ca00000,0x000000079ca00000,0x000000079e080000)
 ParOldGen       total 85504K, used 48242K [0x0000000740000000, 0x0000000745380000, 0x0000000795580000)
  object space 85504K, 56% used [0x0000000740000000,0x0000000742f1c830,0x0000000745380000)
 Metaspace       used 21652K, capacity 21827K, committed 22064K, reserved 1069056K
  class space    used 2058K, capacity 2144K, committed 2176K, reserved 1048576K
}
Event: 33.884 GC heap before
{Heap before GC invocations=15 (full 1):
 PSYoungGen      total 97280K, used 97249K [0x0000000795580000, 0x000000079e080000, 0x00000007c0000000)
  eden space 78848K, 100% used [0x0000000795580000,0x000000079a280000,0x000000079a280000)
  from space 18432K, 99% used [0x000000079a280000,0x000000079b4784a0,0x000000079b480000)
  to   space 23040K, 0% used [0x000000079ca00000,0x000000079ca00000,0x000000079e080000)
 ParOldGen       total 85504K, used 48242K [0x0000000740000000, 0x0000000745380000, 0x0000000795580000)
  object space 85504K, 56% used [0x0000000740000000,0x0000000742f1c830,0x0000000745380000)
 Metaspace       used 21755K, capacity 21955K, committed 22320K, reserved 1069056K
  class space    used 2058K, capacity 2144K, committed 2176K, reserved 1048576K
Event: 33.917 GC heap after
Heap after GC invocations=15 (full 1):
 PSYoungGen      total 112640K, used 23009K [0x0000000795580000, 0x000000079f300000, 0x00000007c0000000)
  eden space 89600K, 0% used [0x0000000795580000,0x0000000795580000,0x000000079ad00000)
  from space 23040K, 99% used [0x000000079ca00000,0x000000079e0785c0,0x000000079e080000)
  to   space 29696K, 0% used [0x000000079ad00000,0x000000079ad00000,0x000000079ca00000)
 ParOldGen       total 85504K, used 57066K [0x0000000740000000, 0x0000000745380000, 0x0000000795580000)
  object space 85504K, 66% used [0x0000000740000000,0x00000007437baa50,0x0000000745380000)
 Metaspace       used 21755K, capacity 21955K, committed 22320K, reserved 1069056K
  class space    used 2058K, capacity 2144K, committed 2176K, reserved 1048576K
}
Event: 38.235 GC heap before
{Heap before GC invocations=16 (full 1):
 PSYoungGen      total 112640K, used 112609K [0x0000000795580000, 0x000000079f300000, 0x00000007c0000000)
  eden space 89600K, 100% used [0x0000000795580000,0x000000079ad00000,0x000000079ad00000)
  from space 23040K, 99% used [0x000000079ca00000,0x000000079e0785c0,0x000000079e080000)
  to   space 29696K, 0% used [0x000000079ad00000,0x000000079ad00000,0x000000079ca00000)
 ParOldGen       total 85504K, used 57066K [0x0000000740000000, 0x0000000745380000, 0x0000000795580000)
  object space 85504K, 66% used [0x0000000740000000,0x00000007437baa50,0x0000000745380000)
 Metaspace       used 21775K, capacity 22019K, committed 22320K, reserved 1069056K
  class space    used 2058K, capacity 2144K, committed 2176K, reserved 1048576K
Event: 38.250 GC heap after
Heap after GC invocations=16 (full 1):
 PSYoungGen      total 119296K, used 26977K [0x0000000795580000, 0x00000007a0480000, 0x00000007c0000000)
  eden space 89600K, 0% used [0x0000000795580000,0x0000000795580000,0x000000079ad00000)
  from space 29696K, 90% used [0x000000079ad00000,0x000000079c758680,0x000000079ca00000)
  to   space 32768K, 0% used [0x000000079e480000,0x000000079e480000,0x00000007a0480000)
 ParOldGen       total 85504K, used 62931K [0x0000000740000000, 0x0000000745380000, 0x0000000795580000)
  object space 85504K, 73% used [0x0000000740000000,0x0000000743d74c70,0x0000000745380000)
 Metaspace       used 21775K, capacity 22019K, committed 22320K, reserved 1069056K
  class space    used 2058K, capacity 2144K, committed 2176K, reserved 1048576K
}

Deoptimization events (10 events):
Event: 20.785 Thread 0x00007fe713995800 Uncommon trap: reason=unstable_if action=reinterpret pc=0x00000001108685d8 method=module6.EarthquakeCityMap.selectMarkerIfHover(Ljava/util/List;)V @ 4
Event: 39.564 Thread 0x00007fe713995800 Uncommon trap: reason=class_check action=maybe_recompile pc=0x00000001108c3588 method=java.awt.EventQueue.coalesceEvent(Ljava/awt/AWTEvent;I)Z @ 32
Event: 39.583 Thread 0x00007fe713995800 Uncommon trap: reason=unstable_if action=reinterpret pc=0x00000001109ca4fc method=java.awt.EventQueue.isDispatchThreadImpl()Z @ 65
Event: 39.583 Thread 0x00007fe71420b000 Uncommon trap: reason=unstable_if action=reinterpret pc=0x00000001108c2fa8 method=java.awt.EventQueue.getPriority(Ljava/awt/AWTEvent;)I @ 71
Event: 39.583 Thread 0x00007fe713995800 Uncommon trap: reason=unstable_if action=reinterpret pc=0x00000001109c9e20 method=java.awt.EventQueue.uncacheEQItem(Lsun/awt/EventQueueItem;)V @ 23
Event: 39.585 Thread 0x00007fe71420b000 Uncommon trap: reason=unstable_if action=reinterpret pc=0x00000001109e55f4 method=sun.java2d.pipe.Region.intersectsQuickCheck(Lsun/java2d/pipe/Region;)Z @ 41
Event: 39.585 Thread 0x00007fe71420b000 Uncommon trap: reason=unstable_if action=reinterpret pc=0x0000000110520414 method=java.awt.Font.equals(Ljava/lang/Object;)Z @ 2
Event: 39.614 Thread 0x00007fe7149e1000 Uncommon trap: reason=unstable_if action=reinterpret pc=0x000000011059bb54 method=java.util.HashMap.putVal(ILjava/lang/Object;Ljava/lang/Object;ZZ)Ljava/lang/Object; @ 81
Event: 39.628 Thread 0x00007fe713995800 Uncommon trap: reason=unstable_if action=reinterpret pc=0x00000001109c8f58 method=java.util.LinkedList$ListItr.<init>(Ljava/util/LinkedList;I)V @ 26
Event: 39.630 Thread 0x00007fe713995800 Uncommon trap: reason=unstable_if action=reinterpret pc=0x00000001109c3484 method=java.util.LinkedList$ListItr.<init>(Ljava/util/LinkedList;I)V @ 26

Internal exceptions (10 events):
Event: 0.568 Thread 0x00007fe71300a000 Exception <a 'java/lang/NoSuchFieldError': method resolution failed> (0x000000079583cc78) thrown at [/Users/java_re/workspace/8-2-build-macosx-x86_64/jdk8u60/4407/hotspot/src/share/vm/prims/methodHandles.cpp, line 1146]
Event: 0.740 Thread 0x00007fe71300a000 Exception <a 'java/io/FileNotFoundException'> (0x00000007958b8aa8) thrown at [/Users/java_re/workspace/8-2-build-macosx-x86_64/jdk8u60/4407/hotspot/src/share/vm/prims/jni.cpp, line 709]
Event: 0.741 Thread 0x00007fe71300a000 Exception <a 'java/io/FileNotFoundException'> (0x00000007958b9630) thrown at [/Users/java_re/workspace/8-2-build-macosx-x86_64/jdk8u60/4407/hotspot/src/share/vm/prims/jni.cpp, line 709]
Event: 0.780 Thread 0x00007fe71300a000 Exception <a 'java/io/FileNotFoundException'> (0x00000007959c96a0) thrown at [/Users/java_re/workspace/8-2-build-macosx-x86_64/jdk8u60/4407/hotspot/src/share/vm/prims/jni.cpp, line 709]
Event: 0.879 Thread 0x00007fe71300a000 Exception <a 'java/io/FileNotFoundException'> (0x0000000795a08298) thrown at [/Users/java_re/workspace/8-2-build-macosx-x86_64/jdk8u60/4407/hotspot/src/share/vm/prims/jni.cpp, line 709]
Event: 2.713 Thread 0x00007fe7143d6800 Exception <a 'java/lang/UnsatisfiedLinkError': com.jogamp.common.util.JarUtil.fixNativeLibAttribs(Ljava/lang/String;)Z> (0x0000000796dc5680) thrown at [/Users/java_re/workspace/8-2-build-macosx-x86_64/jdk8u60/4407/hotspot/src/share/vm/prims/nativeLookup.c
Event: 2.991 Thread 0x00007fe71400b800 Exception <a 'java/lang/NullPointerException'> (0x00000007956a33f8) thrown at [/Users/java_re/workspace/8-2-build-macosx-x86_64/jdk8u60/4407/hotspot/src/share/vm/interpreter/linkResolver.cpp, line 1178]
Event: 3.734 Thread 0x00007fe713995800 Exception <a 'java/io/FileNotFoundException'> (0x000000079626fbc8) thrown at [/Users/java_re/workspace/8-2-build-macosx-x86_64/jdk8u60/4407/hotspot/src/share/vm/prims/jni.cpp, line 709]
Event: 3.735 Thread 0x00007fe713995800 Exception <a 'java/io/FileNotFoundException'> (0x000000079627be70) thrown at [/Users/java_re/workspace/8-2-build-macosx-x86_64/jdk8u60/4407/hotspot/src/share/vm/prims/jni.cpp, line 709]
Event: 3.735 Thread 0x00007fe713995800 Implicit null exception at 0x00000001100041f5 to 0x0000000110004559

Events (10 events):
Event: 39.629 Executing VM operation: Deoptimize
Event: 39.630 Executing VM operation: Deoptimize done
Event: 39.630 loading class java/awt/Toolkit$ToolkitEventMulticaster
Event: 39.630 loading class java/awt/Toolkit$ToolkitEventMulticaster done
Event: 39.630 Thread 0x00007fe713995800 Uncommon trap: trap_request=0xffffff65 fr.pc=0x00000001109c3484
Event: 39.630 Thread 0x00007fe713995800 DEOPT PACKING pc=0x00000001109c3484 sp=0x0000700001965950
Event: 39.630 Thread 0x00007fe713995800 DEOPT UNPACKING pc=0x000000010fe51229 sp=0x00007000019658a8 mode 2
Event: 39.633 Thread 0x00007fe7149e1000 Thread exited: 0x00007fe7149e1000
Event: 39.633 loading class java/awt/Window$1DisposeAction
Event: 39.633 loading class java/awt/Window$1DisposeAction done


Dynamic libraries:
0x00000000055d0000 	/System/Library/Frameworks/Cocoa.framework/Versions/A/Cocoa
0x00000000055d0000 	/System/Library/Frameworks/Security.framework/Versions/A/Security
0x00000000055d0000 	/System/Library/Frameworks/ApplicationServices.framework/Versions/A/ApplicationServices
0x00000000055d0000 	/usr/lib/libz.1.dylib
0x00000000055d0000 	/usr/lib/libSystem.B.dylib
0x00000000055d0000 	/usr/lib/libobjc.A.dylib
0x00000000055d0000 	/System/Library/Frameworks/CoreFoundation.framework/Versions/A/CoreFoundation
0x00000000055d0000 	/System/Library/Frameworks/Foundation.framework/Versions/C/Foundation
0x00000000055d0000 	/System/Library/Frameworks/AppKit.framework/Versions/C/AppKit
0x00000000055d0000 	/System/Library/Frameworks/CoreData.framework/Versions/A/CoreData
0x00000000055d0000 	/System/Library/PrivateFrameworks/RemoteViewServices.framework/Versions/A/RemoteViewServices
0x00000000055d0000 	/System/Library/PrivateFrameworks/UIFoundation.framework/Versions/A/UIFoundation
0x00000000055d0000 	/usr/lib/libScreenReader.dylib
0x00000000055d0000 	/System/Library/Frameworks/Accelerate.framework/Versions/A/Accelerate
0x00000000055d0000 	/System/Library/Frameworks/IOSurface.framework/Versions/A/IOSurface
0x00000000055d0000 	/System/Library/Frameworks/AudioToolbox.framework/Versions/A/AudioToolbox
0x00000000055d0000 	/System/Library/Frameworks/AudioUnit.framework/Versions/A/AudioUnit
0x00000000055d0000 	/System/Library/PrivateFrameworks/DataDetectorsCore.framework/Versions/A/DataDetectorsCore
0x00000000055d0000 	/System/Library/PrivateFrameworks/DesktopServicesPriv.framework/Versions/A/DesktopServicesPriv
0x00000000055d0000 	/System/Library/Frameworks/Carbon.framework/Versions/A/Frameworks/HIToolbox.framework/Versions/A/HIToolbox
0x00000000055d0000 	/System/Library/Frameworks/QuartzCore.framework/Versions/A/QuartzCore
0x00000000055d0000 	/System/Library/Frameworks/Carbon.framework/Versions/A/Frameworks/SpeechRecognition.framework/Versions/A/SpeechRecognition
0x00000000055d0000 	/usr/lib/libauto.dylib
0x00000000055d0000 	/usr/lib/libicucore.A.dylib
0x00000000055d0000 	/usr/lib/libxml2.2.dylib
0x00000000055d0000 	/System/Library/PrivateFrameworks/CoreUI.framework/Versions/A/CoreUI
0x00000000055d0000 	/System/Library/Frameworks/CoreAudio.framework/Versions/A/CoreAudio
0x00000000055d0000 	/System/Library/Frameworks/DiskArbitration.framework/Versions/A/DiskArbitration
0x00000000055d0000 	/usr/lib/liblangid.dylib
0x00000000055d0000 	/System/Library/PrivateFrameworks/MultitouchSupport.framework/Versions/A/MultitouchSupport
0x00000000055d0000 	/System/Library/Frameworks/IOKit.framework/Versions/A/IOKit
0x00000000055d0000 	/usr/lib/libDiagnosticMessagesClient.dylib
0x00000000055d0000 	/System/Library/Frameworks/CoreServices.framework/Versions/A/CoreServices
0x00000000055d0000 	/System/Library/PrivateFrameworks/PerformanceAnalysis.framework/Versions/A/PerformanceAnalysis
0x00000000055d0000 	/System/Library/PrivateFrameworks/GenerationalStorage.framework/Versions/A/GenerationalStorage
0x00000000055d0000 	/System/Library/Frameworks/OpenGL.framework/Versions/A/OpenGL
0x00000000055d0000 	/System/Library/PrivateFrameworks/Sharing.framework/Versions/A/Sharing
0x00000000055d0000 	/System/Library/Frameworks/CoreGraphics.framework/Versions/A/CoreGraphics
0x00000000055d0000 	/System/Library/Frameworks/CoreImage.framework/Versions/A/CoreImage
0x00000000055d0000 	/System/Library/Frameworks/CoreText.framework/Versions/A/CoreText
0x00000000055d0000 	/System/Library/Frameworks/ImageIO.framework/Versions/A/ImageIO
0x00000000055d0000 	/System/Library/PrivateFrameworks/Backup.framework/Versions/A/Backup
0x00000000055d0000 	/usr/lib/libextension.dylib
0x00000000055d0000 	/usr/lib/libarchive.2.dylib
0x00000000055d0000 	/System/Library/Frameworks/CFNetwork.framework/Versions/A/CFNetwork
0x00000000055d0000 	/System/Library/Frameworks/SystemConfiguration.framework/Versions/A/SystemConfiguration
0x00000000055d0000 	/usr/lib/libCRFSuite.dylib
0x00000000055d0000 	/usr/lib/libc++.1.dylib
0x00000000055d0000 	/usr/lib/libc++abi.dylib
0x00000000055d0000 	/usr/lib/system/libcache.dylib
0x00000000055d0000 	/usr/lib/system/libcommonCrypto.dylib
0x00000000055d0000 	/usr/lib/system/libcompiler_rt.dylib
0x00000000055d0000 	/usr/lib/system/libcopyfile.dylib
0x00000000055d0000 	/usr/lib/system/libcorecrypto.dylib
0x00000000055d0000 	/usr/lib/system/libdispatch.dylib
0x00000000055d0000 	/usr/lib/system/libdyld.dylib
0x00000000055d0000 	/usr/lib/system/libkeymgr.dylib
0x00000000055d0000 	/usr/lib/system/liblaunch.dylib
0x00000000055d0000 	/usr/lib/system/libmacho.dylib
0x00000000055d0000 	/usr/lib/system/libquarantine.dylib
0x00000000055d0000 	/usr/lib/system/libremovefile.dylib
0x00000000055d0000 	/usr/lib/system/libsystem_asl.dylib
0x00000000055d0000 	/usr/lib/system/libsystem_blocks.dylib
0x00000000055d0000 	/usr/lib/system/libsystem_c.dylib
0x00000000055d0000 	/usr/lib/system/libsystem_configuration.dylib
0x00000000055d0000 	/usr/lib/system/libsystem_coreservices.dylib
0x00000000055d0000 	/usr/lib/system/libsystem_coretls.dylib
0x00000000055d0000 	/usr/lib/system/libsystem_dnssd.dylib
0x00000000055d0000 	/usr/lib/system/libsystem_info.dylib
0x00000000055d0000 	/usr/lib/system/libsystem_kernel.dylib
0x00000000055d0000 	/usr/lib/system/libsystem_m.dylib
0x00000000055d0000 	/usr/lib/system/libsystem_malloc.dylib
0x00000000055d0000 	/usr/lib/system/libsystem_network.dylib
0x00000000055d0000 	/usr/lib/system/libsystem_networkextension.dylib
0x00000000055d0000 	/usr/lib/system/libsystem_notify.dylib
0x00000000055d0000 	/usr/lib/system/libsystem_platform.dylib
0x00000000055d0000 	/usr/lib/system/libsystem_pthread.dylib
0x00000000055d0000 	/usr/lib/system/libsystem_sandbox.dylib
0x00000000055d0000 	/usr/lib/system/libsystem_secinit.dylib
0x00000000055d0000 	/usr/lib/system/libsystem_trace.dylib
0x00000000055d0000 	/usr/lib/system/libunc.dylib
0x00000000055d0000 	/usr/lib/system/libunwind.dylib
0x00000000055d0000 	/usr/lib/system/libxpc.dylib
0x00000000055d0000 	/usr/lib/libenergytrace.dylib
0x00000000055d0000 	/usr/lib/libbsm.0.dylib
0x00000000055d0000 	/usr/lib/system/libkxld.dylib
0x00000000055d0000 	/usr/lib/libxar.1.dylib
0x00000000055d0000 	/usr/lib/libsqlite3.dylib
0x00000000055d0000 	/usr/lib/libpam.2.dylib
0x00000000055d0000 	/usr/lib/libOpenScriptingUtil.dylib
0x00000000055d0000 	/usr/lib/libbz2.1.0.dylib
0x00000000055d0000 	/usr/lib/liblzma.5.dylib
0x00000000055d0000 	/System/Library/Frameworks/CoreServices.framework/Versions/A/Frameworks/FSEvents.framework/Versions/A/FSEvents
0x00000000055d0000 	/System/Library/Frameworks/CoreServices.framework/Versions/A/Frameworks/CarbonCore.framework/Versions/A/CarbonCore
0x00000000055d0000 	/System/Library/Frameworks/CoreServices.framework/Versions/A/Frameworks/Metadata.framework/Versions/A/Metadata
0x00000000055d0000 	/System/Library/Frameworks/CoreServices.framework/Versions/A/Frameworks/OSServices.framework/Versions/A/OSServices
0x00000000055d0000 	/System/Library/Frameworks/CoreServices.framework/Versions/A/Frameworks/SearchKit.framework/Versions/A/SearchKit
0x00000000055d0000 	/System/Library/Frameworks/CoreServices.framework/Versions/A/Frameworks/AE.framework/Versions/A/AE
0x00000000055d0000 	/System/Library/Frameworks/CoreServices.framework/Versions/A/Frameworks/LaunchServices.framework/Versions/A/LaunchServices
0x00000000055d0000 	/System/Library/Frameworks/CoreServices.framework/Versions/A/Frameworks/DictionaryServices.framework/Versions/A/DictionaryServices
0x00000000055d0000 	/System/Library/Frameworks/CoreServices.framework/Versions/A/Frameworks/SharedFileList.framework/Versions/A/SharedFileList
0x00000000055d0000 	/System/Library/Frameworks/NetFS.framework/Versions/A/NetFS
0x00000000055d0000 	/System/Library/PrivateFrameworks/NetAuth.framework/Versions/A/NetAuth
0x00000000055d0000 	/System/Library/PrivateFrameworks/login.framework/Versions/A/Frameworks/loginsupport.framework/Versions/A/loginsupport
0x00000000055d0000 	/System/Library/PrivateFrameworks/TCC.framework/Versions/A/TCC
0x00000000055d0000 	/usr/lib/libmecabra.dylib
0x00000000055d0000 	/System/Library/Frameworks/ApplicationServices.framework/Versions/A/Frameworks/ATS.framework/Versions/A/ATS
0x00000000055d0000 	/System/Library/Frameworks/ApplicationServices.framework/Versions/A/Frameworks/ColorSync.framework/Versions/A/ColorSync
0x00000000055d0000 	/System/Library/Frameworks/ApplicationServices.framework/Versions/A/Frameworks/HIServices.framework/Versions/A/HIServices
0x00000000055d0000 	/System/Library/Frameworks/ApplicationServices.framework/Versions/A/Frameworks/LangAnalysis.framework/Versions/A/LangAnalysis
0x00000000055d0000 	/System/Library/Frameworks/ApplicationServices.framework/Versions/A/Frameworks/PrintCore.framework/Versions/A/PrintCore
0x00000000055d0000 	/System/Library/Frameworks/ApplicationServices.framework/Versions/A/Frameworks/QD.framework/Versions/A/QD
0x00000000055d0000 	/System/Library/Frameworks/ApplicationServices.framework/Versions/A/Frameworks/SpeechSynthesis.framework/Versions/A/SpeechSynthesis
0x00000000055d0000 	/System/Library/Frameworks/Metal.framework/Versions/A/Metal
0x00000000055d0000 	/System/Library/Frameworks/Accelerate.framework/Versions/A/Frameworks/vImage.framework/Versions/A/vImage
0x00000000055d0000 	/System/Library/Frameworks/Accelerate.framework/Versions/A/Frameworks/vecLib.framework/Versions/A/vecLib
0x00000000055d0000 	/System/Library/Frameworks/Accelerate.framework/Versions/A/Frameworks/vecLib.framework/Versions/A/libvDSP.dylib
0x00000000055d0000 	/System/Library/Frameworks/Accelerate.framework/Versions/A/Frameworks/vecLib.framework/Versions/A/libvMisc.dylib
0x00000000055d0000 	/System/Library/Frameworks/Accelerate.framework/Versions/A/Frameworks/vecLib.framework/Versions/A/libLAPACK.dylib
0x00000000055d0000 	/System/Library/Frameworks/Accelerate.framework/Versions/A/Frameworks/vecLib.framework/Versions/A/libBLAS.dylib
0x00000000055d0000 	/System/Library/Frameworks/Accelerate.framework/Versions/A/Frameworks/vecLib.framework/Versions/A/libLinearAlgebra.dylib
0x00000000055d0000 	/System/Library/Frameworks/Accelerate.framework/Versions/A/Frameworks/vecLib.framework/Versions/A/libSparseBLAS.dylib
0x00000000055d0000 	/System/Library/PrivateFrameworks/GPUCompiler.framework/libmetal_timestamp.dylib
0x00000000055d0000 	/System/Library/Frameworks/OpenGL.framework/Versions/A/Libraries/libCoreFSCache.dylib
0x00000000055d0000 	/System/Library/PrivateFrameworks/IOAccelerator.framework/Versions/A/IOAccelerator
0x00000000055d0000 	/System/Library/Frameworks/ApplicationServices.framework/Versions/A/Frameworks/ATS.framework/Versions/A/Resources/libFontParser.dylib
0x00000000055d0000 	/System/Library/Frameworks/ApplicationServices.framework/Versions/A/Frameworks/ATS.framework/Versions/A/Resources/libFontRegistry.dylib
0x00000000055d0000 	/System/Library/PrivateFrameworks/AppleVPA.framework/Versions/A/AppleVPA
0x00000000055d0000 	/System/Library/PrivateFrameworks/AppleJPEG.framework/Versions/A/AppleJPEG
0x00000000055d0000 	/System/Library/Frameworks/ImageIO.framework/Versions/A/Resources/libJPEG.dylib
0x00000000055d0000 	/System/Library/Frameworks/ImageIO.framework/Versions/A/Resources/libTIFF.dylib
0x00000000055d0000 	/System/Library/Frameworks/ImageIO.framework/Versions/A/Resources/libPng.dylib
0x00000000055d0000 	/System/Library/Frameworks/ImageIO.framework/Versions/A/Resources/libGIF.dylib
0x00000000055d0000 	/System/Library/Frameworks/ImageIO.framework/Versions/A/Resources/libJP2.dylib
0x00000000055d0000 	/System/Library/Frameworks/ImageIO.framework/Versions/A/Resources/libRadiance.dylib
0x00000000055d0000 	/System/Library/Frameworks/CoreVideo.framework/Versions/A/CoreVideo
0x00000000055d0000 	/System/Library/Frameworks/OpenGL.framework/Versions/A/Libraries/libGLU.dylib
0x00000000055d0000 	/System/Library/Frameworks/OpenGL.framework/Versions/A/Libraries/libGFXShared.dylib
0x00000000055d0000 	/System/Library/Frameworks/OpenGL.framework/Versions/A/Libraries/libGL.dylib
0x00000000055d0000 	/System/Library/Frameworks/OpenGL.framework/Versions/A/Libraries/libGLImage.dylib
0x00000000055d0000 	/System/Library/Frameworks/OpenGL.framework/Versions/A/Libraries/libCVMSPluginSupport.dylib
0x00000000055d0000 	/System/Library/Frameworks/OpenGL.framework/Versions/A/Libraries/libCoreVMClient.dylib
0x00000000055d0000 	/usr/lib/libcups.2.dylib
0x00000000055d0000 	/System/Library/Frameworks/Kerberos.framework/Versions/A/Kerberos
0x00000000055d0000 	/System/Library/Frameworks/GSS.framework/Versions/A/GSS
0x00000000055d0000 	/usr/lib/libresolv.9.dylib
0x00000000055d0000 	/usr/lib/libiconv.2.dylib
0x00000000055d0000 	/System/Library/PrivateFrameworks/Heimdal.framework/Versions/A/Heimdal
0x00000000055d0000 	/usr/lib/libheimdal-asn1.dylib
0x00000000055d0000 	/System/Library/Frameworks/OpenDirectory.framework/Versions/A/OpenDirectory
0x00000000055d0000 	/System/Library/PrivateFrameworks/CommonAuth.framework/Versions/A/CommonAuth
0x00000000055d0000 	/System/Library/Frameworks/OpenDirectory.framework/Versions/A/Frameworks/CFOpenDirectory.framework/Versions/A/CFOpenDirectory
0x00000000055d0000 	/System/Library/Frameworks/SecurityFoundation.framework/Versions/A/SecurityFoundation
0x00000000055d0000 	/System/Library/PrivateFrameworks/LanguageModeling.framework/Versions/A/LanguageModeling
0x00000000055d0000 	/usr/lib/libmarisa.dylib
0x00000000055d0000 	/usr/lib/libChineseTokenizer.dylib
0x00000000055d0000 	/usr/lib/libcmph.dylib
0x00000000055d0000 	/usr/lib/libcompression.dylib
0x00000000055d0000 	/System/Library/Frameworks/ServiceManagement.framework/Versions/A/ServiceManagement
0x00000000055d0000 	/usr/lib/libxslt.1.dylib
0x00000000055d0000 	/System/Library/Frameworks/Carbon.framework/Versions/A/Frameworks/Ink.framework/Versions/A/Ink
0x00000000055d0000 	/usr/lib/libFosl_dynamic.dylib
0x00000000055d0000 	/System/Library/PrivateFrameworks/FaceCore.framework/Versions/A/FaceCore
0x00000000055d0000 	/System/Library/Frameworks/OpenCL.framework/Versions/A/OpenCL
0x00000000055d0000 	/System/Library/PrivateFrameworks/CrashReporterSupport.framework/Versions/A/CrashReporterSupport
0x00000000055d0000 	/System/Library/PrivateFrameworks/IconServices.framework/Versions/A/IconServices
0x00000000055d0000 	/System/Library/PrivateFrameworks/Apple80211.framework/Versions/A/Apple80211
0x00000000055d0000 	/System/Library/Frameworks/CoreWLAN.framework/Versions/A/CoreWLAN
0x00000000055d0000 	/System/Library/Frameworks/IOBluetooth.framework/Versions/A/IOBluetooth
0x00000000055d0000 	/System/Library/PrivateFrameworks/CoreWiFi.framework/Versions/A/CoreWiFi
0x00000000055d0000 	/System/Library/Frameworks/CoreBluetooth.framework/Versions/A/CoreBluetooth
0x00000000055d0000 	/System/Library/PrivateFrameworks/ChunkingLibrary.framework/Versions/A/ChunkingLibrary
0x00000000055d0000 	/System/Library/PrivateFrameworks/DebugSymbols.framework/Versions/A/DebugSymbols
0x00000000055d0000 	/System/Library/PrivateFrameworks/CoreSymbolication.framework/Versions/A/CoreSymbolication
0x00000000055d0000 	/System/Library/PrivateFrameworks/Symbolication.framework/Versions/A/Symbolication
0x00000000055d0000 	/System/Library/PrivateFrameworks/SpeechRecognitionCore.framework/Versions/A/SpeechRecognitionCore
0x000000010e669000 	/Library/Java/JavaVirtualMachines/jdk1.8.0_60.jdk/Contents/Home/jre/lib/server/libjvm.dylib
0x00000000055d0000 	/usr/lib/libstdc++.6.dylib
0x000000010fe00000 	/Library/Java/JavaVirtualMachines/jdk1.8.0_60.jdk/Contents/Home/jre/lib/libverify.dylib
0x000000010fe0e000 	/Library/Java/JavaVirtualMachines/jdk1.8.0_60.jdk/Contents/Home/jre/lib/libjava.dylib
0x000000010fe43000 	/Library/Java/JavaVirtualMachines/jdk1.8.0_60.jdk/Contents/Home/jre/lib/libzip.dylib
0x00000001257af000 	/System/Library/Frameworks/JavaVM.framework/Frameworks/JavaRuntimeSupport.framework/JavaRuntimeSupport
0x00000001257ca000 	/System/Library/Frameworks/JavaVM.framework/Versions/A/Frameworks/JavaNativeFoundation.framework/Versions/A/JavaNativeFoundation
0x00000001257df000 	/System/Library/Frameworks/JavaVM.framework/Versions/A/JavaVM
0x00000000055d0000 	/System/Library/Frameworks/Carbon.framework/Versions/A/Carbon
0x00000001257ec000 	/System/Library/PrivateFrameworks/JavaLaunching.framework/Versions/A/JavaLaunching
0x00000000055d0000 	/System/Library/Frameworks/Carbon.framework/Versions/A/Frameworks/CommonPanels.framework/Versions/A/CommonPanels
0x00000000055d0000 	/System/Library/Frameworks/Carbon.framework/Versions/A/Frameworks/Help.framework/Versions/A/Help
0x00000000055d0000 	/System/Library/Frameworks/Carbon.framework/Versions/A/Frameworks/ImageCapture.framework/Versions/A/ImageCapture
0x00000000055d0000 	/System/Library/Frameworks/Carbon.framework/Versions/A/Frameworks/OpenScripting.framework/Versions/A/OpenScripting
0x00000000055d0000 	/System/Library/Frameworks/Carbon.framework/Versions/A/Frameworks/Print.framework/Versions/A/Print
0x00000000055d0000 	/System/Library/Frameworks/Carbon.framework/Versions/A/Frameworks/SecurityHI.framework/Versions/A/SecurityHI
0x000000012710e000 	/Library/Java/JavaVirtualMachines/jdk1.8.0_60.jdk/Contents/Home/jre/lib/libawt.dylib
0x00000001271b6000 	/Library/Java/JavaVirtualMachines/jdk1.8.0_60.jdk/Contents/Home/jre/lib/./libmlib_image.dylib
0x0000000127282000 	/Library/Java/JavaVirtualMachines/jdk1.8.0_60.jdk/Contents/Home/jre/lib/libawt_lwawt.dylib
0x0000000127337000 	/Library/Java/JavaVirtualMachines/jdk1.8.0_60.jdk/Contents/Home/jre/lib/./libosxapp.dylib
0x00000000055d0000 	/System/Library/Frameworks/ExceptionHandling.framework/Versions/A/ExceptionHandling
0x00000000055d0000 	/System/Library/PrivateFrameworks/CoreServicesInternal.framework/Versions/A/CoreServicesInternal
0x00000000055d0000 	/System/Library/Frameworks/CoreGraphics.framework/Versions/A/Resources/libRIP.A.dylib
0x00000000055d0000 	/System/Library/Frameworks/Accelerate.framework/Versions/A/Frameworks/vImage.framework/Versions/A/Libraries/libCGInterfaces.dylib
0x00000000055d0000 	/System/Library/Frameworks/CoreGraphics.framework/Versions/A/Resources/libCGXType.A.dylib
0x00000000055d0000 	/System/Library/Frameworks/OpenCL.framework/Versions/A/Libraries/libcldcpuengine.dylib
0x00000000055d0000 	/System/Library/PrivateFrameworks/DiskImages.framework/Versions/A/DiskImages
0x00000000055d0000 	/System/Library/Frameworks/DiscRecording.framework/Versions/A/DiscRecording
0x00000000055d0000 	/usr/lib/libcsfde.dylib
0x00000000055d0000 	/usr/lib/libcurl.4.dylib
0x00000000055d0000 	/System/Library/PrivateFrameworks/MediaKit.framework/Versions/A/MediaKit
0x00000000055d0000 	/System/Library/PrivateFrameworks/ProtectedCloudStorage.framework/Versions/A/ProtectedCloudStorage
0x00000000055d0000 	/usr/lib/libCoreStorage.dylib
0x00000000055d0000 	/System/Library/PrivateFrameworks/EFILogin.framework/Versions/A/EFILogin
0x00000000055d0000 	/usr/lib/libutil.dylib
0x00000000055d0000 	/System/Library/PrivateFrameworks/FindMyDevice.framework/Versions/A/FindMyDevice
0x00000000055d0000 	/System/Library/Frameworks/LDAP.framework/Versions/A/LDAP
0x00000000055d0000 	/usr/lib/libsasl2.2.dylib
0x00000000055d0000 	/System/Library/PrivateFrameworks/CoreDaemon.framework/Versions/B/CoreDaemon
0x00000000055d0000 	/usr/lib/libcrypto.0.9.8.dylib
0x00000000055d0000 	/System/Library/PrivateFrameworks/AppleSRP.framework/Versions/A/AppleSRP
0x00000000055d0000 	/System/Library/PrivateFrameworks/TrustEvaluationAgent.framework/Versions/A/TrustEvaluationAgent
0x0000000128b77000 	cl_kernels
0x00000000055d0000 	/System/Library/Frameworks/OpenCL.framework/Versions/A/Libraries/ImageFormats/unorm8_bgra.dylib
0x00000000055d0000 	/System/Library/Frameworks/OpenCL.framework/Versions/A/Libraries/ImageFormats/unorm8_rgba.dylib
0x00000000055d0000 	/System/Library/PrivateFrameworks/FamilyControls.framework/Versions/A/FamilyControls
0x00000000055d0000 	/System/Library/PrivateFrameworks/CommerceKit.framework/Versions/A/Frameworks/CommerceCore.framework/Versions/A/CommerceCore
0x00000000055d0000 	/System/Library/PrivateFrameworks/SystemAdministration.framework/Versions/A/SystemAdministration
0x00000000055d0000 	/System/Library/PrivateFrameworks/AppContainer.framework/Versions/A/AppContainer
0x00000000055d0000 	/System/Library/PrivateFrameworks/SecCodeWrapper.framework/Versions/A/SecCodeWrapper
0x00000000055d0000 	/System/Library/Frameworks/DirectoryService.framework/Versions/A/DirectoryService
0x00000000055d0000 	/System/Library/PrivateFrameworks/LoginUIKit.framework/Versions/A/Frameworks/LoginUICore.framework/Versions/A/LoginUICore
0x00000000055d0000 	/usr/lib/libodfde.dylib
0x00000000055d0000 	/System/Library/Frameworks/OpenGL.framework/Versions/A/Resources/GLEngine.bundle/GLEngine
0x00000000055d0000 	/System/Library/Frameworks/OpenGL.framework/Versions/A/Libraries/libGLProgrammability.dylib
0x0000000129c0c000 	/System/Library/Extensions/AppleIntelHD5000GraphicsGLDriver.bundle/Contents/MacOS/AppleIntelHD5000GraphicsGLDriver
0x00000000055d0000 	/System/Library/PrivateFrameworks/GPUSupport.framework/Versions/A/Libraries/libGPUSupportMercury.dylib
0x00000000055d0000 	/System/Library/Frameworks/OpenGL.framework/Versions/A/Resources/GLRendererFloat.bundle/GLRendererFloat
0x000000012abc3000 	/Library/Java/JavaVirtualMachines/jdk1.8.0_60.jdk/Contents/Home/jre/lib/libfontmanager.dylib
0x000000012c05d000 	/Library/Java/JavaVirtualMachines/jdk1.8.0_60.jdk/Contents/Home/jre/lib/libosxui.dylib
0x000000012cc7f000 	/Library/Java/JavaVirtualMachines/jdk1.8.0_60.jdk/Contents/Home/jre/lib/libnet.dylib
0x000000012cd56000 	/Library/Java/JavaVirtualMachines/jdk1.8.0_60.jdk/Contents/Home/jre/lib/libnio.dylib
0x00000000055d0000 	/System/Library/Frameworks/ApplicationServices.framework/Versions/A/Frameworks/ATS.framework/Versions/A/Resources/libTrueTypeScaler.dylib
0x0000000184bba000 	/System/Library/Extensions/AppleIntelHD5000GraphicsMTLDriver.bundle/Contents/MacOS/AppleIntelHD5000GraphicsMTLDriver
0x000000012811f000 	/private/var/folders/x9/z_v5q4vx5yx_kt718rrfk_lm0000gn/T/jogamp_0000/file_cache/jln5153937635773319045/jln5894002366449589420/libgluegen-rt.jnilib
0x0000000128124000 	/private/var/folders/x9/z_v5q4vx5yx_kt718rrfk_lm0000gn/T/jogamp_0000/file_cache/jln5153937635773319045/jln5894002366449589420/libnativewindow_awt.jnilib
0x0000000128127000 	/Library/Java/JavaVirtualMachines/jdk1.8.0_60.jdk/Contents/Home/jre/lib/libjawt.dylib
0x000000012812a000 	/private/var/folders/x9/z_v5q4vx5yx_kt718rrfk_lm0000gn/T/jogamp_0000/file_cache/jln5153937635773319045/jln5894002366449589420/libnativewindow_macosx.jnilib
0x0000000186795000 	/private/var/folders/x9/z_v5q4vx5yx_kt718rrfk_lm0000gn/T/jogamp_0000/file_cache/jln5153937635773319045/jln5894002366449589420/libjogl_desktop.jnilib
0x0000000188ea4000 	/Library/Java/JavaVirtualMachines/jdk1.8.0_60.jdk/Contents/Home/jre/lib/libt2k.dylib

VM Arguments:
jvm_args: -Djava.security.policy=java.policy.applet -Dfile.encoding=UTF-8 
java_command: sun.applet.AppletViewer module6.EarthquakeCityMap1444883933781.html
java_class_path (initial): /Users/gregorymankes/Google Drive/Udacity and Other Courses/Coursera/Data Structures Specialization/Course 1/Code/UCSDUnfoldingMaps/build:/Users/gregorymankes/Google Drive/Udacity and Other Courses/Coursera/Data Structures Specialization/Course 1/Code/UCSDUnfoldingMaps/lib/core.jar:/Users/gregorymankes/Google Drive/Udacity and Other Courses/Coursera/Data Structures Specialization/Course 1/Code/UCSDUnfoldingMaps/lib/gluegen-rt.jar:/Users/gregorymankes/Google Drive/Udacity and Other Courses/Coursera/Data Structures Specialization/Course 1/Code/UCSDUnfoldingMaps/lib/jogl-all.jar:/Users/gregorymankes/Google Drive/Udacity and Other Courses/Coursera/Data Structures Specialization/Course 1/Code/UCSDUnfoldingMaps/lib/log4j-1.2.15.jar:/Users/gregorymankes/Google Drive/Udacity and Other Courses/Coursera/Data Structures Specialization/Course 1/Code/UCSDUnfoldingMaps/lib/sqlite-jdbc-3.7.2.jar:/Users/gregorymankes/Google Drive/Udacity and Other Courses/Coursera/Data Structures Specialization/Course 1/Code/UCSDUnfoldingMaps/lib/json4processing.jar:/Users/gregorymankes/Google Drive/Udacity and Other Courses/Coursera/Data Structures Specialization/Course 1/Code/UCSDUnfoldingMaps/lib/libTUIO.jar:/Users/gregorymankes/Google Drive/Udacity and Other Courses/Coursera/Data Structures Specialization/Course 1/Code/UCSDUnfoldingMaps/lib/unfolding.0.9.7-uscd.jar
Launcher Type: SUN_STANDARD

Environment Variables:
PATH=/usr/bin:/bin:/usr/sbin:/sbin
SHELL=/bin/bash

Signal Handlers:
SIGSEGV: [libjvm.dylib+0x5a6d31], sa_mask[0]=11111111011111110111111111111111, sa_flags=SA_ONSTACK|SA_RESTART|SA_SIGINFO
SIGBUS: [libjvm.dylib+0x5a6d31], sa_mask[0]=11111111011111110111111111111111, sa_flags=SA_RESTART|SA_SIGINFO
SIGFPE: [libjvm.dylib+0x480a4c], sa_mask[0]=11111111011111110111111111111111, sa_flags=SA_RESTART|SA_SIGINFO
SIGPIPE: [libjvm.dylib+0x480a4c], sa_mask[0]=11111111011111110111111111111111, sa_flags=SA_RESTART|SA_SIGINFO
SIGXFSZ: [libjvm.dylib+0x480a4c], sa_mask[0]=11111111011111110111111111111111, sa_flags=SA_RESTART|SA_SIGINFO
SIGILL: [libjvm.dylib+0x480a4c], sa_mask[0]=11111111011111110111111111111111, sa_flags=SA_RESTART|SA_SIGINFO
SIGUSR1: SIG_DFL, sa_mask[0]=00000000000000000000000000000000, sa_flags=none
SIGUSR2: [libjvm.dylib+0x48056a], sa_mask[0]=00100000000000000000000000000000, sa_flags=SA_RESTART|SA_SIGINFO
SIGHUP: [libjvm.dylib+0x47eb41], sa_mask[0]=11111111011111110111111111111111, sa_flags=SA_RESTART|SA_SIGINFO
SIGINT: [libjvm.dylib+0x47eb41], sa_mask[0]=11111111011111110111111111111111, sa_flags=SA_RESTART|SA_SIGINFO
SIGTERM: [libjvm.dylib+0x47eb41], sa_mask[0]=11111111011111110111111111111111, sa_flags=SA_RESTART|SA_SIGINFO
SIGQUIT: [libjvm.dylib+0x47eb41], sa_mask[0]=11111111011111110111111111111111, sa_flags=SA_RESTART|SA_SIGINFO


---------------  S Y S T E M  ---------------

OS:Bsduname:Darwin 15.0.0 Darwin Kernel Version 15.0.0: Wed Aug 26 16:57:32 PDT 2015; root:xnu-3247.1.106~1/RELEASE_X86_64 x86_64
rlimit: STACK 8192k, CORE 0k, NPROC 709, NOFILE 10240, AS infinity
load average:2.80 1.89 1.53

CPU:total 4 (2 cores per cpu, 2 threads per core) family 6 model 69 stepping 1, cmov, cx8, fxsr, mmx, sse, sse2, sse3, ssse3, sse4.1, sse4.2, popcnt, avx, avx2, aes, clmul, erms, lzcnt, ht, tsc, tscinvbit, bmi1, bmi2

Memory: 4k page, physical 8388608k(314208k free)

/proc/meminfo:


vm_info: Java HotSpot(TM) 64-Bit Server VM (25.60-b23) for bsd-amd64 JRE (1.8.0_60-b27), built on Aug  4 2015 10:47:24 by "java_re" with gcc 4.2.1 (Based on Apple Inc. build 5658) (LLVM build 2336.11.00)

time: Thu Oct 15 00:39:33 2015
elapsed time: 39 seconds (0d 0h 0m 39s)

