#
# A fatal error has been detected by the Java Runtime Environment:
#
#  SIGSEGV (0xb) at pc=0x00007fff92a00d5d, pid=2382, tid=2571
#
# JRE version: Java(TM) SE Runtime Environment (8.0_60-b27) (build 1.8.0_60-b27)
# Java VM: Java HotSpot(TM) 64-Bit Server VM (25.60-b23 mixed mode bsd-amd64 compressed oops)
# Problematic frame:
# C  [libobjc.A.dylib+0x6d5d]  objc_msgSend+0x1d
#
# Failed to write core dump. Core dumps have been disabled. To enable core dumping, try "ulimit -c unlimited" before starting Java again
#
# If you would like to submit a bug report, please visit:
#   http://bugreport.java.com/bugreport/crash.jsp
# The crash happened outside the Java Virtual Machine in native code.
# See problematic frame for where to report the bug.
#

---------------  T H R E A D  ---------------

Current thread (0x00007fdcd2167000):  JavaThread "AWT-AppKit" daemon [_thread_in_native, id=2571, stack(0x00007fff52ad0000,0x00007fff532d0000)]

siginfo: si_signo: 11 (SIGSEGV), si_code: 1 (SEGV_MAPERR), si_addr: 0x0000000000000018

Registers:
RAX=0x00007fdcd51ee9d0, RBX=0x0000000182ed9450, RCX=0x0000000126480520, RDX=0x0000000126597060
RSP=0x00007fff532cb0a8, RBP=0x00007fff532cb160, RSI=0x00007fff899ead06, RDI=0x00007fdcd51f4920
R8 =0x0000000000000000, R9 =0x0000000000000810, R10=0x00007fff899ead06, R11=0x0000000000000000
R12=0x0000000000000000, R13=0x0000000184cd87b8, R14=0x0000000182ed9440, R15=0x00007fdcd2167000
RIP=0x00007fff92a00d5d, EFLAGS=0x0000000000010246, ERR=0x0000000000000004
  TRAPNO=0x000000000000000e

Top of Stack: (sp=0x00007fff532cb0a8)
0x00007fff532cb0a8:   0000000182ed7157 00007fff532cb100
0x00007fff532cb0b8:   0000000000000003 00007fff532cb0e0
0x00007fff532cb0c8:   000000010cd9d992 0000000184cd87b8
0x00007fff532cb0d8:   0000000184cd87b8 00007fdcd51ee9d0
0x00007fff532cb0e8:   0000000182ed96a0 0000000182ed9710
0x00007fff532cb0f8:   00007fff75d82740 00007fff783c24b0
0x00007fff532cb108:   0000000182ed9450 0000000182ed9690
0x00007fff532cb118:   00007fdcd51ee9d0 00007fdcd51f4920
0x00007fff532cb128:   00007fdcd0ff4c40 00007fdcd51ee9d0
0x00007fff532cb138:   00007fdcd51f4920 00007fff532cb1e8
0x00007fff532cb148:   00007fdcd21671f8 0000000184cd87b8
0x00007fff532cb158:   00007fff532cb210 00007fff532cb1d8
0x00007fff532cb168:   000000010e415954 0000000184cd87b8
0x00007fff532cb178:   00007fff532cb210 00007fff532cb1d8
0x00007fff532cb188:   000000010e4156e7 000000010e4156a2
0x00007fff532cb198:   00007fff532cb198 0000000184cd87b8
0x00007fff532cb1a8:   00007fff532cb210 0000000184cdb3f0
0x00007fff532cb1b8:   0000000000000000 0000000184cd87b8
0x00007fff532cb1c8:   0000000000000000 00007fff532cb1f8
0x00007fff532cb1d8:   00007fff532cb258 000000010e407c4d
0x00007fff532cb1e8:   00000007406bd238 000000010e40f578
0x00007fff532cb1f8:   00007fdcd51ee9d0 00007fff532cb258
0x00007fff532cb208:   00007fdcd51f4920 000000010e410d82
0x00007fff532cb218:   00007fff532cb218 0000000184cd8982
0x00007fff532cb228:   00007fff532cb280 0000000184cdb3f0
0x00007fff532cb238:   0000000000000000 0000000184cd8990
0x00007fff532cb248:   00007fff532cb1f8 00007fff532cb268
0x00007fff532cb258:   00007fff532cb2c8 000000010e407c4d
0x00007fff532cb268:   00007fdcd51ee9d0 0000000741830f40
0x00007fff532cb278:   00007fdcd51f4920 0000000741830f40
0x00007fff532cb288:   00007fff532cb288 000000018bc3a936
0x00007fff532cb298:   00007fff532cb2d8 000000018bc3a9f0 

Instructions: (pc=0x00007fff92a00d5d)
0x00007fff92a00d3d:   44 00 00 48 85 ff 2e 74 62 40 f6 c7 01 2e 75 66
0x00007fff92a00d4d:   49 bb f8 ff ff ff ff 7f 00 00 4c 23 1f 49 89 f2
0x00007fff92a00d5d:   45 23 53 18 49 c1 e2 04 4d 03 53 10 49 3b 32 75
0x00007fff92a00d6d:   04 41 ff 62 08 49 83 3a 01 76 0d 49 83 c2 10 49 

Register to memory mapping:

RAX=0x00007fdcd51ee9d0 is an unknown value
RBX=0x0000000182ed9450: Java_jogamp_nativewindow_macosx_OSXUtil_GetScreenRefreshRate0+0x1cf0 in /private/var/folders/x9/z_v5q4vx5yx_kt718rrfk_lm0000gn/T/jogamp_0000/file_cache/jln5147170987003283480/jln5422019490344044510/libnativewindow_macosx.jnilib at 0x0000000182ed2000
RCX=0x0000000126480520 is an unknown value
RDX=0x0000000126597060 is an unknown value
RSP=0x00007fff532cb0a8 is pointing into the stack for thread: 0x00007fdcd2167000
RBP=0x00007fff532cb160 is pointing into the stack for thread: 0x00007fdcd2167000
RSI=0x00007fff899ead06 is an unknown value
RDI=0x00007fdcd51f4920 is an unknown value
R8 =0x0000000000000000 is an unknown value
R9 =0x0000000000000810 is an unknown value
R10=0x00007fff899ead06 is an unknown value
R11=0x0000000000000000 is an unknown value
R12=0x0000000000000000 is an unknown value
R13={method} {0x0000000184cd87b8} 'UnsetJAWTRootSurfaceLayer0' '(JJ)V' in 'jogamp/nativewindow/jawt/macosx/MacOSXJAWTWindow'
R14=0x0000000182ed9440: Java_jogamp_nativewindow_macosx_OSXUtil_GetScreenRefreshRate0+0x1ce0 in /private/var/folders/x9/z_v5q4vx5yx_kt718rrfk_lm0000gn/T/jogamp_0000/file_cache/jln5147170987003283480/jln5422019490344044510/libnativewindow_macosx.jnilib at 0x0000000182ed2000
R15=0x00007fdcd2167000 is a thread


Stack: [0x00007fff52ad0000,0x00007fff532d0000],  sp=0x00007fff532cb0a8,  free space=8172k
Native frames: (J=compiled Java code, j=interpreted, Vv=VM code, C=native code)
C  [libobjc.A.dylib+0x6d5d]  objc_msgSend+0x1d
j  jogamp.nativewindow.jawt.macosx.MacOSXJAWTWindow.UnsetJAWTRootSurfaceLayer0(JJ)V+0
j  jogamp.nativewindow.jawt.macosx.MacOSXJAWTWindow.access$200(JJ)V+2
j  jogamp.nativewindow.jawt.macosx.MacOSXJAWTWindow$1.run()V+38
J 2731 C1 com.jogamp.common.util.RunnableTask.run()V (345 bytes) @ 0x000000010ec24fd4 [0x000000010ec24e40+0x194]
v  ~StubRoutines::call_stub
V  [libjvm.dylib+0x2eab0e]  JavaCalls::call_helper(JavaValue*, methodHandle*, JavaCallArguments*, Thread*)+0x6ae
V  [libjvm.dylib+0x321bb7]  jni_invoke_nonstatic(JNIEnv_*, JavaValue*, _jobject*, JNICallType, _jmethodID*, JNI_ArgumentPusher*, Thread*)+0x2ec
V  [libjvm.dylib+0x31438b]  jni_CallVoidMethod+0x16b
C  [libnativewindow_macosx.jnilib+0x5326]  Java_jogamp_nativewindow_jawt_macosx_MacOSXJAWTWindow_UnsetJAWTRootSurfaceLayer0+0x2b6
C  [Foundation+0x7754e]  __NSThreadPerformPerform+0x117
C  [CoreFoundation+0xaa621]  __CFRUNLOOP_IS_CALLING_OUT_TO_A_SOURCE0_PERFORM_FUNCTION__+0x11
C  [CoreFoundation+0x89d97]  __CFRunLoopDoSources0+0x1a7
C  [CoreFoundation+0x8933f]  __CFRunLoopRun+0x39f
C  [CoreFoundation+0x88d38]  CFRunLoopRunSpecific+0x128
C  [HIToolbox+0x30d55]  RunCurrentEventLoopInMode+0xeb
C  [HIToolbox+0x30a97]  ReceiveNextEventCommon+0xb8
C  [HIToolbox+0x309cf]  _BlockUntilNextEventMatchingListInModeWithFilter+0x47
C  [AppKit+0x49f3a]  _DPSNextEvent+0x42b
C  [AppKit+0x49369]  -[NSApplication _nextEventMatchingEventMask:untilDate:inMode:dequeue:]+0x1c6
C  [libosxapp.dylib+0x23aa]  -[NSApplicationAWT nextEventMatchingMask:untilDate:inMode:dequeue:]+0x7c
C  [AppKit+0x3decc]  -[NSApplication run]+0x2aa
C  [libosxapp.dylib+0x214d]  +[NSApplicationAWT runAWTLoopWithApp:]+0x9c
C  [libawt_lwawt.dylib+0x44517]  -[AWTStarter starter:]+0x389
C  [Foundation+0x7754e]  __NSThreadPerformPerform+0x117
C  [CoreFoundation+0xaa621]  __CFRUNLOOP_IS_CALLING_OUT_TO_A_SOURCE0_PERFORM_FUNCTION__+0x11
C  [CoreFoundation+0x89e1c]  __CFRunLoopDoSources0+0x22c
C  [CoreFoundation+0x8933f]  __CFRunLoopRun+0x39f
C  [CoreFoundation+0x88d38]  CFRunLoopRunSpecific+0x128
C  [java+0x6463]  CreateExecutionEnvironment+0x367
C  [java+0x21ac]  JLI_Launch+0x7a0
C  [java+0x84c0]  main+0x65
C  [java+0x1a04]  start+0x34
C  0x0000000000000007

Java frames: (J=compiled Java code, j=interpreted, Vv=VM code)
j  jogamp.nativewindow.jawt.macosx.MacOSXJAWTWindow.UnsetJAWTRootSurfaceLayer0(JJ)V+0
j  jogamp.nativewindow.jawt.macosx.MacOSXJAWTWindow.access$200(JJ)V+2
j  jogamp.nativewindow.jawt.macosx.MacOSXJAWTWindow$1.run()V+38
J 2731 C1 com.jogamp.common.util.RunnableTask.run()V (345 bytes) @ 0x000000010ec24fd4 [0x000000010ec24e40+0x194]
v  ~StubRoutines::call_stub

---------------  P R O C E S S  ---------------

Java Threads: ( => current thread )
  0x00007fdcd1ede800 JavaThread "Thread-155" [_thread_blocked, id=63255, stack(0x000070000104a000,0x000070000114a000)]
  0x00007fdcd2cd5800 JavaThread "Image Fetcher 1" daemon [_thread_blocked, id=66307, stack(0x0000700002083000,0x0000700002183000)]
  0x00007fdcd1432000 JavaThread "Image Fetcher 0" daemon [_thread_blocked, id=65795, stack(0x0000700001f80000,0x0000700002080000)]
  0x00007fdcd1fb8800 JavaThread "Keep-Alive-Timer" daemon [_thread_blocked, id=65395, stack(0x0000700001e7d000,0x0000700001f7d000)]
  0x00007fdcd23d6000 JavaThread "AWT-EventQueue-1" [_thread_in_native, id=59175, stack(0x00007000018eb000,0x00007000019eb000)]
  0x00007fdcd2927000 JavaThread "DestroyJavaVM" [_thread_blocked, id=5891, stack(0x000070000011a000,0x000070000021a000)]
  0x00007fdcd28da000 JavaThread "AWT-EventQueue-0" [_thread_blocked, id=56579, stack(0x00007000016e5000,0x00007000017e5000)]
  0x00007fdcd1986000 JavaThread "Java2D Disposer" daemon [_thread_blocked, id=53251, stack(0x000070000145c000,0x000070000155c000)]
  0x00007fdcd28f6800 JavaThread "Java2D Queue Flusher" daemon [_thread_blocked, id=50183, stack(0x0000700001359000,0x0000700001459000)]
  0x00007fdcd28d5800 JavaThread "AWT-Shutdown" [_thread_blocked, id=29715, stack(0x00007000011d3000,0x00007000012d3000)]
=>0x00007fdcd2167000 JavaThread "AWT-AppKit" daemon [_thread_in_native, id=2571, stack(0x00007fff52ad0000,0x00007fff532d0000)]
  0x00007fdcd2021800 JavaThread "Service Thread" daemon [_thread_blocked, id=18435, stack(0x0000700000e44000,0x0000700000f44000)]
  0x00007fdcd182e800 JavaThread "C1 CompilerThread2" daemon [_thread_blocked, id=17923, stack(0x0000700000d41000,0x0000700000e41000)]
  0x00007fdcd182e000 JavaThread "C2 CompilerThread1" daemon [_thread_blocked, id=17411, stack(0x0000700000c3e000,0x0000700000d3e000)]
  0x00007fdcd2021000 JavaThread "C2 CompilerThread0" daemon [_thread_blocked, id=16899, stack(0x0000700000b3b000,0x0000700000c3b000)]
  0x00007fdcd2032000 JavaThread "Signal Dispatcher" daemon [_thread_blocked, id=12815, stack(0x0000700000a38000,0x0000700000b38000)]
  0x00007fdcd102d800 JavaThread "Finalizer" daemon [_thread_blocked, id=12291, stack(0x000070000082f000,0x000070000092f000)]
  0x00007fdcd1005000 JavaThread "Reference Handler" daemon [_thread_blocked, id=11779, stack(0x000070000072c000,0x000070000082c000)]

Other Threads:
  0x00007fdcd181b800 VMThread [stack: 0x0000700000629000,0x0000700000729000] [id=11267]
  0x00007fdcd2014000 WatcherThread [stack: 0x0000700000f47000,0x0000700001047000] [id=18947]

VM state:not at safepoint (normal execution)

VM Mutex/Monitor currently owned by a thread: None

Heap:
 PSYoungGen      total 84992K, used 33407K [0x0000000795580000, 0x000000079dd80000, 0x00000007c0000000)
  eden space 65024K, 37% used [0x0000000795580000,0x0000000796d5bb20,0x0000000799500000)
  from space 19968K, 44% used [0x0000000799500000,0x0000000799dc4230,0x000000079a880000)
  to   space 19968K, 0% used [0x000000079ca00000,0x000000079ca00000,0x000000079dd80000)
 ParOldGen       total 88576K, used 42302K [0x0000000740000000, 0x0000000745680000, 0x0000000795580000)
  object space 88576K, 47% used [0x0000000740000000,0x000000074294f908,0x0000000745680000)
 Metaspace       used 21396K, capacity 21599K, committed 21808K, reserved 1069056K
  class space    used 2048K, capacity 2112K, committed 2176K, reserved 1048576K

Card table byte_map: [0x000000011d7c0000,0x000000011dbc1000] byte_map_base: 0x0000000119dc0000

Marking Bits: (ParMarkBitMap*) 0x000000010d48ae20
 Begin Bits: [0x000000011de6c000, 0x000000011fe6c000)
 End Bits:   [0x000000011fe6c000, 0x0000000121e6c000)

Polling page: 0x000000010db7c000

CodeCache: size=245760Kb used=9750Kb max_used=9763Kb free=236009Kb
 bounds [0x000000010e400000, 0x000000010eda0000, 0x000000011d400000]
 total_blobs=3660 nmethods=2768 adapters=805
 compilation: enabled

Compilation events (10 events):
Event: 14.049 Thread 0x00007fdcd182e800 3126       3       processing.core.PApplet::dequeueEvents (66 bytes)
Event: 14.050 Thread 0x00007fdcd182e800 nmethod 3126 0x000000010ed8a2d0 code [0x000000010ed8a4a0, 0x000000010ed8ad68]
Event: 14.079 Thread 0x00007fdcd182e800 3127       3       sun.java2d.pipe.RenderBuffer::putInt (26 bytes)
Event: 14.079 Thread 0x00007fdcd182e800 nmethod 3127 0x000000010ed89f50 code [0x000000010ed8a0c0, 0x000000010ed8a230]
Event: 14.104 Thread 0x00007fdcd182e800 3128       3       sun.net.www.protocol.jar.Handler::parseContextSpec (154 bytes)
Event: 14.105 Thread 0x00007fdcd182e000 3130  s!   4       sun.misc.URLClassPath::getLoader (197 bytes)
Event: 14.106 Thread 0x00007fdcd182e800 nmethod 3128 0x000000010ed8bb10 code [0x000000010ed8bf00, 0x000000010ed8e5e8]
Event: 14.106 Thread 0x00007fdcd182e800 3129       3       sun.net.www.ParseUtil::canonizeString (195 bytes)
Event: 14.109 Thread 0x00007fdcd182e800 nmethod 3129 0x000000010ed8f7d0 code [0x000000010ed8fba0, 0x000000010ed91fe8]
Event: 14.111 Thread 0x00007fdcd182e000 nmethod 3130 0x000000010ed94e90 code [0x000000010ed95000, 0x000000010ed957d8]

GC Heap History (10 events):
Event: 6.971 GC heap before
{Heap before GC invocations=6 (full 0):
 PSYoungGen      total 37888K, used 37776K [0x0000000795580000, 0x0000000799480000, 0x00000007c0000000)
  eden space 32768K, 99% used [0x0000000795580000,0x000000079756af98,0x0000000797580000)
  from space 5120K, 99% used [0x0000000797600000,0x0000000797af9090,0x0000000797b00000)
  to   space 15872K, 0% used [0x0000000798500000,0x0000000798500000,0x0000000799480000)
 ParOldGen       total 87552K, used 26003K [0x0000000740000000, 0x0000000745580000, 0x0000000795580000)
  object space 87552K, 29% used [0x0000000740000000,0x0000000741964dc0,0x0000000745580000)
 Metaspace       used 20887K, capacity 21087K, committed 21296K, reserved 1069056K
  class space    used 2040K, capacity 2112K, committed 2176K, reserved 1048576K
Event: 6.982 GC heap after
Heap after GC invocations=6 (full 0):
 PSYoungGen      total 48640K, used 11972K [0x0000000795580000, 0x000000079b480000, 0x00000007c0000000)
  eden space 32768K, 0% used [0x0000000795580000,0x0000000795580000,0x0000000797580000)
  from space 15872K, 75% used [0x0000000798500000,0x00000007990b1270,0x0000000799480000)
  to   space 15872K, 0% used [0x0000000797580000,0x0000000797580000,0x0000000798500000)
 ParOldGen       total 87552K, used 26003K [0x0000000740000000, 0x0000000745580000, 0x0000000795580000)
  object space 87552K, 29% used [0x0000000740000000,0x0000000741964dc0,0x0000000745580000)
 Metaspace       used 20887K, capacity 21087K, committed 21296K, reserved 1069056K
  class space    used 2040K, capacity 2112K, committed 2176K, reserved 1048576K
}
Event: 7.430 GC heap before
{Heap before GC invocations=7 (full 0):
 PSYoungGen      total 48640K, used 44740K [0x0000000795580000, 0x000000079b480000, 0x00000007c0000000)
  eden space 32768K, 100% used [0x0000000795580000,0x0000000797580000,0x0000000797580000)
  from space 15872K, 75% used [0x0000000798500000,0x00000007990b1270,0x0000000799480000)
  to   space 15872K, 0% used [0x0000000797580000,0x0000000797580000,0x0000000798500000)
 ParOldGen       total 87552K, used 26003K [0x0000000740000000, 0x0000000745580000, 0x0000000795580000)
  object space 87552K, 29% used [0x0000000740000000,0x0000000741964dc0,0x0000000745580000)
 Metaspace       used 20933K, capacity 21087K, committed 21296K, reserved 1069056K
  class space    used 2040K, capacity 2112K, committed 2176K, reserved 1048576K
Event: 7.444 GC heap after
Heap after GC invocations=7 (full 0):
 PSYoungGen      total 48640K, used 15841K [0x0000000795580000, 0x000000079bb80000, 0x00000007c0000000)
  eden space 32768K, 0% used [0x0000000795580000,0x0000000795580000,0x0000000797580000)
  from space 15872K, 99% used [0x0000000797580000,0x00000007984f8480,0x0000000798500000)
  to   space 19456K, 0% used [0x000000079a880000,0x000000079a880000,0x000000079bb80000)
 ParOldGen       total 87552K, used 29154K [0x0000000740000000, 0x0000000745580000, 0x0000000795580000)
  object space 87552K, 33% used [0x0000000740000000,0x0000000741c78990,0x0000000745580000)
 Metaspace       used 20933K, capacity 21087K, committed 21296K, reserved 1069056K
  class space    used 2040K, capacity 2112K, committed 2176K, reserved 1048576K
}
Event: 7.500 GC heap before
{Heap before GC invocations=8 (full 0):
 PSYoungGen      total 48640K, used 21225K [0x0000000795580000, 0x000000079bb80000, 0x00000007c0000000)
  eden space 32768K, 16% used [0x0000000795580000,0x0000000795ac2368,0x0000000797580000)
  from space 15872K, 99% used [0x0000000797580000,0x00000007984f8480,0x0000000798500000)
  to   space 19456K, 0% used [0x000000079a880000,0x000000079a880000,0x000000079bb80000)
 ParOldGen       total 87552K, used 29154K [0x0000000740000000, 0x0000000745580000, 0x0000000795580000)
  object space 87552K, 33% used [0x0000000740000000,0x0000000741c78990,0x0000000745580000)
 Metaspace       used 20935K, capacity 21087K, committed 21296K, reserved 1069056K
  class space    used 2040K, capacity 2112K, committed 2176K, reserved 1048576K
Event: 7.511 GC heap after
Heap after GC invocations=8 (full 0):
 PSYoungGen      total 84480K, used 15008K [0x0000000795580000, 0x000000079bc80000, 0x00000007c0000000)
  eden space 65024K, 0% used [0x0000000795580000,0x0000000795580000,0x0000000799500000)
  from space 19456K, 77% used [0x000000079a880000,0x000000079b7283a0,0x000000079bb80000)
  to   space 19968K, 0% used [0x0000000799500000,0x0000000799500000,0x000000079a880000)
 ParOldGen       total 87552K, used 30753K [0x0000000740000000, 0x0000000745580000, 0x0000000795580000)
  object space 87552K, 35% used [0x0000000740000000,0x0000000741e08680,0x0000000745580000)
 Metaspace       used 20935K, capacity 21087K, committed 21296K, reserved 1069056K
  class space    used 2040K, capacity 2112K, committed 2176K, reserved 1048576K
}
Event: 7.511 GC heap before
{Heap before GC invocations=9 (full 1):
 PSYoungGen      total 84480K, used 15008K [0x0000000795580000, 0x000000079bc80000, 0x00000007c0000000)
  eden space 65024K, 0% used [0x0000000795580000,0x0000000795580000,0x0000000799500000)
  from space 19456K, 77% used [0x000000079a880000,0x000000079b7283a0,0x000000079bb80000)
  to   space 19968K, 0% used [0x0000000799500000,0x0000000799500000,0x000000079a880000)
 ParOldGen       total 87552K, used 30753K [0x0000000740000000, 0x0000000745580000, 0x0000000795580000)
  object space 87552K, 35% used [0x0000000740000000,0x0000000741e08680,0x0000000745580000)
 Metaspace       used 20935K, capacity 21087K, committed 21296K, reserved 1069056K
  class space    used 2040K, capacity 2112K, committed 2176K, reserved 1048576K
Event: 7.555 GC heap after
Heap after GC invocations=9 (full 1):
 PSYoungGen      total 84480K, used 0K [0x0000000795580000, 0x000000079bc80000, 0x00000007c0000000)
  eden space 65024K, 0% used [0x0000000795580000,0x0000000795580000,0x0000000799500000)
  from space 19456K, 0% used [0x000000079a880000,0x000000079a880000,0x000000079bb80000)
  to   space 19968K, 0% used [0x0000000799500000,0x0000000799500000,0x000000079a880000)
 ParOldGen       total 88576K, used 42294K [0x0000000740000000, 0x0000000745680000, 0x0000000795580000)
  object space 88576K, 47% used [0x0000000740000000,0x000000074294d908,0x0000000745680000)
 Metaspace       used 20935K, capacity 21087K, committed 21296K, reserved 1069056K
  class space    used 2040K, capacity 2112K, committed 2176K, reserved 1048576K
}
Event: 11.616 GC heap before
{Heap before GC invocations=10 (full 1):
 PSYoungGen      total 84480K, used 64882K [0x0000000795580000, 0x000000079bc80000, 0x00000007c0000000)
  eden space 65024K, 99% used [0x0000000795580000,0x00000007994dc9e0,0x0000000799500000)
  from space 19456K, 0% used [0x000000079a880000,0x000000079a880000,0x000000079bb80000)
  to   space 19968K, 0% used [0x0000000799500000,0x0000000799500000,0x000000079a880000)
 ParOldGen       total 88576K, used 42294K [0x0000000740000000, 0x0000000745680000, 0x0000000795580000)
  object space 88576K, 47% used [0x0000000740000000,0x000000074294d908,0x0000000745680000)
 Metaspace       used 21264K, capacity 21471K, committed 21808K, reserved 1069056K
  class space    used 2040K, capacity 2112K, committed 2176K, reserved 1048576K
Event: 11.621 GC heap after
Heap after GC invocations=10 (full 1):
 PSYoungGen      total 84992K, used 8976K [0x0000000795580000, 0x000000079dd80000, 0x00000007c0000000)
  eden space 65024K, 0% used [0x0000000795580000,0x0000000795580000,0x0000000799500000)
  from space 19968K, 44% used [0x0000000799500000,0x0000000799dc4230,0x000000079a880000)
  to   space 19968K, 0% used [0x000000079ca00000,0x000000079ca00000,0x000000079dd80000)
 ParOldGen       total 88576K, used 42302K [0x0000000740000000, 0x0000000745680000, 0x0000000795580000)
  object space 88576K, 47% used [0x0000000740000000,0x000000074294f908,0x0000000745680000)
 Metaspace       used 21264K, capacity 21471K, committed 21808K, reserved 1069056K
  class space    used 2040K, capacity 2112K, committed 2176K, reserved 1048576K
}

Deoptimization events (10 events):
Event: 5.246 Thread 0x00007fdcd23d6000 Uncommon trap: reason=unstable_if action=reinterpret pc=0x000000010ea5f2f8 method=java.text.DigitList.getDataChars(I)[C @ 13
Event: 5.246 Thread 0x00007fdcd23d6000 Uncommon trap: reason=unstable_if action=reinterpret pc=0x000000010ea89fb4 method=java.text.DecimalFormat.subformat(Ljava/lang/StringBuffer;Ljava/text/Format$FieldDelegate;ZZIIII)Ljava/lang/StringBuffer; @ 753
Event: 5.326 Thread 0x00007fdcd23d6000 Uncommon trap: reason=unstable_if action=reinterpret pc=0x000000010ea8efa4 method=java.lang.Math.round(F)I @ 36
Event: 6.633 Thread 0x00007fdcd23d6000 Uncommon trap: reason=unstable_if action=reinterpret pc=0x000000010eac06d4 method=java.text.DigitList.set(ZLjava/lang/String;ZZIZ)V @ 305
Event: 7.980 Thread 0x00007fdcd23d6000 Uncommon trap: reason=unstable_if action=reinterpret pc=0x000000010e515b6c method=module5.CommonMarker.draw(Lprocessing/core/PGraphics;FF)V @ 4
Event: 14.079 Thread 0x00007fdcd23d6000 Uncommon trap: reason=unstable_if action=reinterpret pc=0x000000010ea1a3a8 method=com.jogamp.common.util.VersionNumber.compareTo(Lcom/jogamp/common/util/VersionNumber;)I @ 21
Event: 14.081 Thread 0x00007fdcd28da000 Uncommon trap: reason=unstable_if action=reinterpret pc=0x000000010ea3e31c method=java.awt.font.FontRenderContext.equals(Ljava/awt/font/FontRenderContext;)Z @ 2
Event: 14.094 Thread 0x00007fdcd2211000 Uncommon trap: reason=unstable_if action=reinterpret pc=0x000000010e8d7268 method=java.util.HashMap.putVal(ILjava/lang/Object;Ljava/lang/Object;ZZ)Ljava/lang/Object; @ 81
Event: 14.095 Thread 0x00007fdcd2211000 Uncommon trap: reason=unstable_if action=reinterpret pc=0x000000010e8d4bbc method=java.util.HashMap.putVal(ILjava/lang/Object;Ljava/lang/Object;ZZ)Ljava/lang/Object; @ 81
Event: 14.106 Thread 0x00007fdcd23d6000 Uncommon trap: reason=unstable_if action=reinterpret pc=0x000000010eb9bf5c method=java.security.AccessControlContext.optimize()Ljava/security/AccessControlContext; @ 233

Internal exceptions (10 events):
Event: 0.137 Thread 0x00007fdcd2003000 Exception <a 'java/lang/NoSuchFieldError': method resolution failed> (0x000000079583cc78) thrown at [/Users/java_re/workspace/8-2-build-macosx-x86_64/jdk8u60/4407/hotspot/src/share/vm/prims/methodHandles.cpp, line 1146]
Event: 0.262 Thread 0x00007fdcd2003000 Exception <a 'java/io/FileNotFoundException'> (0x00000007958b8a88) thrown at [/Users/java_re/workspace/8-2-build-macosx-x86_64/jdk8u60/4407/hotspot/src/share/vm/prims/jni.cpp, line 709]
Event: 0.262 Thread 0x00007fdcd2003000 Exception <a 'java/io/FileNotFoundException'> (0x00000007958b9610) thrown at [/Users/java_re/workspace/8-2-build-macosx-x86_64/jdk8u60/4407/hotspot/src/share/vm/prims/jni.cpp, line 709]
Event: 0.293 Thread 0x00007fdcd2003000 Exception <a 'java/io/FileNotFoundException'> (0x00000007959c96a0) thrown at [/Users/java_re/workspace/8-2-build-macosx-x86_64/jdk8u60/4407/hotspot/src/share/vm/prims/jni.cpp, line 709]
Event: 0.362 Thread 0x00007fdcd2003000 Exception <a 'java/io/FileNotFoundException'> (0x0000000795a08298) thrown at [/Users/java_re/workspace/8-2-build-macosx-x86_64/jdk8u60/4407/hotspot/src/share/vm/prims/jni.cpp, line 709]
Event: 1.553 Thread 0x00007fdcd23ea800 Exception <a 'java/lang/UnsatisfiedLinkError': com.jogamp.common.util.JarUtil.fixNativeLibAttribs(Ljava/lang/String;)Z> (0x0000000796d433b0) thrown at [/Users/java_re/workspace/8-2-build-macosx-x86_64/jdk8u60/4407/hotspot/src/share/vm/prims/nativeLookup.c
Event: 1.751 Thread 0x00007fdcd102d800 Exception <a 'java/lang/NullPointerException'> (0x00000007956a4898) thrown at [/Users/java_re/workspace/8-2-build-macosx-x86_64/jdk8u60/4407/hotspot/src/share/vm/interpreter/linkResolver.cpp, line 1178]
Event: 2.306 Thread 0x00007fdcd23d6000 Exception <a 'java/io/FileNotFoundException'> (0x00000007961a69f0) thrown at [/Users/java_re/workspace/8-2-build-macosx-x86_64/jdk8u60/4407/hotspot/src/share/vm/prims/jni.cpp, line 709]
Event: 2.306 Thread 0x00007fdcd23d6000 Exception <a 'java/io/FileNotFoundException'> (0x00000007961b2ca8) thrown at [/Users/java_re/workspace/8-2-build-macosx-x86_64/jdk8u60/4407/hotspot/src/share/vm/prims/jni.cpp, line 709]
Event: 2.306 Thread 0x00007fdcd23d6000 Implicit null exception at 0x000000010e5ac975 to 0x000000010e5accd9

Events (10 events):
Event: 14.107 loading class java/awt/LightweightDispatcher$2 done
Event: 14.107 loading class java/awt/event/AWTEventListenerProxy
Event: 14.107 loading class java/awt/event/AWTEventListenerProxy done
Event: 14.107 Executing VM operation: Deoptimize
Event: 14.107 Executing VM operation: Deoptimize done
Event: 14.107 loading class java/awt/Toolkit$ToolkitEventMulticaster
Event: 14.107 loading class java/awt/Toolkit$ToolkitEventMulticaster done
Event: 14.108 Thread 0x00007fdcd2211000 Thread exited: 0x00007fdcd2211000
Event: 14.109 loading class java/awt/Window$1DisposeAction
Event: 14.109 loading class java/awt/Window$1DisposeAction done


Dynamic libraries:
0x00000000055d0000 	/System/Library/Frameworks/Cocoa.framework/Versions/A/Cocoa
0x00000000055d0000 	/System/Library/Frameworks/Security.framework/Versions/A/Security
0x00000000055d0000 	/System/Library/Frameworks/ApplicationServices.framework/Versions/A/ApplicationServices
0x00000000055d0000 	/usr/lib/libz.1.dylib
0x00000000055d0000 	/usr/lib/libSystem.B.dylib
0x00000000055d0000 	/usr/lib/libobjc.A.dylib
0x00000000055d0000 	/System/Library/Frameworks/CoreFoundation.framework/Versions/A/CoreFoundation
0x00000000055d0000 	/System/Library/Frameworks/Foundation.framework/Versions/C/Foundation
0x00000000055d0000 	/System/Library/Frameworks/AppKit.framework/Versions/C/AppKit
0x00000000055d0000 	/System/Library/Frameworks/CoreData.framework/Versions/A/CoreData
0x00000000055d0000 	/System/Library/PrivateFrameworks/RemoteViewServices.framework/Versions/A/RemoteViewServices
0x00000000055d0000 	/System/Library/PrivateFrameworks/UIFoundation.framework/Versions/A/UIFoundation
0x00000000055d0000 	/usr/lib/libScreenReader.dylib
0x00000000055d0000 	/System/Library/Frameworks/Accelerate.framework/Versions/A/Accelerate
0x00000000055d0000 	/System/Library/Frameworks/IOSurface.framework/Versions/A/IOSurface
0x00000000055d0000 	/System/Library/Frameworks/AudioToolbox.framework/Versions/A/AudioToolbox
0x00000000055d0000 	/System/Library/Frameworks/AudioUnit.framework/Versions/A/AudioUnit
0x00000000055d0000 	/System/Library/PrivateFrameworks/DataDetectorsCore.framework/Versions/A/DataDetectorsCore
0x00000000055d0000 	/System/Library/PrivateFrameworks/DesktopServicesPriv.framework/Versions/A/DesktopServicesPriv
0x00000000055d0000 	/System/Library/Frameworks/Carbon.framework/Versions/A/Frameworks/HIToolbox.framework/Versions/A/HIToolbox
0x00000000055d0000 	/System/Library/Frameworks/QuartzCore.framework/Versions/A/QuartzCore
0x00000000055d0000 	/System/Library/Frameworks/Carbon.framework/Versions/A/Frameworks/SpeechRecognition.framework/Versions/A/SpeechRecognition
0x00000000055d0000 	/usr/lib/libauto.dylib
0x00000000055d0000 	/usr/lib/libicucore.A.dylib
0x00000000055d0000 	/usr/lib/libxml2.2.dylib
0x00000000055d0000 	/System/Library/PrivateFrameworks/CoreUI.framework/Versions/A/CoreUI
0x00000000055d0000 	/System/Library/Frameworks/CoreAudio.framework/Versions/A/CoreAudio
0x00000000055d0000 	/System/Library/Frameworks/DiskArbitration.framework/Versions/A/DiskArbitration
0x00000000055d0000 	/usr/lib/liblangid.dylib
0x00000000055d0000 	/System/Library/PrivateFrameworks/MultitouchSupport.framework/Versions/A/MultitouchSupport
0x00000000055d0000 	/System/Library/Frameworks/IOKit.framework/Versions/A/IOKit
0x00000000055d0000 	/usr/lib/libDiagnosticMessagesClient.dylib
0x00000000055d0000 	/System/Library/Frameworks/CoreServices.framework/Versions/A/CoreServices
0x00000000055d0000 	/System/Library/PrivateFrameworks/PerformanceAnalysis.framework/Versions/A/PerformanceAnalysis
0x00000000055d0000 	/System/Library/PrivateFrameworks/GenerationalStorage.framework/Versions/A/GenerationalStorage
0x00000000055d0000 	/System/Library/Frameworks/OpenGL.framework/Versions/A/OpenGL
0x00000000055d0000 	/System/Library/PrivateFrameworks/Sharing.framework/Versions/A/Sharing
0x00000000055d0000 	/System/Library/Frameworks/CoreGraphics.framework/Versions/A/CoreGraphics
0x00000000055d0000 	/System/Library/Frameworks/CoreImage.framework/Versions/A/CoreImage
0x00000000055d0000 	/System/Library/Frameworks/CoreText.framework/Versions/A/CoreText
0x00000000055d0000 	/System/Library/Frameworks/ImageIO.framework/Versions/A/ImageIO
0x00000000055d0000 	/System/Library/PrivateFrameworks/Backup.framework/Versions/A/Backup
0x00000000055d0000 	/usr/lib/libextension.dylib
0x00000000055d0000 	/usr/lib/libarchive.2.dylib
0x00000000055d0000 	/System/Library/Frameworks/CFNetwork.framework/Versions/A/CFNetwork
0x00000000055d0000 	/System/Library/Frameworks/SystemConfiguration.framework/Versions/A/SystemConfiguration
0x00000000055d0000 	/usr/lib/libCRFSuite.dylib
0x00000000055d0000 	/usr/lib/libc++.1.dylib
0x00000000055d0000 	/usr/lib/libc++abi.dylib
0x00000000055d0000 	/usr/lib/system/libcache.dylib
0x00000000055d0000 	/usr/lib/system/libcommonCrypto.dylib
0x00000000055d0000 	/usr/lib/system/libcompiler_rt.dylib
0x00000000055d0000 	/usr/lib/system/libcopyfile.dylib
0x00000000055d0000 	/usr/lib/system/libcorecrypto.dylib
0x00000000055d0000 	/usr/lib/system/libdispatch.dylib
0x00000000055d0000 	/usr/lib/system/libdyld.dylib
0x00000000055d0000 	/usr/lib/system/libkeymgr.dylib
0x00000000055d0000 	/usr/lib/system/liblaunch.dylib
0x00000000055d0000 	/usr/lib/system/libmacho.dylib
0x00000000055d0000 	/usr/lib/system/libquarantine.dylib
0x00000000055d0000 	/usr/lib/system/libremovefile.dylib
0x00000000055d0000 	/usr/lib/system/libsystem_asl.dylib
0x00000000055d0000 	/usr/lib/system/libsystem_blocks.dylib
0x00000000055d0000 	/usr/lib/system/libsystem_c.dylib
0x00000000055d0000 	/usr/lib/system/libsystem_configuration.dylib
0x00000000055d0000 	/usr/lib/system/libsystem_coreservices.dylib
0x00000000055d0000 	/usr/lib/system/libsystem_coretls.dylib
0x00000000055d0000 	/usr/lib/system/libsystem_dnssd.dylib
0x00000000055d0000 	/usr/lib/system/libsystem_info.dylib
0x00000000055d0000 	/usr/lib/system/libsystem_kernel.dylib
0x00000000055d0000 	/usr/lib/system/libsystem_m.dylib
0x00000000055d0000 	/usr/lib/system/libsystem_malloc.dylib
0x00000000055d0000 	/usr/lib/system/libsystem_network.dylib
0x00000000055d0000 	/usr/lib/system/libsystem_networkextension.dylib
0x00000000055d0000 	/usr/lib/system/libsystem_notify.dylib
0x00000000055d0000 	/usr/lib/system/libsystem_platform.dylib
0x00000000055d0000 	/usr/lib/system/libsystem_pthread.dylib
0x00000000055d0000 	/usr/lib/system/libsystem_sandbox.dylib
0x00000000055d0000 	/usr/lib/system/libsystem_secinit.dylib
0x00000000055d0000 	/usr/lib/system/libsystem_trace.dylib
0x00000000055d0000 	/usr/lib/system/libunc.dylib
0x00000000055d0000 	/usr/lib/system/libunwind.dylib
0x00000000055d0000 	/usr/lib/system/libxpc.dylib
0x00000000055d0000 	/usr/lib/libenergytrace.dylib
0x00000000055d0000 	/usr/lib/libbsm.0.dylib
0x00000000055d0000 	/usr/lib/system/libkxld.dylib
0x00000000055d0000 	/usr/lib/libxar.1.dylib
0x00000000055d0000 	/usr/lib/libsqlite3.dylib
0x00000000055d0000 	/usr/lib/libpam.2.dylib
0x00000000055d0000 	/usr/lib/libOpenScriptingUtil.dylib
0x00000000055d0000 	/usr/lib/libbz2.1.0.dylib
0x00000000055d0000 	/usr/lib/liblzma.5.dylib
0x00000000055d0000 	/System/Library/Frameworks/CoreServices.framework/Versions/A/Frameworks/FSEvents.framework/Versions/A/FSEvents
0x00000000055d0000 	/System/Library/Frameworks/CoreServices.framework/Versions/A/Frameworks/CarbonCore.framework/Versions/A/CarbonCore
0x00000000055d0000 	/System/Library/Frameworks/CoreServices.framework/Versions/A/Frameworks/Metadata.framework/Versions/A/Metadata
0x00000000055d0000 	/System/Library/Frameworks/CoreServices.framework/Versions/A/Frameworks/OSServices.framework/Versions/A/OSServices
0x00000000055d0000 	/System/Library/Frameworks/CoreServices.framework/Versions/A/Frameworks/SearchKit.framework/Versions/A/SearchKit
0x00000000055d0000 	/System/Library/Frameworks/CoreServices.framework/Versions/A/Frameworks/AE.framework/Versions/A/AE
0x00000000055d0000 	/System/Library/Frameworks/CoreServices.framework/Versions/A/Frameworks/LaunchServices.framework/Versions/A/LaunchServices
0x00000000055d0000 	/System/Library/Frameworks/CoreServices.framework/Versions/A/Frameworks/DictionaryServices.framework/Versions/A/DictionaryServices
0x00000000055d0000 	/System/Library/Frameworks/CoreServices.framework/Versions/A/Frameworks/SharedFileList.framework/Versions/A/SharedFileList
0x00000000055d0000 	/System/Library/Frameworks/NetFS.framework/Versions/A/NetFS
0x00000000055d0000 	/System/Library/PrivateFrameworks/NetAuth.framework/Versions/A/NetAuth
0x00000000055d0000 	/System/Library/PrivateFrameworks/login.framework/Versions/A/Frameworks/loginsupport.framework/Versions/A/loginsupport
0x00000000055d0000 	/System/Library/PrivateFrameworks/TCC.framework/Versions/A/TCC
0x00000000055d0000 	/usr/lib/libmecabra.dylib
0x00000000055d0000 	/System/Library/Frameworks/ApplicationServices.framework/Versions/A/Frameworks/ATS.framework/Versions/A/ATS
0x00000000055d0000 	/System/Library/Frameworks/ApplicationServices.framework/Versions/A/Frameworks/ColorSync.framework/Versions/A/ColorSync
0x00000000055d0000 	/System/Library/Frameworks/ApplicationServices.framework/Versions/A/Frameworks/HIServices.framework/Versions/A/HIServices
0x00000000055d0000 	/System/Library/Frameworks/ApplicationServices.framework/Versions/A/Frameworks/LangAnalysis.framework/Versions/A/LangAnalysis
0x00000000055d0000 	/System/Library/Frameworks/ApplicationServices.framework/Versions/A/Frameworks/PrintCore.framework/Versions/A/PrintCore
0x00000000055d0000 	/System/Library/Frameworks/ApplicationServices.framework/Versions/A/Frameworks/QD.framework/Versions/A/QD
0x00000000055d0000 	/System/Library/Frameworks/ApplicationServices.framework/Versions/A/Frameworks/SpeechSynthesis.framework/Versions/A/SpeechSynthesis
0x00000000055d0000 	/System/Library/Frameworks/Metal.framework/Versions/A/Metal
0x00000000055d0000 	/System/Library/Frameworks/Accelerate.framework/Versions/A/Frameworks/vImage.framework/Versions/A/vImage
0x00000000055d0000 	/System/Library/Frameworks/Accelerate.framework/Versions/A/Frameworks/vecLib.framework/Versions/A/vecLib
0x00000000055d0000 	/System/Library/Frameworks/Accelerate.framework/Versions/A/Frameworks/vecLib.framework/Versions/A/libvDSP.dylib
0x00000000055d0000 	/System/Library/Frameworks/Accelerate.framework/Versions/A/Frameworks/vecLib.framework/Versions/A/libvMisc.dylib
0x00000000055d0000 	/System/Library/Frameworks/Accelerate.framework/Versions/A/Frameworks/vecLib.framework/Versions/A/libLAPACK.dylib
0x00000000055d0000 	/System/Library/Frameworks/Accelerate.framework/Versions/A/Frameworks/vecLib.framework/Versions/A/libBLAS.dylib
0x00000000055d0000 	/System/Library/Frameworks/Accelerate.framework/Versions/A/Frameworks/vecLib.framework/Versions/A/libLinearAlgebra.dylib
0x00000000055d0000 	/System/Library/Frameworks/Accelerate.framework/Versions/A/Frameworks/vecLib.framework/Versions/A/libSparseBLAS.dylib
0x00000000055d0000 	/System/Library/PrivateFrameworks/GPUCompiler.framework/libmetal_timestamp.dylib
0x00000000055d0000 	/System/Library/Frameworks/OpenGL.framework/Versions/A/Libraries/libCoreFSCache.dylib
0x00000000055d0000 	/System/Library/PrivateFrameworks/IOAccelerator.framework/Versions/A/IOAccelerator
0x00000000055d0000 	/System/Library/Frameworks/ApplicationServices.framework/Versions/A/Frameworks/ATS.framework/Versions/A/Resources/libFontParser.dylib
0x00000000055d0000 	/System/Library/Frameworks/ApplicationServices.framework/Versions/A/Frameworks/ATS.framework/Versions/A/Resources/libFontRegistry.dylib
0x00000000055d0000 	/System/Library/PrivateFrameworks/AppleVPA.framework/Versions/A/AppleVPA
0x00000000055d0000 	/System/Library/PrivateFrameworks/AppleJPEG.framework/Versions/A/AppleJPEG
0x00000000055d0000 	/System/Library/Frameworks/ImageIO.framework/Versions/A/Resources/libJPEG.dylib
0x00000000055d0000 	/System/Library/Frameworks/ImageIO.framework/Versions/A/Resources/libTIFF.dylib
0x00000000055d0000 	/System/Library/Frameworks/ImageIO.framework/Versions/A/Resources/libPng.dylib
0x00000000055d0000 	/System/Library/Frameworks/ImageIO.framework/Versions/A/Resources/libGIF.dylib
0x00000000055d0000 	/System/Library/Frameworks/ImageIO.framework/Versions/A/Resources/libJP2.dylib
0x00000000055d0000 	/System/Library/Frameworks/ImageIO.framework/Versions/A/Resources/libRadiance.dylib
0x00000000055d0000 	/System/Library/Frameworks/CoreVideo.framework/Versions/A/CoreVideo
0x00000000055d0000 	/System/Library/Frameworks/OpenGL.framework/Versions/A/Libraries/libGLU.dylib
0x00000000055d0000 	/System/Library/Frameworks/OpenGL.framework/Versions/A/Libraries/libGFXShared.dylib
0x00000000055d0000 	/System/Library/Frameworks/OpenGL.framework/Versions/A/Libraries/libGL.dylib
0x00000000055d0000 	/System/Library/Frameworks/OpenGL.framework/Versions/A/Libraries/libGLImage.dylib
0x00000000055d0000 	/System/Library/Frameworks/OpenGL.framework/Versions/A/Libraries/libCVMSPluginSupport.dylib
0x00000000055d0000 	/System/Library/Frameworks/OpenGL.framework/Versions/A/Libraries/libCoreVMClient.dylib
0x00000000055d0000 	/usr/lib/libcups.2.dylib
0x00000000055d0000 	/System/Library/Frameworks/Kerberos.framework/Versions/A/Kerberos
0x00000000055d0000 	/System/Library/Frameworks/GSS.framework/Versions/A/GSS
0x00000000055d0000 	/usr/lib/libresolv.9.dylib
0x00000000055d0000 	/usr/lib/libiconv.2.dylib
0x00000000055d0000 	/System/Library/PrivateFrameworks/Heimdal.framework/Versions/A/Heimdal
0x00000000055d0000 	/usr/lib/libheimdal-asn1.dylib
0x00000000055d0000 	/System/Library/Frameworks/OpenDirectory.framework/Versions/A/OpenDirectory
0x00000000055d0000 	/System/Library/PrivateFrameworks/CommonAuth.framework/Versions/A/CommonAuth
0x00000000055d0000 	/System/Library/Frameworks/OpenDirectory.framework/Versions/A/Frameworks/CFOpenDirectory.framework/Versions/A/CFOpenDirectory
0x00000000055d0000 	/System/Library/Frameworks/SecurityFoundation.framework/Versions/A/SecurityFoundation
0x00000000055d0000 	/System/Library/PrivateFrameworks/LanguageModeling.framework/Versions/A/LanguageModeling
0x00000000055d0000 	/usr/lib/libmarisa.dylib
0x00000000055d0000 	/usr/lib/libChineseTokenizer.dylib
0x00000000055d0000 	/usr/lib/libcmph.dylib
0x00000000055d0000 	/usr/lib/libcompression.dylib
0x00000000055d0000 	/System/Library/Frameworks/ServiceManagement.framework/Versions/A/ServiceManagement
0x00000000055d0000 	/usr/lib/libxslt.1.dylib
0x00000000055d0000 	/System/Library/Frameworks/Carbon.framework/Versions/A/Frameworks/Ink.framework/Versions/A/Ink
0x00000000055d0000 	/usr/lib/libFosl_dynamic.dylib
0x00000000055d0000 	/System/Library/PrivateFrameworks/FaceCore.framework/Versions/A/FaceCore
0x00000000055d0000 	/System/Library/Frameworks/OpenCL.framework/Versions/A/OpenCL
0x00000000055d0000 	/System/Library/PrivateFrameworks/CrashReporterSupport.framework/Versions/A/CrashReporterSupport
0x00000000055d0000 	/System/Library/PrivateFrameworks/IconServices.framework/Versions/A/IconServices
0x00000000055d0000 	/System/Library/PrivateFrameworks/Apple80211.framework/Versions/A/Apple80211
0x00000000055d0000 	/System/Library/Frameworks/CoreWLAN.framework/Versions/A/CoreWLAN
0x00000000055d0000 	/System/Library/Frameworks/IOBluetooth.framework/Versions/A/IOBluetooth
0x00000000055d0000 	/System/Library/PrivateFrameworks/CoreWiFi.framework/Versions/A/CoreWiFi
0x00000000055d0000 	/System/Library/Frameworks/CoreBluetooth.framework/Versions/A/CoreBluetooth
0x00000000055d0000 	/System/Library/PrivateFrameworks/ChunkingLibrary.framework/Versions/A/ChunkingLibrary
0x00000000055d0000 	/System/Library/PrivateFrameworks/DebugSymbols.framework/Versions/A/DebugSymbols
0x00000000055d0000 	/System/Library/PrivateFrameworks/CoreSymbolication.framework/Versions/A/CoreSymbolication
0x00000000055d0000 	/System/Library/PrivateFrameworks/Symbolication.framework/Versions/A/Symbolication
0x00000000055d0000 	/System/Library/PrivateFrameworks/SpeechRecognitionCore.framework/Versions/A/SpeechRecognitionCore
0x000000010cbac000 	/Library/Java/JavaVirtualMachines/jdk1.8.0_60.jdk/Contents/Home/jre/lib/server/libjvm.dylib
0x00000000055d0000 	/usr/lib/libstdc++.6.dylib
0x000000010db39000 	/Library/Java/JavaVirtualMachines/jdk1.8.0_60.jdk/Contents/Home/jre/lib/libverify.dylib
0x000000010db47000 	/Library/Java/JavaVirtualMachines/jdk1.8.0_60.jdk/Contents/Home/jre/lib/libjava.dylib
0x000000010db86000 	/Library/Java/JavaVirtualMachines/jdk1.8.0_60.jdk/Contents/Home/jre/lib/libzip.dylib
0x0000000123cf2000 	/System/Library/Frameworks/JavaVM.framework/Frameworks/JavaRuntimeSupport.framework/JavaRuntimeSupport
0x0000000123d0d000 	/System/Library/Frameworks/JavaVM.framework/Versions/A/Frameworks/JavaNativeFoundation.framework/Versions/A/JavaNativeFoundation
0x0000000123d22000 	/System/Library/Frameworks/JavaVM.framework/Versions/A/JavaVM
0x00000000055d0000 	/System/Library/Frameworks/Carbon.framework/Versions/A/Carbon
0x0000000123d2f000 	/System/Library/PrivateFrameworks/JavaLaunching.framework/Versions/A/JavaLaunching
0x00000000055d0000 	/System/Library/Frameworks/Carbon.framework/Versions/A/Frameworks/CommonPanels.framework/Versions/A/CommonPanels
0x00000000055d0000 	/System/Library/Frameworks/Carbon.framework/Versions/A/Frameworks/Help.framework/Versions/A/Help
0x00000000055d0000 	/System/Library/Frameworks/Carbon.framework/Versions/A/Frameworks/ImageCapture.framework/Versions/A/ImageCapture
0x00000000055d0000 	/System/Library/Frameworks/Carbon.framework/Versions/A/Frameworks/OpenScripting.framework/Versions/A/OpenScripting
0x00000000055d0000 	/System/Library/Frameworks/Carbon.framework/Versions/A/Frameworks/Print.framework/Versions/A/Print
0x00000000055d0000 	/System/Library/Frameworks/Carbon.framework/Versions/A/Frameworks/SecurityHI.framework/Versions/A/SecurityHI
0x0000000125651000 	/Library/Java/JavaVirtualMachines/jdk1.8.0_60.jdk/Contents/Home/jre/lib/libawt.dylib
0x00000001256f9000 	/Library/Java/JavaVirtualMachines/jdk1.8.0_60.jdk/Contents/Home/jre/lib/./libmlib_image.dylib
0x00000001257c5000 	/Library/Java/JavaVirtualMachines/jdk1.8.0_60.jdk/Contents/Home/jre/lib/libawt_lwawt.dylib
0x000000012587a000 	/Library/Java/JavaVirtualMachines/jdk1.8.0_60.jdk/Contents/Home/jre/lib/./libosxapp.dylib
0x00000000055d0000 	/System/Library/Frameworks/ExceptionHandling.framework/Versions/A/ExceptionHandling
0x00000000055d0000 	/System/Library/PrivateFrameworks/CoreServicesInternal.framework/Versions/A/CoreServicesInternal
0x00000000055d0000 	/System/Library/Frameworks/CoreGraphics.framework/Versions/A/Resources/libRIP.A.dylib
0x00000000055d0000 	/System/Library/Frameworks/Accelerate.framework/Versions/A/Frameworks/vImage.framework/Versions/A/Libraries/libCGInterfaces.dylib
0x00000000055d0000 	/System/Library/Frameworks/CoreGraphics.framework/Versions/A/Resources/libCGXType.A.dylib
0x00000000055d0000 	/System/Library/Frameworks/OpenCL.framework/Versions/A/Libraries/libcldcpuengine.dylib
0x00000000055d0000 	/System/Library/PrivateFrameworks/DiskImages.framework/Versions/A/DiskImages
0x00000000055d0000 	/System/Library/Frameworks/DiscRecording.framework/Versions/A/DiscRecording
0x00000000055d0000 	/usr/lib/libcsfde.dylib
0x00000000055d0000 	/usr/lib/libcurl.4.dylib
0x00000000055d0000 	/System/Library/PrivateFrameworks/MediaKit.framework/Versions/A/MediaKit
0x00000000055d0000 	/System/Library/PrivateFrameworks/ProtectedCloudStorage.framework/Versions/A/ProtectedCloudStorage
0x00000000055d0000 	/usr/lib/libCoreStorage.dylib
0x00000000055d0000 	/System/Library/PrivateFrameworks/EFILogin.framework/Versions/A/EFILogin
0x00000000055d0000 	/usr/lib/libutil.dylib
0x00000000055d0000 	/System/Library/PrivateFrameworks/FindMyDevice.framework/Versions/A/FindMyDevice
0x00000000055d0000 	/System/Library/Frameworks/LDAP.framework/Versions/A/LDAP
0x00000000055d0000 	/usr/lib/libsasl2.2.dylib
0x00000000055d0000 	/System/Library/PrivateFrameworks/CoreDaemon.framework/Versions/B/CoreDaemon
0x00000000055d0000 	/usr/lib/libcrypto.0.9.8.dylib
0x00000000055d0000 	/System/Library/PrivateFrameworks/AppleSRP.framework/Versions/A/AppleSRP
0x00000000055d0000 	/System/Library/PrivateFrameworks/TrustEvaluationAgent.framework/Versions/A/TrustEvaluationAgent
0x0000000126fb8000 	cl_kernels
0x00000000055d0000 	/System/Library/Frameworks/OpenCL.framework/Versions/A/Libraries/ImageFormats/unorm8_bgra.dylib
0x00000000055d0000 	/System/Library/Frameworks/OpenCL.framework/Versions/A/Libraries/ImageFormats/unorm8_rgba.dylib
0x00000000055d0000 	/System/Library/PrivateFrameworks/FamilyControls.framework/Versions/A/FamilyControls
0x00000000055d0000 	/System/Library/PrivateFrameworks/CommerceKit.framework/Versions/A/Frameworks/CommerceCore.framework/Versions/A/CommerceCore
0x00000000055d0000 	/System/Library/PrivateFrameworks/SystemAdministration.framework/Versions/A/SystemAdministration
0x00000000055d0000 	/System/Library/PrivateFrameworks/AppContainer.framework/Versions/A/AppContainer
0x00000000055d0000 	/System/Library/PrivateFrameworks/SecCodeWrapper.framework/Versions/A/SecCodeWrapper
0x00000000055d0000 	/System/Library/Frameworks/DirectoryService.framework/Versions/A/DirectoryService
0x00000000055d0000 	/System/Library/PrivateFrameworks/LoginUIKit.framework/Versions/A/Frameworks/LoginUICore.framework/Versions/A/LoginUICore
0x00000000055d0000 	/usr/lib/libodfde.dylib
0x00000000055d0000 	/System/Library/Frameworks/OpenGL.framework/Versions/A/Resources/GLEngine.bundle/GLEngine
0x00000000055d0000 	/System/Library/Frameworks/OpenGL.framework/Versions/A/Libraries/libGLProgrammability.dylib
0x000000012804d000 	/System/Library/Extensions/AppleIntelHD5000GraphicsGLDriver.bundle/Contents/MacOS/AppleIntelHD5000GraphicsGLDriver
0x00000000055d0000 	/System/Library/PrivateFrameworks/GPUSupport.framework/Versions/A/Libraries/libGPUSupportMercury.dylib
0x00000000055d0000 	/System/Library/Frameworks/OpenGL.framework/Versions/A/Resources/GLRendererFloat.bundle/GLRendererFloat
0x0000000129044000 	/Library/Java/JavaVirtualMachines/jdk1.8.0_60.jdk/Contents/Home/jre/lib/libfontmanager.dylib
0x000000012a49e000 	/Library/Java/JavaVirtualMachines/jdk1.8.0_60.jdk/Contents/Home/jre/lib/libosxui.dylib
0x000000012b2e9000 	/Library/Java/JavaVirtualMachines/jdk1.8.0_60.jdk/Contents/Home/jre/lib/libnet.dylib
0x000000012b14c000 	/Library/Java/JavaVirtualMachines/jdk1.8.0_60.jdk/Contents/Home/jre/lib/libnio.dylib
0x00000000055d0000 	/System/Library/Frameworks/ApplicationServices.framework/Versions/A/Frameworks/ATS.framework/Versions/A/Resources/libTrueTypeScaler.dylib
0x0000000182fc3000 	/System/Library/Extensions/AppleIntelHD5000GraphicsMTLDriver.bundle/Contents/MacOS/AppleIntelHD5000GraphicsMTLDriver
0x000000012659e000 	/private/var/folders/x9/z_v5q4vx5yx_kt718rrfk_lm0000gn/T/jogamp_0000/file_cache/jln5147170987003283480/jln5422019490344044510/libgluegen-rt.jnilib
0x00000001265a3000 	/private/var/folders/x9/z_v5q4vx5yx_kt718rrfk_lm0000gn/T/jogamp_0000/file_cache/jln5147170987003283480/jln5422019490344044510/libnativewindow_awt.jnilib
0x0000000182ecf000 	/Library/Java/JavaVirtualMachines/jdk1.8.0_60.jdk/Contents/Home/jre/lib/libjawt.dylib
0x0000000182ed2000 	/private/var/folders/x9/z_v5q4vx5yx_kt718rrfk_lm0000gn/T/jogamp_0000/file_cache/jln5147170987003283480/jln5422019490344044510/libnativewindow_macosx.jnilib
0x0000000184b86000 	/private/var/folders/x9/z_v5q4vx5yx_kt718rrfk_lm0000gn/T/jogamp_0000/file_cache/jln5147170987003283480/jln5422019490344044510/libjogl_desktop.jnilib
0x0000000184f8e000 	/Library/Java/JavaVirtualMachines/jdk1.8.0_60.jdk/Contents/Home/jre/lib/libt2k.dylib

VM Arguments:
jvm_args: -Djava.security.policy=java.policy.applet -Dfile.encoding=UTF-8 
java_command: sun.applet.AppletViewer module5.EarthquakeCityMap1444431082852.html
java_class_path (initial): /Users/gregorymankes/Google Drive/Udacity and Other Courses/Coursera/Data Structures Specialization/Course 1/Code/UCSDUnfoldingMaps/build:/Users/gregorymankes/Google Drive/Udacity and Other Courses/Coursera/Data Structures Specialization/Course 1/Code/UCSDUnfoldingMaps/lib/core.jar:/Users/gregorymankes/Google Drive/Udacity and Other Courses/Coursera/Data Structures Specialization/Course 1/Code/UCSDUnfoldingMaps/lib/gluegen-rt.jar:/Users/gregorymankes/Google Drive/Udacity and Other Courses/Coursera/Data Structures Specialization/Course 1/Code/UCSDUnfoldingMaps/lib/jogl-all.jar:/Users/gregorymankes/Google Drive/Udacity and Other Courses/Coursera/Data Structures Specialization/Course 1/Code/UCSDUnfoldingMaps/lib/log4j-1.2.15.jar:/Users/gregorymankes/Google Drive/Udacity and Other Courses/Coursera/Data Structures Specialization/Course 1/Code/UCSDUnfoldingMaps/lib/sqlite-jdbc-3.7.2.jar:/Users/gregorymankes/Google Drive/Udacity and Other Courses/Coursera/Data Structures Specialization/Course 1/Code/UCSDUnfoldingMaps/lib/json4processing.jar:/Users/gregorymankes/Google Drive/Udacity and Other Courses/Coursera/Data Structures Specialization/Course 1/Code/UCSDUnfoldingMaps/lib/libTUIO.jar:/Users/gregorymankes/Google Drive/Udacity and Other Courses/Coursera/Data Structures Specialization/Course 1/Code/UCSDUnfoldingMaps/lib/unfolding.0.9.7-uscd.jar
Launcher Type: SUN_STANDARD

Environment Variables:
PATH=/usr/bin:/bin:/usr/sbin:/sbin
SHELL=/bin/bash

Signal Handlers:
SIGSEGV: [libjvm.dylib+0x5a6d31], sa_mask[0]=11111111011111110111111111111111, sa_flags=SA_ONSTACK|SA_RESTART|SA_SIGINFO
SIGBUS: [libjvm.dylib+0x5a6d31], sa_mask[0]=11111111011111110111111111111111, sa_flags=SA_RESTART|SA_SIGINFO
SIGFPE: [libjvm.dylib+0x480a4c], sa_mask[0]=11111111011111110111111111111111, sa_flags=SA_RESTART|SA_SIGINFO
SIGPIPE: [libjvm.dylib+0x480a4c], sa_mask[0]=11111111011111110111111111111111, sa_flags=SA_RESTART|SA_SIGINFO
SIGXFSZ: [libjvm.dylib+0x480a4c], sa_mask[0]=11111111011111110111111111111111, sa_flags=SA_RESTART|SA_SIGINFO
SIGILL: [libjvm.dylib+0x480a4c], sa_mask[0]=11111111011111110111111111111111, sa_flags=SA_RESTART|SA_SIGINFO
SIGUSR1: SIG_DFL, sa_mask[0]=00000000000000000000000000000000, sa_flags=none
SIGUSR2: [libjvm.dylib+0x48056a], sa_mask[0]=00100000000000000000000000000000, sa_flags=SA_RESTART|SA_SIGINFO
SIGHUP: [libjvm.dylib+0x47eb41], sa_mask[0]=11111111011111110111111111111111, sa_flags=SA_RESTART|SA_SIGINFO
SIGINT: [libjvm.dylib+0x47eb41], sa_mask[0]=11111111011111110111111111111111, sa_flags=SA_RESTART|SA_SIGINFO
SIGTERM: [libjvm.dylib+0x47eb41], sa_mask[0]=11111111011111110111111111111111, sa_flags=SA_RESTART|SA_SIGINFO
SIGQUIT: [libjvm.dylib+0x47eb41], sa_mask[0]=11111111011111110111111111111111, sa_flags=SA_RESTART|SA_SIGINFO


---------------  S Y S T E M  ---------------

OS:Bsduname:Darwin 15.0.0 Darwin Kernel Version 15.0.0: Wed Aug 26 16:57:32 PDT 2015; root:xnu-3247.1.106~1/RELEASE_X86_64 x86_64
rlimit: STACK 8192k, CORE 0k, NPROC 709, NOFILE 10240, AS infinity
load average:1.85 2.14 2.09

CPU:total 4 (2 cores per cpu, 2 threads per core) family 6 model 69 stepping 1, cmov, cx8, fxsr, mmx, sse, sse2, sse3, ssse3, sse4.1, sse4.2, popcnt, avx, avx2, aes, clmul, erms, lzcnt, ht, tsc, tscinvbit, bmi1, bmi2

Memory: 4k page, physical 8388608k(950372k free)

/proc/meminfo:


vm_info: Java HotSpot(TM) 64-Bit Server VM (25.60-b23) for bsd-amd64 JRE (1.8.0_60-b27), built on Aug  4 2015 10:47:24 by "java_re" with gcc 4.2.1 (Based on Apple Inc. build 5658) (LLVM build 2336.11.00)

time: Fri Oct  9 18:51:37 2015
elapsed time: 14 seconds (0d 0h 0m 14s)

