#
# A fatal error has been detected by the Java Runtime Environment:
#
#  SIGSEGV (0xb) at pc=0x00007fff92a00d5d, pid=1690, tid=2571
#
# JRE version: Java(TM) SE Runtime Environment (8.0_60-b27) (build 1.8.0_60-b27)
# Java VM: Java HotSpot(TM) 64-Bit Server VM (25.60-b23 mixed mode bsd-amd64 compressed oops)
# Problematic frame:
# C  [libobjc.A.dylib+0x6d5d]  objc_msgSend+0x1d
#
# Failed to write core dump. Core dumps have been disabled. To enable core dumping, try "ulimit -c unlimited" before starting Java again
#
# If you would like to submit a bug report, please visit:
#   http://bugreport.java.com/bugreport/crash.jsp
# The crash happened outside the Java Virtual Machine in native code.
# See problematic frame for where to report the bug.
#

---------------  T H R E A D  ---------------

Current thread (0x00007f80e4900800):  JavaThread "AWT-AppKit" daemon [_thread_in_native, id=2571, stack(0x00007fff5441e000,0x00007fff54c1e000)]

siginfo: si_signo: 11 (SIGSEGV), si_code: 1 (SEGV_MAPERR), si_addr: 0x0000000000000018

Registers:
RAX=0x00007f80e759a0b0, RBX=0x0000000124c23450, RCX=0x0000000124c4bde0, RDX=0x0000000124b32520
RSP=0x00007fff54c191a8, RBP=0x00007fff54c19260, RSI=0x00007fff899ead06, RDI=0x00007f80e7352e30
R8 =0x0000000000000000, R9 =0x0000000000000810, R10=0x00007fff899ead06, R11=0x0000000000000000
R12=0x0000000000000000, R13=0x00000001833899b0, R14=0x0000000124c23440, R15=0x00007f80e4900800
RIP=0x00007fff92a00d5d, EFLAGS=0x0000000000010246, ERR=0x0000000000000004
  TRAPNO=0x000000000000000e

Top of Stack: (sp=0x00007fff54c191a8)
0x00007fff54c191a8:   0000000124c21157 00007fff54c19200
0x00007fff54c191b8:   0000000000000003 00007fff54c191e0
0x00007fff54c191c8:   000000010bdf1992 00000001833899b0
0x00007fff54c191d8:   00000001833899b0 00007f80e759a0b0
0x00007fff54c191e8:   0000000124c236a0 0000000124c23710
0x00007fff54c191f8:   00007fff75d82740 00007fff783c24b0
0x00007fff54c19208:   0000000124c23450 0000000124c23690
0x00007fff54c19218:   00007f80e759a0b0 00007f80e7352e30
0x00007fff54c19228:   00007f80e2fb5c10 00007f80e759a0b0
0x00007fff54c19238:   00007f80e7352e30 00007fff54c192e0
0x00007fff54c19248:   00007f80e49009f8 00000001833899b0
0x00007fff54c19258:   00007fff54c19308 00007fff54c192d0
0x00007fff54c19268:   000000010cb9e954 00007fff54c192d0
0x00007fff54c19278:   000000010cb9e6d9 000000010cbaa823
0x00007fff54c19288:   000000010cb9e6a2 00007fff54c19290
0x00007fff54c19298:   00000001833899b0 00007fff54c19308
0x00007fff54c192a8:   000000018338c5e8 0000000000000000
0x00007fff54c192b8:   00000001833899b0 0000000000000000
0x00007fff54c192c8:   00007fff54c192f0 00007fff54c19350
0x00007fff54c192d8:   000000010cb90c4d 00000007976d8768
0x00007fff54c192e8:   000000010cb98578 00007f80e759a0b0
0x00007fff54c192f8:   000000010cb99db9 00007f80e7352e30
0x00007fff54c19308:   000000010cb99d82 00007fff54c19310
0x00007fff54c19318:   0000000183389b7a 00007fff54c19378
0x00007fff54c19328:   000000018338c5e8 0000000000000000
0x00007fff54c19338:   0000000183389b88 00007fff54c192f0
0x00007fff54c19348:   00007fff54c19360 00007fff54c193c0
0x00007fff54c19358:   000000010cb90c4d 00007f80e759a0b0
0x00007fff54c19368:   00000007976c7770 00007f80e7352e30
0x00007fff54c19378:   00000007976c7770 00007fff54c19380
0x00007fff54c19388:   00000001876eda86 00007fff54c193d0
0x00007fff54c19398:   00000001876edb40 0000000000000000 

Instructions: (pc=0x00007fff92a00d5d)
0x00007fff92a00d3d:   44 00 00 48 85 ff 2e 74 62 40 f6 c7 01 2e 75 66
0x00007fff92a00d4d:   49 bb f8 ff ff ff ff 7f 00 00 4c 23 1f 49 89 f2
0x00007fff92a00d5d:   45 23 53 18 49 c1 e2 04 4d 03 53 10 49 3b 32 75
0x00007fff92a00d6d:   04 41 ff 62 08 49 83 3a 01 76 0d 49 83 c2 10 49 

Register to memory mapping:

RAX=0x00007f80e759a0b0 is an unknown value
RBX=0x0000000124c23450: Java_jogamp_nativewindow_macosx_OSXUtil_GetScreenRefreshRate0+0x1cf0 in /private/var/folders/x9/z_v5q4vx5yx_kt718rrfk_lm0000gn/T/jogamp_0000/file_cache/jln8967274141487026930/jln4686702744781623491/libnativewindow_macosx.jnilib at 0x0000000124c1c000
RCX=0x0000000124c4bde0 is an unknown value
RDX=0x0000000124b32520 is an unknown value
RSP=0x00007fff54c191a8 is pointing into the stack for thread: 0x00007f80e4900800
RBP=0x00007fff54c19260 is pointing into the stack for thread: 0x00007f80e4900800
RSI=0x00007fff899ead06 is an unknown value
RDI=0x00007f80e7352e30 is an unknown value
R8 =0x0000000000000000 is an unknown value
R9 =0x0000000000000810 is an unknown value
R10=0x00007fff899ead06 is an unknown value
R11=0x0000000000000000 is an unknown value
R12=0x0000000000000000 is an unknown value
R13={method} {0x00000001833899b0} 'UnsetJAWTRootSurfaceLayer0' '(JJ)V' in 'jogamp/nativewindow/jawt/macosx/MacOSXJAWTWindow'
R14=0x0000000124c23440: Java_jogamp_nativewindow_macosx_OSXUtil_GetScreenRefreshRate0+0x1ce0 in /private/var/folders/x9/z_v5q4vx5yx_kt718rrfk_lm0000gn/T/jogamp_0000/file_cache/jln8967274141487026930/jln4686702744781623491/libnativewindow_macosx.jnilib at 0x0000000124c1c000
R15=0x00007f80e4900800 is a thread


Stack: [0x00007fff5441e000,0x00007fff54c1e000],  sp=0x00007fff54c191a8,  free space=8172k
Native frames: (J=compiled Java code, j=interpreted, Vv=VM code, C=native code)
C  [libobjc.A.dylib+0x6d5d]  objc_msgSend+0x1d
j  jogamp.nativewindow.jawt.macosx.MacOSXJAWTWindow.UnsetJAWTRootSurfaceLayer0(JJ)V+0
j  jogamp.nativewindow.jawt.macosx.MacOSXJAWTWindow.access$200(JJ)V+2
j  jogamp.nativewindow.jawt.macosx.MacOSXJAWTWindow$1.run()V+38
j  com.jogamp.common.util.RunnableTask.run()V+24
v  ~StubRoutines::call_stub
V  [libjvm.dylib+0x2eab0e]
V  [libjvm.dylib+0x321bb7]
V  [libjvm.dylib+0x31438b]
C  [libnativewindow_macosx.jnilib+0x5326]  Java_jogamp_nativewindow_jawt_macosx_MacOSXJAWTWindow_UnsetJAWTRootSurfaceLayer0+0x2b6
C  [Foundation+0x7754e]  __NSThreadPerformPerform+0x117
C  [CoreFoundation+0xaa621]  __CFRUNLOOP_IS_CALLING_OUT_TO_A_SOURCE0_PERFORM_FUNCTION__+0x11
C  [CoreFoundation+0x89d97]  __CFRunLoopDoSources0+0x1a7
C  [CoreFoundation+0x8933f]  __CFRunLoopRun+0x39f
C  [CoreFoundation+0x88d38]  CFRunLoopRunSpecific+0x128
C  [HIToolbox+0x30d55]  RunCurrentEventLoopInMode+0xeb
C  [HIToolbox+0x30a97]  ReceiveNextEventCommon+0xb8
C  [HIToolbox+0x309cf]  _BlockUntilNextEventMatchingListInModeWithFilter+0x47
C  [AppKit+0x49f3a]  _DPSNextEvent+0x42b
C  [AppKit+0x49369]  -[NSApplication _nextEventMatchingEventMask:untilDate:inMode:dequeue:]+0x1c6
C  [libosxapp.dylib+0x23aa]  -[NSApplicationAWT nextEventMatchingMask:untilDate:inMode:dequeue:]+0x7c
C  [AppKit+0x3decc]  -[NSApplication run]+0x2aa
C  [libosxapp.dylib+0x214d]  +[NSApplicationAWT runAWTLoopWithApp:]+0x9c
C  [libawt_lwawt.dylib+0x44517]  -[AWTStarter starter:]+0x389
C  [Foundation+0x7754e]  __NSThreadPerformPerform+0x117
C  [CoreFoundation+0xaa621]  __CFRUNLOOP_IS_CALLING_OUT_TO_A_SOURCE0_PERFORM_FUNCTION__+0x11
C  [CoreFoundation+0x89e1c]  __CFRunLoopDoSources0+0x22c
C  [CoreFoundation+0x8933f]  __CFRunLoopRun+0x39f
C  [CoreFoundation+0x88d38]  CFRunLoopRunSpecific+0x128
C  [java+0x6463]  CreateExecutionEnvironment+0x367
C  [java+0x21ac]  JLI_Launch+0x7a0
C  [java+0x84c0]  main+0x65
C  [java+0x1a04]  start+0x34
C  0x0000000000000007

Java frames: (J=compiled Java code, j=interpreted, Vv=VM code)
j  jogamp.nativewindow.jawt.macosx.MacOSXJAWTWindow.UnsetJAWTRootSurfaceLayer0(JJ)V+0
j  jogamp.nativewindow.jawt.macosx.MacOSXJAWTWindow.access$200(JJ)V+2
j  jogamp.nativewindow.jawt.macosx.MacOSXJAWTWindow$1.run()V+38
j  com.jogamp.common.util.RunnableTask.run()V+24
v  ~StubRoutines::call_stub

---------------  P R O C E S S  ---------------

Java Threads: ( => current thread )
  0x00007f80e41e0000 JavaThread "Thread-19" [_thread_blocked, id=59403, stack(0x0000700001765000,0x0000700001865000)]
  0x00007f80e3379000 JavaThread "Image Fetcher 2" daemon [_thread_blocked, id=66307, stack(0x0000700002103000,0x0000700002203000)]
  0x00007f80e85f1000 JavaThread "Image Fetcher 1" daemon [_thread_blocked, id=65795, stack(0x0000700002000000,0x0000700002100000)]
  0x00007f80e85f7800 JavaThread "Image Fetcher 0" daemon [_thread_blocked, id=65283, stack(0x0000700001efd000,0x0000700001ffd000)]
  0x00007f80e8a9f000 JavaThread "Keep-Alive-Timer" daemon [_thread_blocked, id=65055, stack(0x0000700001dfa000,0x0000700001efa000)]
  0x00007f80e4c6f800 JavaThread "AWT-EventQueue-1" [_thread_in_native, id=58663, stack(0x0000700001868000,0x0000700001968000)]
  0x00007f80e307a000 JavaThread "DestroyJavaVM" [_thread_blocked, id=5891, stack(0x000070000011a000,0x000070000021a000)]
  0x00007f80e420b800 JavaThread "AWT-EventQueue-0" [_thread_blocked, id=56067, stack(0x0000700001662000,0x0000700001762000)]
  0x00007f80e3963800 JavaThread "Java2D Disposer" daemon [_thread_blocked, id=52999, stack(0x00007000013d9000,0x00007000014d9000)]
  0x00007f80e41e2800 JavaThread "Java2D Queue Flusher" daemon [_thread_blocked, id=41243, stack(0x00007000012d6000,0x00007000013d6000)]
  0x00007f80e491c000 JavaThread "AWT-Shutdown" [_thread_blocked, id=29715, stack(0x0000700001150000,0x0000700001250000)]
=>0x00007f80e4900800 JavaThread "AWT-AppKit" daemon [_thread_in_native, id=2571, stack(0x00007fff5441e000,0x00007fff54c1e000)]
  0x00007f80e4813800 JavaThread "Service Thread" daemon [_thread_blocked, id=18691, stack(0x0000700000e44000,0x0000700000f44000)]
  0x00007f80e4050000 JavaThread "C1 CompilerThread2" daemon [_thread_blocked, id=18179, stack(0x0000700000d41000,0x0000700000e41000)]
  0x00007f80e404f000 JavaThread "C2 CompilerThread1" daemon [_thread_blocked, id=17667, stack(0x0000700000c3e000,0x0000700000d3e000)]
  0x00007f80e404d000 JavaThread "C2 CompilerThread0" daemon [_thread_blocked, id=17155, stack(0x0000700000b3b000,0x0000700000c3b000)]
  0x00007f80e4006800 JavaThread "Signal Dispatcher" daemon [_thread_blocked, id=13839, stack(0x0000700000a38000,0x0000700000b38000)]
  0x00007f80e404a000 JavaThread "Finalizer" daemon [_thread_blocked, id=12291, stack(0x000070000082f000,0x000070000092f000)]
  0x00007f80e480f000 JavaThread "Reference Handler" daemon [_thread_blocked, id=11779, stack(0x000070000072c000,0x000070000082c000)]

Other Threads:
  0x00007f80e3806000 VMThread [stack: 0x0000700000629000,0x0000700000729000] [id=11267]
  0x00007f80e4004000 WatcherThread [stack: 0x0000700000f47000,0x0000700001047000] [id=19203]

VM state:not at safepoint (normal execution)

VM Mutex/Monitor currently owned by a thread: None

Heap:
 PSYoungGen      total 38400K, used 15445K [0x0000000795580000, 0x0000000798000000, 0x00000007c0000000)
  eden space 33280K, 31% used [0x0000000795580000,0x0000000795f95990,0x0000000797600000)
  from space 5120K, 99% used [0x0000000797600000,0x0000000797affb90,0x0000000797b00000)
  to   space 5120K, 0% used [0x0000000797b00000,0x0000000797b00000,0x0000000798000000)
 ParOldGen       total 87552K, used 12414K [0x0000000740000000, 0x0000000745580000, 0x0000000795580000)
  object space 87552K, 14% used [0x0000000740000000,0x0000000740c1f8f0,0x0000000745580000)
 Metaspace       used 20665K, capacity 20821K, committed 21120K, reserved 1069056K
  class space    used 2046K, capacity 2111K, committed 2176K, reserved 1048576K

Card table byte_map: [0x000000011bf49000,0x000000011c34a000] byte_map_base: 0x0000000118549000

Marking Bits: (ParMarkBitMap*) 0x000000010c4dee20
 Begin Bits: [0x000000011c5f5000, 0x000000011e5f5000)
 End Bits:   [0x000000011e5f5000, 0x00000001205f5000)

Polling page: 0x000000010b2a5000

CodeCache: size=245760Kb used=7097Kb max_used=7122Kb free=238662Kb
 bounds [0x000000010cb89000, 0x000000010d289000, 0x000000011bb89000]
 total_blobs=2877 nmethods=1987 adapters=803
 compilation: enabled

Compilation events (10 events):
Event: 8.708 Thread 0x00007f80e404f000 nmethod 2249 0x000000010d14a390 code [0x000000010d14a500, 0x000000010d14ac78]
Event: 8.708 Thread 0x00007f80e404d000 nmethod 2250 0x000000010d066c10 code [0x000000010d066d80, 0x000000010d067558]
Event: 8.712 Thread 0x00007f80e4050000 2251       3       sun.net.www.protocol.jar.Handler::parseContextSpec (154 bytes)
Event: 8.714 Thread 0x00007f80e4050000 nmethod 2251 0x000000010d062f50 code [0x000000010d063340, 0x000000010d065a28]
Event: 8.714 Thread 0x00007f80e4050000 2252       3       sun.net.www.ParseUtil::canonizeString (195 bytes)
Event: 8.715 Thread 0x00007f80e4050000 nmethod 2252 0x000000010d05f790 code [0x000000010d05fb60, 0x000000010d061fa8]
Event: 8.716 Thread 0x00007f80e4050000 2253       3       sun.lwawt.LWComponentPeer::getWindowPeerOrSelf (5 bytes)
Event: 8.716 Thread 0x00007f80e4050000 nmethod 2253 0x000000010d06a950 code [0x000000010d06aac0, 0x000000010d06acb0]
Event: 8.716 Thread 0x00007f80e4050000 2254       1       sun.java2d.SurfaceData::isValid (5 bytes)
Event: 8.716 Thread 0x00007f80e4050000 nmethod 2254 0x000000010d096d10 code [0x000000010d096e60, 0x000000010d096f70]

GC Heap History (6 events):
Event: 2.329 GC heap before
{Heap before GC invocations=1 (full 0):
 PSYoungGen      total 38400K, used 33280K [0x0000000795580000, 0x0000000798000000, 0x00000007c0000000)
  eden space 33280K, 100% used [0x0000000795580000,0x0000000797600000,0x0000000797600000)
  from space 5120K, 0% used [0x0000000797b00000,0x0000000797b00000,0x0000000798000000)
  to   space 5120K, 0% used [0x0000000797600000,0x0000000797600000,0x0000000797b00000)
 ParOldGen       total 87552K, used 0K [0x0000000740000000, 0x0000000745580000, 0x0000000795580000)
  object space 87552K, 0% used [0x0000000740000000,0x0000000740000000,0x0000000745580000)
 Metaspace       used 15486K, capacity 15705K, committed 16000K, reserved 1062912K
  class space    used 1561K, capacity 1627K, committed 1664K, reserved 1048576K
Event: 2.336 GC heap after
Heap after GC invocations=1 (full 0):
 PSYoungGen      total 38400K, used 4847K [0x0000000795580000, 0x0000000798000000, 0x00000007c0000000)
  eden space 33280K, 0% used [0x0000000795580000,0x0000000795580000,0x0000000797600000)
  from space 5120K, 94% used [0x0000000797600000,0x0000000797abbd78,0x0000000797b00000)
  to   space 5120K, 0% used [0x0000000797b00000,0x0000000797b00000,0x0000000798000000)
 ParOldGen       total 87552K, used 8K [0x0000000740000000, 0x0000000745580000, 0x0000000795580000)
  object space 87552K, 0% used [0x0000000740000000,0x0000000740002000,0x0000000745580000)
 Metaspace       used 15486K, capacity 15705K, committed 16000K, reserved 1062912K
  class space    used 1561K, capacity 1627K, committed 1664K, reserved 1048576K
}
Event: 3.631 GC heap before
{Heap before GC invocations=2 (full 0):
 PSYoungGen      total 38400K, used 36540K [0x0000000795580000, 0x0000000798000000, 0x00000007c0000000)
  eden space 33280K, 95% used [0x0000000795580000,0x00000007974735d0,0x0000000797600000)
  from space 5120K, 94% used [0x0000000797600000,0x0000000797abbd78,0x0000000797b00000)
  to   space 5120K, 0% used [0x0000000797b00000,0x0000000797b00000,0x0000000798000000)
 ParOldGen       total 87552K, used 8K [0x0000000740000000, 0x0000000745580000, 0x0000000795580000)
  object space 87552K, 0% used [0x0000000740000000,0x0000000740002000,0x0000000745580000)
 Metaspace       used 19263K, capacity 19435K, committed 19712K, reserved 1067008K
  class space    used 1960K, capacity 2014K, committed 2048K, reserved 1048576K
Event: 3.653 GC heap after
Heap after GC invocations=2 (full 0):
 PSYoungGen      total 38400K, used 5117K [0x0000000795580000, 0x0000000798000000, 0x00000007c0000000)
  eden space 33280K, 0% used [0x0000000795580000,0x0000000795580000,0x0000000797600000)
  from space 5120K, 99% used [0x0000000797b00000,0x0000000797fff430,0x0000000798000000)
  to   space 5120K, 0% used [0x0000000797600000,0x0000000797600000,0x0000000797b00000)
 ParOldGen       total 87552K, used 4238K [0x0000000740000000, 0x0000000745580000, 0x0000000795580000)
  object space 87552K, 4% used [0x0000000740000000,0x0000000740423840,0x0000000745580000)
 Metaspace       used 19263K, capacity 19435K, committed 19712K, reserved 1067008K
  class space    used 1960K, capacity 2014K, committed 2048K, reserved 1048576K
}
Event: 4.619 GC heap before
{Heap before GC invocations=3 (full 0):
 PSYoungGen      total 38400K, used 38397K [0x0000000795580000, 0x0000000798000000, 0x00000007c0000000)
  eden space 33280K, 100% used [0x0000000795580000,0x0000000797600000,0x0000000797600000)
  from space 5120K, 99% used [0x0000000797b00000,0x0000000797fff430,0x0000000798000000)
  to   space 5120K, 0% used [0x0000000797600000,0x0000000797600000,0x0000000797b00000)
 ParOldGen       total 87552K, used 4238K [0x0000000740000000, 0x0000000745580000, 0x0000000795580000)
  object space 87552K, 4% used [0x0000000740000000,0x0000000740423840,0x0000000745580000)
 Metaspace       used 20430K, capacity 20629K, committed 20864K, reserved 1069056K
  class space    used 2034K, capacity 2111K, committed 2176K, reserved 1048576K
Event: 4.629 GC heap after
Heap after GC invocations=3 (full 0):
 PSYoungGen      total 38400K, used 5118K [0x0000000795580000, 0x0000000798000000, 0x00000007c0000000)
  eden space 33280K, 0% used [0x0000000795580000,0x0000000795580000,0x0000000797600000)
  from space 5120K, 99% used [0x0000000797600000,0x0000000797affb90,0x0000000797b00000)
  to   space 5120K, 0% used [0x0000000797b00000,0x0000000797b00000,0x0000000798000000)
 ParOldGen       total 87552K, used 12414K [0x0000000740000000, 0x0000000745580000, 0x0000000795580000)
  object space 87552K, 14% used [0x0000000740000000,0x0000000740c1f8f0,0x0000000745580000)
 Metaspace       used 20430K, capacity 20629K, committed 20864K, reserved 1069056K
  class space    used 2034K, capacity 2111K, committed 2176K, reserved 1048576K
}

Deoptimization events (10 events):
Event: 3.951 Thread 0x00007f80e4c6f800 Uncommon trap: reason=unstable_if action=reinterpret pc=0x000000010d0fdd6c method=com.jogamp.common.util.IntIntHashMap.get(I)I @ 19
Event: 4.310 Thread 0x00007f80e338e800 Uncommon trap: reason=unstable_if action=reinterpret pc=0x000000010d0539d4 method=java.lang.String.regionMatches(ZILjava/lang/String;II)Z @ 123
Event: 4.321 Thread 0x00007f80e3cfe800 Uncommon trap: reason=class_check action=maybe_recompile pc=0x000000010d052c90 method=java.util.Arrays.copyOf([Ljava/lang/Object;ILjava/lang/Class;)[Ljava/lang/Object; @ 24
Event: 4.523 Thread 0x00007f80e4c6f800 Uncommon trap: reason=unstable_if action=reinterpret pc=0x000000010d1c8030 method=processing.opengl.PGraphicsOpenGL$TessGeometry.polyIndexCheck(I)V @ 13
Event: 8.691 Thread 0x00007f80e4c6f800 Uncommon trap: reason=class_check action=maybe_recompile pc=0x000000010d052c90 method=java.util.Arrays.copyOf([Ljava/lang/Object;ILjava/lang/Class;)[Ljava/lang/Object; @ 24
Event: 8.691 Thread 0x00007f80e4c6f800 Uncommon trap: reason=class_check action=maybe_recompile pc=0x000000010d052c90 method=java.util.Arrays.copyOf([Ljava/lang/Object;ILjava/lang/Class;)[Ljava/lang/Object; @ 24
Event: 8.694 Thread 0x00007f80e420b800 Uncommon trap: reason=unstable_if action=reinterpret pc=0x000000010d08919c method=java.awt.font.FontRenderContext.equals(Ljava/awt/font/FontRenderContext;)Z @ 2
Event: 8.699 Thread 0x00007f80e3098000 Uncommon trap: reason=unstable_if action=reinterpret pc=0x000000010d103290 method=java.util.HashMap.putVal(ILjava/lang/Object;Ljava/lang/Object;ZZ)Ljava/lang/Object; @ 81
Event: 8.700 Thread 0x00007f80e3098000 Uncommon trap: reason=unstable_if action=reinterpret pc=0x000000010d0f93bc method=java.util.HashMap.putVal(ILjava/lang/Object;Ljava/lang/Object;ZZ)Ljava/lang/Object; @ 81
Event: 8.700 Thread 0x00007f80e420b800 Uncommon trap: reason=unstable_if action=reinterpret pc=0x000000010cdd1af8 method=java.awt.font.FontRenderContext.equals(Ljava/awt/font/FontRenderContext;)Z @ 2

Internal exceptions (10 events):
Event: 0.467 Thread 0x00007f80e4802000 Exception <a 'java/io/FileNotFoundException'> (0x00000007958b9758) thrown at [/Users/java_re/workspace/8-2-build-macosx-x86_64/jdk8u60/4407/hotspot/src/share/vm/prims/jni.cpp, line 709]
Event: 0.513 Thread 0x00007f80e4802000 Exception <a 'java/io/FileNotFoundException'> (0x00000007959c96a0) thrown at [/Users/java_re/workspace/8-2-build-macosx-x86_64/jdk8u60/4407/hotspot/src/share/vm/prims/jni.cpp, line 709]
Event: 0.675 Thread 0x00007f80e4802000 Exception <a 'java/io/FileNotFoundException'> (0x0000000795a08298) thrown at [/Users/java_re/workspace/8-2-build-macosx-x86_64/jdk8u60/4407/hotspot/src/share/vm/prims/jni.cpp, line 709]
Event: 2.117 Thread 0x00007f80e43ce000 Exception <a 'java/lang/UnsatisfiedLinkError': com.jogamp.common.util.JarUtil.fixNativeLibAttribs(Ljava/lang/String;)Z> (0x0000000796dcb508) thrown at [/Users/java_re/workspace/8-2-build-macosx-x86_64/jdk8u60/4407/hotspot/src/share/vm/prims/nativeLookup.c
Event: 2.337 Thread 0x00007f80e404a000 Exception <a 'java/lang/NullPointerException'> (0x00000007956a3610) thrown at [/Users/java_re/workspace/8-2-build-macosx-x86_64/jdk8u60/4407/hotspot/src/share/vm/interpreter/linkResolver.cpp, line 1178]
Event: 2.929 Thread 0x00007f80e4c6f800 Exception <a 'java/io/FileNotFoundException'> (0x000000079626c5c8) thrown at [/Users/java_re/workspace/8-2-build-macosx-x86_64/jdk8u60/4407/hotspot/src/share/vm/prims/jni.cpp, line 709]
Event: 2.929 Thread 0x00007f80e4c6f800 Exception <a 'java/io/FileNotFoundException'> (0x0000000796278880) thrown at [/Users/java_re/workspace/8-2-build-macosx-x86_64/jdk8u60/4407/hotspot/src/share/vm/prims/jni.cpp, line 709]
Event: 2.929 Thread 0x00007f80e4c6f800 Implicit null exception at 0x000000010cd406b3 to 0x000000010cd40a65
Event: 3.951 Thread 0x00007f80e4c6f800 Implicit null exception at 0x000000010d0fdcea to 0x000000010d0fdd55
Event: 5.453 Thread 0x00007f80e4c6f800 Exception <a 'java/lang/NullPointerException'> (0x0000000795d3f750) thrown at [/Users/java_re/workspace/8-2-build-macosx-x86_64/jdk8u60/4407/hotspot/src/share/vm/interpreter/linkResolver.cpp, line 1178]

Events (10 events):
Event: 8.711 loading class jogamp/nativewindow/jawt/macosx/MacOSXJAWTWindow$1 done
Event: 8.713 loading class java/awt/LightweightDispatcher$2
Event: 8.713 loading class java/awt/LightweightDispatcher$2 done
Event: 8.713 loading class java/awt/event/AWTEventListenerProxy
Event: 8.713 loading class java/awt/event/AWTEventListenerProxy done
Event: 8.713 loading class java/awt/Toolkit$ToolkitEventMulticaster
Event: 8.713 loading class java/awt/Toolkit$ToolkitEventMulticaster done
Event: 8.713 Thread 0x00007f80e3098000 Thread exited: 0x00007f80e3098000
Event: 8.714 loading class java/awt/Window$1DisposeAction
Event: 8.714 loading class java/awt/Window$1DisposeAction done


Dynamic libraries:
0x00000000055d0000 	/System/Library/Frameworks/Cocoa.framework/Versions/A/Cocoa
0x00000000055d0000 	/System/Library/Frameworks/Security.framework/Versions/A/Security
0x00000000055d0000 	/System/Library/Frameworks/ApplicationServices.framework/Versions/A/ApplicationServices
0x00000000055d0000 	/usr/lib/libz.1.dylib
0x00000000055d0000 	/usr/lib/libSystem.B.dylib
0x00000000055d0000 	/usr/lib/libobjc.A.dylib
0x00000000055d0000 	/System/Library/Frameworks/CoreFoundation.framework/Versions/A/CoreFoundation
0x00000000055d0000 	/System/Library/Frameworks/Foundation.framework/Versions/C/Foundation
0x00000000055d0000 	/System/Library/Frameworks/AppKit.framework/Versions/C/AppKit
0x00000000055d0000 	/System/Library/Frameworks/CoreData.framework/Versions/A/CoreData
0x00000000055d0000 	/System/Library/PrivateFrameworks/RemoteViewServices.framework/Versions/A/RemoteViewServices
0x00000000055d0000 	/System/Library/PrivateFrameworks/UIFoundation.framework/Versions/A/UIFoundation
0x00000000055d0000 	/usr/lib/libScreenReader.dylib
0x00000000055d0000 	/System/Library/Frameworks/Accelerate.framework/Versions/A/Accelerate
0x00000000055d0000 	/System/Library/Frameworks/IOSurface.framework/Versions/A/IOSurface
0x00000000055d0000 	/System/Library/Frameworks/AudioToolbox.framework/Versions/A/AudioToolbox
0x00000000055d0000 	/System/Library/Frameworks/AudioUnit.framework/Versions/A/AudioUnit
0x00000000055d0000 	/System/Library/PrivateFrameworks/DataDetectorsCore.framework/Versions/A/DataDetectorsCore
0x00000000055d0000 	/System/Library/PrivateFrameworks/DesktopServicesPriv.framework/Versions/A/DesktopServicesPriv
0x00000000055d0000 	/System/Library/Frameworks/Carbon.framework/Versions/A/Frameworks/HIToolbox.framework/Versions/A/HIToolbox
0x00000000055d0000 	/System/Library/Frameworks/QuartzCore.framework/Versions/A/QuartzCore
0x00000000055d0000 	/System/Library/Frameworks/Carbon.framework/Versions/A/Frameworks/SpeechRecognition.framework/Versions/A/SpeechRecognition
0x00000000055d0000 	/usr/lib/libauto.dylib
0x00000000055d0000 	/usr/lib/libicucore.A.dylib
0x00000000055d0000 	/usr/lib/libxml2.2.dylib
0x00000000055d0000 	/System/Library/PrivateFrameworks/CoreUI.framework/Versions/A/CoreUI
0x00000000055d0000 	/System/Library/Frameworks/CoreAudio.framework/Versions/A/CoreAudio
0x00000000055d0000 	/System/Library/Frameworks/DiskArbitration.framework/Versions/A/DiskArbitration
0x00000000055d0000 	/usr/lib/liblangid.dylib
0x00000000055d0000 	/System/Library/PrivateFrameworks/MultitouchSupport.framework/Versions/A/MultitouchSupport
0x00000000055d0000 	/System/Library/Frameworks/IOKit.framework/Versions/A/IOKit
0x00000000055d0000 	/usr/lib/libDiagnosticMessagesClient.dylib
0x00000000055d0000 	/System/Library/Frameworks/CoreServices.framework/Versions/A/CoreServices
0x00000000055d0000 	/System/Library/PrivateFrameworks/PerformanceAnalysis.framework/Versions/A/PerformanceAnalysis
0x00000000055d0000 	/System/Library/PrivateFrameworks/GenerationalStorage.framework/Versions/A/GenerationalStorage
0x00000000055d0000 	/System/Library/Frameworks/OpenGL.framework/Versions/A/OpenGL
0x00000000055d0000 	/System/Library/PrivateFrameworks/Sharing.framework/Versions/A/Sharing
0x00000000055d0000 	/System/Library/Frameworks/CoreGraphics.framework/Versions/A/CoreGraphics
0x00000000055d0000 	/System/Library/Frameworks/CoreImage.framework/Versions/A/CoreImage
0x00000000055d0000 	/System/Library/Frameworks/CoreText.framework/Versions/A/CoreText
0x00000000055d0000 	/System/Library/Frameworks/ImageIO.framework/Versions/A/ImageIO
0x00000000055d0000 	/System/Library/PrivateFrameworks/Backup.framework/Versions/A/Backup
0x00000000055d0000 	/usr/lib/libextension.dylib
0x00000000055d0000 	/usr/lib/libarchive.2.dylib
0x00000000055d0000 	/System/Library/Frameworks/CFNetwork.framework/Versions/A/CFNetwork
0x00000000055d0000 	/System/Library/Frameworks/SystemConfiguration.framework/Versions/A/SystemConfiguration
0x00000000055d0000 	/usr/lib/libCRFSuite.dylib
0x00000000055d0000 	/usr/lib/libc++.1.dylib
0x00000000055d0000 	/usr/lib/libc++abi.dylib
0x00000000055d0000 	/usr/lib/system/libcache.dylib
0x00000000055d0000 	/usr/lib/system/libcommonCrypto.dylib
0x00000000055d0000 	/usr/lib/system/libcompiler_rt.dylib
0x00000000055d0000 	/usr/lib/system/libcopyfile.dylib
0x00000000055d0000 	/usr/lib/system/libcorecrypto.dylib
0x00000000055d0000 	/usr/lib/system/libdispatch.dylib
0x00000000055d0000 	/usr/lib/system/libdyld.dylib
0x00000000055d0000 	/usr/lib/system/libkeymgr.dylib
0x00000000055d0000 	/usr/lib/system/liblaunch.dylib
0x00000000055d0000 	/usr/lib/system/libmacho.dylib
0x00000000055d0000 	/usr/lib/system/libquarantine.dylib
0x00000000055d0000 	/usr/lib/system/libremovefile.dylib
0x00000000055d0000 	/usr/lib/system/libsystem_asl.dylib
0x00000000055d0000 	/usr/lib/system/libsystem_blocks.dylib
0x00000000055d0000 	/usr/lib/system/libsystem_c.dylib
0x00000000055d0000 	/usr/lib/system/libsystem_configuration.dylib
0x00000000055d0000 	/usr/lib/system/libsystem_coreservices.dylib
0x00000000055d0000 	/usr/lib/system/libsystem_coretls.dylib
0x00000000055d0000 	/usr/lib/system/libsystem_dnssd.dylib
0x00000000055d0000 	/usr/lib/system/libsystem_info.dylib
0x00000000055d0000 	/usr/lib/system/libsystem_kernel.dylib
0x00000000055d0000 	/usr/lib/system/libsystem_m.dylib
0x00000000055d0000 	/usr/lib/system/libsystem_malloc.dylib
0x00000000055d0000 	/usr/lib/system/libsystem_network.dylib
0x00000000055d0000 	/usr/lib/system/libsystem_networkextension.dylib
0x00000000055d0000 	/usr/lib/system/libsystem_notify.dylib
0x00000000055d0000 	/usr/lib/system/libsystem_platform.dylib
0x00000000055d0000 	/usr/lib/system/libsystem_pthread.dylib
0x00000000055d0000 	/usr/lib/system/libsystem_sandbox.dylib
0x00000000055d0000 	/usr/lib/system/libsystem_secinit.dylib
0x00000000055d0000 	/usr/lib/system/libsystem_trace.dylib
0x00000000055d0000 	/usr/lib/system/libunc.dylib
0x00000000055d0000 	/usr/lib/system/libunwind.dylib
0x00000000055d0000 	/usr/lib/system/libxpc.dylib
0x00000000055d0000 	/usr/lib/libenergytrace.dylib
0x00000000055d0000 	/usr/lib/libbsm.0.dylib
0x00000000055d0000 	/usr/lib/system/libkxld.dylib
0x00000000055d0000 	/usr/lib/libxar.1.dylib
0x00000000055d0000 	/usr/lib/libsqlite3.dylib
0x00000000055d0000 	/usr/lib/libpam.2.dylib
0x00000000055d0000 	/usr/lib/libOpenScriptingUtil.dylib
0x00000000055d0000 	/usr/lib/libbz2.1.0.dylib
0x00000000055d0000 	/usr/lib/liblzma.5.dylib
0x00000000055d0000 	/System/Library/Frameworks/CoreServices.framework/Versions/A/Frameworks/FSEvents.framework/Versions/A/FSEvents
0x00000000055d0000 	/System/Library/Frameworks/CoreServices.framework/Versions/A/Frameworks/CarbonCore.framework/Versions/A/CarbonCore
0x00000000055d0000 	/System/Library/Frameworks/CoreServices.framework/Versions/A/Frameworks/Metadata.framework/Versions/A/Metadata
0x00000000055d0000 	/System/Library/Frameworks/CoreServices.framework/Versions/A/Frameworks/OSServices.framework/Versions/A/OSServices
0x00000000055d0000 	/System/Library/Frameworks/CoreServices.framework/Versions/A/Frameworks/SearchKit.framework/Versions/A/SearchKit
0x00000000055d0000 	/System/Library/Frameworks/CoreServices.framework/Versions/A/Frameworks/AE.framework/Versions/A/AE
0x00000000055d0000 	/System/Library/Frameworks/CoreServices.framework/Versions/A/Frameworks/LaunchServices.framework/Versions/A/LaunchServices
0x00000000055d0000 	/System/Library/Frameworks/CoreServices.framework/Versions/A/Frameworks/DictionaryServices.framework/Versions/A/DictionaryServices
0x00000000055d0000 	/System/Library/Frameworks/CoreServices.framework/Versions/A/Frameworks/SharedFileList.framework/Versions/A/SharedFileList
0x00000000055d0000 	/System/Library/Frameworks/NetFS.framework/Versions/A/NetFS
0x00000000055d0000 	/System/Library/PrivateFrameworks/NetAuth.framework/Versions/A/NetAuth
0x00000000055d0000 	/System/Library/PrivateFrameworks/login.framework/Versions/A/Frameworks/loginsupport.framework/Versions/A/loginsupport
0x00000000055d0000 	/System/Library/PrivateFrameworks/TCC.framework/Versions/A/TCC
0x00000000055d0000 	/usr/lib/libmecabra.dylib
0x00000000055d0000 	/System/Library/Frameworks/ApplicationServices.framework/Versions/A/Frameworks/ATS.framework/Versions/A/ATS
0x00000000055d0000 	/System/Library/Frameworks/ApplicationServices.framework/Versions/A/Frameworks/ColorSync.framework/Versions/A/ColorSync
0x00000000055d0000 	/System/Library/Frameworks/ApplicationServices.framework/Versions/A/Frameworks/HIServices.framework/Versions/A/HIServices
0x00000000055d0000 	/System/Library/Frameworks/ApplicationServices.framework/Versions/A/Frameworks/LangAnalysis.framework/Versions/A/LangAnalysis
0x00000000055d0000 	/System/Library/Frameworks/ApplicationServices.framework/Versions/A/Frameworks/PrintCore.framework/Versions/A/PrintCore
0x00000000055d0000 	/System/Library/Frameworks/ApplicationServices.framework/Versions/A/Frameworks/QD.framework/Versions/A/QD
0x00000000055d0000 	/System/Library/Frameworks/ApplicationServices.framework/Versions/A/Frameworks/SpeechSynthesis.framework/Versions/A/SpeechSynthesis
0x00000000055d0000 	/System/Library/Frameworks/Metal.framework/Versions/A/Metal
0x00000000055d0000 	/System/Library/Frameworks/Accelerate.framework/Versions/A/Frameworks/vImage.framework/Versions/A/vImage
0x00000000055d0000 	/System/Library/Frameworks/Accelerate.framework/Versions/A/Frameworks/vecLib.framework/Versions/A/vecLib
0x00000000055d0000 	/System/Library/Frameworks/Accelerate.framework/Versions/A/Frameworks/vecLib.framework/Versions/A/libvDSP.dylib
0x00000000055d0000 	/System/Library/Frameworks/Accelerate.framework/Versions/A/Frameworks/vecLib.framework/Versions/A/libvMisc.dylib
0x00000000055d0000 	/System/Library/Frameworks/Accelerate.framework/Versions/A/Frameworks/vecLib.framework/Versions/A/libLAPACK.dylib
0x00000000055d0000 	/System/Library/Frameworks/Accelerate.framework/Versions/A/Frameworks/vecLib.framework/Versions/A/libBLAS.dylib
0x00000000055d0000 	/System/Library/Frameworks/Accelerate.framework/Versions/A/Frameworks/vecLib.framework/Versions/A/libLinearAlgebra.dylib
0x00000000055d0000 	/System/Library/Frameworks/Accelerate.framework/Versions/A/Frameworks/vecLib.framework/Versions/A/libSparseBLAS.dylib
0x00000000055d0000 	/System/Library/PrivateFrameworks/GPUCompiler.framework/libmetal_timestamp.dylib
0x00000000055d0000 	/System/Library/Frameworks/OpenGL.framework/Versions/A/Libraries/libCoreFSCache.dylib
0x00000000055d0000 	/System/Library/PrivateFrameworks/IOAccelerator.framework/Versions/A/IOAccelerator
0x00000000055d0000 	/System/Library/Frameworks/ApplicationServices.framework/Versions/A/Frameworks/ATS.framework/Versions/A/Resources/libFontParser.dylib
0x00000000055d0000 	/System/Library/Frameworks/ApplicationServices.framework/Versions/A/Frameworks/ATS.framework/Versions/A/Resources/libFontRegistry.dylib
0x00000000055d0000 	/System/Library/PrivateFrameworks/AppleVPA.framework/Versions/A/AppleVPA
0x00000000055d0000 	/System/Library/PrivateFrameworks/AppleJPEG.framework/Versions/A/AppleJPEG
0x00000000055d0000 	/System/Library/Frameworks/ImageIO.framework/Versions/A/Resources/libJPEG.dylib
0x00000000055d0000 	/System/Library/Frameworks/ImageIO.framework/Versions/A/Resources/libTIFF.dylib
0x00000000055d0000 	/System/Library/Frameworks/ImageIO.framework/Versions/A/Resources/libPng.dylib
0x00000000055d0000 	/System/Library/Frameworks/ImageIO.framework/Versions/A/Resources/libGIF.dylib
0x00000000055d0000 	/System/Library/Frameworks/ImageIO.framework/Versions/A/Resources/libJP2.dylib
0x00000000055d0000 	/System/Library/Frameworks/ImageIO.framework/Versions/A/Resources/libRadiance.dylib
0x00000000055d0000 	/System/Library/Frameworks/CoreVideo.framework/Versions/A/CoreVideo
0x00000000055d0000 	/System/Library/Frameworks/OpenGL.framework/Versions/A/Libraries/libGLU.dylib
0x00000000055d0000 	/System/Library/Frameworks/OpenGL.framework/Versions/A/Libraries/libGFXShared.dylib
0x00000000055d0000 	/System/Library/Frameworks/OpenGL.framework/Versions/A/Libraries/libGL.dylib
0x00000000055d0000 	/System/Library/Frameworks/OpenGL.framework/Versions/A/Libraries/libGLImage.dylib
0x00000000055d0000 	/System/Library/Frameworks/OpenGL.framework/Versions/A/Libraries/libCVMSPluginSupport.dylib
0x00000000055d0000 	/System/Library/Frameworks/OpenGL.framework/Versions/A/Libraries/libCoreVMClient.dylib
0x00000000055d0000 	/usr/lib/libcups.2.dylib
0x00000000055d0000 	/System/Library/Frameworks/Kerberos.framework/Versions/A/Kerberos
0x00000000055d0000 	/System/Library/Frameworks/GSS.framework/Versions/A/GSS
0x00000000055d0000 	/usr/lib/libresolv.9.dylib
0x00000000055d0000 	/usr/lib/libiconv.2.dylib
0x00000000055d0000 	/System/Library/PrivateFrameworks/Heimdal.framework/Versions/A/Heimdal
0x00000000055d0000 	/usr/lib/libheimdal-asn1.dylib
0x00000000055d0000 	/System/Library/Frameworks/OpenDirectory.framework/Versions/A/OpenDirectory
0x00000000055d0000 	/System/Library/PrivateFrameworks/CommonAuth.framework/Versions/A/CommonAuth
0x00000000055d0000 	/System/Library/Frameworks/OpenDirectory.framework/Versions/A/Frameworks/CFOpenDirectory.framework/Versions/A/CFOpenDirectory
0x00000000055d0000 	/System/Library/Frameworks/SecurityFoundation.framework/Versions/A/SecurityFoundation
0x00000000055d0000 	/System/Library/PrivateFrameworks/LanguageModeling.framework/Versions/A/LanguageModeling
0x00000000055d0000 	/usr/lib/libmarisa.dylib
0x00000000055d0000 	/usr/lib/libChineseTokenizer.dylib
0x00000000055d0000 	/usr/lib/libcmph.dylib
0x00000000055d0000 	/usr/lib/libcompression.dylib
0x00000000055d0000 	/System/Library/Frameworks/ServiceManagement.framework/Versions/A/ServiceManagement
0x00000000055d0000 	/usr/lib/libxslt.1.dylib
0x00000000055d0000 	/System/Library/Frameworks/Carbon.framework/Versions/A/Frameworks/Ink.framework/Versions/A/Ink
0x00000000055d0000 	/usr/lib/libFosl_dynamic.dylib
0x00000000055d0000 	/System/Library/PrivateFrameworks/FaceCore.framework/Versions/A/FaceCore
0x00000000055d0000 	/System/Library/Frameworks/OpenCL.framework/Versions/A/OpenCL
0x00000000055d0000 	/System/Library/PrivateFrameworks/CrashReporterSupport.framework/Versions/A/CrashReporterSupport
0x00000000055d0000 	/System/Library/PrivateFrameworks/IconServices.framework/Versions/A/IconServices
0x00000000055d0000 	/System/Library/PrivateFrameworks/Apple80211.framework/Versions/A/Apple80211
0x00000000055d0000 	/System/Library/Frameworks/CoreWLAN.framework/Versions/A/CoreWLAN
0x00000000055d0000 	/System/Library/Frameworks/IOBluetooth.framework/Versions/A/IOBluetooth
0x00000000055d0000 	/System/Library/PrivateFrameworks/CoreWiFi.framework/Versions/A/CoreWiFi
0x00000000055d0000 	/System/Library/Frameworks/CoreBluetooth.framework/Versions/A/CoreBluetooth
0x00000000055d0000 	/System/Library/PrivateFrameworks/ChunkingLibrary.framework/Versions/A/ChunkingLibrary
0x00000000055d0000 	/System/Library/PrivateFrameworks/DebugSymbols.framework/Versions/A/DebugSymbols
0x00000000055d0000 	/System/Library/PrivateFrameworks/CoreSymbolication.framework/Versions/A/CoreSymbolication
0x00000000055d0000 	/System/Library/PrivateFrameworks/Symbolication.framework/Versions/A/Symbolication
0x00000000055d0000 	/System/Library/PrivateFrameworks/SpeechRecognitionCore.framework/Versions/A/SpeechRecognitionCore
0x000000010bc00000 	/Library/Java/JavaVirtualMachines/jdk1.8.0_60.jdk/Contents/Home/jre/lib/server/libjvm.dylib
0x00000000055d0000 	/usr/lib/libstdc++.6.dylib
0x000000010b262000 	/Library/Java/JavaVirtualMachines/jdk1.8.0_60.jdk/Contents/Home/jre/lib/libverify.dylib
0x000000010b270000 	/Library/Java/JavaVirtualMachines/jdk1.8.0_60.jdk/Contents/Home/jre/lib/libjava.dylib
0x000000010b2af000 	/Library/Java/JavaVirtualMachines/jdk1.8.0_60.jdk/Contents/Home/jre/lib/libzip.dylib
0x00000001223aa000 	/System/Library/Frameworks/JavaVM.framework/Frameworks/JavaRuntimeSupport.framework/JavaRuntimeSupport
0x00000001223c5000 	/System/Library/Frameworks/JavaVM.framework/Versions/A/Frameworks/JavaNativeFoundation.framework/Versions/A/JavaNativeFoundation
0x00000001223da000 	/System/Library/Frameworks/JavaVM.framework/Versions/A/JavaVM
0x00000000055d0000 	/System/Library/Frameworks/Carbon.framework/Versions/A/Carbon
0x00000001223e7000 	/System/Library/PrivateFrameworks/JavaLaunching.framework/Versions/A/JavaLaunching
0x00000000055d0000 	/System/Library/Frameworks/Carbon.framework/Versions/A/Frameworks/CommonPanels.framework/Versions/A/CommonPanels
0x00000000055d0000 	/System/Library/Frameworks/Carbon.framework/Versions/A/Frameworks/Help.framework/Versions/A/Help
0x00000000055d0000 	/System/Library/Frameworks/Carbon.framework/Versions/A/Frameworks/ImageCapture.framework/Versions/A/ImageCapture
0x00000000055d0000 	/System/Library/Frameworks/Carbon.framework/Versions/A/Frameworks/OpenScripting.framework/Versions/A/OpenScripting
0x00000000055d0000 	/System/Library/Frameworks/Carbon.framework/Versions/A/Frameworks/Print.framework/Versions/A/Print
0x00000000055d0000 	/System/Library/Frameworks/Carbon.framework/Versions/A/Frameworks/SecurityHI.framework/Versions/A/SecurityHI
0x0000000123d03000 	/Library/Java/JavaVirtualMachines/jdk1.8.0_60.jdk/Contents/Home/jre/lib/libawt.dylib
0x0000000123dab000 	/Library/Java/JavaVirtualMachines/jdk1.8.0_60.jdk/Contents/Home/jre/lib/./libmlib_image.dylib
0x0000000123e77000 	/Library/Java/JavaVirtualMachines/jdk1.8.0_60.jdk/Contents/Home/jre/lib/libawt_lwawt.dylib
0x0000000123f2c000 	/Library/Java/JavaVirtualMachines/jdk1.8.0_60.jdk/Contents/Home/jre/lib/./libosxapp.dylib
0x00000000055d0000 	/System/Library/Frameworks/ExceptionHandling.framework/Versions/A/ExceptionHandling
0x00000000055d0000 	/System/Library/PrivateFrameworks/CoreServicesInternal.framework/Versions/A/CoreServicesInternal
0x00000000055d0000 	/System/Library/Frameworks/CoreGraphics.framework/Versions/A/Resources/libRIP.A.dylib
0x00000000055d0000 	/System/Library/Frameworks/Accelerate.framework/Versions/A/Frameworks/vImage.framework/Versions/A/Libraries/libCGInterfaces.dylib
0x00000000055d0000 	/System/Library/Frameworks/CoreGraphics.framework/Versions/A/Resources/libCGXType.A.dylib
0x00000000055d0000 	/System/Library/Frameworks/OpenCL.framework/Versions/A/Libraries/libcldcpuengine.dylib
0x00000000055d0000 	/System/Library/PrivateFrameworks/DiskImages.framework/Versions/A/DiskImages
0x00000000055d0000 	/System/Library/Frameworks/DiscRecording.framework/Versions/A/DiscRecording
0x00000000055d0000 	/usr/lib/libcsfde.dylib
0x00000000055d0000 	/usr/lib/libcurl.4.dylib
0x00000000055d0000 	/System/Library/PrivateFrameworks/MediaKit.framework/Versions/A/MediaKit
0x00000000055d0000 	/System/Library/PrivateFrameworks/ProtectedCloudStorage.framework/Versions/A/ProtectedCloudStorage
0x00000000055d0000 	/usr/lib/libCoreStorage.dylib
0x00000000055d0000 	/System/Library/PrivateFrameworks/EFILogin.framework/Versions/A/EFILogin
0x00000000055d0000 	/usr/lib/libutil.dylib
0x00000000055d0000 	/System/Library/PrivateFrameworks/FindMyDevice.framework/Versions/A/FindMyDevice
0x00000000055d0000 	/System/Library/Frameworks/LDAP.framework/Versions/A/LDAP
0x00000000055d0000 	/usr/lib/libsasl2.2.dylib
0x00000000055d0000 	/System/Library/PrivateFrameworks/CoreDaemon.framework/Versions/B/CoreDaemon
0x00000000055d0000 	/usr/lib/libcrypto.0.9.8.dylib
0x00000000055d0000 	/System/Library/PrivateFrameworks/AppleSRP.framework/Versions/A/AppleSRP
0x00000000055d0000 	/System/Library/PrivateFrameworks/TrustEvaluationAgent.framework/Versions/A/TrustEvaluationAgent
0x000000012566a000 	cl_kernels
0x00000000055d0000 	/System/Library/Frameworks/OpenCL.framework/Versions/A/Libraries/ImageFormats/unorm8_bgra.dylib
0x00000000055d0000 	/System/Library/Frameworks/OpenCL.framework/Versions/A/Libraries/ImageFormats/unorm8_rgba.dylib
0x00000000055d0000 	/System/Library/PrivateFrameworks/FamilyControls.framework/Versions/A/FamilyControls
0x00000000055d0000 	/System/Library/PrivateFrameworks/CommerceKit.framework/Versions/A/Frameworks/CommerceCore.framework/Versions/A/CommerceCore
0x00000000055d0000 	/System/Library/PrivateFrameworks/SystemAdministration.framework/Versions/A/SystemAdministration
0x00000000055d0000 	/System/Library/PrivateFrameworks/AppContainer.framework/Versions/A/AppContainer
0x00000000055d0000 	/System/Library/PrivateFrameworks/SecCodeWrapper.framework/Versions/A/SecCodeWrapper
0x00000000055d0000 	/System/Library/Frameworks/DirectoryService.framework/Versions/A/DirectoryService
0x00000000055d0000 	/System/Library/PrivateFrameworks/LoginUIKit.framework/Versions/A/Frameworks/LoginUICore.framework/Versions/A/LoginUICore
0x00000000055d0000 	/usr/lib/libodfde.dylib
0x00000000055d0000 	/System/Library/Frameworks/OpenGL.framework/Versions/A/Resources/GLEngine.bundle/GLEngine
0x00000000055d0000 	/System/Library/Frameworks/OpenGL.framework/Versions/A/Libraries/libGLProgrammability.dylib
0x00000001266ff000 	/System/Library/Extensions/AppleIntelHD5000GraphicsGLDriver.bundle/Contents/MacOS/AppleIntelHD5000GraphicsGLDriver
0x00000000055d0000 	/System/Library/PrivateFrameworks/GPUSupport.framework/Versions/A/Libraries/libGPUSupportMercury.dylib
0x00000000055d0000 	/System/Library/Frameworks/OpenGL.framework/Versions/A/Resources/GLRendererFloat.bundle/GLRendererFloat
0x00000001276b6000 	/Library/Java/JavaVirtualMachines/jdk1.8.0_60.jdk/Contents/Home/jre/lib/libfontmanager.dylib
0x0000000128b50000 	/Library/Java/JavaVirtualMachines/jdk1.8.0_60.jdk/Contents/Home/jre/lib/libosxui.dylib
0x0000000129994000 	/Library/Java/JavaVirtualMachines/jdk1.8.0_60.jdk/Contents/Home/jre/lib/libnet.dylib
0x00000001297f7000 	/Library/Java/JavaVirtualMachines/jdk1.8.0_60.jdk/Contents/Home/jre/lib/libnio.dylib
0x00000000055d0000 	/System/Library/Frameworks/ApplicationServices.framework/Versions/A/Frameworks/ATS.framework/Versions/A/Resources/libTrueTypeScaler.dylib
0x0000000181674000 	/System/Library/Extensions/AppleIntelHD5000GraphicsMTLDriver.bundle/Contents/MacOS/AppleIntelHD5000GraphicsMTLDriver
0x0000000124c11000 	/private/var/folders/x9/z_v5q4vx5yx_kt718rrfk_lm0000gn/T/jogamp_0000/file_cache/jln8967274141487026930/jln4686702744781623491/libgluegen-rt.jnilib
0x0000000124c16000 	/private/var/folders/x9/z_v5q4vx5yx_kt718rrfk_lm0000gn/T/jogamp_0000/file_cache/jln8967274141487026930/jln4686702744781623491/libnativewindow_awt.jnilib
0x0000000124c19000 	/Library/Java/JavaVirtualMachines/jdk1.8.0_60.jdk/Contents/Home/jre/lib/libjawt.dylib
0x0000000124c1c000 	/private/var/folders/x9/z_v5q4vx5yx_kt718rrfk_lm0000gn/T/jogamp_0000/file_cache/jln8967274141487026930/jln4686702744781623491/libnativewindow_macosx.jnilib
0x0000000183237000 	/private/var/folders/x9/z_v5q4vx5yx_kt718rrfk_lm0000gn/T/jogamp_0000/file_cache/jln8967274141487026930/jln4686702744781623491/libjogl_desktop.jnilib
0x00000001252ac000 	/Library/Java/JavaVirtualMachines/jdk1.8.0_60.jdk/Contents/Home/jre/lib/libt2k.dylib

VM Arguments:
jvm_args: -Djava.security.policy=java.policy.applet -Dfile.encoding=UTF-8 
java_command: sun.applet.AppletViewer module5.EarthquakeCityMap1444342629616.html
java_class_path (initial): /Users/gregorymankes/Google Drive/Udacity and Other Courses/Coursera/Data Structures Specialization/Course 1/Code/UCSDUnfoldingMaps/build:/Users/gregorymankes/Google Drive/Udacity and Other Courses/Coursera/Data Structures Specialization/Course 1/Code/UCSDUnfoldingMaps/lib/core.jar:/Users/gregorymankes/Google Drive/Udacity and Other Courses/Coursera/Data Structures Specialization/Course 1/Code/UCSDUnfoldingMaps/lib/gluegen-rt.jar:/Users/gregorymankes/Google Drive/Udacity and Other Courses/Coursera/Data Structures Specialization/Course 1/Code/UCSDUnfoldingMaps/lib/jogl-all.jar:/Users/gregorymankes/Google Drive/Udacity and Other Courses/Coursera/Data Structures Specialization/Course 1/Code/UCSDUnfoldingMaps/lib/log4j-1.2.15.jar:/Users/gregorymankes/Google Drive/Udacity and Other Courses/Coursera/Data Structures Specialization/Course 1/Code/UCSDUnfoldingMaps/lib/sqlite-jdbc-3.7.2.jar:/Users/gregorymankes/Google Drive/Udacity and Other Courses/Coursera/Data Structures Specialization/Course 1/Code/UCSDUnfoldingMaps/lib/json4processing.jar:/Users/gregorymankes/Google Drive/Udacity and Other Courses/Coursera/Data Structures Specialization/Course 1/Code/UCSDUnfoldingMaps/lib/libTUIO.jar:/Users/gregorymankes/Google Drive/Udacity and Other Courses/Coursera/Data Structures Specialization/Course 1/Code/UCSDUnfoldingMaps/lib/unfolding.0.9.7-uscd.jar
Launcher Type: SUN_STANDARD

Environment Variables:
PATH=/usr/bin:/bin:/usr/sbin:/sbin
SHELL=/bin/bash

Signal Handlers:
SIGSEGV: [libjvm.dylib+0x5a6d31], sa_mask[0]=11111111011111110111111111111111, sa_flags=SA_ONSTACK|SA_RESTART|SA_SIGINFO
SIGBUS: [libjvm.dylib+0x5a6d31], sa_mask[0]=11111111011111110111111111111111, sa_flags=SA_RESTART|SA_SIGINFO
SIGFPE: [libjvm.dylib+0x480a4c], sa_mask[0]=11111111011111110111111111111111, sa_flags=SA_RESTART|SA_SIGINFO
SIGPIPE: [libjvm.dylib+0x480a4c], sa_mask[0]=11111111011111110111111111111111, sa_flags=SA_RESTART|SA_SIGINFO
SIGXFSZ: [libjvm.dylib+0x480a4c], sa_mask[0]=11111111011111110111111111111111, sa_flags=SA_RESTART|SA_SIGINFO
SIGILL: [libjvm.dylib+0x480a4c], sa_mask[0]=11111111011111110111111111111111, sa_flags=SA_RESTART|SA_SIGINFO
SIGUSR1: SIG_DFL, sa_mask[0]=00000000000000000000000000000000, sa_flags=none
SIGUSR2: [libjvm.dylib+0x48056a], sa_mask[0]=00100000000000000000000000000000, sa_flags=SA_RESTART|SA_SIGINFO
SIGHUP: [libjvm.dylib+0x47eb41], sa_mask[0]=11111111011111110111111111111111, sa_flags=SA_RESTART|SA_SIGINFO
SIGINT: [libjvm.dylib+0x47eb41], sa_mask[0]=11111111011111110111111111111111, sa_flags=SA_RESTART|SA_SIGINFO
SIGTERM: [libjvm.dylib+0x47eb41], sa_mask[0]=11111111011111110111111111111111, sa_flags=SA_RESTART|SA_SIGINFO
SIGQUIT: [libjvm.dylib+0x47eb41], sa_mask[0]=11111111011111110111111111111111, sa_flags=SA_RESTART|SA_SIGINFO


---------------  S Y S T E M  ---------------

OS:Bsduname:Darwin 15.0.0 Darwin Kernel Version 15.0.0: Wed Aug 26 16:57:32 PDT 2015; root:xnu-3247.1.106~1/RELEASE_X86_64 x86_64
rlimit: STACK 8192k, CORE 0k, NPROC 709, NOFILE 10240, AS infinity
load average:1.94 1.94 1.96

CPU:total 4 (2 cores per cpu, 2 threads per core) family 6 model 69 stepping 1, cmov, cx8, fxsr, mmx, sse, sse2, sse3, ssse3, sse4.1, sse4.2, popcnt, avx, avx2, aes, clmul, erms, lzcnt, ht, tsc, tscinvbit, bmi1, bmi2

Memory: 4k page, physical 8388608k(82868k free)

/proc/meminfo:


vm_info: Java HotSpot(TM) 64-Bit Server VM (25.60-b23) for bsd-amd64 JRE (1.8.0_60-b27), built on Aug  4 2015 10:47:24 by "java_re" with gcc 4.2.1 (Based on Apple Inc. build 5658) (LLVM build 2336.11.00)

time: Thu Oct  8 18:17:18 2015
elapsed time: 8 seconds (0d 0h 0m 8s)

