#
# A fatal error has been detected by the Java Runtime Environment:
#
#  SIGSEGV (0xb) at pc=0x00007fff96c380dd, pid=1644, tid=1811
#
# JRE version: Java(TM) SE Runtime Environment (8.0_60-b27) (build 1.8.0_60-b27)
# Java VM: Java HotSpot(TM) 64-Bit Server VM (25.60-b23 mixed mode bsd-amd64 compressed oops)
# Problematic frame:
# C  [libobjc.A.dylib+0x10dd]  objc_msgSend+0x1d
#
# Failed to write core dump. Core dumps have been disabled. To enable core dumping, try "ulimit -c unlimited" before starting Java again
#
# If you would like to submit a bug report, please visit:
#   http://bugreport.java.com/bugreport/crash.jsp
# The crash happened outside the Java Virtual Machine in native code.
# See problematic frame for where to report the bug.
#

---------------  T H R E A D  ---------------

Current thread (0x00007ffdca01c000):  JavaThread "AWT-AppKit" daemon [_thread_in_native, id=1811, stack(0x00007fff55a11000,0x00007fff56211000)]

siginfo: si_signo: 11 (SIGSEGV), si_code: 1 (SEGV_MAPERR), si_addr: 0x0000000000000018

Registers:
RAX=0x00007ffdcd5cc880, RBX=0x000000017ce74450, RCX=0x0000000128991500, RDX=0x0000000129aaafe0
RSP=0x00007fff5620c2f8, RBP=0x00007fff5620c3b0, RSI=0x00007fff9b96740f, RDI=0x00007ffdcd6aaf70
R8 =0x0000000000000000, R9 =0x0000000000000f50, R10=0x00007fff9b96740f, R11=0x0000000000000000
R12=0x0000000000000000, R13=0x000000017ec95218, R14=0x000000017ce74440, R15=0x00007ffdca01c000
RIP=0x00007fff96c380dd, EFLAGS=0x0000000000010246, ERR=0x0000000000000004
  TRAPNO=0x000000000000000e

Top of Stack: (sp=0x00007fff5620c2f8)
0x00007fff5620c2f8:   000000017ce72157 00007fff5620c350
0x00007fff5620c308:   0000000000000003 00007fff5620c330
0x00007fff5620c318:   0000000109cdf992 000000017ec95218
0x00007fff5620c328:   000000017ec95218 00007ffdcd5cc880
0x00007fff5620c338:   000000017ce746a0 000000017ce74710
0x00007fff5620c348:   00007fff7e911550 00007fff7de86c80
0x00007fff5620c358:   000000017ce74450 000000017ce74690
0x00007fff5620c368:   00007ffdcd5cc880 00007ffdcd6aaf70
0x00007fff5620c378:   00007ffdc8f22460 00007ffdcd5cc880
0x00007fff5620c388:   00007ffdcd6aaf70 00007fff5620c438
0x00007fff5620c398:   00007ffdca01c1f8 000000017ec95218
0x00007fff5620c3a8:   00007fff5620c460 00007fff5620c428
0x00007fff5620c3b8:   000000010b415954 000000017ec95218
0x00007fff5620c3c8:   00007fff5620c460 00007fff5620c428
0x00007fff5620c3d8:   000000010b4156e7 000000010b4156a2
0x00007fff5620c3e8:   00007fff5620c3e8 000000017ec95218
0x00007fff5620c3f8:   00007fff5620c460 000000017ec97e50
0x00007fff5620c408:   0000000000000000 000000017ec95218
0x00007fff5620c418:   0000000000000000 00007fff5620c448
0x00007fff5620c428:   00007fff5620c4a8 000000010b407c4d
0x00007fff5620c438:   00000007403b43d8 000000010b40f578
0x00007fff5620c448:   00007ffdcd5cc880 00007fff5620c4a8
0x00007fff5620c458:   00007ffdcd6aaf70 000000010b410d82
0x00007fff5620c468:   00007fff5620c468 000000017ec953e2
0x00007fff5620c478:   00007fff5620c4d0 000000017ec97e50
0x00007fff5620c488:   0000000000000000 000000017ec953f0
0x00007fff5620c498:   00007fff5620c448 00007fff5620c4b8
0x00007fff5620c4a8:   00007fff5620c518 000000010b407c4d
0x00007fff5620c4b8:   00007ffdcd5cc880 0000000740dc14d0
0x00007fff5620c4c8:   00007ffdcd6aaf70 0000000740dc14d0
0x00007fff5620c4d8:   00007fff5620c4d8 000000017ec4cfce
0x00007fff5620c4e8:   00007fff5620c528 00000001843c4328 

Instructions: (pc=0x00007fff96c380dd)
0x00007fff96c380bd:   00 00 00 48 85 ff 2e 74 7a 40 f6 c7 01 2e 75 7e
0x00007fff96c380cd:   49 bb f8 ff ff ff ff 7f 00 00 4c 23 1f 49 89 f2
0x00007fff96c380dd:   45 23 53 18 49 c1 e2 04 4d 03 53 10 49 3b 32 75
0x00007fff96c380ed:   04 41 ff 62 08 49 83 3a 00 74 6a 4d 3b 53 10 74 

Register to memory mapping:

RAX=0x00007ffdcd5cc880 is an unknown value
RBX=0x000000017ce74450: Java_jogamp_nativewindow_macosx_OSXUtil_GetScreenRefreshRate0+0x1cf0 in /private/var/folders/x9/z_v5q4vx5yx_kt718rrfk_lm0000gn/T/jogamp_0000/file_cache/jln925344413207722996/jln129073869197374520/libnativewindow_macosx.jnilib at 0x000000017ce6d000
RCX=0x0000000128991500 is an unknown value
RDX=0x0000000129aaafe0 is an unknown value
RSP=0x00007fff5620c2f8 is pointing into the stack for thread: 0x00007ffdca01c000
RBP=0x00007fff5620c3b0 is pointing into the stack for thread: 0x00007ffdca01c000
RSI=0x00007fff9b96740f is an unknown value
RDI=0x00007ffdcd6aaf70 is an unknown value
R8 =0x0000000000000000 is an unknown value
R9 =0x0000000000000f50 is an unknown value
R10=0x00007fff9b96740f is an unknown value
R11=0x0000000000000000 is an unknown value
R12=0x0000000000000000 is an unknown value
R13={method} {0x000000017ec95218} 'UnsetJAWTRootSurfaceLayer0' '(JJ)V' in 'jogamp/nativewindow/jawt/macosx/MacOSXJAWTWindow'
R14=0x000000017ce74440: Java_jogamp_nativewindow_macosx_OSXUtil_GetScreenRefreshRate0+0x1ce0 in /private/var/folders/x9/z_v5q4vx5yx_kt718rrfk_lm0000gn/T/jogamp_0000/file_cache/jln925344413207722996/jln129073869197374520/libnativewindow_macosx.jnilib at 0x000000017ce6d000
R15=0x00007ffdca01c000 is a thread


Stack: [0x00007fff55a11000,0x00007fff56211000],  sp=0x00007fff5620c2f8,  free space=8172k
Native frames: (J=compiled Java code, j=interpreted, Vv=VM code, C=native code)
C  [libobjc.A.dylib+0x10dd]  objc_msgSend+0x1d
j  jogamp.nativewindow.jawt.macosx.MacOSXJAWTWindow.UnsetJAWTRootSurfaceLayer0(JJ)V+0
j  jogamp.nativewindow.jawt.macosx.MacOSXJAWTWindow.access$200(JJ)V+2
j  jogamp.nativewindow.jawt.macosx.MacOSXJAWTWindow$1.run()V+38
j  com.jogamp.common.util.RunnableTask.run()V+24
v  ~StubRoutines::call_stub
V  [libjvm.dylib+0x2eab0e]  JavaCalls::call_helper(JavaValue*, methodHandle*, JavaCallArguments*, Thread*)+0x6ae
V  [libjvm.dylib+0x321bb7]  jni_invoke_nonstatic(JNIEnv_*, JavaValue*, _jobject*, JNICallType, _jmethodID*, JNI_ArgumentPusher*, Thread*)+0x2ec
V  [libjvm.dylib+0x31438b]  jni_CallVoidMethod+0x16b
C  [libnativewindow_macosx.jnilib+0x5326]  Java_jogamp_nativewindow_jawt_macosx_MacOSXJAWTWindow_UnsetJAWTRootSurfaceLayer0+0x2b6
C  [Foundation+0x92dd0]  __NSThreadPerformPerform+0x125
C  [CoreFoundation+0x80a01]  __CFRUNLOOP_IS_CALLING_OUT_TO_A_SOURCE0_PERFORM_FUNCTION__+0x11
C  [CoreFoundation+0x72c5c]  __CFRunLoopDoSources0+0x1dc
C  [CoreFoundation+0x721bf]  __CFRunLoopRun+0x39f
C  [CoreFoundation+0x71bd8]  CFRunLoopRunSpecific+0x128
C  [HIToolbox+0x3256f]  RunCurrentEventLoopInMode+0xeb
C  [HIToolbox+0x321ee]  ReceiveNextEventCommon+0xb3
C  [HIToolbox+0x3212b]  _BlockUntilNextEventMatchingListInModeWithFilter+0x47
C  [AppKit+0x918ab]  _DPSNextEvent+0x3d2
C  [AppKit+0x90e58]  -[NSApplication nextEventMatchingMask:untilDate:inMode:dequeue:]+0x15a
C  [libosxapp.dylib+0x23aa]  -[NSApplicationAWT nextEventMatchingMask:untilDate:inMode:dequeue:]+0x7c
C  [AppKit+0x86af3]  -[NSApplication run]+0x252
C  [libosxapp.dylib+0x214d]  +[NSApplicationAWT runAWTLoopWithApp:]+0x9c
C  [libawt_lwawt.dylib+0x44517]  -[AWTStarter starter:]+0x389
C  [Foundation+0x92dd0]  __NSThreadPerformPerform+0x125
C  [CoreFoundation+0x80a01]  __CFRUNLOOP_IS_CALLING_OUT_TO_A_SOURCE0_PERFORM_FUNCTION__+0x11
C  [CoreFoundation+0x72b8d]  __CFRunLoopDoSources0+0x10d
C  [CoreFoundation+0x721bf]  __CFRunLoopRun+0x39f
C  [CoreFoundation+0x71bd8]  CFRunLoopRunSpecific+0x128
C  [java+0x6463]  CreateExecutionEnvironment+0x367
C  [java+0x21ac]  JLI_Launch+0x7a0
C  [java+0x84c0]  main+0x65
C  [java+0x1a04]  start+0x34
C  0x0000000000000007

Java frames: (J=compiled Java code, j=interpreted, Vv=VM code)
j  jogamp.nativewindow.jawt.macosx.MacOSXJAWTWindow.UnsetJAWTRootSurfaceLayer0(JJ)V+0
j  jogamp.nativewindow.jawt.macosx.MacOSXJAWTWindow.access$200(JJ)V+2
j  jogamp.nativewindow.jawt.macosx.MacOSXJAWTWindow$1.run()V+38
j  com.jogamp.common.util.RunnableTask.run()V+24
v  ~StubRoutines::call_stub

---------------  P R O C E S S  ---------------

Java Threads: ( => current thread )
  0x00007ffdce917000 JavaThread "Thread-19" [_thread_blocked, id=26895, stack(0x0000000185764000,0x0000000185864000)]
  0x00007ffdc9344000 JavaThread "Animation Thread" [_thread_blocked, id=56347, stack(0x000000017cff1000,0x000000017d0f1000)]
  0x00007ffdc9317800 JavaThread "AWT-EventQueue-1" [_thread_in_native, id=56851, stack(0x000000017d488000,0x000000017d588000)]
  0x00007ffdca0be000 JavaThread "DestroyJavaVM" [_thread_blocked, id=4867, stack(0x000000010aa8f000,0x000000010ab8f000)]
  0x00007ffdc9a3c800 JavaThread "AWT-EventQueue-0" [_thread_blocked, id=54275, stack(0x0000000129965000,0x0000000129a65000)]
  0x00007ffdcaa3c000 JavaThread "Java2D Disposer" daemon [_thread_blocked, id=51223, stack(0x0000000128722000,0x0000000128822000)]
  0x00007ffdc90f5000 JavaThread "Java2D Queue Flusher" daemon [_thread_blocked, id=49927, stack(0x00000001276a3000,0x00000001277a3000)]
  0x00007ffdca996000 JavaThread "AWT-Shutdown" [_thread_blocked, id=28435, stack(0x0000000124d34000,0x0000000124e34000)]
=>0x00007ffdca01c000 JavaThread "AWT-AppKit" daemon [_thread_in_native, id=1811, stack(0x00007fff55a11000,0x00007fff56211000)]
  0x00007ffdca016000 JavaThread "Service Thread" daemon [_thread_blocked, id=18179, stack(0x000000012318e000,0x000000012328e000)]
  0x00007ffdc9823000 JavaThread "C1 CompilerThread2" daemon [_thread_blocked, id=17667, stack(0x000000012308b000,0x000000012318b000)]
  0x00007ffdca826000 JavaThread "C2 CompilerThread1" daemon [_thread_blocked, id=17155, stack(0x0000000122f88000,0x0000000123088000)]
  0x00007ffdca824000 JavaThread "C2 CompilerThread0" daemon [_thread_blocked, id=16643, stack(0x0000000122e85000,0x0000000122f85000)]
  0x00007ffdca820800 JavaThread "Signal Dispatcher" daemon [_thread_blocked, id=13847, stack(0x0000000122d82000,0x0000000122e82000)]
  0x00007ffdc9041800 JavaThread "Finalizer" daemon [_thread_blocked, id=11523, stack(0x0000000121375000,0x0000000121475000)]
  0x00007ffdc9041000 JavaThread "Reference Handler" daemon [_thread_blocked, id=11011, stack(0x0000000121272000,0x0000000121372000)]

Other Threads:
  0x00007ffdc9006800 VMThread [stack: 0x000000012116f000,0x000000012126f000] [id=10499]
  0x00007ffdc9866800 WatcherThread [stack: 0x0000000123291000,0x0000000123391000] [id=18691]

VM state:not at safepoint (normal execution)

VM Mutex/Monitor currently owned by a thread: None

Heap:
 PSYoungGen      total 27648K, used 21811K [0x0000000795580000, 0x0000000797400000, 0x00000007c0000000)
  eden space 24064K, 90% used [0x0000000795580000,0x0000000796ab4ec0,0x0000000796d00000)
  from space 3584K, 2% used [0x0000000796d00000,0x0000000796d18000,0x0000000797080000)
  to   space 3584K, 0% used [0x0000000797080000,0x0000000797080000,0x0000000797400000)
 ParOldGen       total 87552K, used 16218K [0x0000000740000000, 0x0000000745580000, 0x0000000795580000)
  object space 87552K, 18% used [0x0000000740000000,0x0000000740fd69e8,0x0000000745580000)
 Metaspace       used 19170K, capacity 19425K, committed 19712K, reserved 1067008K
  class space    used 1879K, capacity 1949K, committed 2048K, reserved 1048576K

Card table byte_map: [0x000000011a7c0000,0x000000011abc1000] byte_map_base: 0x0000000116dc0000

Marking Bits: (ParMarkBitMap*) 0x000000010a3cce20
 Begin Bits: [0x000000011b278000, 0x000000011d278000)
 End Bits:   [0x000000011d278000, 0x000000011f278000)

Polling page: 0x000000010abd4000

CodeCache: size=245760Kb used=7558Kb max_used=8800Kb free=238201Kb
 bounds [0x000000010b400000, 0x000000010bcb0000, 0x000000011a400000]
 total_blobs=2913 nmethods=2039 adapters=788
 compilation: enabled

Compilation events (10 events):
Event: 289.652 Thread 0x00007ffdca824000 2340       4       java.util.concurrent.locks.ReentrantLock::unlock (10 bytes)
Event: 289.653 Thread 0x00007ffdca826000 2341  s    4       sun.misc.URLClassPath::getNextLoader (88 bytes)
Event: 289.655 Thread 0x00007ffdc9823000 2342       3       java.util.Stack::empty (13 bytes)
Event: 289.656 Thread 0x00007ffdc9823000 nmethod 2342 0x000000010b522b50 code [0x000000010b522cc0, 0x000000010b523090]
Event: 289.657 Thread 0x00007ffdca824000 nmethod 2340 0x000000010b582790 code [0x000000010b582900, 0x000000010b582ae8]
Event: 289.659 Thread 0x00007ffdca826000 nmethod 2341 0x000000010b64c310 code [0x000000010b64c480, 0x000000010b64cbf8]
Event: 289.663 Thread 0x00007ffdca824000 2343       4       java.util.concurrent.locks.AbstractQueuedSynchronizer$ConditionObject::await (98 bytes)
Event: 289.663 Thread 0x00007ffdca826000 2344   !   4       sun.awt.AWTAutoShutdown::notifyThreadFree (74 bytes)
Event: 289.663 Thread 0x00007ffdc9823000 2345       3       java.awt.Component$1::getAppContext (5 bytes)
Event: 289.664 Thread 0x00007ffdc9823000 nmethod 2345 0x000000010b570650 code [0x000000010b5707c0, 0x000000010b570910]

GC Heap History (10 events):
Event: 252.570 GC heap before
{Heap before GC invocations=31 (full 0):
 PSYoungGen      total 28672K, used 24160K [0x0000000795580000, 0x0000000797700000, 0x00000007c0000000)
  eden space 24064K, 100% used [0x0000000795580000,0x0000000796d00000,0x0000000796d00000)
  from space 4608K, 2% used [0x0000000797280000,0x0000000797298000,0x0000000797700000)
  to   space 5120K, 0% used [0x0000000796d00000,0x0000000796d00000,0x0000000797200000)
 ParOldGen       total 87552K, used 16218K [0x0000000740000000, 0x0000000745580000, 0x0000000795580000)
  object space 87552K, 18% used [0x0000000740000000,0x0000000740fd69e8,0x0000000745580000)
 Metaspace       used 19118K, capacity 19297K, committed 19456K, reserved 1067008K
  class space    used 1870K, capacity 1949K, committed 2048K, reserved 1048576K
Event: 252.571 GC heap after
Heap after GC invocations=31 (full 0):
 PSYoungGen      total 24576K, used 64K [0x0000000795580000, 0x0000000797600000, 0x00000007c0000000)
  eden space 24064K, 0% used [0x0000000795580000,0x0000000795580000,0x0000000796d00000)
  from space 512K, 12% used [0x0000000796d00000,0x0000000796d10000,0x0000000796d80000)
  to   space 4608K, 0% used [0x0000000797180000,0x0000000797180000,0x0000000797600000)
 ParOldGen       total 87552K, used 16218K [0x0000000740000000, 0x0000000745580000, 0x0000000795580000)
  object space 87552K, 18% used [0x0000000740000000,0x0000000740fd69e8,0x0000000745580000)
 Metaspace       used 19118K, capacity 19297K, committed 19456K, reserved 1067008K
  class space    used 1870K, capacity 1949K, committed 2048K, reserved 1048576K
}
Event: 260.221 GC heap before
{Heap before GC invocations=32 (full 0):
 PSYoungGen      total 24576K, used 24127K [0x0000000795580000, 0x0000000797600000, 0x00000007c0000000)
  eden space 24064K, 99% used [0x0000000795580000,0x0000000796cffff8,0x0000000796d00000)
  from space 512K, 12% used [0x0000000796d00000,0x0000000796d10000,0x0000000796d80000)
  to   space 4608K, 0% used [0x0000000797180000,0x0000000797180000,0x0000000797600000)
 ParOldGen       total 87552K, used 16218K [0x0000000740000000, 0x0000000745580000, 0x0000000795580000)
  object space 87552K, 18% used [0x0000000740000000,0x0000000740fd69e8,0x0000000745580000)
 Metaspace       used 19118K, capacity 19297K, committed 19456K, reserved 1067008K
  class space    used 1870K, capacity 1949K, committed 2048K, reserved 1048576K
Event: 260.222 GC heap after
Heap after GC invocations=32 (full 0):
 PSYoungGen      total 28672K, used 96K [0x0000000795580000, 0x0000000797600000, 0x00000007c0000000)
  eden space 24064K, 0% used [0x0000000795580000,0x0000000795580000,0x0000000796d00000)
  from space 4608K, 2% used [0x0000000797180000,0x0000000797198000,0x0000000797600000)
  to   space 4608K, 0% used [0x0000000796d00000,0x0000000796d00000,0x0000000797180000)
 ParOldGen       total 87552K, used 16218K [0x0000000740000000, 0x0000000745580000, 0x0000000795580000)
  object space 87552K, 18% used [0x0000000740000000,0x0000000740fd69e8,0x0000000745580000)
 Metaspace       used 19118K, capacity 19297K, committed 19456K, reserved 1067008K
  class space    used 1870K, capacity 1949K, committed 2048K, reserved 1048576K
}
Event: 267.871 GC heap before
{Heap before GC invocations=33 (full 0):
 PSYoungGen      total 28672K, used 24160K [0x0000000795580000, 0x0000000797600000, 0x00000007c0000000)
  eden space 24064K, 100% used [0x0000000795580000,0x0000000796d00000,0x0000000796d00000)
  from space 4608K, 2% used [0x0000000797180000,0x0000000797198000,0x0000000797600000)
  to   space 4608K, 0% used [0x0000000796d00000,0x0000000796d00000,0x0000000797180000)
 ParOldGen       total 87552K, used 16218K [0x0000000740000000, 0x0000000745580000, 0x0000000795580000)
  object space 87552K, 18% used [0x0000000740000000,0x0000000740fd69e8,0x0000000745580000)
 Metaspace       used 19118K, capacity 19297K, committed 19456K, reserved 1067008K
  class space    used 1870K, capacity 1949K, committed 2048K, reserved 1048576K
Event: 267.872 GC heap after
Heap after GC invocations=33 (full 0):
 PSYoungGen      total 24576K, used 96K [0x0000000795580000, 0x0000000797500000, 0x00000007c0000000)
  eden space 24064K, 0% used [0x0000000795580000,0x0000000795580000,0x0000000796d00000)
  from space 512K, 18% used [0x0000000796d00000,0x0000000796d18000,0x0000000796d80000)
  to   space 4096K, 0% used [0x0000000797100000,0x0000000797100000,0x0000000797500000)
 ParOldGen       total 87552K, used 16218K [0x0000000740000000, 0x0000000745580000, 0x0000000795580000)
  object space 87552K, 18% used [0x0000000740000000,0x0000000740fd69e8,0x0000000745580000)
 Metaspace       used 19118K, capacity 19297K, committed 19456K, reserved 1067008K
  class space    used 1870K, capacity 1949K, committed 2048K, reserved 1048576K
}
Event: 275.521 GC heap before
{Heap before GC invocations=34 (full 0):
 PSYoungGen      total 24576K, used 24160K [0x0000000795580000, 0x0000000797500000, 0x00000007c0000000)
  eden space 24064K, 100% used [0x0000000795580000,0x0000000796d00000,0x0000000796d00000)
  from space 512K, 18% used [0x0000000796d00000,0x0000000796d18000,0x0000000796d80000)
  to   space 4096K, 0% used [0x0000000797100000,0x0000000797100000,0x0000000797500000)
 ParOldGen       total 87552K, used 16218K [0x0000000740000000, 0x0000000745580000, 0x0000000795580000)
  object space 87552K, 18% used [0x0000000740000000,0x0000000740fd69e8,0x0000000745580000)
 Metaspace       used 19118K, capacity 19297K, committed 19456K, reserved 1067008K
  class space    used 1870K, capacity 1949K, committed 2048K, reserved 1048576K
Event: 275.522 GC heap after
Heap after GC invocations=34 (full 0):
 PSYoungGen      total 27136K, used 96K [0x0000000795580000, 0x0000000797400000, 0x00000007c0000000)
  eden space 24064K, 0% used [0x0000000795580000,0x0000000795580000,0x0000000796d00000)
  from space 3072K, 3% used [0x0000000797100000,0x0000000797118000,0x0000000797400000)
  to   space 3584K, 0% used [0x0000000796d00000,0x0000000796d00000,0x0000000797080000)
 ParOldGen       total 87552K, used 16218K [0x0000000740000000, 0x0000000745580000, 0x0000000795580000)
  object space 87552K, 18% used [0x0000000740000000,0x0000000740fd69e8,0x0000000745580000)
 Metaspace       used 19118K, capacity 19297K, committed 19456K, reserved 1067008K
  class space    used 1870K, capacity 1949K, committed 2048K, reserved 1048576K
}
Event: 283.155 GC heap before
{Heap before GC invocations=35 (full 0):
 PSYoungGen      total 27136K, used 24160K [0x0000000795580000, 0x0000000797400000, 0x00000007c0000000)
  eden space 24064K, 100% used [0x0000000795580000,0x0000000796d00000,0x0000000796d00000)
  from space 3072K, 3% used [0x0000000797100000,0x0000000797118000,0x0000000797400000)
  to   space 3584K, 0% used [0x0000000796d00000,0x0000000796d00000,0x0000000797080000)
 ParOldGen       total 87552K, used 16218K [0x0000000740000000, 0x0000000745580000, 0x0000000795580000)
  object space 87552K, 18% used [0x0000000740000000,0x0000000740fd69e8,0x0000000745580000)
 Metaspace       used 19118K, capacity 19297K, committed 19456K, reserved 1067008K
  class space    used 1870K, capacity 1949K, committed 2048K, reserved 1048576K
Event: 283.156 GC heap after
Heap after GC invocations=35 (full 0):
 PSYoungGen      total 27648K, used 96K [0x0000000795580000, 0x0000000797400000, 0x00000007c0000000)
  eden space 24064K, 0% used [0x0000000795580000,0x0000000795580000,0x0000000796d00000)
  from space 3584K, 2% used [0x0000000796d00000,0x0000000796d18000,0x0000000797080000)
  to   space 3584K, 0% used [0x0000000797080000,0x0000000797080000,0x0000000797400000)
 ParOldGen       total 87552K, used 16218K [0x0000000740000000, 0x0000000745580000, 0x0000000795580000)
  object space 87552K, 18% used [0x0000000740000000,0x0000000740fd69e8,0x0000000745580000)
 Metaspace       used 19118K, capacity 19297K, committed 19456K, reserved 1067008K
  class space    used 1870K, capacity 1949K, committed 2048K, reserved 1048576K
}

Deoptimization events (10 events):
Event: 289.651 Thread 0x00007ffdc9a39000 Uncommon trap: reason=unstable_if action=reinterpret pc=0x000000010bb575fc method=java.util.HashMap.putVal(ILjava/lang/Object;Ljava/lang/Object;ZZ)Ljava/lang/Object; @ 81
Event: 289.652 Thread 0x00007ffdc9a3c800 Uncommon trap: reason=class_check action=maybe_recompile pc=0x000000010bc6a848 method=java.awt.Component.getGraphics()Ljava/awt/Graphics; @ 114
Event: 289.654 Thread 0x00007ffdca01c000 Uncommon trap: reason=class_check action=maybe_recompile pc=0x000000010bc78680 method=com.jogamp.common.util.RunnableTask.run()V @ 24
Event: 289.655 Thread 0x00007ffdca01c000 Uncommon trap: reason=unstable_if action=reinterpret pc=0x000000010bc5b17c method=jogamp.nativewindow.macosx.OSXUtil.RunOnMainThread(ZZLjava/lang/Runnable;)V @ 3
Event: 289.660 Thread 0x00007ffdc9317800 Uncommon trap: reason=unstable_if action=reinterpret pc=0x000000010b7e9430 method=jogamp.opengl.GLContextImpl.release(Z)V @ 161
Event: 289.662 Thread 0x00007ffdc9317800 Uncommon trap: reason=unstable_if action=reinterpret pc=0x000000010bbe7a98 method=java.util.LinkedList$ListItr.<init>(Ljava/util/LinkedList;I)V @ 26
Event: 289.662 Thread 0x00007ffdc9317800 Uncommon trap: reason=unstable_if action=reinterpret pc=0x000000010bbcba44 method=java.security.AccessControlContext.optimize()Ljava/security/AccessControlContext; @ 233
Event: 289.663 Thread 0x00007ffdc9317800 Uncommon trap: reason=unstable_if action=reinterpret pc=0x000000010bbe7fc4 method=java.util.LinkedList$ListItr.<init>(Ljava/util/LinkedList;I)V @ 26
Event: 289.663 Thread 0x00007ffdc9a3c800 Uncommon trap: reason=class_check action=maybe_recompile pc=0x000000010bc6a848 method=java.awt.Component.getGraphics()Ljava/awt/Graphics; @ 114
Event: 289.675 Thread 0x00007ffdca01c000 Uncommon trap: reason=class_check action=maybe_recompile pc=0x000000010bc78680 method=com.jogamp.common.util.RunnableTask.run()V @ 24

Internal exceptions (10 events):
Event: 0.198 Thread 0x00007ffdca808000 Exception <a 'java/lang/NoSuchFieldError': method resolution failed> (0x000000079587ce88) thrown at [/Users/java_re/workspace/8-2-build-macosx-x86_64/jdk8u60/4407/hotspot/src/share/vm/prims/methodHandles.cpp, line 1146]
Event: 0.201 Thread 0x00007ffdca808000 Exception <a 'java/lang/NoSuchFieldError': method resolution failed> (0x000000079588a658) thrown at [/Users/java_re/workspace/8-2-build-macosx-x86_64/jdk8u60/4407/hotspot/src/share/vm/prims/methodHandles.cpp, line 1146]
Event: 0.341 Thread 0x00007ffdca808000 Exception <a 'java/io/FileNotFoundException'> (0x00000007959065c8) thrown at [/Users/java_re/workspace/8-2-build-macosx-x86_64/jdk8u60/4407/hotspot/src/share/vm/prims/jni.cpp, line 709]
Event: 0.341 Thread 0x00007ffdca808000 Exception <a 'java/io/FileNotFoundException'> (0x0000000795907150) thrown at [/Users/java_re/workspace/8-2-build-macosx-x86_64/jdk8u60/4407/hotspot/src/share/vm/prims/jni.cpp, line 709]
Event: 0.434 Thread 0x00007ffdca808000 Exception <a 'java/io/FileNotFoundException'> (0x0000000795a58858) thrown at [/Users/java_re/workspace/8-2-build-macosx-x86_64/jdk8u60/4407/hotspot/src/share/vm/prims/jni.cpp, line 709]
Event: 1.850 Thread 0x00007ffdc9344000 Exception <a 'java/lang/UnsatisfiedLinkError': com.jogamp.common.util.JarUtil.fixNativeLibAttribs(Ljava/lang/String;)Z> (0x0000000796e40d40) thrown at [/Users/java_re/workspace/8-2-build-macosx-x86_64/jdk8u60/4407/hotspot/src/share/vm/prims/nativeLookup.c
Event: 2.046 Thread 0x00007ffdc9041800 Exception <a 'java/lang/NullPointerException'> (0x00000007956c92a0) thrown at [/Users/java_re/workspace/8-2-build-macosx-x86_64/jdk8u60/4407/hotspot/src/share/vm/interpreter/linkResolver.cpp, line 1178]
Event: 2.634 Thread 0x00007ffdc9317800 Exception <a 'java/io/FileNotFoundException'> (0x00000007963f7468) thrown at [/Users/java_re/workspace/8-2-build-macosx-x86_64/jdk8u60/4407/hotspot/src/share/vm/prims/jni.cpp, line 709]
Event: 2.635 Thread 0x00007ffdc9317800 Exception <a 'java/io/FileNotFoundException'> (0x00000007964049e0) thrown at [/Users/java_re/workspace/8-2-build-macosx-x86_64/jdk8u60/4407/hotspot/src/share/vm/prims/jni.cpp, line 709]
Event: 2.635 Thread 0x00007ffdc9317800 Implicit null exception at 0x000000010b5c2eb3 to 0x000000010b5c3239

Events (10 events):
Event: 289.663 Thread 0x00007ffdc9a3c800 Uncommon trap: trap_request=0xffffffde fr.pc=0x000000010bc6a848
Event: 289.663 loading class java/awt/Window$1DisposeAction
Event: 289.663 Thread 0x00007ffdc9a3c800 DEOPT PACKING pc=0x000000010bc6a848 sp=0x0000000129a62ad0
Event: 289.663 Thread 0x00007ffdc9a3c800 DEOPT UNPACKING pc=0x000000010b405229 sp=0x0000000129a62af0 mode 2
Event: 289.663 loading class java/awt/Window$1DisposeAction done
Event: 289.664 Thread 0x00007ffdc9823000 flushing nmethod 0x000000010baea990
Event: 289.664 Thread 0x00007ffdc9823000 flushing nmethod 0x000000010baffe90
Event: 289.675 Thread 0x00007ffdca01c000 Uncommon trap: trap_request=0xffffffde fr.pc=0x000000010bc78680
Event: 289.675 Thread 0x00007ffdca01c000 DEOPT PACKING pc=0x000000010bc78680 sp=0x00007fff5620c570
Event: 289.675 Thread 0x00007ffdca01c000 DEOPT UNPACKING pc=0x000000010b405229 sp=0x00007fff5620c518 mode 2


Dynamic libraries:
0x000000000d13d000 	/System/Library/Frameworks/Cocoa.framework/Versions/A/Cocoa
0x000000000d13d000 	/System/Library/Frameworks/Security.framework/Versions/A/Security
0x000000000d13d000 	/System/Library/Frameworks/ApplicationServices.framework/Versions/A/ApplicationServices
0x000000000d13d000 	/usr/lib/libz.1.dylib
0x000000000d13d000 	/usr/lib/libSystem.B.dylib
0x000000000d13d000 	/usr/lib/libobjc.A.dylib
0x000000000d13d000 	/System/Library/Frameworks/CoreFoundation.framework/Versions/A/CoreFoundation
0x000000000d13d000 	/System/Library/Frameworks/Foundation.framework/Versions/C/Foundation
0x000000000d13d000 	/System/Library/Frameworks/AppKit.framework/Versions/C/AppKit
0x000000000d13d000 	/System/Library/Frameworks/CoreData.framework/Versions/A/CoreData
0x000000000d13d000 	/System/Library/PrivateFrameworks/RemoteViewServices.framework/Versions/A/RemoteViewServices
0x000000000d13d000 	/System/Library/PrivateFrameworks/UIFoundation.framework/Versions/A/UIFoundation
0x000000000d13d000 	/System/Library/Frameworks/IOSurface.framework/Versions/A/IOSurface
0x000000000d13d000 	/System/Library/Frameworks/AudioToolbox.framework/Versions/A/AudioToolbox
0x000000000d13d000 	/System/Library/Frameworks/AudioUnit.framework/Versions/A/AudioUnit
0x000000000d13d000 	/System/Library/PrivateFrameworks/DataDetectorsCore.framework/Versions/A/DataDetectorsCore
0x000000000d13d000 	/System/Library/PrivateFrameworks/DesktopServicesPriv.framework/Versions/A/DesktopServicesPriv
0x000000000d13d000 	/System/Library/Frameworks/Carbon.framework/Versions/A/Frameworks/HIToolbox.framework/Versions/A/HIToolbox
0x000000000d13d000 	/System/Library/Frameworks/QuartzCore.framework/Versions/A/QuartzCore
0x000000000d13d000 	/System/Library/Frameworks/Carbon.framework/Versions/A/Frameworks/SpeechRecognition.framework/Versions/A/SpeechRecognition
0x000000000d13d000 	/usr/lib/libauto.dylib
0x000000000d13d000 	/usr/lib/libicucore.A.dylib
0x000000000d13d000 	/usr/lib/libxml2.2.dylib
0x000000000d13d000 	/System/Library/PrivateFrameworks/CoreUI.framework/Versions/A/CoreUI
0x000000000d13d000 	/System/Library/Frameworks/CoreAudio.framework/Versions/A/CoreAudio
0x000000000d13d000 	/System/Library/Frameworks/DiskArbitration.framework/Versions/A/DiskArbitration
0x000000000d13d000 	/usr/lib/liblangid.dylib
0x000000000d13d000 	/System/Library/PrivateFrameworks/MultitouchSupport.framework/Versions/A/MultitouchSupport
0x000000000d13d000 	/System/Library/Frameworks/IOKit.framework/Versions/A/IOKit
0x000000000d13d000 	/usr/lib/libDiagnosticMessagesClient.dylib
0x000000000d13d000 	/System/Library/Frameworks/CoreServices.framework/Versions/A/CoreServices
0x000000000d13d000 	/System/Library/PrivateFrameworks/PerformanceAnalysis.framework/Versions/A/PerformanceAnalysis
0x000000000d13d000 	/System/Library/PrivateFrameworks/GenerationalStorage.framework/Versions/A/GenerationalStorage
0x000000000d13d000 	/System/Library/Frameworks/OpenGL.framework/Versions/A/OpenGL
0x000000000d13d000 	/System/Library/PrivateFrameworks/Sharing.framework/Versions/A/Sharing
0x000000000d13d000 	/System/Library/Frameworks/CoreGraphics.framework/Versions/A/CoreGraphics
0x000000000d13d000 	/System/Library/Frameworks/CoreText.framework/Versions/A/CoreText
0x000000000d13d000 	/System/Library/Frameworks/ImageIO.framework/Versions/A/ImageIO
0x000000000d13d000 	/usr/lib/libextension.dylib
0x000000000d13d000 	/System/Library/PrivateFrameworks/Backup.framework/Versions/A/Backup
0x000000000d13d000 	/usr/lib/libarchive.2.dylib
0x000000000d13d000 	/System/Library/Frameworks/CFNetwork.framework/Versions/A/CFNetwork
0x000000000d13d000 	/System/Library/Frameworks/SystemConfiguration.framework/Versions/A/SystemConfiguration
0x000000000d13d000 	/usr/lib/libCRFSuite.dylib
0x000000000d13d000 	/usr/lib/libc++.1.dylib
0x000000000d13d000 	/usr/lib/libc++abi.dylib
0x000000000d13d000 	/usr/lib/system/libcache.dylib
0x000000000d13d000 	/usr/lib/system/libcommonCrypto.dylib
0x000000000d13d000 	/usr/lib/system/libcompiler_rt.dylib
0x000000000d13d000 	/usr/lib/system/libcopyfile.dylib
0x000000000d13d000 	/usr/lib/system/libcorecrypto.dylib
0x000000000d13d000 	/usr/lib/system/libdispatch.dylib
0x000000000d13d000 	/usr/lib/system/libdyld.dylib
0x000000000d13d000 	/usr/lib/system/libkeymgr.dylib
0x000000000d13d000 	/usr/lib/system/liblaunch.dylib
0x000000000d13d000 	/usr/lib/system/libmacho.dylib
0x000000000d13d000 	/usr/lib/system/libquarantine.dylib
0x000000000d13d000 	/usr/lib/system/libremovefile.dylib
0x000000000d13d000 	/usr/lib/system/libsystem_asl.dylib
0x000000000d13d000 	/usr/lib/system/libsystem_blocks.dylib
0x000000000d13d000 	/usr/lib/system/libsystem_c.dylib
0x000000000d13d000 	/usr/lib/system/libsystem_configuration.dylib
0x000000000d13d000 	/usr/lib/system/libsystem_coreservices.dylib
0x000000000d13d000 	/usr/lib/system/libsystem_coretls.dylib
0x000000000d13d000 	/usr/lib/system/libsystem_dnssd.dylib
0x000000000d13d000 	/usr/lib/system/libsystem_info.dylib
0x000000000d13d000 	/usr/lib/system/libsystem_kernel.dylib
0x000000000d13d000 	/usr/lib/system/libsystem_m.dylib
0x000000000d13d000 	/usr/lib/system/libsystem_malloc.dylib
0x000000000d13d000 	/usr/lib/system/libsystem_network.dylib
0x000000000d13d000 	/usr/lib/system/libsystem_networkextension.dylib
0x000000000d13d000 	/usr/lib/system/libsystem_notify.dylib
0x000000000d13d000 	/usr/lib/system/libsystem_platform.dylib
0x000000000d13d000 	/usr/lib/system/libsystem_pthread.dylib
0x000000000d13d000 	/usr/lib/system/libsystem_sandbox.dylib
0x000000000d13d000 	/usr/lib/system/libsystem_secinit.dylib
0x000000000d13d000 	/usr/lib/system/libsystem_stats.dylib
0x000000000d13d000 	/usr/lib/system/libsystem_trace.dylib
0x000000000d13d000 	/usr/lib/system/libunc.dylib
0x000000000d13d000 	/usr/lib/system/libunwind.dylib
0x000000000d13d000 	/usr/lib/system/libxpc.dylib
0x000000000d13d000 	/usr/lib/libbz2.1.0.dylib
0x000000000d13d000 	/usr/lib/liblzma.5.dylib
0x000000000d13d000 	/usr/lib/libbsm.0.dylib
0x000000000d13d000 	/usr/lib/libsqlite3.dylib
0x000000000d13d000 	/usr/lib/system/libkxld.dylib
0x000000000d13d000 	/usr/lib/libxar.1.dylib
0x000000000d13d000 	/usr/lib/libpam.2.dylib
0x000000000d13d000 	/usr/lib/libOpenScriptingUtil.dylib
0x000000000d13d000 	/System/Library/Frameworks/CoreServices.framework/Versions/A/Frameworks/FSEvents.framework/Versions/A/FSEvents
0x000000000d13d000 	/System/Library/Frameworks/CoreServices.framework/Versions/A/Frameworks/CarbonCore.framework/Versions/A/CarbonCore
0x000000000d13d000 	/System/Library/Frameworks/CoreServices.framework/Versions/A/Frameworks/Metadata.framework/Versions/A/Metadata
0x000000000d13d000 	/System/Library/Frameworks/CoreServices.framework/Versions/A/Frameworks/OSServices.framework/Versions/A/OSServices
0x000000000d13d000 	/System/Library/Frameworks/CoreServices.framework/Versions/A/Frameworks/SearchKit.framework/Versions/A/SearchKit
0x000000000d13d000 	/System/Library/Frameworks/CoreServices.framework/Versions/A/Frameworks/AE.framework/Versions/A/AE
0x000000000d13d000 	/System/Library/Frameworks/CoreServices.framework/Versions/A/Frameworks/LaunchServices.framework/Versions/A/LaunchServices
0x000000000d13d000 	/System/Library/Frameworks/CoreServices.framework/Versions/A/Frameworks/DictionaryServices.framework/Versions/A/DictionaryServices
0x000000000d13d000 	/System/Library/Frameworks/NetFS.framework/Versions/A/NetFS
0x000000000d13d000 	/System/Library/PrivateFrameworks/NetAuth.framework/Versions/A/NetAuth
0x000000000d13d000 	/System/Library/PrivateFrameworks/login.framework/Versions/A/Frameworks/loginsupport.framework/Versions/A/loginsupport
0x000000000d13d000 	/System/Library/PrivateFrameworks/TCC.framework/Versions/A/TCC
0x000000000d13d000 	/usr/lib/libmecabra.dylib
0x000000000d13d000 	/System/Library/Frameworks/ApplicationServices.framework/Versions/A/Frameworks/ATS.framework/Versions/A/ATS
0x000000000d13d000 	/System/Library/Frameworks/ApplicationServices.framework/Versions/A/Frameworks/ColorSync.framework/Versions/A/ColorSync
0x000000000d13d000 	/System/Library/Frameworks/ApplicationServices.framework/Versions/A/Frameworks/HIServices.framework/Versions/A/HIServices
0x000000000d13d000 	/System/Library/Frameworks/ApplicationServices.framework/Versions/A/Frameworks/LangAnalysis.framework/Versions/A/LangAnalysis
0x000000000d13d000 	/System/Library/Frameworks/ApplicationServices.framework/Versions/A/Frameworks/PrintCore.framework/Versions/A/PrintCore
0x000000000d13d000 	/System/Library/Frameworks/ApplicationServices.framework/Versions/A/Frameworks/QD.framework/Versions/A/QD
0x000000000d13d000 	/System/Library/Frameworks/ApplicationServices.framework/Versions/A/Frameworks/SpeechSynthesis.framework/Versions/A/SpeechSynthesis
0x000000000d13d000 	/System/Library/Frameworks/Accelerate.framework/Versions/A/Accelerate
0x000000000d13d000 	/System/Library/Frameworks/Accelerate.framework/Versions/A/Frameworks/vImage.framework/Versions/A/vImage
0x000000000d13d000 	/System/Library/Frameworks/Accelerate.framework/Versions/A/Frameworks/vecLib.framework/Versions/A/vecLib
0x000000000d13d000 	/System/Library/Frameworks/Accelerate.framework/Versions/A/Frameworks/vecLib.framework/Versions/A/libvDSP.dylib
0x000000000d13d000 	/System/Library/Frameworks/Accelerate.framework/Versions/A/Frameworks/vecLib.framework/Versions/A/libvMisc.dylib
0x000000000d13d000 	/System/Library/Frameworks/Accelerate.framework/Versions/A/Frameworks/vecLib.framework/Versions/A/libLAPACK.dylib
0x000000000d13d000 	/System/Library/Frameworks/Accelerate.framework/Versions/A/Frameworks/vecLib.framework/Versions/A/libBLAS.dylib
0x000000000d13d000 	/System/Library/Frameworks/Accelerate.framework/Versions/A/Frameworks/vecLib.framework/Versions/A/libLinearAlgebra.dylib
0x000000000d13d000 	/System/Library/Frameworks/ApplicationServices.framework/Versions/A/Frameworks/ATS.framework/Versions/A/Resources/libFontParser.dylib
0x000000000d13d000 	/System/Library/Frameworks/ApplicationServices.framework/Versions/A/Frameworks/ATS.framework/Versions/A/Resources/libFontRegistry.dylib
0x000000000d13d000 	/System/Library/PrivateFrameworks/AppleVPA.framework/Versions/A/AppleVPA
0x000000000d13d000 	/System/Library/PrivateFrameworks/AppleJPEG.framework/Versions/A/AppleJPEG
0x000000000d13d000 	/System/Library/Frameworks/ImageIO.framework/Versions/A/Resources/libJPEG.dylib
0x000000000d13d000 	/System/Library/Frameworks/ImageIO.framework/Versions/A/Resources/libTIFF.dylib
0x000000000d13d000 	/System/Library/Frameworks/ImageIO.framework/Versions/A/Resources/libPng.dylib
0x000000000d13d000 	/System/Library/Frameworks/ImageIO.framework/Versions/A/Resources/libGIF.dylib
0x000000000d13d000 	/System/Library/Frameworks/ImageIO.framework/Versions/A/Resources/libJP2.dylib
0x000000000d13d000 	/System/Library/Frameworks/ImageIO.framework/Versions/A/Resources/libRadiance.dylib
0x000000000d13d000 	/System/Library/Frameworks/CoreVideo.framework/Versions/A/CoreVideo
0x000000000d13d000 	/System/Library/Frameworks/OpenGL.framework/Versions/A/Libraries/libGLU.dylib
0x000000000d13d000 	/System/Library/Frameworks/OpenGL.framework/Versions/A/Libraries/libGFXShared.dylib
0x000000000d13d000 	/System/Library/Frameworks/OpenGL.framework/Versions/A/Libraries/libGL.dylib
0x000000000d13d000 	/System/Library/Frameworks/OpenGL.framework/Versions/A/Libraries/libGLImage.dylib
0x000000000d13d000 	/System/Library/Frameworks/OpenGL.framework/Versions/A/Libraries/libCVMSPluginSupport.dylib
0x000000000d13d000 	/System/Library/Frameworks/OpenGL.framework/Versions/A/Libraries/libCoreVMClient.dylib
0x000000000d13d000 	/usr/lib/libcups.2.dylib
0x000000000d13d000 	/System/Library/Frameworks/Kerberos.framework/Versions/A/Kerberos
0x000000000d13d000 	/System/Library/Frameworks/GSS.framework/Versions/A/GSS
0x000000000d13d000 	/usr/lib/libresolv.9.dylib
0x000000000d13d000 	/usr/lib/libiconv.2.dylib
0x000000000d13d000 	/System/Library/PrivateFrameworks/Heimdal.framework/Versions/A/Heimdal
0x000000000d13d000 	/usr/lib/libheimdal-asn1.dylib
0x000000000d13d000 	/System/Library/Frameworks/OpenDirectory.framework/Versions/A/OpenDirectory
0x000000000d13d000 	/System/Library/PrivateFrameworks/CommonAuth.framework/Versions/A/CommonAuth
0x000000000d13d000 	/System/Library/Frameworks/OpenDirectory.framework/Versions/A/Frameworks/CFOpenDirectory.framework/Versions/A/CFOpenDirectory
0x000000000d13d000 	/System/Library/Frameworks/SecurityFoundation.framework/Versions/A/SecurityFoundation
0x000000000d13d000 	/System/Library/PrivateFrameworks/LanguageModeling.framework/Versions/A/LanguageModeling
0x000000000d13d000 	/usr/lib/libcmph.dylib
0x000000000d13d000 	/System/Library/Frameworks/ServiceManagement.framework/Versions/A/ServiceManagement
0x000000000d13d000 	/usr/lib/libxslt.1.dylib
0x000000000d13d000 	/System/Library/Frameworks/Carbon.framework/Versions/A/Frameworks/Ink.framework/Versions/A/Ink
0x000000000d13d000 	/System/Library/Frameworks/QuartzCore.framework/Versions/A/Frameworks/CoreImage.framework/Versions/A/CoreImage
0x000000000d13d000 	/System/Library/PrivateFrameworks/CrashReporterSupport.framework/Versions/A/CrashReporterSupport
0x000000000d13d000 	/System/Library/Frameworks/OpenCL.framework/Versions/A/OpenCL
0x000000000d13d000 	/System/Library/PrivateFrameworks/FaceCore.framework/Versions/A/FaceCore
0x000000000d13d000 	/System/Library/PrivateFrameworks/Ubiquity.framework/Versions/A/Ubiquity
0x000000000d13d000 	/System/Library/PrivateFrameworks/IconServices.framework/Versions/A/IconServices
0x000000000d13d000 	/System/Library/PrivateFrameworks/ChunkingLibrary.framework/Versions/A/ChunkingLibrary
0x000000000d13d000 	/System/Library/PrivateFrameworks/Apple80211.framework/Versions/A/Apple80211
0x000000000d13d000 	/System/Library/Frameworks/CoreWLAN.framework/Versions/A/CoreWLAN
0x000000000d13d000 	/System/Library/Frameworks/IOBluetooth.framework/Versions/A/IOBluetooth
0x000000000d13d000 	/System/Library/PrivateFrameworks/CoreWiFi.framework/Versions/A/CoreWiFi
0x000000000d13d000 	/System/Library/Frameworks/CoreBluetooth.framework/Versions/A/CoreBluetooth
0x000000000d13d000 	/System/Library/PrivateFrameworks/DebugSymbols.framework/Versions/A/DebugSymbols
0x000000000d13d000 	/System/Library/PrivateFrameworks/CoreSymbolication.framework/Versions/A/CoreSymbolication
0x000000000d13d000 	/System/Library/PrivateFrameworks/Symbolication.framework/Versions/A/Symbolication
0x000000000d13d000 	/System/Library/PrivateFrameworks/SpeechRecognitionCore.framework/Versions/A/SpeechRecognitionCore
0x0000000109aee000 	/Library/Java/JavaVirtualMachines/jdk1.8.0_60.jdk/Contents/Home/jre/lib/server/libjvm.dylib
0x000000000d13d000 	/usr/lib/libstdc++.6.dylib
0x000000010ab91000 	/Library/Java/JavaVirtualMachines/jdk1.8.0_60.jdk/Contents/Home/jre/lib/libverify.dylib
0x000000010ab9f000 	/Library/Java/JavaVirtualMachines/jdk1.8.0_60.jdk/Contents/Home/jre/lib/libjava.dylib
0x000000010abde000 	/Library/Java/JavaVirtualMachines/jdk1.8.0_60.jdk/Contents/Home/jre/lib/libzip.dylib
0x000000010abe8000 	/System/Library/Frameworks/JavaVM.framework/Frameworks/JavaRuntimeSupport.framework/JavaRuntimeSupport
0x0000000121477000 	/System/Library/Frameworks/JavaVM.framework/Versions/A/Frameworks/JavaNativeFoundation.framework/Versions/A/JavaNativeFoundation
0x000000012148c000 	/System/Library/Frameworks/JavaVM.framework/Versions/A/JavaVM
0x000000000d13d000 	/System/Library/Frameworks/Carbon.framework/Versions/A/Carbon
0x0000000121499000 	/System/Library/PrivateFrameworks/JavaLaunching.framework/Versions/A/JavaLaunching
0x000000000d13d000 	/System/Library/Frameworks/Carbon.framework/Versions/A/Frameworks/CommonPanels.framework/Versions/A/CommonPanels
0x000000000d13d000 	/System/Library/Frameworks/Carbon.framework/Versions/A/Frameworks/Help.framework/Versions/A/Help
0x000000000d13d000 	/System/Library/Frameworks/Carbon.framework/Versions/A/Frameworks/ImageCapture.framework/Versions/A/ImageCapture
0x000000000d13d000 	/System/Library/Frameworks/Carbon.framework/Versions/A/Frameworks/OpenScripting.framework/Versions/A/OpenScripting
0x000000000d13d000 	/System/Library/Frameworks/Carbon.framework/Versions/A/Frameworks/Print.framework/Versions/A/Print
0x000000000d13d000 	/System/Library/Frameworks/Carbon.framework/Versions/A/Frameworks/SecurityHI.framework/Versions/A/SecurityHI
0x00000001233cf000 	/Library/Java/JavaVirtualMachines/jdk1.8.0_60.jdk/Contents/Home/jre/lib/libawt.dylib
0x0000000123477000 	/Library/Java/JavaVirtualMachines/jdk1.8.0_60.jdk/Contents/Home/jre/lib/./libmlib_image.dylib
0x0000000123543000 	/Library/Java/JavaVirtualMachines/jdk1.8.0_60.jdk/Contents/Home/jre/lib/libawt_lwawt.dylib
0x00000001235f8000 	/Library/Java/JavaVirtualMachines/jdk1.8.0_60.jdk/Contents/Home/jre/lib/./libosxapp.dylib
0x000000000d13d000 	/System/Library/Frameworks/ExceptionHandling.framework/Versions/A/ExceptionHandling
0x000000000d13d000 	/System/Library/PrivateFrameworks/CoreServicesInternal.framework/Versions/A/CoreServicesInternal
0x000000000d13d000 	/System/Library/PrivateFrameworks/CloudDocs.framework/Versions/A/CloudDocs
0x000000000d13d000 	/System/Library/PrivateFrameworks/CoreDuet.framework/Versions/A/CoreDuet
0x000000000d13d000 	/System/Library/Frameworks/CloudKit.framework/Versions/A/CloudKit
0x000000000d13d000 	/System/Library/PrivateFrameworks/ProtocolBuffer.framework/Versions/A/ProtocolBuffer
0x000000000d13d000 	/System/Library/PrivateFrameworks/CoreDuetDaemonProtocol.framework/Versions/A/CoreDuetDaemonProtocol
0x000000000d13d000 	/System/Library/PrivateFrameworks/CoreDuetDebugLogging.framework/Versions/A/CoreDuetDebugLogging
0x000000000d13d000 	/System/Library/PrivateFrameworks/MMCS.framework/Versions/A/MMCS
0x000000000d13d000 	/System/Library/Frameworks/CoreLocation.framework/Versions/A/CoreLocation
0x000000000d13d000 	/System/Library/PrivateFrameworks/ProtectedCloudStorage.framework/Versions/A/ProtectedCloudStorage
0x000000000d13d000 	/System/Library/PrivateFrameworks/GeoServices.framework/Versions/A/GeoServices
0x000000000d13d000 	/System/Library/Frameworks/CoreGraphics.framework/Versions/A/Resources/libCGCMS.A.dylib
0x000000000d13d000 	/System/Library/Frameworks/CoreGraphics.framework/Versions/A/Resources/libRIP.A.dylib
0x000000000d13d000 	/System/Library/Frameworks/CoreGraphics.framework/Versions/A/Resources/libCGXType.A.dylib
0x000000000d13d000 	/System/Library/Frameworks/OpenCL.framework/Versions/A/Libraries/libcldcpuengine.dylib
0x000000000d13d000 	/System/Library/PrivateFrameworks/DiskImages.framework/Versions/A/DiskImages
0x000000000d13d000 	/System/Library/Frameworks/DiscRecording.framework/Versions/A/DiscRecording
0x000000000d13d000 	/usr/lib/libcsfde.dylib
0x000000000d13d000 	/usr/lib/libcurl.4.dylib
0x000000000d13d000 	/System/Library/PrivateFrameworks/MediaKit.framework/Versions/A/MediaKit
0x000000000d13d000 	/usr/lib/libCoreStorage.dylib
0x000000000d13d000 	/System/Library/PrivateFrameworks/EFILogin.framework/Versions/A/EFILogin
0x000000000d13d000 	/usr/lib/libutil.dylib
0x000000000d13d000 	/System/Library/PrivateFrameworks/FindMyDevice.framework/Versions/A/FindMyDevice
0x000000000d13d000 	/System/Library/Frameworks/LDAP.framework/Versions/A/LDAP
0x000000000d13d000 	/usr/lib/libsasl2.2.dylib
0x000000000d13d000 	/System/Library/PrivateFrameworks/CoreDaemon.framework/Versions/B/CoreDaemon
0x000000000d13d000 	/usr/lib/libcrypto.0.9.8.dylib
0x000000000d13d000 	/System/Library/PrivateFrameworks/AppleSRP.framework/Versions/A/AppleSRP
0x000000000d13d000 	/System/Library/PrivateFrameworks/TrustEvaluationAgent.framework/Versions/A/TrustEvaluationAgent
0x0000000123991000 	cl_kernels
0x0000000126484000 	/System/Library/Frameworks/OpenCL.framework/Versions/A/Libraries/ImageFormats/unorm8_bgra.dylib
0x0000000123996000 	cl_kernels
0x000000000d13d000 	/System/Library/PrivateFrameworks/FamilyControls.framework/Versions/A/FamilyControls
0x000000000d13d000 	/System/Library/PrivateFrameworks/CommerceKit.framework/Versions/A/Frameworks/CommerceCore.framework/Versions/A/CommerceCore
0x000000000d13d000 	/System/Library/PrivateFrameworks/SystemAdministration.framework/Versions/A/SystemAdministration
0x000000000d13d000 	/System/Library/PrivateFrameworks/AppContainer.framework/Versions/A/AppContainer
0x000000000d13d000 	/System/Library/PrivateFrameworks/SecCodeWrapper.framework/Versions/A/SecCodeWrapper
0x000000000d13d000 	/System/Library/Frameworks/DirectoryService.framework/Versions/A/DirectoryService
0x000000000d13d000 	/System/Library/PrivateFrameworks/LoginUIKit.framework/Versions/A/Frameworks/LoginUICore.framework/Versions/A/LoginUICore
0x000000000d13d000 	/usr/lib/libodfde.dylib
0x000000000d13d000 	/System/Library/Frameworks/OpenGL.framework/Versions/A/Resources/GLEngine.bundle/GLEngine
0x000000000d13d000 	/System/Library/Frameworks/OpenGL.framework/Versions/A/Libraries/libGLProgrammability.dylib
0x00000001277a5000 	/System/Library/Extensions/AppleIntelHD5000GraphicsGLDriver.bundle/Contents/MacOS/AppleIntelHD5000GraphicsGLDriver
0x000000000d13d000 	/System/Library/PrivateFrameworks/IOAccelerator.framework/Versions/A/IOAccelerator
0x000000000d13d000 	/System/Library/PrivateFrameworks/GPUSupport.framework/Versions/A/Libraries/libGPUSupportMercury.dylib
0x000000000d13d000 	/System/Library/Frameworks/OpenGL.framework/Versions/A/Resources/GLRendererFloat.bundle/GLRendererFloat
0x0000000128824000 	/Library/Java/JavaVirtualMachines/jdk1.8.0_60.jdk/Contents/Home/jre/lib/libfontmanager.dylib
0x00000001298fb000 	/Library/Java/JavaVirtualMachines/jdk1.8.0_60.jdk/Contents/Home/jre/lib/libosxui.dylib
0x0000000129b44000 	/Library/Java/JavaVirtualMachines/jdk1.8.0_60.jdk/Contents/Home/jre/lib/libnet.dylib
0x0000000129d83000 	/Library/Java/JavaVirtualMachines/jdk1.8.0_60.jdk/Contents/Home/jre/lib/libnio.dylib
0x000000000d13d000 	/System/Library/Frameworks/ApplicationServices.framework/Versions/A/Frameworks/ATS.framework/Versions/A/Resources/libTrueTypeScaler.dylib
0x000000017ce66000 	/private/var/folders/x9/z_v5q4vx5yx_kt718rrfk_lm0000gn/T/jogamp_0000/file_cache/jln925344413207722996/jln129073869197374520/libgluegen-rt.jnilib
0x0000000129b5b000 	/private/var/folders/x9/z_v5q4vx5yx_kt718rrfk_lm0000gn/T/jogamp_0000/file_cache/jln925344413207722996/jln129073869197374520/libnativewindow_awt.jnilib
0x000000017ce6a000 	/Library/Java/JavaVirtualMachines/jdk1.8.0_60.jdk/Contents/Home/jre/lib/libjawt.dylib
0x000000017ce6d000 	/private/var/folders/x9/z_v5q4vx5yx_kt718rrfk_lm0000gn/T/jogamp_0000/file_cache/jln925344413207722996/jln129073869197374520/libnativewindow_macosx.jnilib
0x000000017eb55000 	/private/var/folders/x9/z_v5q4vx5yx_kt718rrfk_lm0000gn/T/jogamp_0000/file_cache/jln925344413207722996/jln129073869197374520/libjogl_desktop.jnilib

VM Arguments:
jvm_args: -Djava.security.policy=java.policy.applet -Dfile.encoding=UTF-8 
java_command: sun.applet.AppletViewer HelloUCSDWorld1444252219817.html
java_class_path (initial): /Users/gregorymankes/Google Drive/Udacity and Other Courses/Coursera/Data Structures Specialization/Course 1/Code/UCSDUnfoldingMaps/build:/Users/gregorymankes/Google Drive/Udacity and Other Courses/Coursera/Data Structures Specialization/Course 1/Code/UCSDUnfoldingMaps/lib/core.jar:/Users/gregorymankes/Google Drive/Udacity and Other Courses/Coursera/Data Structures Specialization/Course 1/Code/UCSDUnfoldingMaps/lib/gluegen-rt.jar:/Users/gregorymankes/Google Drive/Udacity and Other Courses/Coursera/Data Structures Specialization/Course 1/Code/UCSDUnfoldingMaps/lib/jogl-all.jar:/Users/gregorymankes/Google Drive/Udacity and Other Courses/Coursera/Data Structures Specialization/Course 1/Code/UCSDUnfoldingMaps/lib/log4j-1.2.15.jar:/Users/gregorymankes/Google Drive/Udacity and Other Courses/Coursera/Data Structures Specialization/Course 1/Code/UCSDUnfoldingMaps/lib/sqlite-jdbc-3.7.2.jar:/Users/gregorymankes/Google Drive/Udacity and Other Courses/Coursera/Data Structures Specialization/Course 1/Code/UCSDUnfoldingMaps/lib/json4processing.jar:/Users/gregorymankes/Google Drive/Udacity and Other Courses/Coursera/Data Structures Specialization/Course 1/Code/UCSDUnfoldingMaps/lib/libTUIO.jar:/Users/gregorymankes/Google Drive/Udacity and Other Courses/Coursera/Data Structures Specialization/Course 1/Code/UCSDUnfoldingMaps/lib/unfolding.0.9.7-uscd.jar
Launcher Type: SUN_STANDARD

Environment Variables:
PATH=/usr/bin:/bin:/usr/sbin:/sbin
SHELL=/bin/bash

Signal Handlers:
SIGSEGV: [libjvm.dylib+0x5a6d31], sa_mask[0]=11111111011111110111111111111111, sa_flags=SA_ONSTACK|SA_RESTART|SA_SIGINFO
SIGBUS: [libjvm.dylib+0x5a6d31], sa_mask[0]=11111111011111110111111111111111, sa_flags=SA_RESTART|SA_SIGINFO
SIGFPE: [libjvm.dylib+0x480a4c], sa_mask[0]=11111111011111110111111111111111, sa_flags=SA_RESTART|SA_SIGINFO
SIGPIPE: [libjvm.dylib+0x480a4c], sa_mask[0]=11111111011111110111111111111111, sa_flags=SA_RESTART|SA_SIGINFO
SIGXFSZ: [libjvm.dylib+0x480a4c], sa_mask[0]=11111111011111110111111111111111, sa_flags=SA_RESTART|SA_SIGINFO
SIGILL: [libjvm.dylib+0x480a4c], sa_mask[0]=11111111011111110111111111111111, sa_flags=SA_RESTART|SA_SIGINFO
SIGUSR1: SIG_DFL, sa_mask[0]=00000000000000000000000000000000, sa_flags=none
SIGUSR2: [libjvm.dylib+0x48056a], sa_mask[0]=00100000000000000000000000000000, sa_flags=SA_RESTART|SA_SIGINFO
SIGHUP: [libjvm.dylib+0x47eb41], sa_mask[0]=11111111011111110111111111111111, sa_flags=SA_RESTART|SA_SIGINFO
SIGINT: [libjvm.dylib+0x47eb41], sa_mask[0]=11111111011111110111111111111111, sa_flags=SA_RESTART|SA_SIGINFO
SIGTERM: [libjvm.dylib+0x47eb41], sa_mask[0]=11111111011111110111111111111111, sa_flags=SA_RESTART|SA_SIGINFO
SIGQUIT: [libjvm.dylib+0x47eb41], sa_mask[0]=11111111011111110111111111111111, sa_flags=SA_RESTART|SA_SIGINFO


---------------  S Y S T E M  ---------------

OS:Bsduname:Darwin 14.5.0 Darwin Kernel Version 14.5.0: Wed Jul 29 02:26:53 PDT 2015; root:xnu-2782.40.9~1/RELEASE_X86_64 x86_64
rlimit: STACK 8192k, CORE 0k, NPROC 709, NOFILE 10240, AS infinity
load average:1.29 1.39 1.48

CPU:total 4 (2 cores per cpu, 2 threads per core) family 6 model 69 stepping 1, cmov, cx8, fxsr, mmx, sse, sse2, sse3, ssse3, sse4.1, sse4.2, popcnt, avx, avx2, aes, clmul, erms, lzcnt, ht, tsc, tscinvbit, bmi1, bmi2

Memory: 4k page, physical 8388608k(588732k free)

/proc/meminfo:


vm_info: Java HotSpot(TM) 64-Bit Server VM (25.60-b23) for bsd-amd64 JRE (1.8.0_60-b27), built on Aug  4 2015 10:47:24 by "java_re" with gcc 4.2.1 (Based on Apple Inc. build 5658) (LLVM build 2336.11.00)

time: Wed Oct  7 17:15:09 2015
elapsed time: 289 seconds (0d 0h 4m 49s)

