#
# A fatal error has been detected by the Java Runtime Environment:
#
#  SIGSEGV (0xb) at pc=0x00007fff9309cd5d, pid=7545, tid=2571
#
# JRE version: Java(TM) SE Runtime Environment (8.0_60-b27) (build 1.8.0_60-b27)
# Java VM: Java HotSpot(TM) 64-Bit Server VM (25.60-b23 mixed mode bsd-amd64 compressed oops)
# Problematic frame:
# C  [libobjc.A.dylib+0x6d5d]  objc_msgSend+0x1d
#
# Failed to write core dump. Core dumps have been disabled. To enable core dumping, try "ulimit -c unlimited" before starting Java again
#
# If you would like to submit a bug report, please visit:
#   http://bugreport.java.com/bugreport/crash.jsp
# The crash happened outside the Java Virtual Machine in native code.
# See problematic frame for where to report the bug.
#

---------------  T H R E A D  ---------------

Current thread (0x00007f9e1108c000):  JavaThread "AWT-AppKit" daemon [_thread_in_native, id=2571, stack(0x00007fff5b8e2000,0x00007fff5c0e2000)]

siginfo: si_signo: 11 (SIGSEGV), si_code: 1 (SEGV_MAPERR), si_addr: 0x0000000000000018

Registers:
RAX=0x00007f9e15989da0, RBX=0x000000011d9b8450, RCX=0x000000011d9e06a0, RDX=0x000000011d9e0b60
RSP=0x00007fff5c0dd198, RBP=0x00007fff5c0dd250, RSI=0x00007fff8f9d8d0e, RDI=0x00007f9e15af5e20
R8 =0x0000000000000000, R9 =0x0000000000000810, R10=0x00007fff8f9d8d0e, R11=0x0000000000000000
R12=0x0000000000000000, R13=0x000000017ccc64f0, R14=0x000000011d9b8440, R15=0x00007f9e1108c000
RIP=0x00007fff9309cd5d, EFLAGS=0x0000000000010246, ERR=0x0000000000000004
  TRAPNO=0x000000000000000e

Top of Stack: (sp=0x00007fff5c0dd198)
0x00007fff5c0dd198:   000000011d9b6157 00007fff5c0dd1f0
0x00007fff5c0dd1a8:   0000000000000003 00007fff5c0dd1d0
0x00007fff5c0dd1b8:   0000000103f8b992 000000017ccc64f0
0x00007fff5c0dd1c8:   000000017ccc64f0 00007f9e15989da0
0x00007fff5c0dd1d8:   000000011d9b86a0 000000011d9b8710
0x00007fff5c0dd1e8:   00007fff7575c740 00007fff761304c0
0x00007fff5c0dd1f8:   000000011d9b8450 000000011d9b8690
0x00007fff5c0dd208:   00007f9e15989da0 00007f9e15af5e20
0x00007fff5c0dd218:   00007f9e10c67300 00007f9e15989da0
0x00007fff5c0dd228:   00007f9e15af5e20 00007fff5c0dd2d8
0x00007fff5c0dd238:   00007f9e1108c1f8 000000017ccc64f0
0x00007fff5c0dd248:   00007fff5c0dd300 00007fff5c0dd2c8
0x00007fff5c0dd258:   000000010564a954 000000017ccc64f0
0x00007fff5c0dd268:   00007fff5c0dd300 00007fff5c0dd2c8
0x00007fff5c0dd278:   000000010564a6e7 000000010564a6a2
0x00007fff5c0dd288:   00007fff5c0dd288 000000017ccc64f0
0x00007fff5c0dd298:   00007fff5c0dd300 000000017cce9158
0x00007fff5c0dd2a8:   0000000000000000 000000017ccc64f0
0x00007fff5c0dd2b8:   0000000000000000 00007fff5c0dd2e8
0x00007fff5c0dd2c8:   00007fff5c0dd348 000000010563cc4d
0x00007fff5c0dd2d8:   000000074184ded8 0000000105644578
0x00007fff5c0dd2e8:   00007f9e15989da0 00007fff5c0dd348
0x00007fff5c0dd2f8:   00007f9e15af5e20 0000000105645d82
0x00007fff5c0dd308:   00007fff5c0dd308 000000017ccc66ba
0x00007fff5c0dd318:   00007fff5c0dd370 000000017cce9158
0x00007fff5c0dd328:   0000000000000000 000000017ccc66c8
0x00007fff5c0dd338:   00007fff5c0dd2e8 00007fff5c0dd358
0x00007fff5c0dd348:   00007fff5c0dd3b8 000000010563cc4d
0x00007fff5c0dd358:   00007f9e15989da0 0000000741851c88
0x00007fff5c0dd368:   00007f9e15af5e20 0000000741851c88
0x00007fff5c0dd378:   00007fff5c0dd378 000000018370b98e
0x00007fff5c0dd388:   00007fff5c0dd3c8 000000018370ba48 

Instructions: (pc=0x00007fff9309cd5d)
0x00007fff9309cd3d:   44 00 00 48 85 ff 2e 74 62 40 f6 c7 01 2e 75 66
0x00007fff9309cd4d:   49 bb f8 ff ff ff ff 7f 00 00 4c 23 1f 49 89 f2
0x00007fff9309cd5d:   45 23 53 18 49 c1 e2 04 4d 03 53 10 49 3b 32 75
0x00007fff9309cd6d:   04 41 ff 62 08 49 83 3a 01 76 0d 49 83 c2 10 49 

Register to memory mapping:

RAX=0x00007f9e15989da0 is an unknown value
RBX=0x000000011d9b8450: Java_jogamp_nativewindow_macosx_OSXUtil_GetScreenRefreshRate0+0x1cf0 in /private/var/folders/x9/z_v5q4vx5yx_kt718rrfk_lm0000gn/T/jogamp_0000/file_cache/jln3685100691823592183/jln8786461555821687359/libnativewindow_macosx.jnilib at 0x000000011d9b1000
RCX=0x000000011d9e06a0 is an unknown value
RDX=0x000000011d9e0b60 is an unknown value
RSP=0x00007fff5c0dd198 is pointing into the stack for thread: 0x00007f9e1108c000
RBP=0x00007fff5c0dd250 is pointing into the stack for thread: 0x00007f9e1108c000
RSI=0x00007fff8f9d8d0e is an unknown value
RDI=0x00007f9e15af5e20 is an unknown value
R8 =0x0000000000000000 is an unknown value
R9 =0x0000000000000810 is an unknown value
R10=0x00007fff8f9d8d0e is an unknown value
R11=0x0000000000000000 is an unknown value
R12=0x0000000000000000 is an unknown value
R13={method} {0x000000017ccc64f0} 'UnsetJAWTRootSurfaceLayer0' '(JJ)V' in 'jogamp/nativewindow/jawt/macosx/MacOSXJAWTWindow'
R14=0x000000011d9b8440: Java_jogamp_nativewindow_macosx_OSXUtil_GetScreenRefreshRate0+0x1ce0 in /private/var/folders/x9/z_v5q4vx5yx_kt718rrfk_lm0000gn/T/jogamp_0000/file_cache/jln3685100691823592183/jln8786461555821687359/libnativewindow_macosx.jnilib at 0x000000011d9b1000
R15=0x00007f9e1108c000 is a thread


Stack: [0x00007fff5b8e2000,0x00007fff5c0e2000],  sp=0x00007fff5c0dd198,  free space=8172k
Native frames: (J=compiled Java code, j=interpreted, Vv=VM code, C=native code)
C  [libobjc.A.dylib+0x6d5d]  objc_msgSend+0x1d
j  jogamp.nativewindow.jawt.macosx.MacOSXJAWTWindow.UnsetJAWTRootSurfaceLayer0(JJ)V+0
j  jogamp.nativewindow.jawt.macosx.MacOSXJAWTWindow.access$200(JJ)V+2
j  jogamp.nativewindow.jawt.macosx.MacOSXJAWTWindow$1.run()V+38
j  com.jogamp.common.util.RunnableTask.run()V+24
v  ~StubRoutines::call_stub
V  [libjvm.dylib+0x2eab0e]  JavaCalls::call_helper(JavaValue*, methodHandle*, JavaCallArguments*, Thread*)+0x6ae
V  [libjvm.dylib+0x321bb7]  jni_invoke_nonstatic(JNIEnv_*, JavaValue*, _jobject*, JNICallType, _jmethodID*, JNI_ArgumentPusher*, Thread*)+0x2ec
V  [libjvm.dylib+0x31438b]  jni_CallVoidMethod+0x16b
C  [libnativewindow_macosx.jnilib+0x5326]  Java_jogamp_nativewindow_jawt_macosx_MacOSXJAWTWindow_UnsetJAWTRootSurfaceLayer0+0x2b6
C  [Foundation+0x7741e]  __NSThreadPerformPerform+0x117
C  [CoreFoundation+0xaa8b1]  __CFRUNLOOP_IS_CALLING_OUT_TO_A_SOURCE0_PERFORM_FUNCTION__+0x11
C  [CoreFoundation+0x8a027]  __CFRunLoopDoSources0+0x1a7
C  [CoreFoundation+0x895cf]  __CFRunLoopRun+0x39f
C  [CoreFoundation+0x88fc8]  CFRunLoopRunSpecific+0x128
C  [HIToolbox+0x30d55]  RunCurrentEventLoopInMode+0xeb
C  [HIToolbox+0x30a97]  ReceiveNextEventCommon+0xb8
C  [HIToolbox+0x309cf]  _BlockUntilNextEventMatchingListInModeWithFilter+0x47
C  [AppKit+0x49d96]  _DPSNextEvent+0x42b
C  [AppKit+0x491c5]  -[NSApplication _nextEventMatchingEventMask:untilDate:inMode:dequeue:]+0x1c6
C  [libosxapp.dylib+0x23aa]  -[NSApplicationAWT nextEventMatchingMask:untilDate:inMode:dequeue:]+0x7c
C  [AppKit+0x3dd28]  -[NSApplication run]+0x2aa
C  [libosxapp.dylib+0x214d]  +[NSApplicationAWT runAWTLoopWithApp:]+0x9c
C  [libawt_lwawt.dylib+0x44517]  -[AWTStarter starter:]+0x389
C  [Foundation+0x7741e]  __NSThreadPerformPerform+0x117
C  [CoreFoundation+0xaa8b1]  __CFRUNLOOP_IS_CALLING_OUT_TO_A_SOURCE0_PERFORM_FUNCTION__+0x11
C  [CoreFoundation+0x8a0ac]  __CFRunLoopDoSources0+0x22c
C  [CoreFoundation+0x895cf]  __CFRunLoopRun+0x39f
C  [CoreFoundation+0x88fc8]  CFRunLoopRunSpecific+0x128
C  [java+0x6463]  CreateExecutionEnvironment+0x367
C  [java+0x21ac]  JLI_Launch+0x7a0
C  [java+0x84c0]  main+0x65
C  [java+0x1a04]  start+0x34
C  0x0000000000000007

Java frames: (J=compiled Java code, j=interpreted, Vv=VM code)
j  jogamp.nativewindow.jawt.macosx.MacOSXJAWTWindow.UnsetJAWTRootSurfaceLayer0(JJ)V+0
j  jogamp.nativewindow.jawt.macosx.MacOSXJAWTWindow.access$200(JJ)V+2
j  jogamp.nativewindow.jawt.macosx.MacOSXJAWTWindow$1.run()V+38
j  com.jogamp.common.util.RunnableTask.run()V+24
v  ~StubRoutines::call_stub

---------------  P R O C E S S  ---------------

Java Threads: ( => current thread )
  0x00007f9e16d0f000 JavaThread "Thread-80" [_thread_blocked, id=65311, stack(0x000070000104a000,0x000070000114a000)]
  0x00007f9e1114b800 JavaThread "AWT-EventQueue-1" [_thread_in_native, id=58907, stack(0x0000700001868000,0x0000700001968000)]
  0x00007f9e118ed000 JavaThread "DestroyJavaVM" [_thread_blocked, id=5891, stack(0x000070000011a000,0x000070000021a000)]
  0x00007f9e11999800 JavaThread "AWT-EventQueue-0" [_thread_blocked, id=56839, stack(0x0000700001662000,0x0000700001762000)]
  0x00007f9e12162000 JavaThread "Java2D Disposer" daemon [_thread_blocked, id=52995, stack(0x00007000013d9000,0x00007000014d9000)]
  0x00007f9e12149800 JavaThread "Java2D Queue Flusher" daemon [_thread_blocked, id=50183, stack(0x00007000012d6000,0x00007000013d6000)]
  0x00007f9e11085000 JavaThread "AWT-Shutdown" [_thread_blocked, id=29459, stack(0x0000700001150000,0x0000700001250000)]
=>0x00007f9e1108c000 JavaThread "AWT-AppKit" daemon [_thread_in_native, id=2571, stack(0x00007fff5b8e2000,0x00007fff5c0e2000)]
  0x00007f9e11016800 JavaThread "Service Thread" daemon [_thread_blocked, id=18435, stack(0x0000700000dc1000,0x0000700000ec1000)]
  0x00007f9e12830800 JavaThread "C1 CompilerThread2" daemon [_thread_blocked, id=17923, stack(0x0000700000cbe000,0x0000700000dbe000)]
  0x00007f9e11832800 JavaThread "C2 CompilerThread1" daemon [_thread_blocked, id=17411, stack(0x0000700000bbb000,0x0000700000cbb000)]
  0x00007f9e12830000 JavaThread "C2 CompilerThread0" daemon [_thread_blocked, id=16899, stack(0x0000700000ab8000,0x0000700000bb8000)]
  0x00007f9e1180b800 JavaThread "Signal Dispatcher" daemon [_thread_blocked, id=12811, stack(0x00007000009b5000,0x0000700000ab5000)]
  0x00007f9e11042800 JavaThread "Finalizer" daemon [_thread_blocked, id=12291, stack(0x000070000082f000,0x000070000092f000)]
  0x00007f9e11042000 JavaThread "Reference Handler" daemon [_thread_blocked, id=11779, stack(0x000070000072c000,0x000070000082c000)]

Other Threads:
  0x00007f9e1103f800 VMThread [stack: 0x0000700000629000,0x0000700000729000] [id=11267]
  0x00007f9e1181e800 WatcherThread [stack: 0x0000700000ec4000,0x0000700000fc4000] [id=18947]

VM state:not at safepoint (normal execution)

VM Mutex/Monitor currently owned by a thread: None

Heap:
 PSYoungGen      total 74240K, used 6538K [0x0000000795580000, 0x000000079b180000, 0x00000007c0000000)
  eden space 73728K, 8% used [0x0000000795580000,0x0000000795bc2a68,0x0000000799d80000)
  from space 512K, 25% used [0x0000000799f80000,0x0000000799fa0000,0x000000079a000000)
  to   space 10240K, 0% used [0x000000079a780000,0x000000079a780000,0x000000079b180000)
 ParOldGen       total 84992K, used 32511K [0x0000000740000000, 0x0000000745300000, 0x0000000795580000)
  object space 84992K, 38% used [0x0000000740000000,0x0000000741fbfc78,0x0000000745300000)
 Metaspace       used 21409K, capacity 21623K, committed 21808K, reserved 1069056K
  class space    used 2070K, capacity 2144K, committed 2176K, reserved 1048576K

Card table byte_map: [0x00000001149f5000,0x0000000114df6000] byte_map_base: 0x0000000110ff5000

Marking Bits: (ParMarkBitMap*) 0x0000000104678e20
 Begin Bits: [0x00000001150a1000, 0x00000001170a1000)
 End Bits:   [0x00000001170a1000, 0x00000001190a1000)

Polling page: 0x0000000104dec000

CodeCache: size=245760Kb used=10060Kb max_used=10104Kb free=235699Kb
 bounds [0x0000000105635000, 0x0000000106025000, 0x0000000114635000]
 total_blobs=3660 nmethods=2765 adapters=808
 compilation: enabled

Compilation events (10 events):
Event: 177.588 Thread 0x00007f9e12830800 3229   !   3       java.awt.Font::equals (132 bytes)
Event: 177.589 Thread 0x00007f9e12830800 nmethod 3229 0x0000000105cc6ad0 code [0x0000000105cc6ca0, 0x0000000105cc74a8]
Event: 177.617 Thread 0x00007f9e12830000 3230       4       sun.java2d.SunGraphics2D::translate (68 bytes)
Event: 177.617 Thread 0x00007f9e12830800 3231       3       sun.java2d.SunGraphics2D::setColor (108 bytes)
Event: 177.617 Thread 0x00007f9e12830800 nmethod 3231 0x00000001057a40d0 code [0x00000001057a4260, 0x00000001057a4798]
Event: 177.618 Thread 0x00007f9e12830000 nmethod 3230 0x0000000105750d10 code [0x0000000105750e60, 0x0000000105750f88]
Event: 177.627 Thread 0x00007f9e11832800 3232       4       com.jogamp.nativewindow.awt.AWTGraphicsConfiguration::getNativeGraphicsConfiguration (17 bytes)
Event: 177.627 Thread 0x00007f9e11832800 nmethod 3232 0x0000000105a5f590 code [0x0000000105a5f6e0, 0x0000000105a5f778]
Event: 177.629 Thread 0x00007f9e12830800 3233       1       sun.java2d.SurfaceData::isValid (5 bytes)
Event: 177.629 Thread 0x00007f9e12830800 nmethod 3233 0x0000000105c82190 code [0x0000000105c822e0, 0x0000000105c823f0]

GC Heap History (10 events):
Event: 143.420 GC heap before
{Heap before GC invocations=22 (full 1):
 PSYoungGen      total 95744K, used 86144K [0x0000000795580000, 0x000000079c380000, 0x00000007c0000000)
  eden space 86016K, 100% used [0x0000000795580000,0x000000079a980000,0x000000079a980000)
  from space 9728K, 1% used [0x000000079ba00000,0x000000079ba20000,0x000000079c380000)
  to   space 13312K, 0% used [0x000000079a980000,0x000000079a980000,0x000000079b680000)
 ParOldGen       total 84992K, used 32503K [0x0000000740000000, 0x0000000745300000, 0x0000000795580000)
  object space 84992K, 38% used [0x0000000740000000,0x0000000741fbdc78,0x0000000745300000)
 Metaspace       used 21291K, capacity 21495K, committed 21808K, reserved 1069056K
  class space    used 2062K, capacity 2144K, committed 2176K, reserved 1048576K
Event: 143.421 GC heap after
Heap after GC invocations=22 (full 1):
 PSYoungGen      total 83968K, used 96K [0x0000000795580000, 0x000000079c000000, 0x00000007c0000000)
  eden space 83456K, 0% used [0x0000000795580000,0x0000000795580000,0x000000079a700000)
  from space 512K, 18% used [0x000000079a980000,0x000000079a998000,0x000000079aa00000)
  to   space 12800K, 0% used [0x000000079b380000,0x000000079b380000,0x000000079c000000)
 ParOldGen       total 84992K, used 32503K [0x0000000740000000, 0x0000000745300000, 0x0000000795580000)
  object space 84992K, 38% used [0x0000000740000000,0x0000000741fbdc78,0x0000000745300000)
 Metaspace       used 21291K, capacity 21495K, committed 21808K, reserved 1069056K
  class space    used 2062K, capacity 2144K, committed 2176K, reserved 1048576K
}
Event: 152.338 GC heap before
{Heap before GC invocations=23 (full 1):
 PSYoungGen      total 83968K, used 83552K [0x0000000795580000, 0x000000079c000000, 0x00000007c0000000)
  eden space 83456K, 100% used [0x0000000795580000,0x000000079a700000,0x000000079a700000)
  from space 512K, 18% used [0x000000079a980000,0x000000079a998000,0x000000079aa00000)
  to   space 12800K, 0% used [0x000000079b380000,0x000000079b380000,0x000000079c000000)
 ParOldGen       total 84992K, used 32503K [0x0000000740000000, 0x0000000745300000, 0x0000000795580000)
  object space 84992K, 38% used [0x0000000740000000,0x0000000741fbdc78,0x0000000745300000)
 Metaspace       used 21291K, capacity 21495K, committed 21808K, reserved 1069056K
  class space    used 2062K, capacity 2144K, committed 2176K, reserved 1048576K
Event: 152.340 GC heap after
Heap after GC invocations=23 (full 1):
 PSYoungGen      total 90112K, used 160K [0x0000000795580000, 0x000000079bc80000, 0x00000007c0000000)
  eden space 80896K, 0% used [0x0000000795580000,0x0000000795580000,0x000000079a480000)
  from space 9216K, 1% used [0x000000079b380000,0x000000079b3a8000,0x000000079bc80000)
  to   space 12288K, 0% used [0x000000079a480000,0x000000079a480000,0x000000079b080000)
 ParOldGen       total 84992K, used 32503K [0x0000000740000000, 0x0000000745300000, 0x0000000795580000)
  object space 84992K, 38% used [0x0000000740000000,0x0000000741fbdc78,0x0000000745300000)
 Metaspace       used 21291K, capacity 21495K, committed 21808K, reserved 1069056K
  class space    used 2062K, capacity 2144K, committed 2176K, reserved 1048576K
}
Event: 160.988 GC heap before
{Heap before GC invocations=24 (full 1):
 PSYoungGen      total 90112K, used 81056K [0x0000000795580000, 0x000000079bc80000, 0x00000007c0000000)
  eden space 80896K, 100% used [0x0000000795580000,0x000000079a480000,0x000000079a480000)
  from space 9216K, 1% used [0x000000079b380000,0x000000079b3a8000,0x000000079bc80000)
  to   space 12288K, 0% used [0x000000079a480000,0x000000079a480000,0x000000079b080000)
 ParOldGen       total 84992K, used 32503K [0x0000000740000000, 0x0000000745300000, 0x0000000795580000)
  object space 84992K, 38% used [0x0000000740000000,0x0000000741fbdc78,0x0000000745300000)
 Metaspace       used 21291K, capacity 21495K, committed 21808K, reserved 1069056K
  class space    used 2062K, capacity 2144K, committed 2176K, reserved 1048576K
Event: 160.989 GC heap after
Heap after GC invocations=24 (full 1):
 PSYoungGen      total 78848K, used 160K [0x0000000795580000, 0x000000079b800000, 0x00000007c0000000)
  eden space 78336K, 0% used [0x0000000795580000,0x0000000795580000,0x000000079a200000)
  from space 512K, 31% used [0x000000079a480000,0x000000079a4a8000,0x000000079a500000)
  to   space 11264K, 0% used [0x000000079ad00000,0x000000079ad00000,0x000000079b800000)
 ParOldGen       total 84992K, used 32503K [0x0000000740000000, 0x0000000745300000, 0x0000000795580000)
  object space 84992K, 38% used [0x0000000740000000,0x0000000741fbdc78,0x0000000745300000)
 Metaspace       used 21291K, capacity 21495K, committed 21808K, reserved 1069056K
  class space    used 2062K, capacity 2144K, committed 2176K, reserved 1048576K
}
Event: 169.373 GC heap before
{Heap before GC invocations=25 (full 1):
 PSYoungGen      total 78848K, used 78496K [0x0000000795580000, 0x000000079b800000, 0x00000007c0000000)
  eden space 78336K, 100% used [0x0000000795580000,0x000000079a200000,0x000000079a200000)
  from space 512K, 31% used [0x000000079a480000,0x000000079a4a8000,0x000000079a500000)
  to   space 11264K, 0% used [0x000000079ad00000,0x000000079ad00000,0x000000079b800000)
 ParOldGen       total 84992K, used 32503K [0x0000000740000000, 0x0000000745300000, 0x0000000795580000)
  object space 84992K, 38% used [0x0000000740000000,0x0000000741fbdc78,0x0000000745300000)
 Metaspace       used 21291K, capacity 21495K, committed 21808K, reserved 1069056K
  class space    used 2062K, capacity 2144K, committed 2176K, reserved 1048576K
Event: 169.375 GC heap after
Heap after GC invocations=25 (full 1):
 PSYoungGen      total 83456K, used 160K [0x0000000795580000, 0x000000079b480000, 0x00000007c0000000)
  eden space 75776K, 0% used [0x0000000795580000,0x0000000795580000,0x0000000799f80000)
  from space 7680K, 2% used [0x000000079ad00000,0x000000079ad28000,0x000000079b480000)
  to   space 10752K, 0% used [0x0000000799f80000,0x0000000799f80000,0x000000079aa00000)
 ParOldGen       total 84992K, used 32503K [0x0000000740000000, 0x0000000745300000, 0x0000000795580000)
  object space 84992K, 38% used [0x0000000740000000,0x0000000741fbdc78,0x0000000745300000)
 Metaspace       used 21291K, capacity 21495K, committed 21808K, reserved 1069056K
  class space    used 2062K, capacity 2144K, committed 2176K, reserved 1048576K
}
Event: 177.251 GC heap before
{Heap before GC invocations=26 (full 1):
 PSYoungGen      total 83456K, used 75936K [0x0000000795580000, 0x000000079b480000, 0x00000007c0000000)
  eden space 75776K, 100% used [0x0000000795580000,0x0000000799f80000,0x0000000799f80000)
  from space 7680K, 2% used [0x000000079ad00000,0x000000079ad28000,0x000000079b480000)
  to   space 10752K, 0% used [0x0000000799f80000,0x0000000799f80000,0x000000079aa00000)
 ParOldGen       total 84992K, used 32503K [0x0000000740000000, 0x0000000745300000, 0x0000000795580000)
  object space 84992K, 38% used [0x0000000740000000,0x0000000741fbdc78,0x0000000745300000)
 Metaspace       used 21374K, capacity 21559K, committed 21808K, reserved 1069056K
  class space    used 2062K, capacity 2144K, committed 2176K, reserved 1048576K
Event: 177.252 GC heap after
Heap after GC invocations=26 (full 1):
 PSYoungGen      total 74240K, used 128K [0x0000000795580000, 0x000000079b180000, 0x00000007c0000000)
  eden space 73728K, 0% used [0x0000000795580000,0x0000000795580000,0x0000000799d80000)
  from space 512K, 25% used [0x0000000799f80000,0x0000000799fa0000,0x000000079a000000)
  to   space 10240K, 0% used [0x000000079a780000,0x000000079a780000,0x000000079b180000)
 ParOldGen       total 84992K, used 32511K [0x0000000740000000, 0x0000000745300000, 0x0000000795580000)
  object space 84992K, 38% used [0x0000000740000000,0x0000000741fbfc78,0x0000000745300000)
 Metaspace       used 21374K, capacity 21559K, committed 21808K, reserved 1069056K
  class space    used 2062K, capacity 2144K, committed 2176K, reserved 1048576K
}

Deoptimization events (10 events):
Event: 177.616 Thread 0x00007f9e11999800 Uncommon trap: reason=class_check action=maybe_recompile pc=0x0000000105e4f79c method=java.awt.Component.getGraphics()Ljava/awt/Graphics; @ 114
Event: 177.617 Thread 0x00007f9e1114b800 Uncommon trap: reason=class_check action=maybe_recompile pc=0x0000000105fbcfc0 method=java.awt.event.InvocationEvent.dispatch()V @ 11
Event: 177.619 Thread 0x00007f9e1108c000 Uncommon trap: reason=class_check action=maybe_recompile pc=0x0000000105fbbf00 method=com.jogamp.common.util.RunnableTask.run()V @ 24
Event: 177.620 Thread 0x00007f9e1108c000 Uncommon trap: reason=unstable_if action=reinterpret pc=0x00000001059959fc method=jogamp.nativewindow.macosx.OSXUtil.RunOnMainThread(ZZLjava/lang/Runnable;)V @ 3
Event: 177.625 Thread 0x00007f9e1114b800 Uncommon trap: reason=unstable_if action=reinterpret pc=0x000000010586526c method=jogamp.opengl.GLContextImpl.release(Z)V @ 161
Event: 177.627 Thread 0x00007f9e1114b800 Uncommon trap: reason=unstable_if action=reinterpret pc=0x0000000105f564d8 method=java.util.LinkedList$ListItr.<init>(Ljava/util/LinkedList;I)V @ 26
Event: 177.627 Thread 0x00007f9e1114b800 Uncommon trap: reason=unstable_if action=reinterpret pc=0x0000000105e05b04 method=java.security.AccessControlContext.optimize()Ljava/security/AccessControlContext; @ 233
Event: 177.628 Thread 0x00007f9e11999800 Uncommon trap: reason=class_check action=maybe_recompile pc=0x0000000105e4f79c method=java.awt.Component.getGraphics()Ljava/awt/Graphics; @ 114
Event: 177.629 Thread 0x00007f9e1114b800 Uncommon trap: reason=class_check action=maybe_recompile pc=0x0000000105fbcfc0 method=java.awt.event.InvocationEvent.dispatch()V @ 11
Event: 177.640 Thread 0x00007f9e1108c000 Uncommon trap: reason=class_check action=maybe_recompile pc=0x0000000105fbbf00 method=com.jogamp.common.util.RunnableTask.run()V @ 24

Internal exceptions (10 events):
Event: 0.205 Thread 0x00007f9e12802800 Exception <a 'java/lang/NoSuchFieldError': method resolution failed> (0x000000079582f4a8) thrown at [/Users/java_re/workspace/8-2-build-macosx-x86_64/jdk8u60/4407/hotspot/src/share/vm/prims/methodHandles.cpp, line 1146]
Event: 0.207 Thread 0x00007f9e12802800 Exception <a 'java/lang/NoSuchFieldError': method resolution failed> (0x000000079583cc78) thrown at [/Users/java_re/workspace/8-2-build-macosx-x86_64/jdk8u60/4407/hotspot/src/share/vm/prims/methodHandles.cpp, line 1146]
Event: 0.384 Thread 0x00007f9e12802800 Exception <a 'java/io/FileNotFoundException'> (0x00000007958b8aa0) thrown at [/Users/java_re/workspace/8-2-build-macosx-x86_64/jdk8u60/4407/hotspot/src/share/vm/prims/jni.cpp, line 709]
Event: 0.385 Thread 0x00007f9e12802800 Exception <a 'java/io/FileNotFoundException'> (0x00000007958b9628) thrown at [/Users/java_re/workspace/8-2-build-macosx-x86_64/jdk8u60/4407/hotspot/src/share/vm/prims/jni.cpp, line 709]
Event: 0.526 Thread 0x00007f9e12802800 Exception <a 'java/io/FileNotFoundException'> (0x0000000795a07d00) thrown at [/Users/java_re/workspace/8-2-build-macosx-x86_64/jdk8u60/4407/hotspot/src/share/vm/prims/jni.cpp, line 709]
Event: 2.329 Thread 0x00007f9e12c43000 Exception <a 'java/lang/UnsatisfiedLinkError': com.jogamp.common.util.JarUtil.fixNativeLibAttribs(Ljava/lang/String;)Z> (0x0000000796de48c8) thrown at [/Users/java_re/workspace/8-2-build-macosx-x86_64/jdk8u60/4407/hotspot/src/share/vm/prims/nativeLookup.c
Event: 2.553 Thread 0x00007f9e11042800 Exception <a 'java/lang/NullPointerException'> (0x00000007956a17d0) thrown at [/Users/java_re/workspace/8-2-build-macosx-x86_64/jdk8u60/4407/hotspot/src/share/vm/interpreter/linkResolver.cpp, line 1178]
Event: 3.230 Thread 0x00007f9e1114b800 Exception <a 'java/io/FileNotFoundException'> (0x0000000796245f68) thrown at [/Users/java_re/workspace/8-2-build-macosx-x86_64/jdk8u60/4407/hotspot/src/share/vm/prims/jni.cpp, line 709]
Event: 3.231 Thread 0x00007f9e1114b800 Exception <a 'java/io/FileNotFoundException'> (0x0000000796252210) thrown at [/Users/java_re/workspace/8-2-build-macosx-x86_64/jdk8u60/4407/hotspot/src/share/vm/prims/jni.cpp, line 709]
Event: 3.231 Thread 0x00007f9e1114b800 Implicit null exception at 0x00000001057e6273 to 0x00000001057e65f9

Events (10 events):
Event: 177.628 Thread 0x00007f9e110f5800 Thread exited: 0x00007f9e110f5800
Event: 177.628 loading class java/awt/Window$1DisposeAction done
Event: 177.629 Thread 0x00007f9e1114b800 Uncommon trap: trap_request=0xffffffde fr.pc=0x0000000105fbcfc0
Event: 177.629 Thread 0x00007f9e1114b800 DEOPT PACKING pc=0x0000000105fbcfc0 sp=0x0000700001965f70
Event: 177.629 Thread 0x00007f9e1114b800 DEOPT UNPACKING pc=0x000000010563a229 sp=0x0000700001965df8 mode 2
Event: 177.629 Thread 0x00007f9e12830800 flushing nmethod 0x00000001059c2250
Event: 177.629 Thread 0x00007f9e12830800 flushing nmethod 0x0000000105a184d0
Event: 177.640 Thread 0x00007f9e1108c000 Uncommon trap: trap_request=0xffffffde fr.pc=0x0000000105fbbf00
Event: 177.640 Thread 0x00007f9e1108c000 DEOPT PACKING pc=0x0000000105fbbf00 sp=0x00007fff5c0dd410
Event: 177.640 Thread 0x00007f9e1108c000 DEOPT UNPACKING pc=0x000000010563a229 sp=0x00007fff5c0dd3b8 mode 2


Dynamic libraries:
0x0000000004479000 	/System/Library/Frameworks/Cocoa.framework/Versions/A/Cocoa
0x0000000004479000 	/System/Library/Frameworks/Security.framework/Versions/A/Security
0x0000000004479000 	/System/Library/Frameworks/ApplicationServices.framework/Versions/A/ApplicationServices
0x0000000004479000 	/usr/lib/libz.1.dylib
0x0000000004479000 	/usr/lib/libSystem.B.dylib
0x0000000004479000 	/usr/lib/libobjc.A.dylib
0x0000000004479000 	/System/Library/Frameworks/CoreFoundation.framework/Versions/A/CoreFoundation
0x0000000004479000 	/System/Library/Frameworks/Foundation.framework/Versions/C/Foundation
0x0000000004479000 	/System/Library/Frameworks/AppKit.framework/Versions/C/AppKit
0x0000000004479000 	/System/Library/Frameworks/CoreData.framework/Versions/A/CoreData
0x0000000004479000 	/System/Library/PrivateFrameworks/RemoteViewServices.framework/Versions/A/RemoteViewServices
0x0000000004479000 	/System/Library/PrivateFrameworks/UIFoundation.framework/Versions/A/UIFoundation
0x0000000004479000 	/usr/lib/libScreenReader.dylib
0x0000000004479000 	/System/Library/Frameworks/Accelerate.framework/Versions/A/Accelerate
0x0000000004479000 	/System/Library/Frameworks/IOSurface.framework/Versions/A/IOSurface
0x0000000004479000 	/System/Library/Frameworks/AudioToolbox.framework/Versions/A/AudioToolbox
0x0000000004479000 	/System/Library/Frameworks/AudioUnit.framework/Versions/A/AudioUnit
0x0000000004479000 	/System/Library/PrivateFrameworks/DataDetectorsCore.framework/Versions/A/DataDetectorsCore
0x0000000004479000 	/System/Library/PrivateFrameworks/DesktopServicesPriv.framework/Versions/A/DesktopServicesPriv
0x0000000004479000 	/System/Library/Frameworks/Carbon.framework/Versions/A/Frameworks/HIToolbox.framework/Versions/A/HIToolbox
0x0000000004479000 	/System/Library/Frameworks/QuartzCore.framework/Versions/A/QuartzCore
0x0000000004479000 	/System/Library/Frameworks/Carbon.framework/Versions/A/Frameworks/SpeechRecognition.framework/Versions/A/SpeechRecognition
0x0000000004479000 	/usr/lib/libauto.dylib
0x0000000004479000 	/usr/lib/libicucore.A.dylib
0x0000000004479000 	/usr/lib/libxml2.2.dylib
0x0000000004479000 	/System/Library/PrivateFrameworks/CoreUI.framework/Versions/A/CoreUI
0x0000000004479000 	/System/Library/Frameworks/CoreAudio.framework/Versions/A/CoreAudio
0x0000000004479000 	/System/Library/Frameworks/DiskArbitration.framework/Versions/A/DiskArbitration
0x0000000004479000 	/usr/lib/liblangid.dylib
0x0000000004479000 	/System/Library/PrivateFrameworks/MultitouchSupport.framework/Versions/A/MultitouchSupport
0x0000000004479000 	/System/Library/Frameworks/IOKit.framework/Versions/A/IOKit
0x0000000004479000 	/usr/lib/libDiagnosticMessagesClient.dylib
0x0000000004479000 	/System/Library/Frameworks/CoreServices.framework/Versions/A/CoreServices
0x0000000004479000 	/System/Library/PrivateFrameworks/PerformanceAnalysis.framework/Versions/A/PerformanceAnalysis
0x0000000004479000 	/System/Library/PrivateFrameworks/GenerationalStorage.framework/Versions/A/GenerationalStorage
0x0000000004479000 	/System/Library/Frameworks/OpenGL.framework/Versions/A/OpenGL
0x0000000004479000 	/System/Library/PrivateFrameworks/Sharing.framework/Versions/A/Sharing
0x0000000004479000 	/System/Library/Frameworks/CoreGraphics.framework/Versions/A/CoreGraphics
0x0000000004479000 	/System/Library/Frameworks/CoreImage.framework/Versions/A/CoreImage
0x0000000004479000 	/System/Library/Frameworks/CoreText.framework/Versions/A/CoreText
0x0000000004479000 	/System/Library/Frameworks/ImageIO.framework/Versions/A/ImageIO
0x0000000004479000 	/System/Library/PrivateFrameworks/Backup.framework/Versions/A/Backup
0x0000000004479000 	/usr/lib/libextension.dylib
0x0000000004479000 	/usr/lib/libarchive.2.dylib
0x0000000004479000 	/System/Library/Frameworks/CFNetwork.framework/Versions/A/CFNetwork
0x0000000004479000 	/System/Library/Frameworks/SystemConfiguration.framework/Versions/A/SystemConfiguration
0x0000000004479000 	/usr/lib/libCRFSuite.dylib
0x0000000004479000 	/usr/lib/libc++.1.dylib
0x0000000004479000 	/usr/lib/libc++abi.dylib
0x0000000004479000 	/usr/lib/system/libcache.dylib
0x0000000004479000 	/usr/lib/system/libcommonCrypto.dylib
0x0000000004479000 	/usr/lib/system/libcompiler_rt.dylib
0x0000000004479000 	/usr/lib/system/libcopyfile.dylib
0x0000000004479000 	/usr/lib/system/libcorecrypto.dylib
0x0000000004479000 	/usr/lib/system/libdispatch.dylib
0x0000000004479000 	/usr/lib/system/libdyld.dylib
0x0000000004479000 	/usr/lib/system/libkeymgr.dylib
0x0000000004479000 	/usr/lib/system/liblaunch.dylib
0x0000000004479000 	/usr/lib/system/libmacho.dylib
0x0000000004479000 	/usr/lib/system/libquarantine.dylib
0x0000000004479000 	/usr/lib/system/libremovefile.dylib
0x0000000004479000 	/usr/lib/system/libsystem_asl.dylib
0x0000000004479000 	/usr/lib/system/libsystem_blocks.dylib
0x0000000004479000 	/usr/lib/system/libsystem_c.dylib
0x0000000004479000 	/usr/lib/system/libsystem_configuration.dylib
0x0000000004479000 	/usr/lib/system/libsystem_coreservices.dylib
0x0000000004479000 	/usr/lib/system/libsystem_coretls.dylib
0x0000000004479000 	/usr/lib/system/libsystem_dnssd.dylib
0x0000000004479000 	/usr/lib/system/libsystem_info.dylib
0x0000000004479000 	/usr/lib/system/libsystem_kernel.dylib
0x0000000004479000 	/usr/lib/system/libsystem_m.dylib
0x0000000004479000 	/usr/lib/system/libsystem_malloc.dylib
0x0000000004479000 	/usr/lib/system/libsystem_network.dylib
0x0000000004479000 	/usr/lib/system/libsystem_networkextension.dylib
0x0000000004479000 	/usr/lib/system/libsystem_notify.dylib
0x0000000004479000 	/usr/lib/system/libsystem_platform.dylib
0x0000000004479000 	/usr/lib/system/libsystem_pthread.dylib
0x0000000004479000 	/usr/lib/system/libsystem_sandbox.dylib
0x0000000004479000 	/usr/lib/system/libsystem_secinit.dylib
0x0000000004479000 	/usr/lib/system/libsystem_trace.dylib
0x0000000004479000 	/usr/lib/system/libunc.dylib
0x0000000004479000 	/usr/lib/system/libunwind.dylib
0x0000000004479000 	/usr/lib/system/libxpc.dylib
0x0000000004479000 	/usr/lib/libenergytrace.dylib
0x0000000004479000 	/usr/lib/libbsm.0.dylib
0x0000000004479000 	/usr/lib/system/libkxld.dylib
0x0000000004479000 	/usr/lib/libxar.1.dylib
0x0000000004479000 	/usr/lib/libsqlite3.dylib
0x0000000004479000 	/usr/lib/libpam.2.dylib
0x0000000004479000 	/usr/lib/libOpenScriptingUtil.dylib
0x0000000004479000 	/usr/lib/libbz2.1.0.dylib
0x0000000004479000 	/usr/lib/liblzma.5.dylib
0x0000000004479000 	/System/Library/Frameworks/CoreServices.framework/Versions/A/Frameworks/FSEvents.framework/Versions/A/FSEvents
0x0000000004479000 	/System/Library/Frameworks/CoreServices.framework/Versions/A/Frameworks/CarbonCore.framework/Versions/A/CarbonCore
0x0000000004479000 	/System/Library/Frameworks/CoreServices.framework/Versions/A/Frameworks/Metadata.framework/Versions/A/Metadata
0x0000000004479000 	/System/Library/Frameworks/CoreServices.framework/Versions/A/Frameworks/OSServices.framework/Versions/A/OSServices
0x0000000004479000 	/System/Library/Frameworks/CoreServices.framework/Versions/A/Frameworks/SearchKit.framework/Versions/A/SearchKit
0x0000000004479000 	/System/Library/Frameworks/CoreServices.framework/Versions/A/Frameworks/AE.framework/Versions/A/AE
0x0000000004479000 	/System/Library/Frameworks/CoreServices.framework/Versions/A/Frameworks/LaunchServices.framework/Versions/A/LaunchServices
0x0000000004479000 	/System/Library/Frameworks/CoreServices.framework/Versions/A/Frameworks/DictionaryServices.framework/Versions/A/DictionaryServices
0x0000000004479000 	/System/Library/Frameworks/CoreServices.framework/Versions/A/Frameworks/SharedFileList.framework/Versions/A/SharedFileList
0x0000000004479000 	/System/Library/Frameworks/NetFS.framework/Versions/A/NetFS
0x0000000004479000 	/System/Library/PrivateFrameworks/NetAuth.framework/Versions/A/NetAuth
0x0000000004479000 	/System/Library/PrivateFrameworks/login.framework/Versions/A/Frameworks/loginsupport.framework/Versions/A/loginsupport
0x0000000004479000 	/System/Library/PrivateFrameworks/TCC.framework/Versions/A/TCC
0x0000000004479000 	/usr/lib/libmecabra.dylib
0x0000000004479000 	/System/Library/Frameworks/ApplicationServices.framework/Versions/A/Frameworks/ATS.framework/Versions/A/ATS
0x0000000004479000 	/System/Library/Frameworks/ApplicationServices.framework/Versions/A/Frameworks/ColorSync.framework/Versions/A/ColorSync
0x0000000004479000 	/System/Library/Frameworks/ApplicationServices.framework/Versions/A/Frameworks/HIServices.framework/Versions/A/HIServices
0x0000000004479000 	/System/Library/Frameworks/ApplicationServices.framework/Versions/A/Frameworks/LangAnalysis.framework/Versions/A/LangAnalysis
0x0000000004479000 	/System/Library/Frameworks/ApplicationServices.framework/Versions/A/Frameworks/PrintCore.framework/Versions/A/PrintCore
0x0000000004479000 	/System/Library/Frameworks/ApplicationServices.framework/Versions/A/Frameworks/QD.framework/Versions/A/QD
0x0000000004479000 	/System/Library/Frameworks/ApplicationServices.framework/Versions/A/Frameworks/SpeechSynthesis.framework/Versions/A/SpeechSynthesis
0x0000000004479000 	/System/Library/Frameworks/Metal.framework/Versions/A/Metal
0x0000000004479000 	/System/Library/Frameworks/Accelerate.framework/Versions/A/Frameworks/vImage.framework/Versions/A/vImage
0x0000000004479000 	/System/Library/Frameworks/Accelerate.framework/Versions/A/Frameworks/vecLib.framework/Versions/A/vecLib
0x0000000004479000 	/System/Library/Frameworks/Accelerate.framework/Versions/A/Frameworks/vecLib.framework/Versions/A/libvDSP.dylib
0x0000000004479000 	/System/Library/Frameworks/Accelerate.framework/Versions/A/Frameworks/vecLib.framework/Versions/A/libvMisc.dylib
0x0000000004479000 	/System/Library/Frameworks/Accelerate.framework/Versions/A/Frameworks/vecLib.framework/Versions/A/libLAPACK.dylib
0x0000000004479000 	/System/Library/Frameworks/Accelerate.framework/Versions/A/Frameworks/vecLib.framework/Versions/A/libBLAS.dylib
0x0000000004479000 	/System/Library/Frameworks/Accelerate.framework/Versions/A/Frameworks/vecLib.framework/Versions/A/libLinearAlgebra.dylib
0x0000000004479000 	/System/Library/Frameworks/Accelerate.framework/Versions/A/Frameworks/vecLib.framework/Versions/A/libSparseBLAS.dylib
0x0000000004479000 	/System/Library/PrivateFrameworks/GPUCompiler.framework/libmetal_timestamp.dylib
0x0000000004479000 	/System/Library/Frameworks/OpenGL.framework/Versions/A/Libraries/libCoreFSCache.dylib
0x0000000004479000 	/System/Library/PrivateFrameworks/IOAccelerator.framework/Versions/A/IOAccelerator
0x0000000004479000 	/System/Library/Frameworks/ApplicationServices.framework/Versions/A/Frameworks/ATS.framework/Versions/A/Resources/libFontParser.dylib
0x0000000004479000 	/System/Library/Frameworks/ApplicationServices.framework/Versions/A/Frameworks/ATS.framework/Versions/A/Resources/libFontRegistry.dylib
0x0000000004479000 	/System/Library/PrivateFrameworks/AppleVPA.framework/Versions/A/AppleVPA
0x0000000004479000 	/System/Library/PrivateFrameworks/AppleJPEG.framework/Versions/A/AppleJPEG
0x0000000004479000 	/System/Library/Frameworks/ImageIO.framework/Versions/A/Resources/libJPEG.dylib
0x0000000004479000 	/System/Library/Frameworks/ImageIO.framework/Versions/A/Resources/libTIFF.dylib
0x0000000004479000 	/System/Library/Frameworks/ImageIO.framework/Versions/A/Resources/libPng.dylib
0x0000000004479000 	/System/Library/Frameworks/ImageIO.framework/Versions/A/Resources/libGIF.dylib
0x0000000004479000 	/System/Library/Frameworks/ImageIO.framework/Versions/A/Resources/libJP2.dylib
0x0000000004479000 	/System/Library/Frameworks/ImageIO.framework/Versions/A/Resources/libRadiance.dylib
0x0000000004479000 	/System/Library/Frameworks/CoreVideo.framework/Versions/A/CoreVideo
0x0000000004479000 	/System/Library/Frameworks/OpenGL.framework/Versions/A/Libraries/libGLU.dylib
0x0000000004479000 	/System/Library/Frameworks/OpenGL.framework/Versions/A/Libraries/libGFXShared.dylib
0x0000000004479000 	/System/Library/Frameworks/OpenGL.framework/Versions/A/Libraries/libGL.dylib
0x0000000004479000 	/System/Library/Frameworks/OpenGL.framework/Versions/A/Libraries/libGLImage.dylib
0x0000000004479000 	/System/Library/Frameworks/OpenGL.framework/Versions/A/Libraries/libCVMSPluginSupport.dylib
0x0000000004479000 	/System/Library/Frameworks/OpenGL.framework/Versions/A/Libraries/libCoreVMClient.dylib
0x0000000004479000 	/usr/lib/libcups.2.dylib
0x0000000004479000 	/System/Library/Frameworks/Kerberos.framework/Versions/A/Kerberos
0x0000000004479000 	/System/Library/Frameworks/GSS.framework/Versions/A/GSS
0x0000000004479000 	/usr/lib/libresolv.9.dylib
0x0000000004479000 	/usr/lib/libiconv.2.dylib
0x0000000004479000 	/System/Library/PrivateFrameworks/Heimdal.framework/Versions/A/Heimdal
0x0000000004479000 	/usr/lib/libheimdal-asn1.dylib
0x0000000004479000 	/System/Library/Frameworks/OpenDirectory.framework/Versions/A/OpenDirectory
0x0000000004479000 	/System/Library/PrivateFrameworks/CommonAuth.framework/Versions/A/CommonAuth
0x0000000004479000 	/System/Library/Frameworks/OpenDirectory.framework/Versions/A/Frameworks/CFOpenDirectory.framework/Versions/A/CFOpenDirectory
0x0000000004479000 	/System/Library/Frameworks/SecurityFoundation.framework/Versions/A/SecurityFoundation
0x0000000004479000 	/System/Library/PrivateFrameworks/LanguageModeling.framework/Versions/A/LanguageModeling
0x0000000004479000 	/usr/lib/libmarisa.dylib
0x0000000004479000 	/usr/lib/libChineseTokenizer.dylib
0x0000000004479000 	/usr/lib/libcmph.dylib
0x0000000004479000 	/usr/lib/libcompression.dylib
0x0000000004479000 	/System/Library/Frameworks/ServiceManagement.framework/Versions/A/ServiceManagement
0x0000000004479000 	/usr/lib/libxslt.1.dylib
0x0000000004479000 	/System/Library/Frameworks/Carbon.framework/Versions/A/Frameworks/Ink.framework/Versions/A/Ink
0x0000000004479000 	/usr/lib/libFosl_dynamic.dylib
0x0000000004479000 	/System/Library/PrivateFrameworks/FaceCore.framework/Versions/A/FaceCore
0x0000000004479000 	/System/Library/Frameworks/OpenCL.framework/Versions/A/OpenCL
0x0000000004479000 	/System/Library/PrivateFrameworks/CrashReporterSupport.framework/Versions/A/CrashReporterSupport
0x0000000004479000 	/System/Library/PrivateFrameworks/IconServices.framework/Versions/A/IconServices
0x0000000004479000 	/System/Library/PrivateFrameworks/Apple80211.framework/Versions/A/Apple80211
0x0000000004479000 	/System/Library/Frameworks/CoreWLAN.framework/Versions/A/CoreWLAN
0x0000000004479000 	/System/Library/Frameworks/IOBluetooth.framework/Versions/A/IOBluetooth
0x0000000004479000 	/System/Library/PrivateFrameworks/CoreWiFi.framework/Versions/A/CoreWiFi
0x0000000004479000 	/System/Library/Frameworks/CoreBluetooth.framework/Versions/A/CoreBluetooth
0x0000000004479000 	/System/Library/PrivateFrameworks/ChunkingLibrary.framework/Versions/A/ChunkingLibrary
0x0000000004479000 	/System/Library/PrivateFrameworks/DebugSymbols.framework/Versions/A/DebugSymbols
0x0000000004479000 	/System/Library/PrivateFrameworks/CoreSymbolication.framework/Versions/A/CoreSymbolication
0x0000000004479000 	/System/Library/PrivateFrameworks/Symbolication.framework/Versions/A/Symbolication
0x0000000004479000 	/System/Library/PrivateFrameworks/SpeechRecognitionCore.framework/Versions/A/SpeechRecognitionCore
0x0000000103d9a000 	/Library/Java/JavaVirtualMachines/jdk1.8.0_60.jdk/Contents/Home/jre/lib/server/libjvm.dylib
0x0000000104d23000 	/usr/lib/libstdc++.6.dylib
0x0000000104dde000 	/Library/Java/JavaVirtualMachines/jdk1.8.0_60.jdk/Contents/Home/jre/lib/libverify.dylib
0x0000000105600000 	/Library/Java/JavaVirtualMachines/jdk1.8.0_60.jdk/Contents/Home/jre/lib/libjava.dylib
0x0000000104df6000 	/Library/Java/JavaVirtualMachines/jdk1.8.0_60.jdk/Contents/Home/jre/lib/libzip.dylib
0x000000011af97000 	/System/Library/Frameworks/JavaVM.framework/Frameworks/JavaRuntimeSupport.framework/JavaRuntimeSupport
0x000000011afb2000 	/System/Library/Frameworks/JavaVM.framework/Versions/A/Frameworks/JavaNativeFoundation.framework/Versions/A/JavaNativeFoundation
0x000000011afc7000 	/System/Library/Frameworks/JavaVM.framework/Versions/A/JavaVM
0x0000000004479000 	/System/Library/Frameworks/Carbon.framework/Versions/A/Carbon
0x000000011afd4000 	/System/Library/PrivateFrameworks/JavaLaunching.framework/Versions/A/JavaLaunching
0x0000000004479000 	/System/Library/Frameworks/Carbon.framework/Versions/A/Frameworks/CommonPanels.framework/Versions/A/CommonPanels
0x0000000004479000 	/System/Library/Frameworks/Carbon.framework/Versions/A/Frameworks/Help.framework/Versions/A/Help
0x0000000004479000 	/System/Library/Frameworks/Carbon.framework/Versions/A/Frameworks/ImageCapture.framework/Versions/A/ImageCapture
0x0000000004479000 	/System/Library/Frameworks/Carbon.framework/Versions/A/Frameworks/OpenScripting.framework/Versions/A/OpenScripting
0x0000000004479000 	/System/Library/Frameworks/Carbon.framework/Versions/A/Frameworks/Print.framework/Versions/A/Print
0x0000000004479000 	/System/Library/Frameworks/Carbon.framework/Versions/A/Frameworks/SecurityHI.framework/Versions/A/SecurityHI
0x000000011c8f7000 	/Library/Java/JavaVirtualMachines/jdk1.8.0_60.jdk/Contents/Home/jre/lib/libawt.dylib
0x000000011c99f000 	/Library/Java/JavaVirtualMachines/jdk1.8.0_60.jdk/Contents/Home/jre/lib/./libmlib_image.dylib
0x000000011ca6b000 	/Library/Java/JavaVirtualMachines/jdk1.8.0_60.jdk/Contents/Home/jre/lib/libawt_lwawt.dylib
0x000000011cb20000 	/Library/Java/JavaVirtualMachines/jdk1.8.0_60.jdk/Contents/Home/jre/lib/./libosxapp.dylib
0x0000000004479000 	/System/Library/Frameworks/ExceptionHandling.framework/Versions/A/ExceptionHandling
0x0000000004479000 	/System/Library/PrivateFrameworks/CoreServicesInternal.framework/Versions/A/CoreServicesInternal
0x0000000004479000 	/System/Library/Frameworks/CoreGraphics.framework/Versions/A/Resources/libRIP.A.dylib
0x000000011d6c4000 	/System/Library/Frameworks/Accelerate.framework/Frameworks/vImage.framework/Versions/A/Libraries/libCGInterfaces.dylib
0x0000000004479000 	/System/Library/Frameworks/CoreGraphics.framework/Versions/A/Resources/libCGXType.A.dylib
0x0000000004479000 	/System/Library/Frameworks/OpenCL.framework/Versions/A/Libraries/libcldcpuengine.dylib
0x0000000004479000 	/System/Library/PrivateFrameworks/DiskImages.framework/Versions/A/DiskImages
0x0000000004479000 	/System/Library/Frameworks/DiscRecording.framework/Versions/A/DiscRecording
0x0000000004479000 	/usr/lib/libcsfde.dylib
0x0000000004479000 	/usr/lib/libcurl.4.dylib
0x0000000004479000 	/System/Library/PrivateFrameworks/MediaKit.framework/Versions/A/MediaKit
0x0000000004479000 	/System/Library/PrivateFrameworks/ProtectedCloudStorage.framework/Versions/A/ProtectedCloudStorage
0x0000000004479000 	/usr/lib/libCoreStorage.dylib
0x0000000004479000 	/System/Library/PrivateFrameworks/EFILogin.framework/Versions/A/EFILogin
0x0000000004479000 	/usr/lib/libutil.dylib
0x0000000004479000 	/System/Library/PrivateFrameworks/FindMyDevice.framework/Versions/A/FindMyDevice
0x0000000004479000 	/System/Library/Frameworks/LDAP.framework/Versions/A/LDAP
0x0000000004479000 	/usr/lib/libsasl2.2.dylib
0x0000000004479000 	/System/Library/PrivateFrameworks/CoreDaemon.framework/Versions/B/CoreDaemon
0x0000000004479000 	/usr/lib/libcrypto.0.9.8.dylib
0x0000000004479000 	/System/Library/PrivateFrameworks/AppleSRP.framework/Versions/A/AppleSRP
0x0000000004479000 	/System/Library/PrivateFrameworks/TrustEvaluationAgent.framework/Versions/A/TrustEvaluationAgent
0x000000011e3ff000 	cl_kernels
0x0000000004479000 	/System/Library/Frameworks/OpenCL.framework/Versions/A/Libraries/ImageFormats/unorm8_bgra.dylib
0x0000000004479000 	/System/Library/Frameworks/OpenCL.framework/Versions/A/Libraries/ImageFormats/unorm8_rgba.dylib
0x0000000004479000 	/System/Library/PrivateFrameworks/FamilyControls.framework/Versions/A/FamilyControls
0x0000000004479000 	/System/Library/PrivateFrameworks/CommerceKit.framework/Versions/A/Frameworks/CommerceCore.framework/Versions/A/CommerceCore
0x0000000004479000 	/System/Library/PrivateFrameworks/SystemAdministration.framework/Versions/A/SystemAdministration
0x0000000004479000 	/System/Library/PrivateFrameworks/AppContainer.framework/Versions/A/AppContainer
0x0000000004479000 	/System/Library/PrivateFrameworks/SecCodeWrapper.framework/Versions/A/SecCodeWrapper
0x0000000004479000 	/System/Library/Frameworks/DirectoryService.framework/Versions/A/DirectoryService
0x0000000004479000 	/System/Library/PrivateFrameworks/LoginUIKit.framework/Versions/A/Frameworks/LoginUICore.framework/Versions/A/LoginUICore
0x0000000004479000 	/usr/lib/libodfde.dylib
0x000000011f494000 	/System/Library/Frameworks/OpenGL.framework/Resources/GLEngine.bundle/GLEngine
0x0000000004479000 	/System/Library/Frameworks/OpenGL.framework/Versions/A/Libraries/libGLProgrammability.dylib
0x000000011f67c000 	/System/Library/Extensions/AppleIntelHD5000GraphicsGLDriver.bundle/Contents/MacOS/AppleIntelHD5000GraphicsGLDriver
0x0000000004479000 	/System/Library/PrivateFrameworks/GPUSupport.framework/Versions/A/Libraries/libGPUSupportMercury.dylib
0x000000011fdd8000 	/System/Library/Frameworks/OpenGL.framework/Resources//GLRendererFloat.bundle/GLRendererFloat
0x00000001206a3000 	/Library/Java/JavaVirtualMachines/jdk1.8.0_60.jdk/Contents/Home/jre/lib/libfontmanager.dylib
0x0000000121afd000 	/Library/Java/JavaVirtualMachines/jdk1.8.0_60.jdk/Contents/Home/jre/lib/libosxui.dylib
0x00000001227c5000 	/Library/Java/JavaVirtualMachines/jdk1.8.0_60.jdk/Contents/Home/jre/lib/libnet.dylib
0x00000001229b6000 	/Library/Java/JavaVirtualMachines/jdk1.8.0_60.jdk/Contents/Home/jre/lib/libnio.dylib
0x0000000004479000 	/System/Library/Frameworks/ApplicationServices.framework/Versions/A/Frameworks/ATS.framework/Versions/A/Resources/libTrueTypeScaler.dylib
0x000000017af97000 	/System/Library/Extensions/AppleIntelHD5000GraphicsMTLDriver.bundle/Contents/MacOS/AppleIntelHD5000GraphicsMTLDriver
0x000000011d9a6000 	/private/var/folders/x9/z_v5q4vx5yx_kt718rrfk_lm0000gn/T/jogamp_0000/file_cache/jln3685100691823592183/jln8786461555821687359/libgluegen-rt.jnilib
0x000000011d9ab000 	/private/var/folders/x9/z_v5q4vx5yx_kt718rrfk_lm0000gn/T/jogamp_0000/file_cache/jln3685100691823592183/jln8786461555821687359/libnativewindow_awt.jnilib
0x000000011d9ae000 	/Library/Java/JavaVirtualMachines/jdk1.8.0_60.jdk/Contents/Home/jre/lib/libjawt.dylib
0x000000011d9b1000 	/private/var/folders/x9/z_v5q4vx5yx_kt718rrfk_lm0000gn/T/jogamp_0000/file_cache/jln3685100691823592183/jln8786461555821687359/libnativewindow_macosx.jnilib
0x000000017cb7f000 	/private/var/folders/x9/z_v5q4vx5yx_kt718rrfk_lm0000gn/T/jogamp_0000/file_cache/jln3685100691823592183/jln8786461555821687359/libjogl_desktop.jnilib
0x000000017f257000 	/Library/Java/JavaVirtualMachines/jdk1.8.0_60.jdk/Contents/Home/jre/lib/libt2k.dylib

VM Arguments:
jvm_args: -Djava.security.policy=java.policy.applet -Dfile.encoding=UTF-8 
java_command: sun.applet.AppletViewer module6.EarthquakeCityMap1446071305527.html
java_class_path (initial): /Users/gregorymankes/Google Drive/Udacity and Other Courses/Coursera/Data Structures Specialization/Course 1/Code/UCSDUnfoldingMaps/build:/Users/gregorymankes/Google Drive/Udacity and Other Courses/Coursera/Data Structures Specialization/Course 1/Code/UCSDUnfoldingMaps/lib/core.jar:/Users/gregorymankes/Google Drive/Udacity and Other Courses/Coursera/Data Structures Specialization/Course 1/Code/UCSDUnfoldingMaps/lib/gluegen-rt.jar:/Users/gregorymankes/Google Drive/Udacity and Other Courses/Coursera/Data Structures Specialization/Course 1/Code/UCSDUnfoldingMaps/lib/jogl-all.jar:/Users/gregorymankes/Google Drive/Udacity and Other Courses/Coursera/Data Structures Specialization/Course 1/Code/UCSDUnfoldingMaps/lib/log4j-1.2.15.jar:/Users/gregorymankes/Google Drive/Udacity and Other Courses/Coursera/Data Structures Specialization/Course 1/Code/UCSDUnfoldingMaps/lib/sqlite-jdbc-3.7.2.jar:/Users/gregorymankes/Google Drive/Udacity and Other Courses/Coursera/Data Structures Specialization/Course 1/Code/UCSDUnfoldingMaps/lib/json4processing.jar:/Users/gregorymankes/Google Drive/Udacity and Other Courses/Coursera/Data Structures Specialization/Course 1/Code/UCSDUnfoldingMaps/lib/libTUIO.jar:/Users/gregorymankes/Google Drive/Udacity and Other Courses/Coursera/Data Structures Specialization/Course 1/Code/UCSDUnfoldingMaps/lib/unfolding.0.9.7-uscd.jar
Launcher Type: SUN_STANDARD

Environment Variables:
PATH=/usr/bin:/bin:/usr/sbin:/sbin
SHELL=/bin/bash

Signal Handlers:
SIGSEGV: [libjvm.dylib+0x5a6d31], sa_mask[0]=11111111011111110111111111111111, sa_flags=SA_ONSTACK|SA_RESTART|SA_SIGINFO
SIGBUS: [libjvm.dylib+0x5a6d31], sa_mask[0]=11111111011111110111111111111111, sa_flags=SA_RESTART|SA_SIGINFO
SIGFPE: [libjvm.dylib+0x480a4c], sa_mask[0]=11111111011111110111111111111111, sa_flags=SA_RESTART|SA_SIGINFO
SIGPIPE: [libjvm.dylib+0x480a4c], sa_mask[0]=11111111011111110111111111111111, sa_flags=SA_RESTART|SA_SIGINFO
SIGXFSZ: [libjvm.dylib+0x480a4c], sa_mask[0]=11111111011111110111111111111111, sa_flags=SA_RESTART|SA_SIGINFO
SIGILL: [libjvm.dylib+0x480a4c], sa_mask[0]=11111111011111110111111111111111, sa_flags=SA_RESTART|SA_SIGINFO
SIGUSR1: SIG_DFL, sa_mask[0]=00000000000000000000000000000000, sa_flags=none
SIGUSR2: [libjvm.dylib+0x48056a], sa_mask[0]=00100000000000000000000000000000, sa_flags=SA_RESTART|SA_SIGINFO
SIGHUP: [libjvm.dylib+0x47eb41], sa_mask[0]=11111111011111110111111111111111, sa_flags=SA_RESTART|SA_SIGINFO
SIGINT: [libjvm.dylib+0x47eb41], sa_mask[0]=11111111011111110111111111111111, sa_flags=SA_RESTART|SA_SIGINFO
SIGTERM: [libjvm.dylib+0x47eb41], sa_mask[0]=11111111011111110111111111111111, sa_flags=SA_RESTART|SA_SIGINFO
SIGQUIT: [libjvm.dylib+0x47eb41], sa_mask[0]=11111111011111110111111111111111, sa_flags=SA_RESTART|SA_SIGINFO


---------------  S Y S T E M  ---------------

OS:Bsduname:Darwin 15.0.0 Darwin Kernel Version 15.0.0: Sat Sep 19 15:53:46 PDT 2015; root:xnu-3247.10.11~1/RELEASE_X86_64 x86_64
rlimit: STACK 8192k, CORE 0k, NPROC 709, NOFILE 10240, AS infinity
load average:1.94 2.33 2.22

CPU:total 4 (2 cores per cpu, 2 threads per core) family 6 model 69 stepping 1, cmov, cx8, fxsr, mmx, sse, sse2, sse3, ssse3, sse4.1, sse4.2, popcnt, avx, avx2, aes, clmul, erms, lzcnt, ht, tsc, tscinvbit, bmi1, bmi2

Memory: 4k page, physical 8388608k(395820k free)

/proc/meminfo:


vm_info: Java HotSpot(TM) 64-Bit Server VM (25.60-b23) for bsd-amd64 JRE (1.8.0_60-b27), built on Aug  4 2015 10:47:24 by "java_re" with gcc 4.2.1 (Based on Apple Inc. build 5658) (LLVM build 2336.11.00)

time: Wed Oct 28 18:31:23 2015
elapsed time: 177 seconds (0d 0h 2m 57s)

