#
# A fatal error has been detected by the Java Runtime Environment:
#
#  SIGSEGV (0xb) at pc=0x00007fff92a00d5d, pid=16181, tid=2571
#
# JRE version: Java(TM) SE Runtime Environment (8.0_60-b27) (build 1.8.0_60-b27)
# Java VM: Java HotSpot(TM) 64-Bit Server VM (25.60-b23 mixed mode bsd-amd64 compressed oops)
# Problematic frame:
# C  [libobjc.A.dylib+0x6d5d]  objc_msgSend+0x1d
#
# Failed to write core dump. Core dumps have been disabled. To enable core dumping, try "ulimit -c unlimited" before starting Java again
#
# If you would like to submit a bug report, please visit:
#   http://bugreport.java.com/bugreport/crash.jsp
# The crash happened outside the Java Virtual Machine in native code.
# See problematic frame for where to report the bug.
#

---------------  T H R E A D  ---------------

Current thread (0x00007fca6a0fe800):  JavaThread "AWT-AppKit" daemon [_thread_in_native, id=2571, stack(0x00007fff5179f000,0x00007fff51f9f000)]

siginfo: si_signo: 11 (SIGSEGV), si_code: 1 (SEGV_MAPERR), si_addr: 0x0000000000000018

Registers:
RAX=0x00007fca6cb7f3e0, RBX=0x00000001279ad450, RCX=0x00000001279d3080, RDX=0x00000001279d3560
RSP=0x00007fff51f9a0a8, RBP=0x00007fff51f9a160, RSI=0x00007fff899ead06, RDI=0x00007fca6cd27ad0
R8 =0x0000000000000000, R9 =0x0000000000000810, R10=0x00007fff899ead06, R11=0x0000000000000000
R12=0x0000000000000000, R13=0x0000000186172778, R14=0x00000001279ad440, R15=0x00007fca6a0fe800
RIP=0x00007fff92a00d5d, EFLAGS=0x0000000000010246, ERR=0x0000000000000004
  TRAPNO=0x000000000000000e

Top of Stack: (sp=0x00007fff51f9a0a8)
0x00007fff51f9a0a8:   00000001279ab157 00007fff51f9a100
0x00007fff51f9a0b8:   0000000000000003 00007fff51f9a0e0
0x00007fff51f9a0c8:   000000010e0ce992 0000000186172778
0x00007fff51f9a0d8:   0000000186172778 00007fca6cb7f3e0
0x00007fff51f9a0e8:   00000001279ad6a0 00000001279ad710
0x00007fff51f9a0f8:   00007fff75d82740 00007fff783c24b0
0x00007fff51f9a108:   00000001279ad450 00000001279ad690
0x00007fff51f9a118:   00007fca6cb7f3e0 00007fca6cd27ad0
0x00007fff51f9a128:   00007fca68645320 00007fca6cb7f3e0
0x00007fff51f9a138:   00007fca6cd27ad0 00007fff51f9a1e8
0x00007fff51f9a148:   00007fca6a0fe9f8 0000000186172778
0x00007fff51f9a158:   00007fff51f9a210 00007fff51f9a1d8
0x00007fff51f9a168:   000000010f815954 0000000186172778
0x00007fff51f9a178:   00007fff51f9a210 00007fff51f9a1d8
0x00007fff51f9a188:   000000010f8156e7 000000010f8156a2
0x00007fff51f9a198:   00007fff51f9a198 0000000186172778
0x00007fff51f9a1a8:   00007fff51f9a210 0000000186173f28
0x00007fff51f9a1b8:   0000000000000000 0000000186172778
0x00007fff51f9a1c8:   0000000000000000 00007fff51f9a1f8
0x00007fff51f9a1d8:   00007fff51f9a258 000000010f807c4d
0x00007fff51f9a1e8:   00000007417977e8 000000010f80f578
0x00007fff51f9a1f8:   00007fca6cb7f3e0 00007fff51f9a258
0x00007fff51f9a208:   00007fca6cd27ad0 000000010f810d82
0x00007fff51f9a218:   00007fff51f9a218 0000000186172942
0x00007fff51f9a228:   00007fff51f9a280 0000000186173f28
0x00007fff51f9a238:   0000000000000000 0000000186172950
0x00007fff51f9a248:   00007fff51f9a1f8 00007fff51f9a268
0x00007fff51f9a258:   00007fff51f9a2c8 000000010f807c4d
0x00007fff51f9a268:   00007fca6cb7f3e0 00000007417e00d0
0x00007fff51f9a278:   00007fca6cd27ad0 00000007417e00d0
0x00007fff51f9a288:   00007fff51f9a288 000000018ce8662e
0x00007fff51f9a298:   00007fff51f9a2d8 000000018ce866e8 

Instructions: (pc=0x00007fff92a00d5d)
0x00007fff92a00d3d:   44 00 00 48 85 ff 2e 74 62 40 f6 c7 01 2e 75 66
0x00007fff92a00d4d:   49 bb f8 ff ff ff ff 7f 00 00 4c 23 1f 49 89 f2
0x00007fff92a00d5d:   45 23 53 18 49 c1 e2 04 4d 03 53 10 49 3b 32 75
0x00007fff92a00d6d:   04 41 ff 62 08 49 83 3a 01 76 0d 49 83 c2 10 49 

Register to memory mapping:

RAX=0x00007fca6cb7f3e0 is an unknown value
RBX=0x00000001279ad450: Java_jogamp_nativewindow_macosx_OSXUtil_GetScreenRefreshRate0+0x1cf0 in /private/var/folders/x9/z_v5q4vx5yx_kt718rrfk_lm0000gn/T/jogamp_0000/file_cache/jln5208737900889226802/jln8793876458258643112/libnativewindow_macosx.jnilib at 0x00000001279a6000
RCX=0x00000001279d3080 is an unknown value
RDX=0x00000001279d3560 is an unknown value
RSP=0x00007fff51f9a0a8 is pointing into the stack for thread: 0x00007fca6a0fe800
RBP=0x00007fff51f9a160 is pointing into the stack for thread: 0x00007fca6a0fe800
RSI=0x00007fff899ead06 is an unknown value
RDI=0x00007fca6cd27ad0 is an unknown value
R8 =0x0000000000000000 is an unknown value
R9 =0x0000000000000810 is an unknown value
R10=0x00007fff899ead06 is an unknown value
R11=0x0000000000000000 is an unknown value
R12=0x0000000000000000 is an unknown value
R13={method} {0x0000000186172778} 'UnsetJAWTRootSurfaceLayer0' '(JJ)V' in 'jogamp/nativewindow/jawt/macosx/MacOSXJAWTWindow'
R14=0x00000001279ad440: Java_jogamp_nativewindow_macosx_OSXUtil_GetScreenRefreshRate0+0x1ce0 in /private/var/folders/x9/z_v5q4vx5yx_kt718rrfk_lm0000gn/T/jogamp_0000/file_cache/jln5208737900889226802/jln8793876458258643112/libnativewindow_macosx.jnilib at 0x00000001279a6000
R15=0x00007fca6a0fe800 is a thread


Stack: [0x00007fff5179f000,0x00007fff51f9f000],  sp=0x00007fff51f9a0a8,  free space=8172k
Native frames: (J=compiled Java code, j=interpreted, Vv=VM code, C=native code)
C  [libobjc.A.dylib+0x6d5d]  objc_msgSend+0x1d
j  jogamp.nativewindow.jawt.macosx.MacOSXJAWTWindow.UnsetJAWTRootSurfaceLayer0(JJ)V+0
j  jogamp.nativewindow.jawt.macosx.MacOSXJAWTWindow.access$200(JJ)V+2
j  jogamp.nativewindow.jawt.macosx.MacOSXJAWTWindow$1.run()V+38
J 2618 C1 com.jogamp.common.util.RunnableTask.run()V (345 bytes) @ 0x000000010fe81b94 [0x000000010fe81a00+0x194]
v  ~StubRoutines::call_stub
V  [libjvm.dylib+0x2eab0e]  JavaCalls::call_helper(JavaValue*, methodHandle*, JavaCallArguments*, Thread*)+0x6ae
V  [libjvm.dylib+0x321bb7]  jni_invoke_nonstatic(JNIEnv_*, JavaValue*, _jobject*, JNICallType, _jmethodID*, JNI_ArgumentPusher*, Thread*)+0x2ec
V  [libjvm.dylib+0x31438b]  jni_CallVoidMethod+0x16b
C  [libnativewindow_macosx.jnilib+0x5326]  Java_jogamp_nativewindow_jawt_macosx_MacOSXJAWTWindow_UnsetJAWTRootSurfaceLayer0+0x2b6
C  [Foundation+0x7754e]  __NSThreadPerformPerform+0x117
C  [CoreFoundation+0xaa621]  __CFRUNLOOP_IS_CALLING_OUT_TO_A_SOURCE0_PERFORM_FUNCTION__+0x11
C  [CoreFoundation+0x89d97]  __CFRunLoopDoSources0+0x1a7
C  [CoreFoundation+0x8933f]  __CFRunLoopRun+0x39f
C  [CoreFoundation+0x88d38]  CFRunLoopRunSpecific+0x128
C  [HIToolbox+0x30d55]  RunCurrentEventLoopInMode+0xeb
C  [HIToolbox+0x30a97]  ReceiveNextEventCommon+0xb8
C  [HIToolbox+0x309cf]  _BlockUntilNextEventMatchingListInModeWithFilter+0x47
C  [AppKit+0x49f3a]  _DPSNextEvent+0x42b
C  [AppKit+0x49369]  -[NSApplication _nextEventMatchingEventMask:untilDate:inMode:dequeue:]+0x1c6
C  [libosxapp.dylib+0x23aa]  -[NSApplicationAWT nextEventMatchingMask:untilDate:inMode:dequeue:]+0x7c
C  [AppKit+0x3decc]  -[NSApplication run]+0x2aa
C  [libosxapp.dylib+0x214d]  +[NSApplicationAWT runAWTLoopWithApp:]+0x9c
C  [libawt_lwawt.dylib+0x44517]  -[AWTStarter starter:]+0x389
C  [Foundation+0x7754e]  __NSThreadPerformPerform+0x117
C  [CoreFoundation+0xaa621]  __CFRUNLOOP_IS_CALLING_OUT_TO_A_SOURCE0_PERFORM_FUNCTION__+0x11
C  [CoreFoundation+0x89e1c]  __CFRunLoopDoSources0+0x22c
C  [CoreFoundation+0x8933f]  __CFRunLoopRun+0x39f
C  [CoreFoundation+0x88d38]  CFRunLoopRunSpecific+0x128
C  [java+0x6463]  CreateExecutionEnvironment+0x367
C  [java+0x21ac]  JLI_Launch+0x7a0
C  [java+0x84c0]  main+0x65
C  [java+0x1a04]  start+0x34
C  0x0000000000000007

Java frames: (J=compiled Java code, j=interpreted, Vv=VM code)
j  jogamp.nativewindow.jawt.macosx.MacOSXJAWTWindow.UnsetJAWTRootSurfaceLayer0(JJ)V+0
j  jogamp.nativewindow.jawt.macosx.MacOSXJAWTWindow.access$200(JJ)V+2
j  jogamp.nativewindow.jawt.macosx.MacOSXJAWTWindow$1.run()V+38
J 2618 C1 com.jogamp.common.util.RunnableTask.run()V (345 bytes) @ 0x000000010fe81b94 [0x000000010fe81a00+0x194]
v  ~StubRoutines::call_stub

---------------  P R O C E S S  ---------------

Java Threads: ( => current thread )
  0x00007fca6a672000 JavaThread "Thread-141" [_thread_blocked, id=5099, stack(0x0000700001a71000,0x0000700001b71000)]
  0x00007fca69178800 JavaThread "AWT-EventQueue-1" [_thread_in_native, id=58907, stack(0x0000700001868000,0x0000700001968000)]
  0x00007fca69ad9800 JavaThread "DestroyJavaVM" [_thread_blocked, id=5891, stack(0x000070000011a000,0x000070000021a000)]
  0x00007fca6a215800 JavaThread "AWT-EventQueue-0" [_thread_blocked, id=54535, stack(0x0000700001662000,0x0000700001762000)]
  0x00007fca69a71800 JavaThread "Java2D Disposer" daemon [_thread_blocked, id=50447, stack(0x00007000013d9000,0x00007000014d9000)]
  0x00007fca6a162000 JavaThread "Java2D Queue Flusher" daemon [_thread_blocked, id=49927, stack(0x00007000012d6000,0x00007000013d6000)]
  0x00007fca69093800 JavaThread "AWT-Shutdown" [_thread_blocked, id=28947, stack(0x00007000010cd000,0x00007000011cd000)]
=>0x00007fca6a0fe800 JavaThread "AWT-AppKit" daemon [_thread_in_native, id=2571, stack(0x00007fff5179f000,0x00007fff51f9f000)]
  0x00007fca69015000 JavaThread "Service Thread" daemon [_thread_blocked, id=18435, stack(0x0000700000e44000,0x0000700000f44000)]
  0x00007fca6901e000 JavaThread "C1 CompilerThread2" daemon [_thread_blocked, id=17923, stack(0x0000700000d41000,0x0000700000e41000)]
  0x00007fca6901d000 JavaThread "C2 CompilerThread1" daemon [_thread_blocked, id=17411, stack(0x0000700000c3e000,0x0000700000d3e000)]
  0x00007fca69008800 JavaThread "C2 CompilerThread0" daemon [_thread_blocked, id=16899, stack(0x0000700000b3b000,0x0000700000c3b000)]
  0x00007fca69824000 JavaThread "Signal Dispatcher" daemon [_thread_blocked, id=14863, stack(0x0000700000a38000,0x0000700000b38000)]
  0x00007fca6a027000 JavaThread "Finalizer" daemon [_thread_blocked, id=12291, stack(0x000070000082f000,0x000070000092f000)]
  0x00007fca68818000 JavaThread "Reference Handler" daemon [_thread_blocked, id=11779, stack(0x000070000072c000,0x000070000082c000)]

Other Threads:
  0x00007fca69820000 VMThread [stack: 0x0000700000629000,0x0000700000729000] [id=11267]
  0x00007fca6a042800 WatcherThread [stack: 0x0000700000f47000,0x0000700001047000] [id=18947]

VM state:not at safepoint (normal execution)

VM Mutex/Monitor currently owned by a thread: None

Heap:
 PSYoungGen      total 67584K, used 22938K [0x0000000795580000, 0x000000079ac80000, 0x00000007c0000000)
  eden space 57344K, 22% used [0x0000000795580000,0x00000007961fe8a8,0x0000000798d80000)
  from space 10240K, 99% used [0x0000000798f80000,0x0000000799968270,0x0000000799980000)
  to   space 15872K, 0% used [0x0000000799d00000,0x0000000799d00000,0x000000079ac80000)
 ParOldGen       total 91136K, used 38921K [0x0000000740000000, 0x0000000745900000, 0x0000000795580000)
  object space 91136K, 42% used [0x0000000740000000,0x00000007426027d8,0x0000000745900000)
 Metaspace       used 21503K, capacity 21699K, committed 22064K, reserved 1069056K
  class space    used 2066K, capacity 2144K, committed 2176K, reserved 1048576K

Card table byte_map: [0x000000011ebc0000,0x000000011efc1000] byte_map_base: 0x000000011b1c0000

Marking Bits: (ParMarkBitMap*) 0x000000010e7bbe20
 Begin Bits: [0x000000011f26c000, 0x000000012126c000)
 End Bits:   [0x000000012126c000, 0x000000012326c000)

Polling page: 0x000000010eead000

CodeCache: size=245760Kb used=10232Kb max_used=10392Kb free=235527Kb
 bounds [0x000000010f800000, 0x0000000110240000, 0x000000011e800000]
 total_blobs=3767 nmethods=2873 adapters=807
 compilation: enabled

Compilation events (10 events):
Event: 72.824 Thread 0x00007fca69008800 3307       4       jogamp.opengl.GLFBODrawableImpl::getDefaultReadFramebuffer (24 bytes)
Event: 72.829 Thread 0x00007fca69008800 nmethod 3307 0x000000010fa38950 code [0x000000010fa38ac0, 0x000000010fa38c28]
Event: 75.005 Thread 0x00007fca6901d000 3308       4       java.security.AccessControlContext::<init> (63 bytes)
Event: 75.006 Thread 0x00007fca6901d000 nmethod 3308 0x000000010fb27710 code [0x000000010fb27860, 0x000000010fb27938]
Event: 75.136 Thread 0x00007fca69008800 3309       4       java.lang.Thread::isInterrupted (6 bytes)
Event: 75.137 Thread 0x00007fca69008800 nmethod 3309 0x000000010fb52290 code [0x000000010fb523e0, 0x000000010fb52488]
Event: 76.523 Thread 0x00007fca6901d000 3310       4       java.util.concurrent.locks.ReentrantLock$Sync::nonfairTryAcquire (67 bytes)
Event: 76.525 Thread 0x00007fca6901d000 nmethod 3310 0x00000001101fa610 code [0x00000001101fa760, 0x00000001101fa838]
Event: 77.306 Thread 0x00007fca69008800 3311       4       java.util.concurrent.locks.ReentrantLock$Sync::isHeldExclusively (16 bytes)
Event: 77.306 Thread 0x00007fca69008800 nmethod 3311 0x000000010fe4eed0 code [0x000000010fe4f020, 0x000000010fe4f0b8]

GC Heap History (10 events):
Event: 34.987 GC heap before
{Heap before GC invocations=12 (full 1):
 PSYoungGen      total 79872K, used 73600K [0x0000000795580000, 0x000000079b880000, 0x00000007c0000000)
  eden space 63488K, 100% used [0x0000000795580000,0x0000000799380000,0x0000000799380000)
  from space 16384K, 61% used [0x000000079a880000,0x000000079b260270,0x000000079b880000)
  to   space 18944K, 0% used [0x0000000799380000,0x0000000799380000,0x000000079a600000)
 ParOldGen       total 91136K, used 38905K [0x0000000740000000, 0x0000000745900000, 0x0000000795580000)
  object space 91136K, 42% used [0x0000000740000000,0x00000007425fe7d8,0x0000000745900000)
 Metaspace       used 21470K, capacity 21699K, committed 22064K, reserved 1069056K
  class space    used 2059K, capacity 2144K, committed 2176K, reserved 1048576K
Event: 34.989 GC heap after
Heap after GC invocations=12 (full 1):
 PSYoungGen      total 82432K, used 10112K [0x0000000795580000, 0x000000079c500000, 0x00000007c0000000)
  eden space 63488K, 0% used [0x0000000795580000,0x0000000795580000,0x0000000799380000)
  from space 18944K, 53% used [0x0000000799380000,0x0000000799d60270,0x000000079a600000)
  to   space 17920K, 0% used [0x000000079b380000,0x000000079b380000,0x000000079c500000)
 ParOldGen       total 91136K, used 38905K [0x0000000740000000, 0x0000000745900000, 0x0000000795580000)
  object space 91136K, 42% used [0x0000000740000000,0x00000007425fe7d8,0x0000000745900000)
 Metaspace       used 21470K, capacity 21699K, committed 22064K, reserved 1069056K
  class space    used 2059K, capacity 2144K, committed 2176K, reserved 1048576K
}
Event: 45.720 GC heap before
{Heap before GC invocations=13 (full 1):
 PSYoungGen      total 82432K, used 73600K [0x0000000795580000, 0x000000079c500000, 0x00000007c0000000)
  eden space 63488K, 100% used [0x0000000795580000,0x0000000799380000,0x0000000799380000)
  from space 18944K, 53% used [0x0000000799380000,0x0000000799d60270,0x000000079a600000)
  to   space 17920K, 0% used [0x000000079b380000,0x000000079b380000,0x000000079c500000)
 ParOldGen       total 91136K, used 38905K [0x0000000740000000, 0x0000000745900000, 0x0000000795580000)
  object space 91136K, 42% used [0x0000000740000000,0x00000007425fe7d8,0x0000000745900000)
 Metaspace       used 21470K, capacity 21699K, committed 22064K, reserved 1069056K
  class space    used 2059K, capacity 2144K, committed 2176K, reserved 1048576K
Event: 45.725 GC heap after
Heap after GC invocations=13 (full 1):
 PSYoungGen      total 72192K, used 10144K [0x0000000795580000, 0x000000079bd80000, 0x00000007c0000000)
  eden space 61952K, 0% used [0x0000000795580000,0x0000000795580000,0x0000000799200000)
  from space 10240K, 99% used [0x000000079b380000,0x000000079bd68270,0x000000079bd80000)
  to   space 17408K, 0% used [0x0000000799b80000,0x0000000799b80000,0x000000079ac80000)
 ParOldGen       total 91136K, used 38905K [0x0000000740000000, 0x0000000745900000, 0x0000000795580000)
  object space 91136K, 42% used [0x0000000740000000,0x00000007425fe7d8,0x0000000745900000)
 Metaspace       used 21470K, capacity 21699K, committed 22064K, reserved 1069056K
  class space    used 2059K, capacity 2144K, committed 2176K, reserved 1048576K
}
Event: 56.339 GC heap before
{Heap before GC invocations=14 (full 1):
 PSYoungGen      total 72192K, used 72096K [0x0000000795580000, 0x000000079bd80000, 0x00000007c0000000)
  eden space 61952K, 100% used [0x0000000795580000,0x0000000799200000,0x0000000799200000)
  from space 10240K, 99% used [0x000000079b380000,0x000000079bd68270,0x000000079bd80000)
  to   space 17408K, 0% used [0x0000000799b80000,0x0000000799b80000,0x000000079ac80000)
 ParOldGen       total 91136K, used 38905K [0x0000000740000000, 0x0000000745900000, 0x0000000795580000)
  object space 91136K, 42% used [0x0000000740000000,0x00000007425fe7d8,0x0000000745900000)
 Metaspace       used 21470K, capacity 21699K, committed 22064K, reserved 1069056K
  class space    used 2059K, capacity 2144K, committed 2176K, reserved 1048576K
Event: 56.342 GC heap after
Heap after GC invocations=14 (full 1):
 PSYoungGen      total 70656K, used 10144K [0x0000000795580000, 0x000000079b400000, 0x00000007c0000000)
  eden space 60416K, 0% used [0x0000000795580000,0x0000000795580000,0x0000000799080000)
  from space 10240K, 99% used [0x0000000799b80000,0x000000079a568270,0x000000079a580000)
  to   space 14848K, 0% used [0x000000079a580000,0x000000079a580000,0x000000079b400000)
 ParOldGen       total 91136K, used 38913K [0x0000000740000000, 0x0000000745900000, 0x0000000795580000)
  object space 91136K, 42% used [0x0000000740000000,0x00000007426007d8,0x0000000745900000)
 Metaspace       used 21470K, capacity 21699K, committed 22064K, reserved 1069056K
  class space    used 2059K, capacity 2144K, committed 2176K, reserved 1048576K
}
Event: 66.703 GC heap before
{Heap before GC invocations=15 (full 1):
 PSYoungGen      total 70656K, used 70560K [0x0000000795580000, 0x000000079b400000, 0x00000007c0000000)
  eden space 60416K, 100% used [0x0000000795580000,0x0000000799080000,0x0000000799080000)
  from space 10240K, 99% used [0x0000000799b80000,0x000000079a568270,0x000000079a580000)
  to   space 14848K, 0% used [0x000000079a580000,0x000000079a580000,0x000000079b400000)
 ParOldGen       total 91136K, used 38913K [0x0000000740000000, 0x0000000745900000, 0x0000000795580000)
  object space 91136K, 42% used [0x0000000740000000,0x00000007426007d8,0x0000000745900000)
 Metaspace       used 21470K, capacity 21699K, committed 22064K, reserved 1069056K
  class space    used 2059K, capacity 2144K, committed 2176K, reserved 1048576K
Event: 66.708 GC heap after
Heap after GC invocations=15 (full 1):
 PSYoungGen      total 69120K, used 10144K [0x0000000795580000, 0x000000079af80000, 0x00000007c0000000)
  eden space 58880K, 0% used [0x0000000795580000,0x0000000795580000,0x0000000798f00000)
  from space 10240K, 99% used [0x000000079a580000,0x000000079af68270,0x000000079af80000)
  to   space 16384K, 0% used [0x0000000798f80000,0x0000000798f80000,0x0000000799f80000)
 ParOldGen       total 91136K, used 38921K [0x0000000740000000, 0x0000000745900000, 0x0000000795580000)
  object space 91136K, 42% used [0x0000000740000000,0x00000007426027d8,0x0000000745900000)
 Metaspace       used 21470K, capacity 21699K, committed 22064K, reserved 1069056K
  class space    used 2059K, capacity 2144K, committed 2176K, reserved 1048576K
}
Event: 76.573 GC heap before
{Heap before GC invocations=16 (full 1):
 PSYoungGen      total 69120K, used 69024K [0x0000000795580000, 0x000000079af80000, 0x00000007c0000000)
  eden space 58880K, 100% used [0x0000000795580000,0x0000000798f00000,0x0000000798f00000)
  from space 10240K, 99% used [0x000000079a580000,0x000000079af68270,0x000000079af80000)
  to   space 16384K, 0% used [0x0000000798f80000,0x0000000798f80000,0x0000000799f80000)
 ParOldGen       total 91136K, used 38921K [0x0000000740000000, 0x0000000745900000, 0x0000000795580000)
  object space 91136K, 42% used [0x0000000740000000,0x00000007426027d8,0x0000000745900000)
 Metaspace       used 21474K, capacity 21699K, committed 22064K, reserved 1069056K
  class space    used 2059K, capacity 2144K, committed 2176K, reserved 1048576K
Event: 76.576 GC heap after
Heap after GC invocations=16 (full 1):
 PSYoungGen      total 67584K, used 10144K [0x0000000795580000, 0x000000079ac80000, 0x00000007c0000000)
  eden space 57344K, 0% used [0x0000000795580000,0x0000000795580000,0x0000000798d80000)
  from space 10240K, 99% used [0x0000000798f80000,0x0000000799968270,0x0000000799980000)
  to   space 15872K, 0% used [0x0000000799d00000,0x0000000799d00000,0x000000079ac80000)
 ParOldGen       total 91136K, used 38921K [0x0000000740000000, 0x0000000745900000, 0x0000000795580000)
  object space 91136K, 42% used [0x0000000740000000,0x00000007426027d8,0x0000000745900000)
 Metaspace       used 21474K, capacity 21699K, committed 22064K, reserved 1069056K
  class space    used 2059K, capacity 2144K, committed 2176K, reserved 1048576K
}

Deoptimization events (10 events):
Event: 78.486 Thread 0x00007fca6a215800 Uncommon trap: reason=unstable_if action=reinterpret pc=0x000000011022e34c method=sun.lwawt.LWContainerPeer.cutChildren(Lsun/java2d/pipe/Region;Lsun/lwawt/LWComponentPeer;)Lsun/java2d/pipe/Region; @ 67
Event: 78.486 Thread 0x00007fca6a215800 Uncommon trap: reason=unstable_if action=reinterpret pc=0x00000001101d4cec method=sun.java2d.SunGraphics2D.validateCompClip()V @ 9
Event: 78.486 Thread 0x00007fca6a215800 Uncommon trap: reason=class_check action=maybe_recompile pc=0x000000010fbfcdd0 method=java.util.Arrays.copyOf([Ljava/lang/Object;ILjava/lang/Class;)[Ljava/lang/Object; @ 24
Event: 78.487 Thread 0x00007fca6a215800 Uncommon trap: reason=unstable_if action=reinterpret pc=0x0000000110200600 method=sun.java2d.pipe.Region.intersectsQuickCheck(Lsun/java2d/pipe/Region;)Z @ 41
Event: 78.488 Thread 0x00007fca6a215800 Uncommon trap: reason=unstable_if action=reinterpret pc=0x000000010ffb2d54 method=java.awt.Font.equals(Ljava/lang/Object;)Z @ 2
Event: 78.518 Thread 0x00007fca6a1b5800 Uncommon trap: reason=unstable_if action=reinterpret pc=0x000000010fcd91a0 method=java.util.HashMap.putVal(ILjava/lang/Object;Ljava/lang/Object;ZZ)Ljava/lang/Object; @ 81
Event: 78.518 Thread 0x00007fca6a1b5800 Uncommon trap: reason=unstable_if action=reinterpret pc=0x000000010fcd7b3c method=java.util.HashMap.putVal(ILjava/lang/Object;Ljava/lang/Object;ZZ)Ljava/lang/Object; @ 81
Event: 78.528 Thread 0x00007fca69178800 Uncommon trap: reason=unstable_if action=reinterpret pc=0x00000001101d8398 method=java.util.LinkedList$ListItr.<init>(Ljava/util/LinkedList;I)V @ 26
Event: 78.528 Thread 0x00007fca69178800 Uncommon trap: reason=unstable_if action=reinterpret pc=0x000000010fc86724 method=java.security.AccessControlContext.optimize()Ljava/security/AccessControlContext; @ 233
Event: 78.529 Thread 0x00007fca69178800 Uncommon trap: reason=unstable_if action=reinterpret pc=0x00000001101d88c4 method=java.util.LinkedList$ListItr.<init>(Ljava/util/LinkedList;I)V @ 26

Internal exceptions (10 events):
Event: 0.187 Thread 0x00007fca6900c000 Exception <a 'java/lang/NoSuchFieldError': method resolution failed> (0x000000079583cdc0) thrown at [/Users/java_re/workspace/8-2-build-macosx-x86_64/jdk8u60/4407/hotspot/src/share/vm/prims/methodHandles.cpp, line 1146]
Event: 0.337 Thread 0x00007fca6900c000 Exception <a 'java/io/FileNotFoundException'> (0x00000007958b8bf0) thrown at [/Users/java_re/workspace/8-2-build-macosx-x86_64/jdk8u60/4407/hotspot/src/share/vm/prims/jni.cpp, line 709]
Event: 0.337 Thread 0x00007fca6900c000 Exception <a 'java/io/FileNotFoundException'> (0x00000007958b9778) thrown at [/Users/java_re/workspace/8-2-build-macosx-x86_64/jdk8u60/4407/hotspot/src/share/vm/prims/jni.cpp, line 709]
Event: 0.372 Thread 0x00007fca6900c000 Exception <a 'java/io/FileNotFoundException'> (0x00000007959c96a0) thrown at [/Users/java_re/workspace/8-2-build-macosx-x86_64/jdk8u60/4407/hotspot/src/share/vm/prims/jni.cpp, line 709]
Event: 0.458 Thread 0x00007fca6900c000 Exception <a 'java/io/FileNotFoundException'> (0x0000000795a08298) thrown at [/Users/java_re/workspace/8-2-build-macosx-x86_64/jdk8u60/4407/hotspot/src/share/vm/prims/jni.cpp, line 709]
Event: 1.736 Thread 0x00007fca6a3f6800 Exception <a 'java/lang/UnsatisfiedLinkError': com.jogamp.common.util.JarUtil.fixNativeLibAttribs(Ljava/lang/String;)Z> (0x0000000796dcad30) thrown at [/Users/java_re/workspace/8-2-build-macosx-x86_64/jdk8u60/4407/hotspot/src/share/vm/prims/nativeLookup.c
Event: 1.936 Thread 0x00007fca6a027000 Exception <a 'java/lang/NullPointerException'> (0x00000007956a1b08) thrown at [/Users/java_re/workspace/8-2-build-macosx-x86_64/jdk8u60/4407/hotspot/src/share/vm/interpreter/linkResolver.cpp, line 1178]
Event: 2.520 Thread 0x00007fca69178800 Exception <a 'java/io/FileNotFoundException'> (0x0000000796252ac8) thrown at [/Users/java_re/workspace/8-2-build-macosx-x86_64/jdk8u60/4407/hotspot/src/share/vm/prims/jni.cpp, line 709]
Event: 2.521 Thread 0x00007fca69178800 Exception <a 'java/io/FileNotFoundException'> (0x000000079625ed80) thrown at [/Users/java_re/workspace/8-2-build-macosx-x86_64/jdk8u60/4407/hotspot/src/share/vm/prims/jni.cpp, line 709]
Event: 2.521 Thread 0x00007fca69178800 Implicit null exception at 0x000000010f9b6375 to 0x000000010f9b66d9

Events (10 events):
Event: 78.528 loading class java/awt/event/AWTEventListenerProxy
Event: 78.528 loading class java/awt/event/AWTEventListenerProxy done
Event: 78.529 loading class java/awt/Toolkit$ToolkitEventMulticaster
Event: 78.529 loading class java/awt/Toolkit$ToolkitEventMulticaster done
Event: 78.529 Thread 0x00007fca69178800 Uncommon trap: trap_request=0xffffff65 fr.pc=0x00000001101d88c4
Event: 78.529 Thread 0x00007fca69178800 DEOPT PACKING pc=0x00000001101d88c4 sp=0x0000700001965950
Event: 78.529 Thread 0x00007fca69178800 DEOPT UNPACKING pc=0x000000010f805229 sp=0x00007000019658a8 mode 2
Event: 78.529 Thread 0x00007fca6a1b5800 Thread exited: 0x00007fca6a1b5800
Event: 78.529 loading class java/awt/Window$1DisposeAction
Event: 78.529 loading class java/awt/Window$1DisposeAction done


Dynamic libraries:
0x00000000055d0000 	/System/Library/Frameworks/Cocoa.framework/Versions/A/Cocoa
0x00000000055d0000 	/System/Library/Frameworks/Security.framework/Versions/A/Security
0x00000000055d0000 	/System/Library/Frameworks/ApplicationServices.framework/Versions/A/ApplicationServices
0x00000000055d0000 	/usr/lib/libz.1.dylib
0x00000000055d0000 	/usr/lib/libSystem.B.dylib
0x00000000055d0000 	/usr/lib/libobjc.A.dylib
0x00000000055d0000 	/System/Library/Frameworks/CoreFoundation.framework/Versions/A/CoreFoundation
0x00000000055d0000 	/System/Library/Frameworks/Foundation.framework/Versions/C/Foundation
0x00000000055d0000 	/System/Library/Frameworks/AppKit.framework/Versions/C/AppKit
0x00000000055d0000 	/System/Library/Frameworks/CoreData.framework/Versions/A/CoreData
0x00000000055d0000 	/System/Library/PrivateFrameworks/RemoteViewServices.framework/Versions/A/RemoteViewServices
0x00000000055d0000 	/System/Library/PrivateFrameworks/UIFoundation.framework/Versions/A/UIFoundation
0x00000000055d0000 	/usr/lib/libScreenReader.dylib
0x00000000055d0000 	/System/Library/Frameworks/Accelerate.framework/Versions/A/Accelerate
0x00000000055d0000 	/System/Library/Frameworks/IOSurface.framework/Versions/A/IOSurface
0x00000000055d0000 	/System/Library/Frameworks/AudioToolbox.framework/Versions/A/AudioToolbox
0x00000000055d0000 	/System/Library/Frameworks/AudioUnit.framework/Versions/A/AudioUnit
0x00000000055d0000 	/System/Library/PrivateFrameworks/DataDetectorsCore.framework/Versions/A/DataDetectorsCore
0x00000000055d0000 	/System/Library/PrivateFrameworks/DesktopServicesPriv.framework/Versions/A/DesktopServicesPriv
0x00000000055d0000 	/System/Library/Frameworks/Carbon.framework/Versions/A/Frameworks/HIToolbox.framework/Versions/A/HIToolbox
0x00000000055d0000 	/System/Library/Frameworks/QuartzCore.framework/Versions/A/QuartzCore
0x00000000055d0000 	/System/Library/Frameworks/Carbon.framework/Versions/A/Frameworks/SpeechRecognition.framework/Versions/A/SpeechRecognition
0x00000000055d0000 	/usr/lib/libauto.dylib
0x00000000055d0000 	/usr/lib/libicucore.A.dylib
0x00000000055d0000 	/usr/lib/libxml2.2.dylib
0x00000000055d0000 	/System/Library/PrivateFrameworks/CoreUI.framework/Versions/A/CoreUI
0x00000000055d0000 	/System/Library/Frameworks/CoreAudio.framework/Versions/A/CoreAudio
0x00000000055d0000 	/System/Library/Frameworks/DiskArbitration.framework/Versions/A/DiskArbitration
0x00000000055d0000 	/usr/lib/liblangid.dylib
0x00000000055d0000 	/System/Library/PrivateFrameworks/MultitouchSupport.framework/Versions/A/MultitouchSupport
0x00000000055d0000 	/System/Library/Frameworks/IOKit.framework/Versions/A/IOKit
0x00000000055d0000 	/usr/lib/libDiagnosticMessagesClient.dylib
0x00000000055d0000 	/System/Library/Frameworks/CoreServices.framework/Versions/A/CoreServices
0x00000000055d0000 	/System/Library/PrivateFrameworks/PerformanceAnalysis.framework/Versions/A/PerformanceAnalysis
0x00000000055d0000 	/System/Library/PrivateFrameworks/GenerationalStorage.framework/Versions/A/GenerationalStorage
0x00000000055d0000 	/System/Library/Frameworks/OpenGL.framework/Versions/A/OpenGL
0x00000000055d0000 	/System/Library/PrivateFrameworks/Sharing.framework/Versions/A/Sharing
0x00000000055d0000 	/System/Library/Frameworks/CoreGraphics.framework/Versions/A/CoreGraphics
0x00000000055d0000 	/System/Library/Frameworks/CoreImage.framework/Versions/A/CoreImage
0x00000000055d0000 	/System/Library/Frameworks/CoreText.framework/Versions/A/CoreText
0x00000000055d0000 	/System/Library/Frameworks/ImageIO.framework/Versions/A/ImageIO
0x00000000055d0000 	/System/Library/PrivateFrameworks/Backup.framework/Versions/A/Backup
0x00000000055d0000 	/usr/lib/libextension.dylib
0x00000000055d0000 	/usr/lib/libarchive.2.dylib
0x00000000055d0000 	/System/Library/Frameworks/CFNetwork.framework/Versions/A/CFNetwork
0x00000000055d0000 	/System/Library/Frameworks/SystemConfiguration.framework/Versions/A/SystemConfiguration
0x00000000055d0000 	/usr/lib/libCRFSuite.dylib
0x00000000055d0000 	/usr/lib/libc++.1.dylib
0x00000000055d0000 	/usr/lib/libc++abi.dylib
0x00000000055d0000 	/usr/lib/system/libcache.dylib
0x00000000055d0000 	/usr/lib/system/libcommonCrypto.dylib
0x00000000055d0000 	/usr/lib/system/libcompiler_rt.dylib
0x00000000055d0000 	/usr/lib/system/libcopyfile.dylib
0x00000000055d0000 	/usr/lib/system/libcorecrypto.dylib
0x00000000055d0000 	/usr/lib/system/libdispatch.dylib
0x00000000055d0000 	/usr/lib/system/libdyld.dylib
0x00000000055d0000 	/usr/lib/system/libkeymgr.dylib
0x00000000055d0000 	/usr/lib/system/liblaunch.dylib
0x00000000055d0000 	/usr/lib/system/libmacho.dylib
0x00000000055d0000 	/usr/lib/system/libquarantine.dylib
0x00000000055d0000 	/usr/lib/system/libremovefile.dylib
0x00000000055d0000 	/usr/lib/system/libsystem_asl.dylib
0x00000000055d0000 	/usr/lib/system/libsystem_blocks.dylib
0x00000000055d0000 	/usr/lib/system/libsystem_c.dylib
0x00000000055d0000 	/usr/lib/system/libsystem_configuration.dylib
0x00000000055d0000 	/usr/lib/system/libsystem_coreservices.dylib
0x00000000055d0000 	/usr/lib/system/libsystem_coretls.dylib
0x00000000055d0000 	/usr/lib/system/libsystem_dnssd.dylib
0x00000000055d0000 	/usr/lib/system/libsystem_info.dylib
0x00000000055d0000 	/usr/lib/system/libsystem_kernel.dylib
0x00000000055d0000 	/usr/lib/system/libsystem_m.dylib
0x00000000055d0000 	/usr/lib/system/libsystem_malloc.dylib
0x00000000055d0000 	/usr/lib/system/libsystem_network.dylib
0x00000000055d0000 	/usr/lib/system/libsystem_networkextension.dylib
0x00000000055d0000 	/usr/lib/system/libsystem_notify.dylib
0x00000000055d0000 	/usr/lib/system/libsystem_platform.dylib
0x00000000055d0000 	/usr/lib/system/libsystem_pthread.dylib
0x00000000055d0000 	/usr/lib/system/libsystem_sandbox.dylib
0x00000000055d0000 	/usr/lib/system/libsystem_secinit.dylib
0x00000000055d0000 	/usr/lib/system/libsystem_trace.dylib
0x00000000055d0000 	/usr/lib/system/libunc.dylib
0x00000000055d0000 	/usr/lib/system/libunwind.dylib
0x00000000055d0000 	/usr/lib/system/libxpc.dylib
0x00000000055d0000 	/usr/lib/libenergytrace.dylib
0x00000000055d0000 	/usr/lib/libbsm.0.dylib
0x00000000055d0000 	/usr/lib/system/libkxld.dylib
0x00000000055d0000 	/usr/lib/libxar.1.dylib
0x00000000055d0000 	/usr/lib/libsqlite3.dylib
0x00000000055d0000 	/usr/lib/libpam.2.dylib
0x00000000055d0000 	/usr/lib/libOpenScriptingUtil.dylib
0x00000000055d0000 	/usr/lib/libbz2.1.0.dylib
0x00000000055d0000 	/usr/lib/liblzma.5.dylib
0x00000000055d0000 	/System/Library/Frameworks/CoreServices.framework/Versions/A/Frameworks/FSEvents.framework/Versions/A/FSEvents
0x00000000055d0000 	/System/Library/Frameworks/CoreServices.framework/Versions/A/Frameworks/CarbonCore.framework/Versions/A/CarbonCore
0x00000000055d0000 	/System/Library/Frameworks/CoreServices.framework/Versions/A/Frameworks/Metadata.framework/Versions/A/Metadata
0x00000000055d0000 	/System/Library/Frameworks/CoreServices.framework/Versions/A/Frameworks/OSServices.framework/Versions/A/OSServices
0x00000000055d0000 	/System/Library/Frameworks/CoreServices.framework/Versions/A/Frameworks/SearchKit.framework/Versions/A/SearchKit
0x00000000055d0000 	/System/Library/Frameworks/CoreServices.framework/Versions/A/Frameworks/AE.framework/Versions/A/AE
0x00000000055d0000 	/System/Library/Frameworks/CoreServices.framework/Versions/A/Frameworks/LaunchServices.framework/Versions/A/LaunchServices
0x00000000055d0000 	/System/Library/Frameworks/CoreServices.framework/Versions/A/Frameworks/DictionaryServices.framework/Versions/A/DictionaryServices
0x00000000055d0000 	/System/Library/Frameworks/CoreServices.framework/Versions/A/Frameworks/SharedFileList.framework/Versions/A/SharedFileList
0x00000000055d0000 	/System/Library/Frameworks/NetFS.framework/Versions/A/NetFS
0x00000000055d0000 	/System/Library/PrivateFrameworks/NetAuth.framework/Versions/A/NetAuth
0x00000000055d0000 	/System/Library/PrivateFrameworks/login.framework/Versions/A/Frameworks/loginsupport.framework/Versions/A/loginsupport
0x00000000055d0000 	/System/Library/PrivateFrameworks/TCC.framework/Versions/A/TCC
0x00000000055d0000 	/usr/lib/libmecabra.dylib
0x00000000055d0000 	/System/Library/Frameworks/ApplicationServices.framework/Versions/A/Frameworks/ATS.framework/Versions/A/ATS
0x00000000055d0000 	/System/Library/Frameworks/ApplicationServices.framework/Versions/A/Frameworks/ColorSync.framework/Versions/A/ColorSync
0x00000000055d0000 	/System/Library/Frameworks/ApplicationServices.framework/Versions/A/Frameworks/HIServices.framework/Versions/A/HIServices
0x00000000055d0000 	/System/Library/Frameworks/ApplicationServices.framework/Versions/A/Frameworks/LangAnalysis.framework/Versions/A/LangAnalysis
0x00000000055d0000 	/System/Library/Frameworks/ApplicationServices.framework/Versions/A/Frameworks/PrintCore.framework/Versions/A/PrintCore
0x00000000055d0000 	/System/Library/Frameworks/ApplicationServices.framework/Versions/A/Frameworks/QD.framework/Versions/A/QD
0x00000000055d0000 	/System/Library/Frameworks/ApplicationServices.framework/Versions/A/Frameworks/SpeechSynthesis.framework/Versions/A/SpeechSynthesis
0x00000000055d0000 	/System/Library/Frameworks/Metal.framework/Versions/A/Metal
0x00000000055d0000 	/System/Library/Frameworks/Accelerate.framework/Versions/A/Frameworks/vImage.framework/Versions/A/vImage
0x00000000055d0000 	/System/Library/Frameworks/Accelerate.framework/Versions/A/Frameworks/vecLib.framework/Versions/A/vecLib
0x00000000055d0000 	/System/Library/Frameworks/Accelerate.framework/Versions/A/Frameworks/vecLib.framework/Versions/A/libvDSP.dylib
0x00000000055d0000 	/System/Library/Frameworks/Accelerate.framework/Versions/A/Frameworks/vecLib.framework/Versions/A/libvMisc.dylib
0x00000000055d0000 	/System/Library/Frameworks/Accelerate.framework/Versions/A/Frameworks/vecLib.framework/Versions/A/libLAPACK.dylib
0x00000000055d0000 	/System/Library/Frameworks/Accelerate.framework/Versions/A/Frameworks/vecLib.framework/Versions/A/libBLAS.dylib
0x00000000055d0000 	/System/Library/Frameworks/Accelerate.framework/Versions/A/Frameworks/vecLib.framework/Versions/A/libLinearAlgebra.dylib
0x00000000055d0000 	/System/Library/Frameworks/Accelerate.framework/Versions/A/Frameworks/vecLib.framework/Versions/A/libSparseBLAS.dylib
0x00000000055d0000 	/System/Library/PrivateFrameworks/GPUCompiler.framework/libmetal_timestamp.dylib
0x00000000055d0000 	/System/Library/Frameworks/OpenGL.framework/Versions/A/Libraries/libCoreFSCache.dylib
0x00000000055d0000 	/System/Library/PrivateFrameworks/IOAccelerator.framework/Versions/A/IOAccelerator
0x00000000055d0000 	/System/Library/Frameworks/ApplicationServices.framework/Versions/A/Frameworks/ATS.framework/Versions/A/Resources/libFontParser.dylib
0x00000000055d0000 	/System/Library/Frameworks/ApplicationServices.framework/Versions/A/Frameworks/ATS.framework/Versions/A/Resources/libFontRegistry.dylib
0x00000000055d0000 	/System/Library/PrivateFrameworks/AppleVPA.framework/Versions/A/AppleVPA
0x00000000055d0000 	/System/Library/PrivateFrameworks/AppleJPEG.framework/Versions/A/AppleJPEG
0x00000000055d0000 	/System/Library/Frameworks/ImageIO.framework/Versions/A/Resources/libJPEG.dylib
0x00000000055d0000 	/System/Library/Frameworks/ImageIO.framework/Versions/A/Resources/libTIFF.dylib
0x00000000055d0000 	/System/Library/Frameworks/ImageIO.framework/Versions/A/Resources/libPng.dylib
0x00000000055d0000 	/System/Library/Frameworks/ImageIO.framework/Versions/A/Resources/libGIF.dylib
0x00000000055d0000 	/System/Library/Frameworks/ImageIO.framework/Versions/A/Resources/libJP2.dylib
0x00000000055d0000 	/System/Library/Frameworks/ImageIO.framework/Versions/A/Resources/libRadiance.dylib
0x00000000055d0000 	/System/Library/Frameworks/CoreVideo.framework/Versions/A/CoreVideo
0x00000000055d0000 	/System/Library/Frameworks/OpenGL.framework/Versions/A/Libraries/libGLU.dylib
0x00000000055d0000 	/System/Library/Frameworks/OpenGL.framework/Versions/A/Libraries/libGFXShared.dylib
0x00000000055d0000 	/System/Library/Frameworks/OpenGL.framework/Versions/A/Libraries/libGL.dylib
0x00000000055d0000 	/System/Library/Frameworks/OpenGL.framework/Versions/A/Libraries/libGLImage.dylib
0x00000000055d0000 	/System/Library/Frameworks/OpenGL.framework/Versions/A/Libraries/libCVMSPluginSupport.dylib
0x00000000055d0000 	/System/Library/Frameworks/OpenGL.framework/Versions/A/Libraries/libCoreVMClient.dylib
0x00000000055d0000 	/usr/lib/libcups.2.dylib
0x00000000055d0000 	/System/Library/Frameworks/Kerberos.framework/Versions/A/Kerberos
0x00000000055d0000 	/System/Library/Frameworks/GSS.framework/Versions/A/GSS
0x00000000055d0000 	/usr/lib/libresolv.9.dylib
0x00000000055d0000 	/usr/lib/libiconv.2.dylib
0x00000000055d0000 	/System/Library/PrivateFrameworks/Heimdal.framework/Versions/A/Heimdal
0x00000000055d0000 	/usr/lib/libheimdal-asn1.dylib
0x00000000055d0000 	/System/Library/Frameworks/OpenDirectory.framework/Versions/A/OpenDirectory
0x00000000055d0000 	/System/Library/PrivateFrameworks/CommonAuth.framework/Versions/A/CommonAuth
0x00000000055d0000 	/System/Library/Frameworks/OpenDirectory.framework/Versions/A/Frameworks/CFOpenDirectory.framework/Versions/A/CFOpenDirectory
0x00000000055d0000 	/System/Library/Frameworks/SecurityFoundation.framework/Versions/A/SecurityFoundation
0x00000000055d0000 	/System/Library/PrivateFrameworks/LanguageModeling.framework/Versions/A/LanguageModeling
0x00000000055d0000 	/usr/lib/libmarisa.dylib
0x00000000055d0000 	/usr/lib/libChineseTokenizer.dylib
0x00000000055d0000 	/usr/lib/libcmph.dylib
0x00000000055d0000 	/usr/lib/libcompression.dylib
0x00000000055d0000 	/System/Library/Frameworks/ServiceManagement.framework/Versions/A/ServiceManagement
0x00000000055d0000 	/usr/lib/libxslt.1.dylib
0x00000000055d0000 	/System/Library/Frameworks/Carbon.framework/Versions/A/Frameworks/Ink.framework/Versions/A/Ink
0x00000000055d0000 	/usr/lib/libFosl_dynamic.dylib
0x00000000055d0000 	/System/Library/PrivateFrameworks/FaceCore.framework/Versions/A/FaceCore
0x00000000055d0000 	/System/Library/Frameworks/OpenCL.framework/Versions/A/OpenCL
0x00000000055d0000 	/System/Library/PrivateFrameworks/CrashReporterSupport.framework/Versions/A/CrashReporterSupport
0x00000000055d0000 	/System/Library/PrivateFrameworks/IconServices.framework/Versions/A/IconServices
0x00000000055d0000 	/System/Library/PrivateFrameworks/Apple80211.framework/Versions/A/Apple80211
0x00000000055d0000 	/System/Library/Frameworks/CoreWLAN.framework/Versions/A/CoreWLAN
0x00000000055d0000 	/System/Library/Frameworks/IOBluetooth.framework/Versions/A/IOBluetooth
0x00000000055d0000 	/System/Library/PrivateFrameworks/CoreWiFi.framework/Versions/A/CoreWiFi
0x00000000055d0000 	/System/Library/Frameworks/CoreBluetooth.framework/Versions/A/CoreBluetooth
0x00000000055d0000 	/System/Library/PrivateFrameworks/ChunkingLibrary.framework/Versions/A/ChunkingLibrary
0x00000000055d0000 	/System/Library/PrivateFrameworks/DebugSymbols.framework/Versions/A/DebugSymbols
0x00000000055d0000 	/System/Library/PrivateFrameworks/CoreSymbolication.framework/Versions/A/CoreSymbolication
0x00000000055d0000 	/System/Library/PrivateFrameworks/Symbolication.framework/Versions/A/Symbolication
0x00000000055d0000 	/System/Library/PrivateFrameworks/SpeechRecognitionCore.framework/Versions/A/SpeechRecognitionCore
0x000000010dedd000 	/Library/Java/JavaVirtualMachines/jdk1.8.0_60.jdk/Contents/Home/jre/lib/server/libjvm.dylib
0x00000000055d0000 	/usr/lib/libstdc++.6.dylib
0x000000010ee6a000 	/Library/Java/JavaVirtualMachines/jdk1.8.0_60.jdk/Contents/Home/jre/lib/libverify.dylib
0x000000010ee78000 	/Library/Java/JavaVirtualMachines/jdk1.8.0_60.jdk/Contents/Home/jre/lib/libjava.dylib
0x000000010eeb7000 	/Library/Java/JavaVirtualMachines/jdk1.8.0_60.jdk/Contents/Home/jre/lib/libzip.dylib
0x000000010efe2000 	/System/Library/Frameworks/JavaVM.framework/Frameworks/JavaRuntimeSupport.framework/JavaRuntimeSupport
0x0000000125041000 	/System/Library/Frameworks/JavaVM.framework/Versions/A/Frameworks/JavaNativeFoundation.framework/Versions/A/JavaNativeFoundation
0x0000000125056000 	/System/Library/Frameworks/JavaVM.framework/Versions/A/JavaVM
0x00000000055d0000 	/System/Library/Frameworks/Carbon.framework/Versions/A/Carbon
0x0000000125063000 	/System/Library/PrivateFrameworks/JavaLaunching.framework/Versions/A/JavaLaunching
0x00000000055d0000 	/System/Library/Frameworks/Carbon.framework/Versions/A/Frameworks/CommonPanels.framework/Versions/A/CommonPanels
0x00000000055d0000 	/System/Library/Frameworks/Carbon.framework/Versions/A/Frameworks/Help.framework/Versions/A/Help
0x00000000055d0000 	/System/Library/Frameworks/Carbon.framework/Versions/A/Frameworks/ImageCapture.framework/Versions/A/ImageCapture
0x00000000055d0000 	/System/Library/Frameworks/Carbon.framework/Versions/A/Frameworks/OpenScripting.framework/Versions/A/OpenScripting
0x00000000055d0000 	/System/Library/Frameworks/Carbon.framework/Versions/A/Frameworks/Print.framework/Versions/A/Print
0x00000000055d0000 	/System/Library/Frameworks/Carbon.framework/Versions/A/Frameworks/SecurityHI.framework/Versions/A/SecurityHI
0x0000000126983000 	/Library/Java/JavaVirtualMachines/jdk1.8.0_60.jdk/Contents/Home/jre/lib/libawt.dylib
0x0000000126a2b000 	/Library/Java/JavaVirtualMachines/jdk1.8.0_60.jdk/Contents/Home/jre/lib/./libmlib_image.dylib
0x0000000126af7000 	/Library/Java/JavaVirtualMachines/jdk1.8.0_60.jdk/Contents/Home/jre/lib/libawt_lwawt.dylib
0x0000000126bac000 	/Library/Java/JavaVirtualMachines/jdk1.8.0_60.jdk/Contents/Home/jre/lib/./libosxapp.dylib
0x00000000055d0000 	/System/Library/Frameworks/ExceptionHandling.framework/Versions/A/ExceptionHandling
0x00000000055d0000 	/System/Library/PrivateFrameworks/CoreServicesInternal.framework/Versions/A/CoreServicesInternal
0x00000000055d0000 	/System/Library/Frameworks/CoreGraphics.framework/Versions/A/Resources/libRIP.A.dylib
0x00000000055d0000 	/System/Library/Frameworks/Accelerate.framework/Versions/A/Frameworks/vImage.framework/Versions/A/Libraries/libCGInterfaces.dylib
0x00000000055d0000 	/System/Library/Frameworks/CoreGraphics.framework/Versions/A/Resources/libCGXType.A.dylib
0x00000000055d0000 	/System/Library/Frameworks/OpenCL.framework/Versions/A/Libraries/libcldcpuengine.dylib
0x00000000055d0000 	/System/Library/PrivateFrameworks/DiskImages.framework/Versions/A/DiskImages
0x00000000055d0000 	/System/Library/Frameworks/DiscRecording.framework/Versions/A/DiscRecording
0x00000000055d0000 	/usr/lib/libcsfde.dylib
0x00000000055d0000 	/usr/lib/libcurl.4.dylib
0x00000000055d0000 	/System/Library/PrivateFrameworks/MediaKit.framework/Versions/A/MediaKit
0x00000000055d0000 	/System/Library/PrivateFrameworks/ProtectedCloudStorage.framework/Versions/A/ProtectedCloudStorage
0x00000000055d0000 	/usr/lib/libCoreStorage.dylib
0x00000000055d0000 	/System/Library/PrivateFrameworks/EFILogin.framework/Versions/A/EFILogin
0x00000000055d0000 	/usr/lib/libutil.dylib
0x00000000055d0000 	/System/Library/PrivateFrameworks/FindMyDevice.framework/Versions/A/FindMyDevice
0x00000000055d0000 	/System/Library/Frameworks/LDAP.framework/Versions/A/LDAP
0x00000000055d0000 	/usr/lib/libsasl2.2.dylib
0x00000000055d0000 	/System/Library/PrivateFrameworks/CoreDaemon.framework/Versions/B/CoreDaemon
0x00000000055d0000 	/usr/lib/libcrypto.0.9.8.dylib
0x00000000055d0000 	/System/Library/PrivateFrameworks/AppleSRP.framework/Versions/A/AppleSRP
0x00000000055d0000 	/System/Library/PrivateFrameworks/TrustEvaluationAgent.framework/Versions/A/TrustEvaluationAgent
0x000000012764b000 	cl_kernels
0x00000000055d0000 	/System/Library/Frameworks/OpenCL.framework/Versions/A/Libraries/ImageFormats/unorm8_bgra.dylib
0x00000000055d0000 	/System/Library/Frameworks/OpenCL.framework/Versions/A/Libraries/ImageFormats/unorm8_rgba.dylib
0x00000000055d0000 	/System/Library/PrivateFrameworks/FamilyControls.framework/Versions/A/FamilyControls
0x00000000055d0000 	/System/Library/PrivateFrameworks/CommerceKit.framework/Versions/A/Frameworks/CommerceCore.framework/Versions/A/CommerceCore
0x00000000055d0000 	/System/Library/PrivateFrameworks/SystemAdministration.framework/Versions/A/SystemAdministration
0x00000000055d0000 	/System/Library/PrivateFrameworks/AppContainer.framework/Versions/A/AppContainer
0x00000000055d0000 	/System/Library/PrivateFrameworks/SecCodeWrapper.framework/Versions/A/SecCodeWrapper
0x00000000055d0000 	/System/Library/Frameworks/DirectoryService.framework/Versions/A/DirectoryService
0x00000000055d0000 	/System/Library/PrivateFrameworks/LoginUIKit.framework/Versions/A/Frameworks/LoginUICore.framework/Versions/A/LoginUICore
0x00000000055d0000 	/usr/lib/libodfde.dylib
0x00000000055d0000 	/System/Library/Frameworks/OpenGL.framework/Versions/A/Resources/GLEngine.bundle/GLEngine
0x00000000055d0000 	/System/Library/Frameworks/OpenGL.framework/Versions/A/Libraries/libGLProgrammability.dylib
0x0000000129479000 	/System/Library/Extensions/AppleIntelHD5000GraphicsGLDriver.bundle/Contents/MacOS/AppleIntelHD5000GraphicsGLDriver
0x00000000055d0000 	/System/Library/PrivateFrameworks/GPUSupport.framework/Versions/A/Libraries/libGPUSupportMercury.dylib
0x00000000055d0000 	/System/Library/Frameworks/OpenGL.framework/Versions/A/Resources/GLRendererFloat.bundle/GLRendererFloat
0x000000012a477000 	/Library/Java/JavaVirtualMachines/jdk1.8.0_60.jdk/Contents/Home/jre/lib/libfontmanager.dylib
0x000000012b8d1000 	/Library/Java/JavaVirtualMachines/jdk1.8.0_60.jdk/Contents/Home/jre/lib/libosxui.dylib
0x000000012c4f3000 	/Library/Java/JavaVirtualMachines/jdk1.8.0_60.jdk/Contents/Home/jre/lib/libnet.dylib
0x000000012c5ca000 	/Library/Java/JavaVirtualMachines/jdk1.8.0_60.jdk/Contents/Home/jre/lib/libnio.dylib
0x00000000055d0000 	/System/Library/Frameworks/ApplicationServices.framework/Versions/A/Frameworks/ATS.framework/Versions/A/Resources/libTrueTypeScaler.dylib
0x000000018442e000 	/System/Library/Extensions/AppleIntelHD5000GraphicsMTLDriver.bundle/Contents/MacOS/AppleIntelHD5000GraphicsMTLDriver
0x000000012799b000 	/private/var/folders/x9/z_v5q4vx5yx_kt718rrfk_lm0000gn/T/jogamp_0000/file_cache/jln5208737900889226802/jln8793876458258643112/libgluegen-rt.jnilib
0x00000001279a0000 	/private/var/folders/x9/z_v5q4vx5yx_kt718rrfk_lm0000gn/T/jogamp_0000/file_cache/jln5208737900889226802/jln8793876458258643112/libnativewindow_awt.jnilib
0x00000001279a3000 	/Library/Java/JavaVirtualMachines/jdk1.8.0_60.jdk/Contents/Home/jre/lib/libjawt.dylib
0x00000001279a6000 	/private/var/folders/x9/z_v5q4vx5yx_kt718rrfk_lm0000gn/T/jogamp_0000/file_cache/jln5208737900889226802/jln8793876458258643112/libnativewindow_macosx.jnilib
0x000000018601d000 	/private/var/folders/x9/z_v5q4vx5yx_kt718rrfk_lm0000gn/T/jogamp_0000/file_cache/jln5208737900889226802/jln8793876458258643112/libjogl_desktop.jnilib
0x00000001863f8000 	/Library/Java/JavaVirtualMachines/jdk1.8.0_60.jdk/Contents/Home/jre/lib/libt2k.dylib

VM Arguments:
jvm_args: -Djava.security.policy=java.policy.applet -Dfile.encoding=UTF-8 
java_command: sun.applet.AppletViewer module6.EarthquakeCityMap1444884031761.html
java_class_path (initial): /Users/gregorymankes/Google Drive/Udacity and Other Courses/Coursera/Data Structures Specialization/Course 1/Code/UCSDUnfoldingMaps/build:/Users/gregorymankes/Google Drive/Udacity and Other Courses/Coursera/Data Structures Specialization/Course 1/Code/UCSDUnfoldingMaps/lib/core.jar:/Users/gregorymankes/Google Drive/Udacity and Other Courses/Coursera/Data Structures Specialization/Course 1/Code/UCSDUnfoldingMaps/lib/gluegen-rt.jar:/Users/gregorymankes/Google Drive/Udacity and Other Courses/Coursera/Data Structures Specialization/Course 1/Code/UCSDUnfoldingMaps/lib/jogl-all.jar:/Users/gregorymankes/Google Drive/Udacity and Other Courses/Coursera/Data Structures Specialization/Course 1/Code/UCSDUnfoldingMaps/lib/log4j-1.2.15.jar:/Users/gregorymankes/Google Drive/Udacity and Other Courses/Coursera/Data Structures Specialization/Course 1/Code/UCSDUnfoldingMaps/lib/sqlite-jdbc-3.7.2.jar:/Users/gregorymankes/Google Drive/Udacity and Other Courses/Coursera/Data Structures Specialization/Course 1/Code/UCSDUnfoldingMaps/lib/json4processing.jar:/Users/gregorymankes/Google Drive/Udacity and Other Courses/Coursera/Data Structures Specialization/Course 1/Code/UCSDUnfoldingMaps/lib/libTUIO.jar:/Users/gregorymankes/Google Drive/Udacity and Other Courses/Coursera/Data Structures Specialization/Course 1/Code/UCSDUnfoldingMaps/lib/unfolding.0.9.7-uscd.jar
Launcher Type: SUN_STANDARD

Environment Variables:
PATH=/usr/bin:/bin:/usr/sbin:/sbin
SHELL=/bin/bash

Signal Handlers:
SIGSEGV: [libjvm.dylib+0x5a6d31], sa_mask[0]=11111111011111110111111111111111, sa_flags=SA_ONSTACK|SA_RESTART|SA_SIGINFO
SIGBUS: [libjvm.dylib+0x5a6d31], sa_mask[0]=11111111011111110111111111111111, sa_flags=SA_RESTART|SA_SIGINFO
SIGFPE: [libjvm.dylib+0x480a4c], sa_mask[0]=11111111011111110111111111111111, sa_flags=SA_RESTART|SA_SIGINFO
SIGPIPE: [libjvm.dylib+0x480a4c], sa_mask[0]=11111111011111110111111111111111, sa_flags=SA_RESTART|SA_SIGINFO
SIGXFSZ: [libjvm.dylib+0x480a4c], sa_mask[0]=11111111011111110111111111111111, sa_flags=SA_RESTART|SA_SIGINFO
SIGILL: [libjvm.dylib+0x480a4c], sa_mask[0]=11111111011111110111111111111111, sa_flags=SA_RESTART|SA_SIGINFO
SIGUSR1: SIG_DFL, sa_mask[0]=00000000000000000000000000000000, sa_flags=none
SIGUSR2: [libjvm.dylib+0x48056a], sa_mask[0]=00100000000000000000000000000000, sa_flags=SA_RESTART|SA_SIGINFO
SIGHUP: [libjvm.dylib+0x47eb41], sa_mask[0]=11111111011111110111111111111111, sa_flags=SA_RESTART|SA_SIGINFO
SIGINT: [libjvm.dylib+0x47eb41], sa_mask[0]=11111111011111110111111111111111, sa_flags=SA_RESTART|SA_SIGINFO
SIGTERM: [libjvm.dylib+0x47eb41], sa_mask[0]=11111111011111110111111111111111, sa_flags=SA_RESTART|SA_SIGINFO
SIGQUIT: [libjvm.dylib+0x47eb41], sa_mask[0]=11111111011111110111111111111111, sa_flags=SA_RESTART|SA_SIGINFO


---------------  S Y S T E M  ---------------

OS:Bsduname:Darwin 15.0.0 Darwin Kernel Version 15.0.0: Wed Aug 26 16:57:32 PDT 2015; root:xnu-3247.1.106~1/RELEASE_X86_64 x86_64
rlimit: STACK 8192k, CORE 0k, NPROC 709, NOFILE 10240, AS infinity
load average:1.86 1.82 1.55

CPU:total 4 (2 cores per cpu, 2 threads per core) family 6 model 69 stepping 1, cmov, cx8, fxsr, mmx, sse, sse2, sse3, ssse3, sse4.1, sse4.2, popcnt, avx, avx2, aes, clmul, erms, lzcnt, ht, tsc, tscinvbit, bmi1, bmi2

Memory: 4k page, physical 8388608k(1118040k free)

/proc/meminfo:


vm_info: Java HotSpot(TM) 64-Bit Server VM (25.60-b23) for bsd-amd64 JRE (1.8.0_60-b27), built on Aug  4 2015 10:47:24 by "java_re" with gcc 4.2.1 (Based on Apple Inc. build 5658) (LLVM build 2336.11.00)

time: Thu Oct 15 00:41:50 2015
elapsed time: 78 seconds (0d 0h 1m 18s)

