#
# A fatal error has been detected by the Java Runtime Environment:
#
#  SIGSEGV (0xb) at pc=0x00007fff96c380dd, pid=1232, tid=1811
#
# JRE version: Java(TM) SE Runtime Environment (8.0_60-b27) (build 1.8.0_60-b27)
# Java VM: Java HotSpot(TM) 64-Bit Server VM (25.60-b23 mixed mode bsd-amd64 compressed oops)
# Problematic frame:
# C  [libobjc.A.dylib+0x10dd]  objc_msgSend+0x1d
#
# Failed to write core dump. Core dumps have been disabled. To enable core dumping, try "ulimit -c unlimited" before starting Java again
#
# If you would like to submit a bug report, please visit:
#   http://bugreport.java.com/bugreport/crash.jsp
# The crash happened outside the Java Virtual Machine in native code.
# See problematic frame for where to report the bug.
#

---------------  T H R E A D  ---------------

Current thread (0x00007faeb10c7800):  JavaThread "AWT-AppKit" daemon [_thread_in_native, id=1811, stack(0x00007fff5bb4a000,0x00007fff5c34a000)]

siginfo: si_signo: 11 (SIGSEGV), si_code: 1 (SEGV_MAPERR), si_addr: 0x0000000000000018

Registers:
RAX=0x00007faeb4cf0140, RBX=0x0000000176bfd450, RCX=0x00000001236f53a0, RDX=0x00000001236f5f80
RSP=0x00007fff5c3451f8, RBP=0x00007fff5c3452b0, RSI=0x00007fff9b96740f, RDI=0x00007faeb4ce8c60
R8 =0x0000000000000000, R9 =0x0000000000000f50, R10=0x00007fff9b96740f, R11=0x0000000000000000
R12=0x0000000000000000, R13=0x0000000178a75818, R14=0x0000000176bfd440, R15=0x00007faeb10c7800
RIP=0x00007fff96c380dd, EFLAGS=0x0000000000010246, ERR=0x0000000000000004
  TRAPNO=0x000000000000000e

Top of Stack: (sp=0x00007fff5c3451f8)
0x00007fff5c3451f8:   0000000176bfb157 00007fff5c345250
0x00007fff5c345208:   0000000000000003 00007fff5c345230
0x00007fff5c345218:   0000000103ba6992 0000000178a75818
0x00007fff5c345228:   0000000178a75818 00007faeb4cf0140
0x00007fff5c345238:   0000000176bfd6a0 0000000176bfd710
0x00007fff5c345248:   00007fff7e911550 00007fff7de86c80
0x00007fff5c345258:   0000000176bfd450 0000000176bfd690
0x00007fff5c345268:   00007faeb4cf0140 00007faeb4ce8c60
0x00007fff5c345278:   00007faeb0578b10 00007faeb4cf0140
0x00007fff5c345288:   00007faeb4ce8c60 00007fff5c345338
0x00007fff5c345298:   00007faeb10c79f8 0000000178a75818
0x00007fff5c3452a8:   00007fff5c345360 00007fff5c345328
0x00007fff5c3452b8:   0000000105415954 0000000178a75818
0x00007fff5c3452c8:   00007fff5c345360 00007fff5c345328
0x00007fff5c3452d8:   00000001054156e7 00000001054156a2
0x00007fff5c3452e8:   00007fff5c3452e8 0000000178a75818
0x00007fff5c3452f8:   00007fff5c345360 0000000178a78450
0x00007fff5c345308:   0000000000000000 0000000178a75818
0x00007fff5c345318:   0000000000000000 00007fff5c345348
0x00007fff5c345328:   00007fff5c3453a8 0000000105407c4d
0x00007fff5c345338:   00000007415390d0 000000010540f578
0x00007fff5c345348:   00007faeb4cf0140 00007fff5c3453a8
0x00007fff5c345358:   00007faeb4ce8c60 0000000105410d82
0x00007fff5c345368:   00007fff5c345368 0000000178a759e2
0x00007fff5c345378:   00007fff5c3453d0 0000000178a78450
0x00007fff5c345388:   0000000000000000 0000000178a759f0
0x00007fff5c345398:   00007fff5c345348 00007fff5c3453b8
0x00007fff5c3453a8:   00007fff5c345418 0000000105407c4d
0x00007fff5c3453b8:   00007faeb4cf0140 0000000741575b88
0x00007fff5c3453c8:   00007faeb4ce8c60 0000000741575b88
0x00007fff5c3453d8:   00007fff5c3453d8 000000017b836a9e
0x00007fff5c3453e8:   00007fff5c345428 000000017b836b58 

Instructions: (pc=0x00007fff96c380dd)
0x00007fff96c380bd:   00 00 00 48 85 ff 2e 74 7a 40 f6 c7 01 2e 75 7e
0x00007fff96c380cd:   49 bb f8 ff ff ff ff 7f 00 00 4c 23 1f 49 89 f2
0x00007fff96c380dd:   45 23 53 18 49 c1 e2 04 4d 03 53 10 49 3b 32 75
0x00007fff96c380ed:   04 41 ff 62 08 49 83 3a 00 74 6a 4d 3b 53 10 74 

Register to memory mapping:

RAX=0x00007faeb4cf0140 is an unknown value
RBX=0x0000000176bfd450: Java_jogamp_nativewindow_macosx_OSXUtil_GetScreenRefreshRate0+0x1cf0 in /private/var/folders/x9/z_v5q4vx5yx_kt718rrfk_lm0000gn/T/jogamp_0000/file_cache/jln1494543050593136686/jln4999030174002871165/libnativewindow_macosx.jnilib at 0x0000000176bf6000
RCX=0x00000001236f53a0 is an unknown value
RDX=0x00000001236f5f80 is an unknown value
RSP=0x00007fff5c3451f8 is pointing into the stack for thread: 0x00007faeb10c7800
RBP=0x00007fff5c3452b0 is pointing into the stack for thread: 0x00007faeb10c7800
RSI=0x00007fff9b96740f is an unknown value
RDI=0x00007faeb4ce8c60 is an unknown value
R8 =0x0000000000000000 is an unknown value
R9 =0x0000000000000f50 is an unknown value
R10=0x00007fff9b96740f is an unknown value
R11=0x0000000000000000 is an unknown value
R12=0x0000000000000000 is an unknown value
R13={method} {0x0000000178a75818} 'UnsetJAWTRootSurfaceLayer0' '(JJ)V' in 'jogamp/nativewindow/jawt/macosx/MacOSXJAWTWindow'
R14=0x0000000176bfd440: Java_jogamp_nativewindow_macosx_OSXUtil_GetScreenRefreshRate0+0x1ce0 in /private/var/folders/x9/z_v5q4vx5yx_kt718rrfk_lm0000gn/T/jogamp_0000/file_cache/jln1494543050593136686/jln4999030174002871165/libnativewindow_macosx.jnilib at 0x0000000176bf6000
R15=0x00007faeb10c7800 is a thread


Stack: [0x00007fff5bb4a000,0x00007fff5c34a000],  sp=0x00007fff5c3451f8,  free space=8172k
Native frames: (J=compiled Java code, j=interpreted, Vv=VM code, C=native code)
C  [libobjc.A.dylib+0x10dd]  objc_msgSend+0x1d
j  jogamp.nativewindow.jawt.macosx.MacOSXJAWTWindow.UnsetJAWTRootSurfaceLayer0(JJ)V+0
j  jogamp.nativewindow.jawt.macosx.MacOSXJAWTWindow.access$200(JJ)V+2
j  jogamp.nativewindow.jawt.macosx.MacOSXJAWTWindow$1.run()V+38
J 2281 C1 com.jogamp.common.util.RunnableTask.run()V (345 bytes) @ 0x0000000105ba92d4 [0x0000000105ba9140+0x194]
v  ~StubRoutines::call_stub
V  [libjvm.dylib+0x2eab0e]  JavaCalls::call_helper(JavaValue*, methodHandle*, JavaCallArguments*, Thread*)+0x6ae
V  [libjvm.dylib+0x321bb7]  jni_invoke_nonstatic(JNIEnv_*, JavaValue*, _jobject*, JNICallType, _jmethodID*, JNI_ArgumentPusher*, Thread*)+0x2ec
V  [libjvm.dylib+0x31438b]  jni_CallVoidMethod+0x16b
C  [libnativewindow_macosx.jnilib+0x5326]  Java_jogamp_nativewindow_jawt_macosx_MacOSXJAWTWindow_UnsetJAWTRootSurfaceLayer0+0x2b6
C  [Foundation+0x92dd0]  __NSThreadPerformPerform+0x125
C  [CoreFoundation+0x80a01]  __CFRUNLOOP_IS_CALLING_OUT_TO_A_SOURCE0_PERFORM_FUNCTION__+0x11
C  [CoreFoundation+0x72c5c]  __CFRunLoopDoSources0+0x1dc
C  [CoreFoundation+0x721bf]  __CFRunLoopRun+0x39f
C  [CoreFoundation+0x71bd8]  CFRunLoopRunSpecific+0x128
C  [HIToolbox+0x3256f]  RunCurrentEventLoopInMode+0xeb
C  [HIToolbox+0x321ee]  ReceiveNextEventCommon+0xb3
C  [HIToolbox+0x3212b]  _BlockUntilNextEventMatchingListInModeWithFilter+0x47
C  [AppKit+0x918ab]  _DPSNextEvent+0x3d2
C  [AppKit+0x90e58]  -[NSApplication nextEventMatchingMask:untilDate:inMode:dequeue:]+0x15a
C  [libosxapp.dylib+0x23aa]  -[NSApplicationAWT nextEventMatchingMask:untilDate:inMode:dequeue:]+0x7c
C  [AppKit+0x86af3]  -[NSApplication run]+0x252
C  [libosxapp.dylib+0x214d]  +[NSApplicationAWT runAWTLoopWithApp:]+0x9c
C  [libawt_lwawt.dylib+0x44517]  -[AWTStarter starter:]+0x389
C  [Foundation+0x92dd0]  __NSThreadPerformPerform+0x125
C  [CoreFoundation+0x80a01]  __CFRUNLOOP_IS_CALLING_OUT_TO_A_SOURCE0_PERFORM_FUNCTION__+0x11
C  [CoreFoundation+0x72b8d]  __CFRunLoopDoSources0+0x10d
C  [CoreFoundation+0x721bf]  __CFRunLoopRun+0x39f
C  [CoreFoundation+0x71bd8]  CFRunLoopRunSpecific+0x128
C  [java+0x6463]  CreateExecutionEnvironment+0x367
C  [java+0x21ac]  JLI_Launch+0x7a0
C  [java+0x84c0]  main+0x65
C  [java+0x1a04]  start+0x34
C  0x0000000000000007

Java frames: (J=compiled Java code, j=interpreted, Vv=VM code)
j  jogamp.nativewindow.jawt.macosx.MacOSXJAWTWindow.UnsetJAWTRootSurfaceLayer0(JJ)V+0
j  jogamp.nativewindow.jawt.macosx.MacOSXJAWTWindow.access$200(JJ)V+2
j  jogamp.nativewindow.jawt.macosx.MacOSXJAWTWindow$1.run()V+38
J 2281 C1 com.jogamp.common.util.RunnableTask.run()V (345 bytes) @ 0x0000000105ba92d4 [0x0000000105ba9140+0x194]
v  ~StubRoutines::call_stub

---------------  P R O C E S S  ---------------

Java Threads: ( => current thread )
  0x00007faeb21b9800 JavaThread "Thread-98" [_thread_blocked, id=12063, stack(0x0000000182062000,0x0000000182162000)]
  0x00007faeb71e9000 JavaThread "Thread-97" [_thread_in_native, id=63499, stack(0x000000017ee46000,0x000000017ef46000)]
  0x00007faeb222c800 JavaThread "Thread-96" [_thread_in_native, id=62975, stack(0x000000017ed43000,0x000000017ee43000)]
  0x00007faeb68c3800 JavaThread "Thread-95" [_thread_in_native, id=34891, stack(0x000000017ec40000,0x000000017ed40000)]
  0x00007faeb729e000 JavaThread "Thread-94" [_thread_in_native, id=28111, stack(0x000000017b947000,0x000000017ba47000)]
  0x00007faeb0bd0000 JavaThread "AWT-EventQueue-1" [_thread_in_native, id=56595, stack(0x0000000177256000,0x0000000177356000)]
  0x00007faeb087f800 JavaThread "DestroyJavaVM" [_thread_blocked, id=3331, stack(0x000000010493f000,0x0000000104a3f000)]
  0x00007faeb20ec000 JavaThread "AWT-EventQueue-0" [_thread_blocked, id=54791, stack(0x0000000123761000,0x0000000123861000)]
  0x00007faeb09d0000 JavaThread "Java2D Disposer" daemon [_thread_blocked, id=50967, stack(0x000000012251e000,0x000000012261e000)]
  0x00007faeb10d8800 JavaThread "Java2D Queue Flusher" daemon [_thread_blocked, id=49415, stack(0x00000001214a8000,0x00000001215a8000)]
  0x00007faeb0884000 JavaThread "AWT-Shutdown" [_thread_blocked, id=27667, stack(0x000000011e9f9000,0x000000011eaf9000)]
=>0x00007faeb10c7800 JavaThread "AWT-AppKit" daemon [_thread_in_native, id=1811, stack(0x00007fff5bb4a000,0x00007fff5c34a000)]
  0x00007faeb0825800 JavaThread "Service Thread" daemon [_thread_blocked, id=18179, stack(0x000000011d057000,0x000000011d157000)]
  0x00007faeb081d000 JavaThread "C1 CompilerThread2" daemon [_thread_blocked, id=17667, stack(0x000000011cf54000,0x000000011d054000)]
  0x00007faeb081a000 JavaThread "C2 CompilerThread1" daemon [_thread_blocked, id=17155, stack(0x000000011ce51000,0x000000011cf51000)]
  0x00007faeb2031000 JavaThread "C2 CompilerThread0" daemon [_thread_blocked, id=16643, stack(0x000000011cd4e000,0x000000011ce4e000)]
  0x00007faeb1041800 JavaThread "Signal Dispatcher" daemon [_thread_blocked, id=13335, stack(0x000000011cc4b000,0x000000011cd4b000)]
  0x00007faeb1032000 JavaThread "Finalizer" daemon [_thread_blocked, id=11523, stack(0x000000011b22a000,0x000000011b32a000)]
  0x00007faeb1004800 JavaThread "Reference Handler" daemon [_thread_blocked, id=11011, stack(0x000000011b127000,0x000000011b227000)]

Other Threads:
  0x00007faeb2029800 VMThread [stack: 0x000000011b024000,0x000000011b124000] [id=10499]
  0x00007faeb2033800 WatcherThread [stack: 0x000000011d15a000,0x000000011d25a000] [id=18691]

VM state:not at safepoint (normal execution)

VM Mutex/Monitor currently owned by a thread: None

Heap:
 PSYoungGen      total 76288K, used 58357K [0x0000000795580000, 0x000000079c600000, 0x00000007c0000000)
  eden space 55296K, 78% used [0x0000000795580000,0x00000007980053e0,0x0000000798b80000)
  from space 20992K, 70% used [0x0000000798b80000,0x00000007999f8040,0x000000079a000000)
  to   space 20992K, 0% used [0x000000079b180000,0x000000079b180000,0x000000079c600000)
 ParOldGen       total 100352K, used 78243K [0x0000000740000000, 0x0000000746200000, 0x0000000795580000)
  object space 100352K, 77% used [0x0000000740000000,0x0000000744c68cd0,0x0000000746200000)
 Metaspace       used 21246K, capacity 21467K, committed 21808K, reserved 1069056K
  class space    used 2044K, capacity 2112K, committed 2176K, reserved 1048576K

Card table byte_map: [0x00000001147c0000,0x0000000114bc1000] byte_map_base: 0x0000000110dc0000

Marking Bits: (ParMarkBitMap*) 0x0000000104293e20
 Begin Bits: [0x0000000115175000, 0x0000000117175000)
 End Bits:   [0x0000000117175000, 0x0000000119175000)

Polling page: 0x0000000104a9b000

CodeCache: size=245760Kb used=9207Kb max_used=9220Kb free=236553Kb
 bounds [0x0000000105400000, 0x0000000105d20000, 0x0000000114400000]
 total_blobs=3570 nmethods=2678 adapters=805
 compilation: enabled

Compilation events (10 events):
Event: 28.088 Thread 0x00007faeb081d000 3147       3       java.util.LinkedHashMap::afterNodeRemoval (65 bytes)
Event: 28.088 Thread 0x00007faeb081d000 nmethod 3147 0x0000000105c75590 code [0x0000000105c75700, 0x0000000105c75ab0]
Event: 28.089 Thread 0x00007faeb081d000 3148   !   3       java.awt.Window::getInputContext (36 bytes)
Event: 28.090 Thread 0x00007faeb081d000 nmethod 3148 0x0000000105616910 code [0x0000000105616aa0, 0x0000000105617048]
Event: 28.091 Thread 0x00007faeb081d000 3149       1       sun.java2d.SurfaceData::isValid (5 bytes)
Event: 28.091 Thread 0x00007faeb081d000 nmethod 3149 0x0000000105b87310 code [0x0000000105b87460, 0x0000000105b87570]
Event: 28.092 Thread 0x00007faeb081a000 nmethod 3144 0x0000000105bbac50 code [0x0000000105bbadc0, 0x0000000105bbb538]
Event: 28.092 Thread 0x00007faeb081a000 3146       4       java.lang.AbstractStringBuilder::expandCapacity (50 bytes)
Event: 28.092 Thread 0x00007faeb2031000 nmethod 3145 0x0000000105cfa350 code [0x0000000105cfa4c0, 0x0000000105cfac98]
Event: 28.095 Thread 0x00007faeb081a000 nmethod 3146 0x0000000105adf790 code [0x0000000105adf8e0, 0x0000000105adfb78]

GC Heap History (10 events):
Event: 14.015 GC heap before
{Heap before GC invocations=10 (full 1):
 PSYoungGen      total 51200K, used 29696K [0x0000000795580000, 0x000000079bf80000, 0x00000007c0000000)
  eden space 29696K, 100% used [0x0000000795580000,0x0000000797280000,0x0000000797280000)
  from space 21504K, 0% used [0x0000000798900000,0x0000000798900000,0x0000000799e00000)
  to   space 23040K, 0% used [0x0000000797280000,0x0000000797280000,0x0000000798900000)
 ParOldGen       total 100352K, used 44054K [0x0000000740000000, 0x0000000746200000, 0x0000000795580000)
  object space 100352K, 43% used [0x0000000740000000,0x0000000742b05b18,0x0000000746200000)
 Metaspace       used 21014K, capacity 21211K, committed 21552K, reserved 1069056K
  class space    used 2035K, capacity 2112K, committed 2176K, reserved 1048576K
Event: 14.027 GC heap after
Heap after GC invocations=10 (full 1):
 PSYoungGen      total 52736K, used 7776K [0x0000000795580000, 0x000000079a980000, 0x00000007c0000000)
  eden space 29696K, 0% used [0x0000000795580000,0x0000000795580000,0x0000000797280000)
  from space 23040K, 33% used [0x0000000797280000,0x0000000797a18140,0x0000000798900000)
  to   space 22528K, 0% used [0x0000000799380000,0x0000000799380000,0x000000079a980000)
 ParOldGen       total 100352K, used 44062K [0x0000000740000000, 0x0000000746200000, 0x0000000795580000)
  object space 100352K, 43% used [0x0000000740000000,0x0000000742b07b18,0x0000000746200000)
 Metaspace       used 21014K, capacity 21211K, committed 21552K, reserved 1069056K
  class space    used 2035K, capacity 2112K, committed 2176K, reserved 1048576K
}
Event: 15.062 GC heap before
{Heap before GC invocations=11 (full 1):
 PSYoungGen      total 52736K, used 37472K [0x0000000795580000, 0x000000079a980000, 0x00000007c0000000)
  eden space 29696K, 100% used [0x0000000795580000,0x0000000797280000,0x0000000797280000)
  from space 23040K, 33% used [0x0000000797280000,0x0000000797a18140,0x0000000798900000)
  to   space 22528K, 0% used [0x0000000799380000,0x0000000799380000,0x000000079a980000)
 ParOldGen       total 100352K, used 44062K [0x0000000740000000, 0x0000000746200000, 0x0000000795580000)
  object space 100352K, 43% used [0x0000000740000000,0x0000000742b07b18,0x0000000746200000)
 Metaspace       used 21054K, capacity 21275K, committed 21552K, reserved 1069056K
  class space    used 2035K, capacity 2112K, committed 2176K, reserved 1048576K
Event: 15.079 GC heap after
Heap after GC invocations=11 (full 1):
 PSYoungGen      total 63488K, used 14144K [0x0000000795580000, 0x000000079aa00000, 0x00000007c0000000)
  eden space 40960K, 0% used [0x0000000795580000,0x0000000795580000,0x0000000797d80000)
  from space 22528K, 62% used [0x0000000799380000,0x000000079a150230,0x000000079a980000)
  to   space 22528K, 0% used [0x0000000797d80000,0x0000000797d80000,0x0000000799380000)
 ParOldGen       total 100352K, used 44070K [0x0000000740000000, 0x0000000746200000, 0x0000000795580000)
  object space 100352K, 43% used [0x0000000740000000,0x0000000742b09b18,0x0000000746200000)
 Metaspace       used 21054K, capacity 21275K, committed 21552K, reserved 1069056K
  class space    used 2035K, capacity 2112K, committed 2176K, reserved 1048576K
}
Event: 17.155 GC heap before
{Heap before GC invocations=12 (full 1):
 PSYoungGen      total 63488K, used 55104K [0x0000000795580000, 0x000000079aa00000, 0x00000007c0000000)
  eden space 40960K, 100% used [0x0000000795580000,0x0000000797d80000,0x0000000797d80000)
  from space 22528K, 62% used [0x0000000799380000,0x000000079a150230,0x000000079a980000)
  to   space 22528K, 0% used [0x0000000797d80000,0x0000000797d80000,0x0000000799380000)
 ParOldGen       total 100352K, used 44071K [0x0000000740000000, 0x0000000746200000, 0x0000000795580000)
  object space 100352K, 43% used [0x0000000740000000,0x0000000742b09c28,0x0000000746200000)
 Metaspace       used 21086K, capacity 21275K, committed 21552K, reserved 1069056K
  class space    used 2036K, capacity 2112K, committed 2176K, reserved 1048576K
Event: 17.169 GC heap after
Heap after GC invocations=12 (full 1):
 PSYoungGen      total 63488K, used 9888K [0x0000000795580000, 0x000000079b680000, 0x00000007c0000000)
  eden space 40960K, 0% used [0x0000000795580000,0x0000000795580000,0x0000000797d80000)
  from space 22528K, 43% used [0x0000000797d80000,0x0000000798728110,0x0000000799380000)
  to   space 21504K, 0% used [0x000000079a180000,0x000000079a180000,0x000000079b680000)
 ParOldGen       total 100352K, used 57111K [0x0000000740000000, 0x0000000746200000, 0x0000000795580000)
  object space 100352K, 56% used [0x0000000740000000,0x00000007437c5e18,0x0000000746200000)
 Metaspace       used 21086K, capacity 21275K, committed 21552K, reserved 1069056K
  class space    used 2036K, capacity 2112K, committed 2176K, reserved 1048576K
}
Event: 20.178 GC heap before
{Heap before GC invocations=13 (full 1):
 PSYoungGen      total 63488K, used 50848K [0x0000000795580000, 0x000000079b680000, 0x00000007c0000000)
  eden space 40960K, 100% used [0x0000000795580000,0x0000000797d80000,0x0000000797d80000)
  from space 22528K, 43% used [0x0000000797d80000,0x0000000798728110,0x0000000799380000)
  to   space 21504K, 0% used [0x000000079a180000,0x000000079a180000,0x000000079b680000)
 ParOldGen       total 100352K, used 57114K [0x0000000740000000, 0x0000000746200000, 0x0000000795580000)
  object space 100352K, 56% used [0x0000000740000000,0x00000007437c6b60,0x0000000746200000)
 Metaspace       used 21191K, capacity 21403K, committed 21808K, reserved 1069056K
  class space    used 2036K, capacity 2112K, committed 2176K, reserved 1048576K
Event: 20.194 GC heap after
Heap after GC invocations=13 (full 1):
 PSYoungGen      total 74752K, used 12320K [0x0000000795580000, 0x000000079b480000, 0x00000007c0000000)
  eden space 55296K, 0% used [0x0000000795580000,0x0000000795580000,0x0000000798b80000)
  from space 19456K, 63% used [0x000000079a180000,0x000000079ad880a0,0x000000079b480000)
  to   space 20992K, 0% used [0x0000000798b80000,0x0000000798b80000,0x000000079a000000)
 ParOldGen       total 100352K, used 65899K [0x0000000740000000, 0x0000000746200000, 0x0000000795580000)
  object space 100352K, 65% used [0x0000000740000000,0x000000074405ac30,0x0000000746200000)
 Metaspace       used 21191K, capacity 21403K, committed 21808K, reserved 1069056K
  class space    used 2036K, capacity 2112K, committed 2176K, reserved 1048576K
}
Event: 25.426 GC heap before
{Heap before GC invocations=14 (full 1):
 PSYoungGen      total 74752K, used 67616K [0x0000000795580000, 0x000000079b480000, 0x00000007c0000000)
  eden space 55296K, 100% used [0x0000000795580000,0x0000000798b80000,0x0000000798b80000)
  from space 19456K, 63% used [0x000000079a180000,0x000000079ad880a0,0x000000079b480000)
  to   space 20992K, 0% used [0x0000000798b80000,0x0000000798b80000,0x000000079a000000)
 ParOldGen       total 100352K, used 65899K [0x0000000740000000, 0x0000000746200000, 0x0000000795580000)
  object space 100352K, 65% used [0x0000000740000000,0x000000074405ac30,0x0000000746200000)
 Metaspace       used 21197K, capacity 21403K, committed 21808K, reserved 1069056K
  class space    used 2036K, capacity 2112K, committed 2176K, reserved 1048576K
Event: 25.443 GC heap after
Heap after GC invocations=14 (full 1):
 PSYoungGen      total 76288K, used 14816K [0x0000000795580000, 0x000000079c600000, 0x00000007c0000000)
  eden space 55296K, 0% used [0x0000000795580000,0x0000000795580000,0x0000000798b80000)
  from space 20992K, 70% used [0x0000000798b80000,0x00000007999f8040,0x000000079a000000)
  to   space 20992K, 0% used [0x000000079b180000,0x000000079b180000,0x000000079c600000)
 ParOldGen       total 100352K, used 78243K [0x0000000740000000, 0x0000000746200000, 0x0000000795580000)
  object space 100352K, 77% used [0x0000000740000000,0x0000000744c68cd0,0x0000000746200000)
 Metaspace       used 21197K, capacity 21403K, committed 21808K, reserved 1069056K
  class space    used 2036K, capacity 2112K, committed 2176K, reserved 1048576K
}

Deoptimization events (10 events):
Event: 10.875 Thread 0x00007faeb0bd0000 Uncommon trap: reason=unstable_if action=reinterpret pc=0x0000000105bbcae8 method=de.fhpotsdam.unfolding.mapdisplay.AbstractMapDisplay$ZoomComparator.compare(Lde/fhpotsdam/unfolding/core/Coordinate;Lde/fhpotsdam/unfolding/core/Coordinate;)I @ 9
Event: 10.875 Thread 0x00007faeb0bd0000 Uncommon trap: reason=unstable_if action=reinterpret pc=0x0000000105a87104 method=de.fhpotsdam.unfolding.core.Coordinate.equals(Ljava/lang/Object;)Z @ 38
Event: 10.926 Thread 0x00007faeb0bd0000 Uncommon trap: reason=unstable_if action=reinterpret pc=0x0000000105a29e78 method=java.text.DigitList.getDataChars(I)[C @ 13
Event: 10.926 Thread 0x00007faeb0bd0000 Uncommon trap: reason=unstable_if action=reinterpret pc=0x0000000105a0e278 method=java.text.DecimalFormat.subformat(Ljava/lang/StringBuffer;Ljava/text/Format$FieldDelegate;ZZIIII)Ljava/lang/StringBuffer; @ 753
Event: 28.042 Thread 0x00007faeb0bd0000 Uncommon trap: reason=unstable_if action=reinterpret pc=0x00000001055cb468 method=com.jogamp.common.util.VersionNumber.compareTo(Lcom/jogamp/common/util/VersionNumber;)I @ 21
Event: 28.045 Thread 0x00007faeb20ec000 Uncommon trap: reason=unstable_if action=reinterpret pc=0x0000000105ace380 method=java.awt.font.FontRenderContext.equals(Ljava/awt/font/FontRenderContext;)Z @ 2
Event: 28.074 Thread 0x00007faeb20e2000 Uncommon trap: reason=unstable_if action=reinterpret pc=0x0000000105897990 method=java.util.HashMap.putVal(ILjava/lang/Object;Ljava/lang/Object;ZZ)Ljava/lang/Object; @ 81
Event: 28.074 Thread 0x00007faeb20e2000 Uncommon trap: reason=unstable_if action=reinterpret pc=0x00000001058313d4 method=java.util.HashMap.putVal(ILjava/lang/Object;Ljava/lang/Object;ZZ)Ljava/lang/Object; @ 81
Event: 28.075 Thread 0x00007faeb20ec000 Uncommon trap: reason=unstable_if action=reinterpret pc=0x0000000105a85bb8 method=java.awt.font.FontRenderContext.equals(Ljava/awt/font/FontRenderContext;)Z @ 2
Event: 28.088 Thread 0x00007faeb0bd0000 Uncommon trap: reason=unstable_if action=reinterpret pc=0x000000010595a9d0 method=java.security.AccessControlContext.optimize()Ljava/security/AccessControlContext; @ 233

Internal exceptions (10 events):
Event: 0.204 Thread 0x00007faeb1008800 Exception <a 'java/lang/NoSuchFieldError': method resolution failed> (0x000000079587ce58) thrown at [/Users/java_re/workspace/8-2-build-macosx-x86_64/jdk8u60/4407/hotspot/src/share/vm/prims/methodHandles.cpp, line 1146]
Event: 0.206 Thread 0x00007faeb1008800 Exception <a 'java/lang/NoSuchFieldError': method resolution failed> (0x000000079588a628) thrown at [/Users/java_re/workspace/8-2-build-macosx-x86_64/jdk8u60/4407/hotspot/src/share/vm/prims/methodHandles.cpp, line 1146]
Event: 0.528 Thread 0x00007faeb1008800 Exception <a 'java/io/FileNotFoundException'> (0x0000000795906598) thrown at [/Users/java_re/workspace/8-2-build-macosx-x86_64/jdk8u60/4407/hotspot/src/share/vm/prims/jni.cpp, line 709]
Event: 0.528 Thread 0x00007faeb1008800 Exception <a 'java/io/FileNotFoundException'> (0x0000000795907120) thrown at [/Users/java_re/workspace/8-2-build-macosx-x86_64/jdk8u60/4407/hotspot/src/share/vm/prims/jni.cpp, line 709]
Event: 0.659 Thread 0x00007faeb1008800 Exception <a 'java/io/FileNotFoundException'> (0x0000000795a58a50) thrown at [/Users/java_re/workspace/8-2-build-macosx-x86_64/jdk8u60/4407/hotspot/src/share/vm/prims/jni.cpp, line 709]
Event: 3.001 Thread 0x00007faeb21bd000 Exception <a 'java/lang/UnsatisfiedLinkError': com.jogamp.common.util.JarUtil.fixNativeLibAttribs(Ljava/lang/String;)Z> (0x0000000796e47e08) thrown at [/Users/java_re/workspace/8-2-build-macosx-x86_64/jdk8u60/4407/hotspot/src/share/vm/prims/nativeLookup.c
Event: 3.232 Thread 0x00007faeb1032000 Exception <a 'java/lang/NullPointerException'> (0x00000007956c9278) thrown at [/Users/java_re/workspace/8-2-build-macosx-x86_64/jdk8u60/4407/hotspot/src/share/vm/interpreter/linkResolver.cpp, line 1178]
Event: 3.997 Thread 0x00007faeb0bd0000 Exception <a 'java/io/FileNotFoundException'> (0x00000007963e31c0) thrown at [/Users/java_re/workspace/8-2-build-macosx-x86_64/jdk8u60/4407/hotspot/src/share/vm/prims/jni.cpp, line 709]
Event: 3.998 Thread 0x00007faeb0bd0000 Exception <a 'java/io/FileNotFoundException'> (0x00000007963f0738) thrown at [/Users/java_re/workspace/8-2-build-macosx-x86_64/jdk8u60/4407/hotspot/src/share/vm/prims/jni.cpp, line 709]
Event: 3.998 Thread 0x00007faeb0bd0000 Implicit null exception at 0x00000001055c44f5 to 0x00000001055c4859

Events (10 events):
Event: 28.088 Thread 0x00007faeb0bd0000 DEOPT UNPACKING pc=0x0000000105405229 sp=0x0000000177353880 mode 2
Event: 28.088 loading class java/awt/LightweightDispatcher$2
Event: 28.088 loading class java/awt/LightweightDispatcher$2 done
Event: 28.088 loading class java/awt/event/AWTEventListenerProxy
Event: 28.089 loading class java/awt/event/AWTEventListenerProxy done
Event: 28.089 loading class java/awt/Toolkit$ToolkitEventMulticaster
Event: 28.089 loading class java/awt/Toolkit$ToolkitEventMulticaster done
Event: 28.090 Thread 0x00007faeb20e2000 Thread exited: 0x00007faeb20e2000
Event: 28.091 loading class java/awt/Window$1DisposeAction
Event: 28.091 loading class java/awt/Window$1DisposeAction done


Dynamic libraries:
0x000000000d13d000 	/System/Library/Frameworks/Cocoa.framework/Versions/A/Cocoa
0x000000000d13d000 	/System/Library/Frameworks/Security.framework/Versions/A/Security
0x000000000d13d000 	/System/Library/Frameworks/ApplicationServices.framework/Versions/A/ApplicationServices
0x000000000d13d000 	/usr/lib/libz.1.dylib
0x000000000d13d000 	/usr/lib/libSystem.B.dylib
0x000000000d13d000 	/usr/lib/libobjc.A.dylib
0x000000000d13d000 	/System/Library/Frameworks/CoreFoundation.framework/Versions/A/CoreFoundation
0x000000000d13d000 	/System/Library/Frameworks/Foundation.framework/Versions/C/Foundation
0x000000000d13d000 	/System/Library/Frameworks/AppKit.framework/Versions/C/AppKit
0x000000000d13d000 	/System/Library/Frameworks/CoreData.framework/Versions/A/CoreData
0x000000000d13d000 	/System/Library/PrivateFrameworks/RemoteViewServices.framework/Versions/A/RemoteViewServices
0x000000000d13d000 	/System/Library/PrivateFrameworks/UIFoundation.framework/Versions/A/UIFoundation
0x000000000d13d000 	/System/Library/Frameworks/IOSurface.framework/Versions/A/IOSurface
0x000000000d13d000 	/System/Library/Frameworks/AudioToolbox.framework/Versions/A/AudioToolbox
0x000000000d13d000 	/System/Library/Frameworks/AudioUnit.framework/Versions/A/AudioUnit
0x000000000d13d000 	/System/Library/PrivateFrameworks/DataDetectorsCore.framework/Versions/A/DataDetectorsCore
0x000000000d13d000 	/System/Library/PrivateFrameworks/DesktopServicesPriv.framework/Versions/A/DesktopServicesPriv
0x000000000d13d000 	/System/Library/Frameworks/Carbon.framework/Versions/A/Frameworks/HIToolbox.framework/Versions/A/HIToolbox
0x000000000d13d000 	/System/Library/Frameworks/QuartzCore.framework/Versions/A/QuartzCore
0x000000000d13d000 	/System/Library/Frameworks/Carbon.framework/Versions/A/Frameworks/SpeechRecognition.framework/Versions/A/SpeechRecognition
0x000000000d13d000 	/usr/lib/libauto.dylib
0x000000000d13d000 	/usr/lib/libicucore.A.dylib
0x000000000d13d000 	/usr/lib/libxml2.2.dylib
0x000000000d13d000 	/System/Library/PrivateFrameworks/CoreUI.framework/Versions/A/CoreUI
0x000000000d13d000 	/System/Library/Frameworks/CoreAudio.framework/Versions/A/CoreAudio
0x000000000d13d000 	/System/Library/Frameworks/DiskArbitration.framework/Versions/A/DiskArbitration
0x000000000d13d000 	/usr/lib/liblangid.dylib
0x000000000d13d000 	/System/Library/PrivateFrameworks/MultitouchSupport.framework/Versions/A/MultitouchSupport
0x000000000d13d000 	/System/Library/Frameworks/IOKit.framework/Versions/A/IOKit
0x000000000d13d000 	/usr/lib/libDiagnosticMessagesClient.dylib
0x000000000d13d000 	/System/Library/Frameworks/CoreServices.framework/Versions/A/CoreServices
0x000000000d13d000 	/System/Library/PrivateFrameworks/PerformanceAnalysis.framework/Versions/A/PerformanceAnalysis
0x000000000d13d000 	/System/Library/PrivateFrameworks/GenerationalStorage.framework/Versions/A/GenerationalStorage
0x000000000d13d000 	/System/Library/Frameworks/OpenGL.framework/Versions/A/OpenGL
0x000000000d13d000 	/System/Library/PrivateFrameworks/Sharing.framework/Versions/A/Sharing
0x000000000d13d000 	/System/Library/Frameworks/CoreGraphics.framework/Versions/A/CoreGraphics
0x000000000d13d000 	/System/Library/Frameworks/CoreText.framework/Versions/A/CoreText
0x000000000d13d000 	/System/Library/Frameworks/ImageIO.framework/Versions/A/ImageIO
0x000000000d13d000 	/usr/lib/libextension.dylib
0x000000000d13d000 	/System/Library/PrivateFrameworks/Backup.framework/Versions/A/Backup
0x000000000d13d000 	/usr/lib/libarchive.2.dylib
0x000000000d13d000 	/System/Library/Frameworks/CFNetwork.framework/Versions/A/CFNetwork
0x000000000d13d000 	/System/Library/Frameworks/SystemConfiguration.framework/Versions/A/SystemConfiguration
0x000000000d13d000 	/usr/lib/libCRFSuite.dylib
0x000000000d13d000 	/usr/lib/libc++.1.dylib
0x000000000d13d000 	/usr/lib/libc++abi.dylib
0x000000000d13d000 	/usr/lib/system/libcache.dylib
0x000000000d13d000 	/usr/lib/system/libcommonCrypto.dylib
0x000000000d13d000 	/usr/lib/system/libcompiler_rt.dylib
0x000000000d13d000 	/usr/lib/system/libcopyfile.dylib
0x000000000d13d000 	/usr/lib/system/libcorecrypto.dylib
0x000000000d13d000 	/usr/lib/system/libdispatch.dylib
0x000000000d13d000 	/usr/lib/system/libdyld.dylib
0x000000000d13d000 	/usr/lib/system/libkeymgr.dylib
0x000000000d13d000 	/usr/lib/system/liblaunch.dylib
0x000000000d13d000 	/usr/lib/system/libmacho.dylib
0x000000000d13d000 	/usr/lib/system/libquarantine.dylib
0x000000000d13d000 	/usr/lib/system/libremovefile.dylib
0x000000000d13d000 	/usr/lib/system/libsystem_asl.dylib
0x000000000d13d000 	/usr/lib/system/libsystem_blocks.dylib
0x000000000d13d000 	/usr/lib/system/libsystem_c.dylib
0x000000000d13d000 	/usr/lib/system/libsystem_configuration.dylib
0x000000000d13d000 	/usr/lib/system/libsystem_coreservices.dylib
0x000000000d13d000 	/usr/lib/system/libsystem_coretls.dylib
0x000000000d13d000 	/usr/lib/system/libsystem_dnssd.dylib
0x000000000d13d000 	/usr/lib/system/libsystem_info.dylib
0x000000000d13d000 	/usr/lib/system/libsystem_kernel.dylib
0x000000000d13d000 	/usr/lib/system/libsystem_m.dylib
0x000000000d13d000 	/usr/lib/system/libsystem_malloc.dylib
0x000000000d13d000 	/usr/lib/system/libsystem_network.dylib
0x000000000d13d000 	/usr/lib/system/libsystem_networkextension.dylib
0x000000000d13d000 	/usr/lib/system/libsystem_notify.dylib
0x000000000d13d000 	/usr/lib/system/libsystem_platform.dylib
0x000000000d13d000 	/usr/lib/system/libsystem_pthread.dylib
0x000000000d13d000 	/usr/lib/system/libsystem_sandbox.dylib
0x000000000d13d000 	/usr/lib/system/libsystem_secinit.dylib
0x000000000d13d000 	/usr/lib/system/libsystem_stats.dylib
0x000000000d13d000 	/usr/lib/system/libsystem_trace.dylib
0x000000000d13d000 	/usr/lib/system/libunc.dylib
0x000000000d13d000 	/usr/lib/system/libunwind.dylib
0x000000000d13d000 	/usr/lib/system/libxpc.dylib
0x000000000d13d000 	/usr/lib/libbz2.1.0.dylib
0x000000000d13d000 	/usr/lib/liblzma.5.dylib
0x000000000d13d000 	/usr/lib/libbsm.0.dylib
0x000000000d13d000 	/usr/lib/libsqlite3.dylib
0x000000000d13d000 	/usr/lib/system/libkxld.dylib
0x000000000d13d000 	/usr/lib/libxar.1.dylib
0x000000000d13d000 	/usr/lib/libpam.2.dylib
0x000000000d13d000 	/usr/lib/libOpenScriptingUtil.dylib
0x000000000d13d000 	/System/Library/Frameworks/CoreServices.framework/Versions/A/Frameworks/FSEvents.framework/Versions/A/FSEvents
0x000000000d13d000 	/System/Library/Frameworks/CoreServices.framework/Versions/A/Frameworks/CarbonCore.framework/Versions/A/CarbonCore
0x000000000d13d000 	/System/Library/Frameworks/CoreServices.framework/Versions/A/Frameworks/Metadata.framework/Versions/A/Metadata
0x000000000d13d000 	/System/Library/Frameworks/CoreServices.framework/Versions/A/Frameworks/OSServices.framework/Versions/A/OSServices
0x000000000d13d000 	/System/Library/Frameworks/CoreServices.framework/Versions/A/Frameworks/SearchKit.framework/Versions/A/SearchKit
0x000000000d13d000 	/System/Library/Frameworks/CoreServices.framework/Versions/A/Frameworks/AE.framework/Versions/A/AE
0x000000000d13d000 	/System/Library/Frameworks/CoreServices.framework/Versions/A/Frameworks/LaunchServices.framework/Versions/A/LaunchServices
0x000000000d13d000 	/System/Library/Frameworks/CoreServices.framework/Versions/A/Frameworks/DictionaryServices.framework/Versions/A/DictionaryServices
0x000000000d13d000 	/System/Library/Frameworks/NetFS.framework/Versions/A/NetFS
0x000000000d13d000 	/System/Library/PrivateFrameworks/NetAuth.framework/Versions/A/NetAuth
0x000000000d13d000 	/System/Library/PrivateFrameworks/login.framework/Versions/A/Frameworks/loginsupport.framework/Versions/A/loginsupport
0x000000000d13d000 	/System/Library/PrivateFrameworks/TCC.framework/Versions/A/TCC
0x000000000d13d000 	/usr/lib/libmecabra.dylib
0x000000000d13d000 	/System/Library/Frameworks/ApplicationServices.framework/Versions/A/Frameworks/ATS.framework/Versions/A/ATS
0x000000000d13d000 	/System/Library/Frameworks/ApplicationServices.framework/Versions/A/Frameworks/ColorSync.framework/Versions/A/ColorSync
0x000000000d13d000 	/System/Library/Frameworks/ApplicationServices.framework/Versions/A/Frameworks/HIServices.framework/Versions/A/HIServices
0x000000000d13d000 	/System/Library/Frameworks/ApplicationServices.framework/Versions/A/Frameworks/LangAnalysis.framework/Versions/A/LangAnalysis
0x000000000d13d000 	/System/Library/Frameworks/ApplicationServices.framework/Versions/A/Frameworks/PrintCore.framework/Versions/A/PrintCore
0x000000000d13d000 	/System/Library/Frameworks/ApplicationServices.framework/Versions/A/Frameworks/QD.framework/Versions/A/QD
0x000000000d13d000 	/System/Library/Frameworks/ApplicationServices.framework/Versions/A/Frameworks/SpeechSynthesis.framework/Versions/A/SpeechSynthesis
0x000000000d13d000 	/System/Library/Frameworks/Accelerate.framework/Versions/A/Accelerate
0x000000000d13d000 	/System/Library/Frameworks/Accelerate.framework/Versions/A/Frameworks/vImage.framework/Versions/A/vImage
0x000000000d13d000 	/System/Library/Frameworks/Accelerate.framework/Versions/A/Frameworks/vecLib.framework/Versions/A/vecLib
0x000000000d13d000 	/System/Library/Frameworks/Accelerate.framework/Versions/A/Frameworks/vecLib.framework/Versions/A/libvDSP.dylib
0x000000000d13d000 	/System/Library/Frameworks/Accelerate.framework/Versions/A/Frameworks/vecLib.framework/Versions/A/libvMisc.dylib
0x000000000d13d000 	/System/Library/Frameworks/Accelerate.framework/Versions/A/Frameworks/vecLib.framework/Versions/A/libLAPACK.dylib
0x000000000d13d000 	/System/Library/Frameworks/Accelerate.framework/Versions/A/Frameworks/vecLib.framework/Versions/A/libBLAS.dylib
0x000000000d13d000 	/System/Library/Frameworks/Accelerate.framework/Versions/A/Frameworks/vecLib.framework/Versions/A/libLinearAlgebra.dylib
0x000000000d13d000 	/System/Library/Frameworks/ApplicationServices.framework/Versions/A/Frameworks/ATS.framework/Versions/A/Resources/libFontParser.dylib
0x000000000d13d000 	/System/Library/Frameworks/ApplicationServices.framework/Versions/A/Frameworks/ATS.framework/Versions/A/Resources/libFontRegistry.dylib
0x000000000d13d000 	/System/Library/PrivateFrameworks/AppleVPA.framework/Versions/A/AppleVPA
0x000000000d13d000 	/System/Library/PrivateFrameworks/AppleJPEG.framework/Versions/A/AppleJPEG
0x000000000d13d000 	/System/Library/Frameworks/ImageIO.framework/Versions/A/Resources/libJPEG.dylib
0x000000000d13d000 	/System/Library/Frameworks/ImageIO.framework/Versions/A/Resources/libTIFF.dylib
0x000000000d13d000 	/System/Library/Frameworks/ImageIO.framework/Versions/A/Resources/libPng.dylib
0x000000000d13d000 	/System/Library/Frameworks/ImageIO.framework/Versions/A/Resources/libGIF.dylib
0x000000000d13d000 	/System/Library/Frameworks/ImageIO.framework/Versions/A/Resources/libJP2.dylib
0x000000000d13d000 	/System/Library/Frameworks/ImageIO.framework/Versions/A/Resources/libRadiance.dylib
0x000000000d13d000 	/System/Library/Frameworks/CoreVideo.framework/Versions/A/CoreVideo
0x000000000d13d000 	/System/Library/Frameworks/OpenGL.framework/Versions/A/Libraries/libGLU.dylib
0x000000000d13d000 	/System/Library/Frameworks/OpenGL.framework/Versions/A/Libraries/libGFXShared.dylib
0x000000000d13d000 	/System/Library/Frameworks/OpenGL.framework/Versions/A/Libraries/libGL.dylib
0x000000000d13d000 	/System/Library/Frameworks/OpenGL.framework/Versions/A/Libraries/libGLImage.dylib
0x000000000d13d000 	/System/Library/Frameworks/OpenGL.framework/Versions/A/Libraries/libCVMSPluginSupport.dylib
0x000000000d13d000 	/System/Library/Frameworks/OpenGL.framework/Versions/A/Libraries/libCoreVMClient.dylib
0x000000000d13d000 	/usr/lib/libcups.2.dylib
0x000000000d13d000 	/System/Library/Frameworks/Kerberos.framework/Versions/A/Kerberos
0x000000000d13d000 	/System/Library/Frameworks/GSS.framework/Versions/A/GSS
0x000000000d13d000 	/usr/lib/libresolv.9.dylib
0x000000000d13d000 	/usr/lib/libiconv.2.dylib
0x000000000d13d000 	/System/Library/PrivateFrameworks/Heimdal.framework/Versions/A/Heimdal
0x000000000d13d000 	/usr/lib/libheimdal-asn1.dylib
0x000000000d13d000 	/System/Library/Frameworks/OpenDirectory.framework/Versions/A/OpenDirectory
0x000000000d13d000 	/System/Library/PrivateFrameworks/CommonAuth.framework/Versions/A/CommonAuth
0x000000000d13d000 	/System/Library/Frameworks/OpenDirectory.framework/Versions/A/Frameworks/CFOpenDirectory.framework/Versions/A/CFOpenDirectory
0x000000000d13d000 	/System/Library/Frameworks/SecurityFoundation.framework/Versions/A/SecurityFoundation
0x000000000d13d000 	/System/Library/PrivateFrameworks/LanguageModeling.framework/Versions/A/LanguageModeling
0x000000000d13d000 	/usr/lib/libcmph.dylib
0x000000000d13d000 	/System/Library/Frameworks/ServiceManagement.framework/Versions/A/ServiceManagement
0x000000000d13d000 	/usr/lib/libxslt.1.dylib
0x000000000d13d000 	/System/Library/Frameworks/Carbon.framework/Versions/A/Frameworks/Ink.framework/Versions/A/Ink
0x000000000d13d000 	/System/Library/Frameworks/QuartzCore.framework/Versions/A/Frameworks/CoreImage.framework/Versions/A/CoreImage
0x000000000d13d000 	/System/Library/PrivateFrameworks/CrashReporterSupport.framework/Versions/A/CrashReporterSupport
0x000000000d13d000 	/System/Library/Frameworks/OpenCL.framework/Versions/A/OpenCL
0x000000000d13d000 	/System/Library/PrivateFrameworks/FaceCore.framework/Versions/A/FaceCore
0x000000000d13d000 	/System/Library/PrivateFrameworks/Ubiquity.framework/Versions/A/Ubiquity
0x000000000d13d000 	/System/Library/PrivateFrameworks/IconServices.framework/Versions/A/IconServices
0x000000000d13d000 	/System/Library/PrivateFrameworks/ChunkingLibrary.framework/Versions/A/ChunkingLibrary
0x000000000d13d000 	/System/Library/PrivateFrameworks/Apple80211.framework/Versions/A/Apple80211
0x000000000d13d000 	/System/Library/Frameworks/CoreWLAN.framework/Versions/A/CoreWLAN
0x000000000d13d000 	/System/Library/Frameworks/IOBluetooth.framework/Versions/A/IOBluetooth
0x000000000d13d000 	/System/Library/PrivateFrameworks/CoreWiFi.framework/Versions/A/CoreWiFi
0x000000000d13d000 	/System/Library/Frameworks/CoreBluetooth.framework/Versions/A/CoreBluetooth
0x000000000d13d000 	/System/Library/PrivateFrameworks/DebugSymbols.framework/Versions/A/DebugSymbols
0x000000000d13d000 	/System/Library/PrivateFrameworks/CoreSymbolication.framework/Versions/A/CoreSymbolication
0x000000000d13d000 	/System/Library/PrivateFrameworks/Symbolication.framework/Versions/A/Symbolication
0x000000000d13d000 	/System/Library/PrivateFrameworks/SpeechRecognitionCore.framework/Versions/A/SpeechRecognitionCore
0x00000001039b5000 	/Library/Java/JavaVirtualMachines/jdk1.8.0_60.jdk/Contents/Home/jre/lib/server/libjvm.dylib
0x000000000d13d000 	/usr/lib/libstdc++.6.dylib
0x0000000104a58000 	/Library/Java/JavaVirtualMachines/jdk1.8.0_60.jdk/Contents/Home/jre/lib/libverify.dylib
0x0000000104a66000 	/Library/Java/JavaVirtualMachines/jdk1.8.0_60.jdk/Contents/Home/jre/lib/libjava.dylib
0x0000000104aa5000 	/Library/Java/JavaVirtualMachines/jdk1.8.0_60.jdk/Contents/Home/jre/lib/libzip.dylib
0x000000011b32c000 	/System/Library/Frameworks/JavaVM.framework/Frameworks/JavaRuntimeSupport.framework/JavaRuntimeSupport
0x000000011b344000 	/System/Library/Frameworks/JavaVM.framework/Versions/A/Frameworks/JavaNativeFoundation.framework/Versions/A/JavaNativeFoundation
0x000000011b359000 	/System/Library/Frameworks/JavaVM.framework/Versions/A/JavaVM
0x000000000d13d000 	/System/Library/Frameworks/Carbon.framework/Versions/A/Carbon
0x000000011b366000 	/System/Library/PrivateFrameworks/JavaLaunching.framework/Versions/A/JavaLaunching
0x000000000d13d000 	/System/Library/Frameworks/Carbon.framework/Versions/A/Frameworks/CommonPanels.framework/Versions/A/CommonPanels
0x000000000d13d000 	/System/Library/Frameworks/Carbon.framework/Versions/A/Frameworks/Help.framework/Versions/A/Help
0x000000000d13d000 	/System/Library/Frameworks/Carbon.framework/Versions/A/Frameworks/ImageCapture.framework/Versions/A/ImageCapture
0x000000000d13d000 	/System/Library/Frameworks/Carbon.framework/Versions/A/Frameworks/OpenScripting.framework/Versions/A/OpenScripting
0x000000000d13d000 	/System/Library/Frameworks/Carbon.framework/Versions/A/Frameworks/Print.framework/Versions/A/Print
0x000000000d13d000 	/System/Library/Frameworks/Carbon.framework/Versions/A/Frameworks/SecurityHI.framework/Versions/A/SecurityHI
0x000000011d297000 	/Library/Java/JavaVirtualMachines/jdk1.8.0_60.jdk/Contents/Home/jre/lib/libawt.dylib
0x000000011d33f000 	/Library/Java/JavaVirtualMachines/jdk1.8.0_60.jdk/Contents/Home/jre/lib/./libmlib_image.dylib
0x000000011d40b000 	/Library/Java/JavaVirtualMachines/jdk1.8.0_60.jdk/Contents/Home/jre/lib/libawt_lwawt.dylib
0x000000011d4c0000 	/Library/Java/JavaVirtualMachines/jdk1.8.0_60.jdk/Contents/Home/jre/lib/./libosxapp.dylib
0x000000000d13d000 	/System/Library/Frameworks/ExceptionHandling.framework/Versions/A/ExceptionHandling
0x000000000d13d000 	/System/Library/PrivateFrameworks/CoreServicesInternal.framework/Versions/A/CoreServicesInternal
0x000000000d13d000 	/System/Library/PrivateFrameworks/CloudDocs.framework/Versions/A/CloudDocs
0x000000000d13d000 	/System/Library/PrivateFrameworks/CoreDuet.framework/Versions/A/CoreDuet
0x000000000d13d000 	/System/Library/Frameworks/CloudKit.framework/Versions/A/CloudKit
0x000000000d13d000 	/System/Library/PrivateFrameworks/ProtocolBuffer.framework/Versions/A/ProtocolBuffer
0x000000000d13d000 	/System/Library/PrivateFrameworks/CoreDuetDaemonProtocol.framework/Versions/A/CoreDuetDaemonProtocol
0x000000000d13d000 	/System/Library/PrivateFrameworks/CoreDuetDebugLogging.framework/Versions/A/CoreDuetDebugLogging
0x000000000d13d000 	/System/Library/PrivateFrameworks/MMCS.framework/Versions/A/MMCS
0x000000000d13d000 	/System/Library/Frameworks/CoreLocation.framework/Versions/A/CoreLocation
0x000000000d13d000 	/System/Library/PrivateFrameworks/ProtectedCloudStorage.framework/Versions/A/ProtectedCloudStorage
0x000000000d13d000 	/System/Library/PrivateFrameworks/GeoServices.framework/Versions/A/GeoServices
0x000000000d13d000 	/System/Library/Frameworks/CoreGraphics.framework/Versions/A/Resources/libCGCMS.A.dylib
0x000000000d13d000 	/System/Library/Frameworks/CoreGraphics.framework/Versions/A/Resources/libRIP.A.dylib
0x000000000d13d000 	/System/Library/Frameworks/CoreGraphics.framework/Versions/A/Resources/libCGXType.A.dylib
0x000000000d13d000 	/System/Library/Frameworks/OpenCL.framework/Versions/A/Libraries/libcldcpuengine.dylib
0x000000000d13d000 	/System/Library/PrivateFrameworks/DiskImages.framework/Versions/A/DiskImages
0x000000000d13d000 	/System/Library/Frameworks/DiscRecording.framework/Versions/A/DiscRecording
0x000000000d13d000 	/usr/lib/libcsfde.dylib
0x000000000d13d000 	/usr/lib/libcurl.4.dylib
0x000000000d13d000 	/System/Library/PrivateFrameworks/MediaKit.framework/Versions/A/MediaKit
0x000000000d13d000 	/usr/lib/libCoreStorage.dylib
0x000000000d13d000 	/System/Library/PrivateFrameworks/EFILogin.framework/Versions/A/EFILogin
0x000000000d13d000 	/usr/lib/libutil.dylib
0x000000000d13d000 	/System/Library/PrivateFrameworks/FindMyDevice.framework/Versions/A/FindMyDevice
0x000000000d13d000 	/System/Library/Frameworks/LDAP.framework/Versions/A/LDAP
0x000000000d13d000 	/usr/lib/libsasl2.2.dylib
0x000000000d13d000 	/System/Library/PrivateFrameworks/CoreDaemon.framework/Versions/B/CoreDaemon
0x000000000d13d000 	/usr/lib/libcrypto.0.9.8.dylib
0x000000000d13d000 	/System/Library/PrivateFrameworks/AppleSRP.framework/Versions/A/AppleSRP
0x000000000d13d000 	/System/Library/PrivateFrameworks/TrustEvaluationAgent.framework/Versions/A/TrustEvaluationAgent
0x0000000120181000 	cl_kernels
0x0000000120183000 	/System/Library/Frameworks/OpenCL.framework/Versions/A/Libraries/ImageFormats/unorm8_bgra.dylib
0x0000000120172000 	cl_kernels
0x000000000d13d000 	/System/Library/PrivateFrameworks/FamilyControls.framework/Versions/A/FamilyControls
0x000000000d13d000 	/System/Library/PrivateFrameworks/CommerceKit.framework/Versions/A/Frameworks/CommerceCore.framework/Versions/A/CommerceCore
0x000000000d13d000 	/System/Library/PrivateFrameworks/SystemAdministration.framework/Versions/A/SystemAdministration
0x000000000d13d000 	/System/Library/PrivateFrameworks/AppContainer.framework/Versions/A/AppContainer
0x000000000d13d000 	/System/Library/PrivateFrameworks/SecCodeWrapper.framework/Versions/A/SecCodeWrapper
0x000000000d13d000 	/System/Library/Frameworks/DirectoryService.framework/Versions/A/DirectoryService
0x000000000d13d000 	/System/Library/PrivateFrameworks/LoginUIKit.framework/Versions/A/Frameworks/LoginUICore.framework/Versions/A/LoginUICore
0x000000000d13d000 	/usr/lib/libodfde.dylib
0x000000000d13d000 	/System/Library/Frameworks/OpenGL.framework/Versions/A/Resources/GLEngine.bundle/GLEngine
0x000000000d13d000 	/System/Library/Frameworks/OpenGL.framework/Versions/A/Libraries/libGLProgrammability.dylib
0x00000001215aa000 	/System/Library/Extensions/AppleIntelHD5000GraphicsGLDriver.bundle/Contents/MacOS/AppleIntelHD5000GraphicsGLDriver
0x000000000d13d000 	/System/Library/PrivateFrameworks/IOAccelerator.framework/Versions/A/IOAccelerator
0x000000000d13d000 	/System/Library/PrivateFrameworks/GPUSupport.framework/Versions/A/Libraries/libGPUSupportMercury.dylib
0x000000000d13d000 	/System/Library/Frameworks/OpenGL.framework/Versions/A/Resources/GLRendererFloat.bundle/GLRendererFloat
0x0000000122620000 	/Library/Java/JavaVirtualMachines/jdk1.8.0_60.jdk/Contents/Home/jre/lib/libfontmanager.dylib
0x0000000123863000 	/Library/Java/JavaVirtualMachines/jdk1.8.0_60.jdk/Contents/Home/jre/lib/libosxui.dylib
0x000000012391f000 	/Library/Java/JavaVirtualMachines/jdk1.8.0_60.jdk/Contents/Home/jre/lib/libnet.dylib
0x0000000123b5d000 	/Library/Java/JavaVirtualMachines/jdk1.8.0_60.jdk/Contents/Home/jre/lib/libnio.dylib
0x000000000d13d000 	/System/Library/Frameworks/ApplicationServices.framework/Versions/A/Frameworks/ATS.framework/Versions/A/Resources/libTrueTypeScaler.dylib
0x0000000176bef000 	/private/var/folders/x9/z_v5q4vx5yx_kt718rrfk_lm0000gn/T/jogamp_0000/file_cache/jln1494543050593136686/jln4999030174002871165/libgluegen-rt.jnilib
0x0000000123936000 	/private/var/folders/x9/z_v5q4vx5yx_kt718rrfk_lm0000gn/T/jogamp_0000/file_cache/jln1494543050593136686/jln4999030174002871165/libnativewindow_awt.jnilib
0x0000000176bf3000 	/Library/Java/JavaVirtualMachines/jdk1.8.0_60.jdk/Contents/Home/jre/lib/libjawt.dylib
0x0000000176bf6000 	/private/var/folders/x9/z_v5q4vx5yx_kt718rrfk_lm0000gn/T/jogamp_0000/file_cache/jln1494543050593136686/jln4999030174002871165/libnativewindow_macosx.jnilib
0x0000000178923000 	/private/var/folders/x9/z_v5q4vx5yx_kt718rrfk_lm0000gn/T/jogamp_0000/file_cache/jln1494543050593136686/jln4999030174002871165/libjogl_desktop.jnilib
0x000000017af3f000 	/Library/Java/JavaVirtualMachines/jdk1.8.0_60.jdk/Contents/Home/jre/lib/libt2k.dylib

VM Arguments:
jvm_args: -Djava.security.policy=java.policy.applet -Dfile.encoding=UTF-8 
java_command: sun.applet.AppletViewer module4.EarthquakeCityMap1444248077454.html
java_class_path (initial): /Users/gregorymankes/Google Drive/Udacity and Other Courses/Coursera/Data Structures Specialization/Course 1/Code/UCSDUnfoldingMaps/build:/Users/gregorymankes/Google Drive/Udacity and Other Courses/Coursera/Data Structures Specialization/Course 1/Code/UCSDUnfoldingMaps/lib/core.jar:/Users/gregorymankes/Google Drive/Udacity and Other Courses/Coursera/Data Structures Specialization/Course 1/Code/UCSDUnfoldingMaps/lib/gluegen-rt.jar:/Users/gregorymankes/Google Drive/Udacity and Other Courses/Coursera/Data Structures Specialization/Course 1/Code/UCSDUnfoldingMaps/lib/jogl-all.jar:/Users/gregorymankes/Google Drive/Udacity and Other Courses/Coursera/Data Structures Specialization/Course 1/Code/UCSDUnfoldingMaps/lib/log4j-1.2.15.jar:/Users/gregorymankes/Google Drive/Udacity and Other Courses/Coursera/Data Structures Specialization/Course 1/Code/UCSDUnfoldingMaps/lib/sqlite-jdbc-3.7.2.jar:/Users/gregorymankes/Google Drive/Udacity and Other Courses/Coursera/Data Structures Specialization/Course 1/Code/UCSDUnfoldingMaps/lib/json4processing.jar:/Users/gregorymankes/Google Drive/Udacity and Other Courses/Coursera/Data Structures Specialization/Course 1/Code/UCSDUnfoldingMaps/lib/libTUIO.jar:/Users/gregorymankes/Google Drive/Udacity and Other Courses/Coursera/Data Structures Specialization/Course 1/Code/UCSDUnfoldingMaps/lib/unfolding.0.9.7-uscd.jar
Launcher Type: SUN_STANDARD

Environment Variables:
PATH=/usr/bin:/bin:/usr/sbin:/sbin
SHELL=/bin/bash

Signal Handlers:
SIGSEGV: [libjvm.dylib+0x5a6d31], sa_mask[0]=11111111011111110111111111111111, sa_flags=SA_ONSTACK|SA_RESTART|SA_SIGINFO
SIGBUS: [libjvm.dylib+0x5a6d31], sa_mask[0]=11111111011111110111111111111111, sa_flags=SA_RESTART|SA_SIGINFO
SIGFPE: [libjvm.dylib+0x480a4c], sa_mask[0]=11111111011111110111111111111111, sa_flags=SA_RESTART|SA_SIGINFO
SIGPIPE: [libjvm.dylib+0x480a4c], sa_mask[0]=11111111011111110111111111111111, sa_flags=SA_RESTART|SA_SIGINFO
SIGXFSZ: [libjvm.dylib+0x480a4c], sa_mask[0]=11111111011111110111111111111111, sa_flags=SA_RESTART|SA_SIGINFO
SIGILL: [libjvm.dylib+0x480a4c], sa_mask[0]=11111111011111110111111111111111, sa_flags=SA_RESTART|SA_SIGINFO
SIGUSR1: SIG_DFL, sa_mask[0]=00000000000000000000000000000000, sa_flags=none
SIGUSR2: [libjvm.dylib+0x48056a], sa_mask[0]=00100000000000000000000000000000, sa_flags=SA_RESTART|SA_SIGINFO
SIGHUP: [libjvm.dylib+0x47eb41], sa_mask[0]=11111111011111110111111111111111, sa_flags=SA_RESTART|SA_SIGINFO
SIGINT: [libjvm.dylib+0x47eb41], sa_mask[0]=11111111011111110111111111111111, sa_flags=SA_RESTART|SA_SIGINFO
SIGTERM: [libjvm.dylib+0x47eb41], sa_mask[0]=11111111011111110111111111111111, sa_flags=SA_RESTART|SA_SIGINFO
SIGQUIT: [libjvm.dylib+0x47eb41], sa_mask[0]=11111111011111110111111111111111, sa_flags=SA_RESTART|SA_SIGINFO


---------------  S Y S T E M  ---------------

OS:Bsduname:Darwin 14.5.0 Darwin Kernel Version 14.5.0: Wed Jul 29 02:26:53 PDT 2015; root:xnu-2782.40.9~1/RELEASE_X86_64 x86_64
rlimit: STACK 8192k, CORE 0k, NPROC 709, NOFILE 10240, AS infinity
load average:4.37 3.83 3.16

CPU:total 4 (2 cores per cpu, 2 threads per core) family 6 model 69 stepping 1, cmov, cx8, fxsr, mmx, sse, sse2, sse3, ssse3, sse4.1, sse4.2, popcnt, avx, avx2, aes, clmul, erms, lzcnt, ht, tsc, tscinvbit, bmi1, bmi2

Memory: 4k page, physical 8388608k(262272k free)

/proc/meminfo:


vm_info: Java HotSpot(TM) 64-Bit Server VM (25.60-b23) for bsd-amd64 JRE (1.8.0_60-b27), built on Aug  4 2015 10:47:24 by "java_re" with gcc 4.2.1 (Based on Apple Inc. build 5658) (LLVM build 2336.11.00)

time: Wed Oct  7 16:01:45 2015
elapsed time: 28 seconds (0d 0h 0m 28s)

