#
# A fatal error has been detected by the Java Runtime Environment:
#
#  SIGSEGV (0xb) at pc=0x00007fff96c380dd, pid=1663, tid=1811
#
# JRE version: Java(TM) SE Runtime Environment (8.0_60-b27) (build 1.8.0_60-b27)
# Java VM: Java HotSpot(TM) 64-Bit Server VM (25.60-b23 mixed mode bsd-amd64 compressed oops)
# Problematic frame:
# C  [libobjc.A.dylib+0x10dd]  objc_msgSend+0x1d
#
# Failed to write core dump. Core dumps have been disabled. To enable core dumping, try "ulimit -c unlimited" before starting Java again
#
# If you would like to submit a bug report, please visit:
#   http://bugreport.java.com/bugreport/crash.jsp
# The crash happened outside the Java Virtual Machine in native code.
# See problematic frame for where to report the bug.
#

---------------  T H R E A D  ---------------

Current thread (0x00007fa55394e800):  JavaThread "AWT-AppKit" daemon [_thread_in_native, id=1811, stack(0x00007fff574d7000,0x00007fff57cd7000)]

siginfo: si_signo: 11 (SIGSEGV), si_code: 1 (SEGV_MAPERR), si_addr: 0x0000000000000018

Registers:
RAX=0x00007fa55736a7f0, RBX=0x000000017b3bf450, RCX=0x0000000127eb6ca0, RDX=0x0000000127eb6340
RSP=0x00007fff57cd22f8, RBP=0x00007fff57cd23b0, RSI=0x00007fff9b96740f, RDI=0x00007fa552582190
R8 =0x0000000000000000, R9 =0x0000000000000f50, R10=0x00007fff9b96740f, R11=0x0000000000000000
R12=0x0000000000000000, R13=0x000000017d4b4fe0, R14=0x000000017b3bf440, R15=0x00007fa55394e800
RIP=0x00007fff96c380dd, EFLAGS=0x0000000000010246, ERR=0x0000000000000004
  TRAPNO=0x000000000000000e

Top of Stack: (sp=0x00007fff57cd22f8)
0x00007fff57cd22f8:   000000017b3bd157 00007fff57cd2350
0x00007fff57cd2308:   0000000000000003 00007fff57cd2330
0x00007fff57cd2318:   0000000108bf1992 000000017d4b4fe0
0x00007fff57cd2328:   000000017d4b4fe0 00007fa55736a7f0
0x00007fff57cd2338:   000000017b3bf6a0 000000017b3bf710
0x00007fff57cd2348:   00007fff7e911550 00007fff7de86c80
0x00007fff57cd2358:   000000017b3bf450 000000017b3bf690
0x00007fff57cd2368:   00007fa55736a7f0 00007fa552582190
0x00007fff57cd2378:   00007fa552567dd0 00007fa55736a7f0
0x00007fff57cd2388:   00007fa552582190 00007fff57cd2438
0x00007fff57cd2398:   00007fa55394e9f8 000000017d4b4fe0
0x00007fff57cd23a8:   00007fff57cd2460 00007fff57cd2428
0x00007fff57cd23b8:   000000010999e954 000000017d4b4fe0
0x00007fff57cd23c8:   00007fff57cd2460 00007fff57cd2428
0x00007fff57cd23d8:   000000010999e6e7 000000010999e6a2
0x00007fff57cd23e8:   00007fff57cd23e8 000000017d4b4fe0
0x00007fff57cd23f8:   00007fff57cd2460 000000017d4b7c18
0x00007fff57cd2408:   0000000000000000 000000017d4b4fe0
0x00007fff57cd2418:   0000000000000000 00007fff57cd2448
0x00007fff57cd2428:   00007fff57cd24a8 0000000109990c4d
0x00007fff57cd2438:   0000000741103ed0 0000000109998578
0x00007fff57cd2448:   00007fa55736a7f0 00007fff57cd24a8
0x00007fff57cd2458:   00007fa552582190 0000000109999d82
0x00007fff57cd2468:   00007fff57cd2468 000000017d4b51aa
0x00007fff57cd2478:   00007fff57cd24d0 000000017d4b7c18
0x00007fff57cd2488:   0000000000000000 000000017d4b51b8
0x00007fff57cd2498:   00007fff57cd2448 00007fff57cd24b8
0x00007fff57cd24a8:   00007fff57cd2518 0000000109990c4d
0x00007fff57cd24b8:   00007fa55736a7f0 00000007411c0500
0x00007fff57cd24c8:   00007fa552582190 00000007411c0500
0x00007fff57cd24d8:   00007fff57cd24d8 0000000182c338e6
0x00007fff57cd24e8:   00007fff57cd2528 0000000182c339a0 

Instructions: (pc=0x00007fff96c380dd)
0x00007fff96c380bd:   00 00 00 48 85 ff 2e 74 7a 40 f6 c7 01 2e 75 7e
0x00007fff96c380cd:   49 bb f8 ff ff ff ff 7f 00 00 4c 23 1f 49 89 f2
0x00007fff96c380dd:   45 23 53 18 49 c1 e2 04 4d 03 53 10 49 3b 32 75
0x00007fff96c380ed:   04 41 ff 62 08 49 83 3a 00 74 6a 4d 3b 53 10 74 

Register to memory mapping:

RAX=0x00007fa55736a7f0 is an unknown value
RBX=0x000000017b3bf450: Java_jogamp_nativewindow_macosx_OSXUtil_GetScreenRefreshRate0+0x1cf0 in /private/var/folders/x9/z_v5q4vx5yx_kt718rrfk_lm0000gn/T/jogamp_0000/file_cache/jln978124971044908153/jln1534839621830475779/libnativewindow_macosx.jnilib at 0x000000017b3b8000
RCX=0x0000000127eb6ca0 is an unknown value
RDX=0x0000000127eb6340 is an unknown value
RSP=0x00007fff57cd22f8 is pointing into the stack for thread: 0x00007fa55394e800
RBP=0x00007fff57cd23b0 is pointing into the stack for thread: 0x00007fa55394e800
RSI=0x00007fff9b96740f is an unknown value
RDI=0x00007fa552582190 is an unknown value
R8 =0x0000000000000000 is an unknown value
R9 =0x0000000000000f50 is an unknown value
R10=0x00007fff9b96740f is an unknown value
R11=0x0000000000000000 is an unknown value
R12=0x0000000000000000 is an unknown value
R13={method} {0x000000017d4b4fe0} 'UnsetJAWTRootSurfaceLayer0' '(JJ)V' in 'jogamp/nativewindow/jawt/macosx/MacOSXJAWTWindow'
R14=0x000000017b3bf440: Java_jogamp_nativewindow_macosx_OSXUtil_GetScreenRefreshRate0+0x1ce0 in /private/var/folders/x9/z_v5q4vx5yx_kt718rrfk_lm0000gn/T/jogamp_0000/file_cache/jln978124971044908153/jln1534839621830475779/libnativewindow_macosx.jnilib at 0x000000017b3b8000
R15=0x00007fa55394e800 is a thread


Stack: [0x00007fff574d7000,0x00007fff57cd7000],  sp=0x00007fff57cd22f8,  free space=8172k
Native frames: (J=compiled Java code, j=interpreted, Vv=VM code, C=native code)
C  [libobjc.A.dylib+0x10dd]  objc_msgSend+0x1d
j  jogamp.nativewindow.jawt.macosx.MacOSXJAWTWindow.UnsetJAWTRootSurfaceLayer0(JJ)V+0
j  jogamp.nativewindow.jawt.macosx.MacOSXJAWTWindow.access$200(JJ)V+2
j  jogamp.nativewindow.jawt.macosx.MacOSXJAWTWindow$1.run()V+38
j  com.jogamp.common.util.RunnableTask.run()V+24
v  ~StubRoutines::call_stub
V  [libjvm.dylib+0x2eab0e]
V  [libjvm.dylib+0x321bb7]
V  [libjvm.dylib+0x31438b]
C  [libnativewindow_macosx.jnilib+0x5326]  Java_jogamp_nativewindow_jawt_macosx_MacOSXJAWTWindow_UnsetJAWTRootSurfaceLayer0+0x2b6
C  [Foundation+0x92dd0]  __NSThreadPerformPerform+0x125
C  [CoreFoundation+0x80a01]  __CFRUNLOOP_IS_CALLING_OUT_TO_A_SOURCE0_PERFORM_FUNCTION__+0x11
C  [CoreFoundation+0x72c5c]  __CFRunLoopDoSources0+0x1dc
C  [CoreFoundation+0x721bf]  __CFRunLoopRun+0x39f
C  [CoreFoundation+0x71bd8]  CFRunLoopRunSpecific+0x128
C  [HIToolbox+0x3256f]  RunCurrentEventLoopInMode+0xeb
C  [HIToolbox+0x321ee]  ReceiveNextEventCommon+0xb3
C  [HIToolbox+0x3212b]  _BlockUntilNextEventMatchingListInModeWithFilter+0x47
C  [AppKit+0x918ab]  _DPSNextEvent+0x3d2
C  [AppKit+0x90e58]  -[NSApplication nextEventMatchingMask:untilDate:inMode:dequeue:]+0x15a
C  [libosxapp.dylib+0x23aa]  -[NSApplicationAWT nextEventMatchingMask:untilDate:inMode:dequeue:]+0x7c
C  [AppKit+0x86af3]  -[NSApplication run]+0x252
C  [libosxapp.dylib+0x214d]  +[NSApplicationAWT runAWTLoopWithApp:]+0x9c
C  [libawt_lwawt.dylib+0x44517]  -[AWTStarter starter:]+0x389
C  [Foundation+0x92dd0]  __NSThreadPerformPerform+0x125
C  [CoreFoundation+0x80a01]  __CFRUNLOOP_IS_CALLING_OUT_TO_A_SOURCE0_PERFORM_FUNCTION__+0x11
C  [CoreFoundation+0x72b8d]  __CFRunLoopDoSources0+0x10d
C  [CoreFoundation+0x721bf]  __CFRunLoopRun+0x39f
C  [CoreFoundation+0x71bd8]  CFRunLoopRunSpecific+0x128
C  [java+0x6463]  CreateExecutionEnvironment+0x367
C  [java+0x21ac]  JLI_Launch+0x7a0
C  [java+0x84c0]  main+0x65
C  [java+0x1a04]  start+0x34
C  0x0000000000000007

Java frames: (J=compiled Java code, j=interpreted, Vv=VM code)
j  jogamp.nativewindow.jawt.macosx.MacOSXJAWTWindow.UnsetJAWTRootSurfaceLayer0(JJ)V+0
j  jogamp.nativewindow.jawt.macosx.MacOSXJAWTWindow.access$200(JJ)V+2
j  jogamp.nativewindow.jawt.macosx.MacOSXJAWTWindow$1.run()V+38
j  com.jogamp.common.util.RunnableTask.run()V+24
v  ~StubRoutines::call_stub

---------------  P R O C E S S  ---------------

Java Threads: ( => current thread )
  0x00007fa558003800 JavaThread "Thread-76" [_thread_blocked, id=23103, stack(0x0000000186012000,0x0000000186112000)]
  0x00007fa553b38800 JavaThread "Animation Thread" [_thread_blocked, id=56623, stack(0x000000017b58c000,0x000000017b68c000)]
  0x00007fa55438f000 JavaThread "AWT-EventQueue-1" [_thread_in_native, id=57111, stack(0x000000017ba38000,0x000000017bb38000)]
  0x00007fa5529be000 JavaThread "DestroyJavaVM" [_thread_blocked, id=4867, stack(0x0000000108040000,0x0000000108140000)]
  0x00007fa5539ea000 JavaThread "AWT-EventQueue-0" [_thread_blocked, id=54787, stack(0x0000000127f22000,0x0000000128022000)]
  0x00007fa5539c5000 JavaThread "Java2D Disposer" daemon [_thread_blocked, id=51735, stack(0x0000000126ce0000,0x0000000126de0000)]
  0x00007fa55293c800 JavaThread "Java2D Queue Flusher" daemon [_thread_blocked, id=50439, stack(0x0000000125c6e000,0x0000000125d6e000)]
  0x00007fa554106800 JavaThread "AWT-Shutdown" [_thread_blocked, id=28691, stack(0x00000001232c7000,0x00000001233c7000)]
=>0x00007fa55394e800 JavaThread "AWT-AppKit" daemon [_thread_in_native, id=1811, stack(0x00007fff574d7000,0x00007fff57cd7000)]
  0x00007fa554057800 JavaThread "Service Thread" daemon [_thread_blocked, id=18179, stack(0x00000001216c8000,0x00000001217c8000)]
  0x00007fa55382b800 JavaThread "C1 CompilerThread2" daemon [_thread_blocked, id=17667, stack(0x00000001215c5000,0x00000001216c5000)]
  0x00007fa55382a800 JavaThread "C2 CompilerThread1" daemon [_thread_blocked, id=17155, stack(0x00000001214c2000,0x00000001215c2000)]
  0x00007fa55405d800 JavaThread "C2 CompilerThread0" daemon [_thread_blocked, id=16643, stack(0x00000001213bf000,0x00000001214bf000)]
  0x00007fa55403d800 JavaThread "Signal Dispatcher" daemon [_thread_blocked, id=16155, stack(0x00000001212bc000,0x00000001213bc000)]
  0x00007fa554000800 JavaThread "Finalizer" daemon [_thread_blocked, id=11523, stack(0x000000011f8ae000,0x000000011f9ae000)]
  0x00007fa552817000 JavaThread "Reference Handler" daemon [_thread_blocked, id=11011, stack(0x000000011f7ab000,0x000000011f8ab000)]

Other Threads:
  0x00007fa55301e800 VMThread [stack: 0x000000011f6a8000,0x000000011f7a8000] [id=10499]
  0x00007fa55281f000 WatcherThread [stack: 0x00000001217cb000,0x00000001218cb000] [id=18691]

VM state:not at safepoint (normal execution)

VM Mutex/Monitor currently owned by a thread: None

Heap:
 PSYoungGen      total 39936K, used 13192K [0x0000000795580000, 0x0000000798900000, 0x00000007c0000000)
  eden space 28160K, 46% used [0x0000000795580000,0x000000079624a2d0,0x0000000797100000)
  from space 11776K, 0% used [0x0000000797d80000,0x0000000797d98000,0x0000000798900000)
  to   space 12288K, 0% used [0x0000000797100000,0x0000000797100000,0x0000000797d00000)
 ParOldGen       total 87552K, used 31362K [0x0000000740000000, 0x0000000745580000, 0x0000000795580000)
  object space 87552K, 35% used [0x0000000740000000,0x0000000741ea0858,0x0000000745580000)
 Metaspace       used 19434K, capacity 19659K, committed 19968K, reserved 1067008K
  class space    used 1882K, capacity 1982K, committed 2048K, reserved 1048576K

Card table byte_map: [0x0000000118d49000,0x000000011914a000] byte_map_base: 0x0000000115349000

Marking Bits: (ParMarkBitMap*) 0x00000001092dee20
 Begin Bits: [0x0000000119801000, 0x000000011b801000)
 End Bits:   [0x000000011b801000, 0x000000011d801000)

Polling page: 0x0000000108185000

CodeCache: size=245760Kb used=7970Kb max_used=7989Kb free=237790Kb
 bounds [0x0000000109989000, 0x000000010a1a9000, 0x0000000118989000]
 total_blobs=3064 nmethods=2187 adapters=790
 compilation: enabled

Compilation events (10 events):
Event: 125.319 Thread 0x00007fa55382b800 2668       1       sun.java2d.pipe.RenderBuffer::position (11 bytes)
Event: 125.319 Thread 0x00007fa55382b800 nmethod 2668 0x0000000109f37d90 code [0x0000000109f37ee0, 0x0000000109f37ff0]
Event: 127.590 Thread 0x00007fa55405d800 2669       4       sun.java2d.SurfaceData::pixelFor (13 bytes)
Event: 127.590 Thread 0x00007fa55382a800 2670       4       java.awt.EventQueue::coalesceEvent (86 bytes)
Event: 127.591 Thread 0x00007fa55405d800 nmethod 2669 0x000000010a06c250 code [0x000000010a06c3a0, 0x000000010a06c478]
Event: 127.592 Thread 0x00007fa55382b800 2671       1       sun.java2d.SurfaceData::isValid (5 bytes)
Event: 127.593 Thread 0x00007fa55382b800 nmethod 2671 0x000000010a0bf750 code [0x000000010a0bf8a0, 0x000000010a0bf9b0]
Event: 127.595 Thread 0x00007fa55382a800 nmethod 2670 0x0000000109eeb050 code [0x0000000109eeb200, 0x0000000109eeb588]
Event: 127.613 Thread 0x00007fa55405d800 2672  s    4       sun.misc.URLClassPath::getNextLoader (88 bytes)
Event: 127.618 Thread 0x00007fa55405d800 nmethod 2672 0x000000010a036e90 code [0x000000010a037000, 0x000000010a037778]

GC Heap History (10 events):
Event: 87.577 GC heap before
{Heap before GC invocations=10 (full 0):
 PSYoungGen      total 31232K, used 30848K [0x0000000795580000, 0x0000000798f80000, 0x00000007c0000000)
  eden space 30720K, 100% used [0x0000000795580000,0x0000000797380000,0x0000000797380000)
  from space 512K, 25% used [0x0000000797400000,0x0000000797420000,0x0000000797480000)
  to   space 14336K, 0% used [0x0000000798180000,0x0000000798180000,0x0000000798f80000)
 ParOldGen       total 87552K, used 21529K [0x0000000740000000, 0x0000000745580000, 0x0000000795580000)
  object space 87552K, 24% used [0x0000000740000000,0x0000000741506548,0x0000000745580000)
 Metaspace       used 19180K, capacity 19371K, committed 19712K, reserved 1067008K
  class space    used 1873K, capacity 1950K, committed 2048K, reserved 1048576K
Event: 87.578 GC heap after
Heap after GC invocations=10 (full 0):
 PSYoungGen      total 44032K, used 96K [0x0000000795580000, 0x0000000798f00000, 0x00000007c0000000)
  eden space 30208K, 0% used [0x0000000795580000,0x0000000795580000,0x0000000797300000)
  from space 13824K, 0% used [0x0000000798180000,0x0000000798198000,0x0000000798f00000)
  to   space 14336K, 0% used [0x0000000797300000,0x0000000797300000,0x0000000798100000)
 ParOldGen       total 87552K, used 21561K [0x0000000740000000, 0x0000000745580000, 0x0000000795580000)
  object space 87552K, 24% used [0x0000000740000000,0x000000074150e548,0x0000000745580000)
 Metaspace       used 19180K, capacity 19371K, committed 19712K, reserved 1067008K
  class space    used 1873K, capacity 1950K, committed 2048K, reserved 1048576K
}
Event: 92.309 GC heap before
{Heap before GC invocations=11 (full 0):
 PSYoungGen      total 44032K, used 30181K [0x0000000795580000, 0x0000000798f00000, 0x00000007c0000000)
  eden space 30208K, 99% used [0x0000000795580000,0x00000007972e1460,0x0000000797300000)
  from space 13824K, 0% used [0x0000000798180000,0x0000000798198000,0x0000000798f00000)
  to   space 14336K, 0% used [0x0000000797300000,0x0000000797300000,0x0000000798100000)
 ParOldGen       total 87552K, used 21561K [0x0000000740000000, 0x0000000745580000, 0x0000000795580000)
  object space 87552K, 24% used [0x0000000740000000,0x000000074150e548,0x0000000745580000)
 Metaspace       used 19290K, capacity 19435K, committed 19712K, reserved 1067008K
  class space    used 1873K, capacity 1950K, committed 2048K, reserved 1048576K
Event: 92.312 GC heap after
Heap after GC invocations=11 (full 0):
 PSYoungGen      total 34304K, used 4240K [0x0000000795580000, 0x0000000798c80000, 0x00000007c0000000)
  eden space 29696K, 0% used [0x0000000795580000,0x0000000795580000,0x0000000797280000)
  from space 4608K, 92% used [0x0000000797300000,0x0000000797724288,0x0000000797780000)
  to   space 13312K, 0% used [0x0000000797f80000,0x0000000797f80000,0x0000000798c80000)
 ParOldGen       total 87552K, used 21585K [0x0000000740000000, 0x0000000745580000, 0x0000000795580000)
  object space 87552K, 24% used [0x0000000740000000,0x0000000741514548,0x0000000745580000)
 Metaspace       used 19290K, capacity 19435K, committed 19712K, reserved 1067008K
  class space    used 1873K, capacity 1950K, committed 2048K, reserved 1048576K
}
Event: 98.741 GC heap before
{Heap before GC invocations=12 (full 0):
 PSYoungGen      total 34304K, used 33885K [0x0000000795580000, 0x0000000798c80000, 0x00000007c0000000)
  eden space 29696K, 99% used [0x0000000795580000,0x00000007972733a8,0x0000000797280000)
  from space 4608K, 92% used [0x0000000797300000,0x0000000797724288,0x0000000797780000)
  to   space 13312K, 0% used [0x0000000797f80000,0x0000000797f80000,0x0000000798c80000)
 ParOldGen       total 87552K, used 21585K [0x0000000740000000, 0x0000000745580000, 0x0000000795580000)
  object space 87552K, 24% used [0x0000000740000000,0x0000000741514548,0x0000000745580000)
 Metaspace       used 19380K, capacity 19627K, committed 19968K, reserved 1067008K
  class space    used 1874K, capacity 1950K, committed 2048K, reserved 1048576K
Event: 98.744 GC heap after
Heap after GC invocations=12 (full 0):
 PSYoungGen      total 40960K, used 4800K [0x0000000795580000, 0x0000000798b00000, 0x00000007c0000000)
  eden space 29184K, 0% used [0x0000000795580000,0x0000000795580000,0x0000000797200000)
  from space 11776K, 40% used [0x0000000797f80000,0x0000000798430120,0x0000000798b00000)
  to   space 12800K, 0% used [0x0000000797200000,0x0000000797200000,0x0000000797e80000)
 ParOldGen       total 87552K, used 25345K [0x0000000740000000, 0x0000000745580000, 0x0000000795580000)
  object space 87552K, 28% used [0x0000000740000000,0x00000007418c06e8,0x0000000745580000)
 Metaspace       used 19380K, capacity 19627K, committed 19968K, reserved 1067008K
  class space    used 1874K, capacity 1950K, committed 2048K, reserved 1048576K
}
Event: 111.874 GC heap before
{Heap before GC invocations=13 (full 0):
 PSYoungGen      total 40960K, used 33984K [0x0000000795580000, 0x0000000798b00000, 0x00000007c0000000)
  eden space 29184K, 100% used [0x0000000795580000,0x0000000797200000,0x0000000797200000)
  from space 11776K, 40% used [0x0000000797f80000,0x0000000798430120,0x0000000798b00000)
  to   space 12800K, 0% used [0x0000000797200000,0x0000000797200000,0x0000000797e80000)
 ParOldGen       total 87552K, used 25345K [0x0000000740000000, 0x0000000745580000, 0x0000000795580000)
  object space 87552K, 28% used [0x0000000740000000,0x00000007418c06e8,0x0000000745580000)
 Metaspace       used 19403K, capacity 19627K, committed 19968K, reserved 1067008K
  class space    used 1874K, capacity 1950K, committed 2048K, reserved 1048576K
Event: 111.877 GC heap after
Heap after GC invocations=13 (full 0):
 PSYoungGen      total 31232K, used 2208K [0x0000000795580000, 0x0000000798980000, 0x00000007c0000000)
  eden space 28672K, 0% used [0x0000000795580000,0x0000000795580000,0x0000000797180000)
  from space 2560K, 86% used [0x0000000797200000,0x0000000797428080,0x0000000797480000)
  to   space 12288K, 0% used [0x0000000797d80000,0x0000000797d80000,0x0000000798980000)
 ParOldGen       total 87552K, used 29257K [0x0000000740000000, 0x0000000745580000, 0x0000000795580000)
  object space 87552K, 33% used [0x0000000740000000,0x0000000741c927d8,0x0000000745580000)
 Metaspace       used 19403K, capacity 19627K, committed 19968K, reserved 1067008K
  class space    used 1874K, capacity 1950K, committed 2048K, reserved 1048576K
}
Event: 123.008 GC heap before
{Heap before GC invocations=14 (full 0):
 PSYoungGen      total 31232K, used 30880K [0x0000000795580000, 0x0000000798980000, 0x00000007c0000000)
  eden space 28672K, 100% used [0x0000000795580000,0x0000000797180000,0x0000000797180000)
  from space 2560K, 86% used [0x0000000797200000,0x0000000797428080,0x0000000797480000)
  to   space 12288K, 0% used [0x0000000797d80000,0x0000000797d80000,0x0000000798980000)
 ParOldGen       total 87552K, used 29257K [0x0000000740000000, 0x0000000745580000, 0x0000000795580000)
  object space 87552K, 33% used [0x0000000740000000,0x0000000741c927d8,0x0000000745580000)
 Metaspace       used 19403K, capacity 19627K, committed 19968K, reserved 1067008K
  class space    used 1874K, capacity 1950K, committed 2048K, reserved 1048576K
Event: 123.009 GC heap after
Heap after GC invocations=14 (full 0):
 PSYoungGen      total 39936K, used 96K [0x0000000795580000, 0x0000000798900000, 0x00000007c0000000)
  eden space 28160K, 0% used [0x0000000795580000,0x0000000795580000,0x0000000797100000)
  from space 11776K, 0% used [0x0000000797d80000,0x0000000797d98000,0x0000000798900000)
  to   space 12288K, 0% used [0x0000000797100000,0x0000000797100000,0x0000000797d00000)
 ParOldGen       total 87552K, used 31362K [0x0000000740000000, 0x0000000745580000, 0x0000000795580000)
  object space 87552K, 35% used [0x0000000740000000,0x0000000741ea0858,0x0000000745580000)
 Metaspace       used 19403K, capacity 19627K, committed 19968K, reserved 1067008K
  class space    used 1874K, capacity 1950K, committed 2048K, reserved 1048576K
}

Deoptimization events (10 events):
Event: 127.606 Thread 0x00007fa5539ea000 Uncommon trap: reason=unstable_if action=reinterpret pc=0x0000000109e97a5c method=java.awt.EventQueue.getPriority(Ljava/awt/AWTEvent;)I @ 71
Event: 127.606 Thread 0x00007fa5539ea000 Uncommon trap: reason=class_check action=maybe_recompile pc=0x0000000109f60e0c method=java.awt.Component.getGraphics()Ljava/awt/Graphics; @ 114
Event: 127.606 Thread 0x00007fa55438f000 Uncommon trap: reason=class_check action=maybe_recompile pc=0x0000000109e02050 method=java.awt.event.InvocationEvent.dispatch()V @ 11
Event: 127.607 Thread 0x00007fa55394e800 Uncommon trap: reason=class_check action=maybe_recompile pc=0x000000010a089600 method=com.jogamp.common.util.RunnableTask.run()V @ 24
Event: 127.607 Thread 0x00007fa55394e800 Uncommon trap: reason=unstable_if action=reinterpret pc=0x0000000109e31b3c method=jogamp.nativewindow.macosx.OSXUtil.RunOnMainThread(ZZLjava/lang/Runnable;)V @ 3
Event: 127.611 Thread 0x00007fa55438f000 Uncommon trap: reason=unstable_if action=reinterpret pc=0x0000000109fb6b98 method=jogamp.opengl.GLContextImpl.release(Z)V @ 161
Event: 127.613 Thread 0x00007fa55438f000 Uncommon trap: reason=unstable_if action=reinterpret pc=0x0000000109ec3dd8 method=java.util.LinkedList$ListItr.<init>(Ljava/util/LinkedList;I)V @ 26
Event: 127.614 Thread 0x00007fa55438f000 Uncommon trap: reason=unstable_if action=reinterpret pc=0x000000010a0d4b9c method=java.security.AccessControlContext.optimize()Ljava/security/AccessControlContext; @ 233
Event: 127.618 Thread 0x00007fa5539ea000 Uncommon trap: reason=class_check action=maybe_recompile pc=0x0000000109f60e0c method=java.awt.Component.getGraphics()Ljava/awt/Graphics; @ 114
Event: 127.628 Thread 0x00007fa55394e800 Uncommon trap: reason=class_check action=maybe_recompile pc=0x000000010a089600 method=com.jogamp.common.util.RunnableTask.run()V @ 24

Internal exceptions (10 events):
Event: 0.155 Thread 0x00007fa553001000 Exception <a 'java/lang/NoSuchFieldError': method resolution failed> (0x000000079587ccf8) thrown at [/Users/java_re/workspace/8-2-build-macosx-x86_64/jdk8u60/4407/hotspot/src/share/vm/prims/methodHandles.cpp, line 1146]
Event: 0.157 Thread 0x00007fa553001000 Exception <a 'java/lang/NoSuchFieldError': method resolution failed> (0x000000079588a4c8) thrown at [/Users/java_re/workspace/8-2-build-macosx-x86_64/jdk8u60/4407/hotspot/src/share/vm/prims/methodHandles.cpp, line 1146]
Event: 0.310 Thread 0x00007fa553001000 Exception <a 'java/io/FileNotFoundException'> (0x0000000795906320) thrown at [/Users/java_re/workspace/8-2-build-macosx-x86_64/jdk8u60/4407/hotspot/src/share/vm/prims/jni.cpp, line 709]
Event: 0.310 Thread 0x00007fa553001000 Exception <a 'java/io/FileNotFoundException'> (0x0000000795906ea8) thrown at [/Users/java_re/workspace/8-2-build-macosx-x86_64/jdk8u60/4407/hotspot/src/share/vm/prims/jni.cpp, line 709]
Event: 0.412 Thread 0x00007fa553001000 Exception <a 'java/io/FileNotFoundException'> (0x0000000795a58688) thrown at [/Users/java_re/workspace/8-2-build-macosx-x86_64/jdk8u60/4407/hotspot/src/share/vm/prims/jni.cpp, line 709]
Event: 1.740 Thread 0x00007fa553b38800 Exception <a 'java/lang/UnsatisfiedLinkError': com.jogamp.common.util.JarUtil.fixNativeLibAttribs(Ljava/lang/String;)Z> (0x0000000796d9e390) thrown at [/Users/java_re/workspace/8-2-build-macosx-x86_64/jdk8u60/4407/hotspot/src/share/vm/prims/nativeLookup.c
Event: 1.951 Thread 0x00007fa554000800 Exception <a 'java/lang/NullPointerException'> (0x00000007956a33b0) thrown at [/Users/java_re/workspace/8-2-build-macosx-x86_64/jdk8u60/4407/hotspot/src/share/vm/interpreter/linkResolver.cpp, line 1178]
Event: 2.493 Thread 0x00007fa55438f000 Exception <a 'java/io/FileNotFoundException'> (0x0000000796385be8) thrown at [/Users/java_re/workspace/8-2-build-macosx-x86_64/jdk8u60/4407/hotspot/src/share/vm/prims/jni.cpp, line 709]
Event: 2.493 Thread 0x00007fa55438f000 Exception <a 'java/io/FileNotFoundException'> (0x0000000796393160) thrown at [/Users/java_re/workspace/8-2-build-macosx-x86_64/jdk8u60/4407/hotspot/src/share/vm/prims/jni.cpp, line 709]
Event: 2.493 Thread 0x00007fa55438f000 Implicit null exception at 0x0000000109b37cf5 to 0x0000000109b38059

Events (10 events):
Event: 127.614 loading class java/awt/Toolkit$ToolkitEventMulticaster done
Event: 127.615 Thread 0x00007fa5539c6000 Thread exited: 0x00007fa5539c6000
Event: 127.615 loading class java/awt/Window$1DisposeAction
Event: 127.615 loading class java/awt/Window$1DisposeAction done
Event: 127.618 Thread 0x00007fa5539ea000 Uncommon trap: trap_request=0xffffffde fr.pc=0x0000000109f60e0c
Event: 127.618 Thread 0x00007fa5539ea000 DEOPT PACKING pc=0x0000000109f60e0c sp=0x000000012801fc00
Event: 127.618 Thread 0x00007fa5539ea000 DEOPT UNPACKING pc=0x000000010998e229 sp=0x000000012801fc00 mode 2
Event: 127.628 Thread 0x00007fa55394e800 Uncommon trap: trap_request=0xffffffde fr.pc=0x000000010a089600
Event: 127.628 Thread 0x00007fa55394e800 DEOPT PACKING pc=0x000000010a089600 sp=0x00007fff57cd2570
Event: 127.628 Thread 0x00007fa55394e800 DEOPT UNPACKING pc=0x000000010998e229 sp=0x00007fff57cd2518 mode 2


Dynamic libraries:
0x000000000d13d000 	/System/Library/Frameworks/Cocoa.framework/Versions/A/Cocoa
0x000000000d13d000 	/System/Library/Frameworks/Security.framework/Versions/A/Security
0x000000000d13d000 	/System/Library/Frameworks/ApplicationServices.framework/Versions/A/ApplicationServices
0x000000000d13d000 	/usr/lib/libz.1.dylib
0x000000000d13d000 	/usr/lib/libSystem.B.dylib
0x000000000d13d000 	/usr/lib/libobjc.A.dylib
0x000000000d13d000 	/System/Library/Frameworks/CoreFoundation.framework/Versions/A/CoreFoundation
0x000000000d13d000 	/System/Library/Frameworks/Foundation.framework/Versions/C/Foundation
0x000000000d13d000 	/System/Library/Frameworks/AppKit.framework/Versions/C/AppKit
0x000000000d13d000 	/System/Library/Frameworks/CoreData.framework/Versions/A/CoreData
0x000000000d13d000 	/System/Library/PrivateFrameworks/RemoteViewServices.framework/Versions/A/RemoteViewServices
0x000000000d13d000 	/System/Library/PrivateFrameworks/UIFoundation.framework/Versions/A/UIFoundation
0x000000000d13d000 	/System/Library/Frameworks/IOSurface.framework/Versions/A/IOSurface
0x000000000d13d000 	/System/Library/Frameworks/AudioToolbox.framework/Versions/A/AudioToolbox
0x000000000d13d000 	/System/Library/Frameworks/AudioUnit.framework/Versions/A/AudioUnit
0x000000000d13d000 	/System/Library/PrivateFrameworks/DataDetectorsCore.framework/Versions/A/DataDetectorsCore
0x000000000d13d000 	/System/Library/PrivateFrameworks/DesktopServicesPriv.framework/Versions/A/DesktopServicesPriv
0x000000000d13d000 	/System/Library/Frameworks/Carbon.framework/Versions/A/Frameworks/HIToolbox.framework/Versions/A/HIToolbox
0x000000000d13d000 	/System/Library/Frameworks/QuartzCore.framework/Versions/A/QuartzCore
0x000000000d13d000 	/System/Library/Frameworks/Carbon.framework/Versions/A/Frameworks/SpeechRecognition.framework/Versions/A/SpeechRecognition
0x000000000d13d000 	/usr/lib/libauto.dylib
0x000000000d13d000 	/usr/lib/libicucore.A.dylib
0x000000000d13d000 	/usr/lib/libxml2.2.dylib
0x000000000d13d000 	/System/Library/PrivateFrameworks/CoreUI.framework/Versions/A/CoreUI
0x000000000d13d000 	/System/Library/Frameworks/CoreAudio.framework/Versions/A/CoreAudio
0x000000000d13d000 	/System/Library/Frameworks/DiskArbitration.framework/Versions/A/DiskArbitration
0x000000000d13d000 	/usr/lib/liblangid.dylib
0x000000000d13d000 	/System/Library/PrivateFrameworks/MultitouchSupport.framework/Versions/A/MultitouchSupport
0x000000000d13d000 	/System/Library/Frameworks/IOKit.framework/Versions/A/IOKit
0x000000000d13d000 	/usr/lib/libDiagnosticMessagesClient.dylib
0x000000000d13d000 	/System/Library/Frameworks/CoreServices.framework/Versions/A/CoreServices
0x000000000d13d000 	/System/Library/PrivateFrameworks/PerformanceAnalysis.framework/Versions/A/PerformanceAnalysis
0x000000000d13d000 	/System/Library/PrivateFrameworks/GenerationalStorage.framework/Versions/A/GenerationalStorage
0x000000000d13d000 	/System/Library/Frameworks/OpenGL.framework/Versions/A/OpenGL
0x000000000d13d000 	/System/Library/PrivateFrameworks/Sharing.framework/Versions/A/Sharing
0x000000000d13d000 	/System/Library/Frameworks/CoreGraphics.framework/Versions/A/CoreGraphics
0x000000000d13d000 	/System/Library/Frameworks/CoreText.framework/Versions/A/CoreText
0x000000000d13d000 	/System/Library/Frameworks/ImageIO.framework/Versions/A/ImageIO
0x000000000d13d000 	/usr/lib/libextension.dylib
0x000000000d13d000 	/System/Library/PrivateFrameworks/Backup.framework/Versions/A/Backup
0x000000000d13d000 	/usr/lib/libarchive.2.dylib
0x000000000d13d000 	/System/Library/Frameworks/CFNetwork.framework/Versions/A/CFNetwork
0x000000000d13d000 	/System/Library/Frameworks/SystemConfiguration.framework/Versions/A/SystemConfiguration
0x000000000d13d000 	/usr/lib/libCRFSuite.dylib
0x000000000d13d000 	/usr/lib/libc++.1.dylib
0x000000000d13d000 	/usr/lib/libc++abi.dylib
0x000000000d13d000 	/usr/lib/system/libcache.dylib
0x000000000d13d000 	/usr/lib/system/libcommonCrypto.dylib
0x000000000d13d000 	/usr/lib/system/libcompiler_rt.dylib
0x000000000d13d000 	/usr/lib/system/libcopyfile.dylib
0x000000000d13d000 	/usr/lib/system/libcorecrypto.dylib
0x000000000d13d000 	/usr/lib/system/libdispatch.dylib
0x000000000d13d000 	/usr/lib/system/libdyld.dylib
0x000000000d13d000 	/usr/lib/system/libkeymgr.dylib
0x000000000d13d000 	/usr/lib/system/liblaunch.dylib
0x000000000d13d000 	/usr/lib/system/libmacho.dylib
0x000000000d13d000 	/usr/lib/system/libquarantine.dylib
0x000000000d13d000 	/usr/lib/system/libremovefile.dylib
0x000000000d13d000 	/usr/lib/system/libsystem_asl.dylib
0x000000000d13d000 	/usr/lib/system/libsystem_blocks.dylib
0x000000000d13d000 	/usr/lib/system/libsystem_c.dylib
0x000000000d13d000 	/usr/lib/system/libsystem_configuration.dylib
0x000000000d13d000 	/usr/lib/system/libsystem_coreservices.dylib
0x000000000d13d000 	/usr/lib/system/libsystem_coretls.dylib
0x000000000d13d000 	/usr/lib/system/libsystem_dnssd.dylib
0x000000000d13d000 	/usr/lib/system/libsystem_info.dylib
0x000000000d13d000 	/usr/lib/system/libsystem_kernel.dylib
0x000000000d13d000 	/usr/lib/system/libsystem_m.dylib
0x000000000d13d000 	/usr/lib/system/libsystem_malloc.dylib
0x000000000d13d000 	/usr/lib/system/libsystem_network.dylib
0x000000000d13d000 	/usr/lib/system/libsystem_networkextension.dylib
0x000000000d13d000 	/usr/lib/system/libsystem_notify.dylib
0x000000000d13d000 	/usr/lib/system/libsystem_platform.dylib
0x000000000d13d000 	/usr/lib/system/libsystem_pthread.dylib
0x000000000d13d000 	/usr/lib/system/libsystem_sandbox.dylib
0x000000000d13d000 	/usr/lib/system/libsystem_secinit.dylib
0x000000000d13d000 	/usr/lib/system/libsystem_stats.dylib
0x000000000d13d000 	/usr/lib/system/libsystem_trace.dylib
0x000000000d13d000 	/usr/lib/system/libunc.dylib
0x000000000d13d000 	/usr/lib/system/libunwind.dylib
0x000000000d13d000 	/usr/lib/system/libxpc.dylib
0x000000000d13d000 	/usr/lib/libbz2.1.0.dylib
0x000000000d13d000 	/usr/lib/liblzma.5.dylib
0x000000000d13d000 	/usr/lib/libbsm.0.dylib
0x000000000d13d000 	/usr/lib/libsqlite3.dylib
0x000000000d13d000 	/usr/lib/system/libkxld.dylib
0x000000000d13d000 	/usr/lib/libxar.1.dylib
0x000000000d13d000 	/usr/lib/libpam.2.dylib
0x000000000d13d000 	/usr/lib/libOpenScriptingUtil.dylib
0x000000000d13d000 	/System/Library/Frameworks/CoreServices.framework/Versions/A/Frameworks/FSEvents.framework/Versions/A/FSEvents
0x000000000d13d000 	/System/Library/Frameworks/CoreServices.framework/Versions/A/Frameworks/CarbonCore.framework/Versions/A/CarbonCore
0x000000000d13d000 	/System/Library/Frameworks/CoreServices.framework/Versions/A/Frameworks/Metadata.framework/Versions/A/Metadata
0x000000000d13d000 	/System/Library/Frameworks/CoreServices.framework/Versions/A/Frameworks/OSServices.framework/Versions/A/OSServices
0x000000000d13d000 	/System/Library/Frameworks/CoreServices.framework/Versions/A/Frameworks/SearchKit.framework/Versions/A/SearchKit
0x000000000d13d000 	/System/Library/Frameworks/CoreServices.framework/Versions/A/Frameworks/AE.framework/Versions/A/AE
0x000000000d13d000 	/System/Library/Frameworks/CoreServices.framework/Versions/A/Frameworks/LaunchServices.framework/Versions/A/LaunchServices
0x000000000d13d000 	/System/Library/Frameworks/CoreServices.framework/Versions/A/Frameworks/DictionaryServices.framework/Versions/A/DictionaryServices
0x000000000d13d000 	/System/Library/Frameworks/NetFS.framework/Versions/A/NetFS
0x000000000d13d000 	/System/Library/PrivateFrameworks/NetAuth.framework/Versions/A/NetAuth
0x000000000d13d000 	/System/Library/PrivateFrameworks/login.framework/Versions/A/Frameworks/loginsupport.framework/Versions/A/loginsupport
0x000000000d13d000 	/System/Library/PrivateFrameworks/TCC.framework/Versions/A/TCC
0x000000000d13d000 	/usr/lib/libmecabra.dylib
0x000000000d13d000 	/System/Library/Frameworks/ApplicationServices.framework/Versions/A/Frameworks/ATS.framework/Versions/A/ATS
0x000000000d13d000 	/System/Library/Frameworks/ApplicationServices.framework/Versions/A/Frameworks/ColorSync.framework/Versions/A/ColorSync
0x000000000d13d000 	/System/Library/Frameworks/ApplicationServices.framework/Versions/A/Frameworks/HIServices.framework/Versions/A/HIServices
0x000000000d13d000 	/System/Library/Frameworks/ApplicationServices.framework/Versions/A/Frameworks/LangAnalysis.framework/Versions/A/LangAnalysis
0x000000000d13d000 	/System/Library/Frameworks/ApplicationServices.framework/Versions/A/Frameworks/PrintCore.framework/Versions/A/PrintCore
0x000000000d13d000 	/System/Library/Frameworks/ApplicationServices.framework/Versions/A/Frameworks/QD.framework/Versions/A/QD
0x000000000d13d000 	/System/Library/Frameworks/ApplicationServices.framework/Versions/A/Frameworks/SpeechSynthesis.framework/Versions/A/SpeechSynthesis
0x000000000d13d000 	/System/Library/Frameworks/Accelerate.framework/Versions/A/Accelerate
0x000000000d13d000 	/System/Library/Frameworks/Accelerate.framework/Versions/A/Frameworks/vImage.framework/Versions/A/vImage
0x000000000d13d000 	/System/Library/Frameworks/Accelerate.framework/Versions/A/Frameworks/vecLib.framework/Versions/A/vecLib
0x000000000d13d000 	/System/Library/Frameworks/Accelerate.framework/Versions/A/Frameworks/vecLib.framework/Versions/A/libvDSP.dylib
0x000000000d13d000 	/System/Library/Frameworks/Accelerate.framework/Versions/A/Frameworks/vecLib.framework/Versions/A/libvMisc.dylib
0x000000000d13d000 	/System/Library/Frameworks/Accelerate.framework/Versions/A/Frameworks/vecLib.framework/Versions/A/libLAPACK.dylib
0x000000000d13d000 	/System/Library/Frameworks/Accelerate.framework/Versions/A/Frameworks/vecLib.framework/Versions/A/libBLAS.dylib
0x000000000d13d000 	/System/Library/Frameworks/Accelerate.framework/Versions/A/Frameworks/vecLib.framework/Versions/A/libLinearAlgebra.dylib
0x000000000d13d000 	/System/Library/Frameworks/ApplicationServices.framework/Versions/A/Frameworks/ATS.framework/Versions/A/Resources/libFontParser.dylib
0x000000000d13d000 	/System/Library/Frameworks/ApplicationServices.framework/Versions/A/Frameworks/ATS.framework/Versions/A/Resources/libFontRegistry.dylib
0x000000000d13d000 	/System/Library/PrivateFrameworks/AppleVPA.framework/Versions/A/AppleVPA
0x000000000d13d000 	/System/Library/PrivateFrameworks/AppleJPEG.framework/Versions/A/AppleJPEG
0x000000000d13d000 	/System/Library/Frameworks/ImageIO.framework/Versions/A/Resources/libJPEG.dylib
0x000000000d13d000 	/System/Library/Frameworks/ImageIO.framework/Versions/A/Resources/libTIFF.dylib
0x000000000d13d000 	/System/Library/Frameworks/ImageIO.framework/Versions/A/Resources/libPng.dylib
0x000000000d13d000 	/System/Library/Frameworks/ImageIO.framework/Versions/A/Resources/libGIF.dylib
0x000000000d13d000 	/System/Library/Frameworks/ImageIO.framework/Versions/A/Resources/libJP2.dylib
0x000000000d13d000 	/System/Library/Frameworks/ImageIO.framework/Versions/A/Resources/libRadiance.dylib
0x000000000d13d000 	/System/Library/Frameworks/CoreVideo.framework/Versions/A/CoreVideo
0x000000000d13d000 	/System/Library/Frameworks/OpenGL.framework/Versions/A/Libraries/libGLU.dylib
0x000000000d13d000 	/System/Library/Frameworks/OpenGL.framework/Versions/A/Libraries/libGFXShared.dylib
0x000000000d13d000 	/System/Library/Frameworks/OpenGL.framework/Versions/A/Libraries/libGL.dylib
0x000000000d13d000 	/System/Library/Frameworks/OpenGL.framework/Versions/A/Libraries/libGLImage.dylib
0x000000000d13d000 	/System/Library/Frameworks/OpenGL.framework/Versions/A/Libraries/libCVMSPluginSupport.dylib
0x000000000d13d000 	/System/Library/Frameworks/OpenGL.framework/Versions/A/Libraries/libCoreVMClient.dylib
0x000000000d13d000 	/usr/lib/libcups.2.dylib
0x000000000d13d000 	/System/Library/Frameworks/Kerberos.framework/Versions/A/Kerberos
0x000000000d13d000 	/System/Library/Frameworks/GSS.framework/Versions/A/GSS
0x000000000d13d000 	/usr/lib/libresolv.9.dylib
0x000000000d13d000 	/usr/lib/libiconv.2.dylib
0x000000000d13d000 	/System/Library/PrivateFrameworks/Heimdal.framework/Versions/A/Heimdal
0x000000000d13d000 	/usr/lib/libheimdal-asn1.dylib
0x000000000d13d000 	/System/Library/Frameworks/OpenDirectory.framework/Versions/A/OpenDirectory
0x000000000d13d000 	/System/Library/PrivateFrameworks/CommonAuth.framework/Versions/A/CommonAuth
0x000000000d13d000 	/System/Library/Frameworks/OpenDirectory.framework/Versions/A/Frameworks/CFOpenDirectory.framework/Versions/A/CFOpenDirectory
0x000000000d13d000 	/System/Library/Frameworks/SecurityFoundation.framework/Versions/A/SecurityFoundation
0x000000000d13d000 	/System/Library/PrivateFrameworks/LanguageModeling.framework/Versions/A/LanguageModeling
0x000000000d13d000 	/usr/lib/libcmph.dylib
0x000000000d13d000 	/System/Library/Frameworks/ServiceManagement.framework/Versions/A/ServiceManagement
0x000000000d13d000 	/usr/lib/libxslt.1.dylib
0x000000000d13d000 	/System/Library/Frameworks/Carbon.framework/Versions/A/Frameworks/Ink.framework/Versions/A/Ink
0x000000000d13d000 	/System/Library/Frameworks/QuartzCore.framework/Versions/A/Frameworks/CoreImage.framework/Versions/A/CoreImage
0x000000000d13d000 	/System/Library/PrivateFrameworks/CrashReporterSupport.framework/Versions/A/CrashReporterSupport
0x000000000d13d000 	/System/Library/Frameworks/OpenCL.framework/Versions/A/OpenCL
0x000000000d13d000 	/System/Library/PrivateFrameworks/FaceCore.framework/Versions/A/FaceCore
0x000000000d13d000 	/System/Library/PrivateFrameworks/Ubiquity.framework/Versions/A/Ubiquity
0x000000000d13d000 	/System/Library/PrivateFrameworks/IconServices.framework/Versions/A/IconServices
0x000000000d13d000 	/System/Library/PrivateFrameworks/ChunkingLibrary.framework/Versions/A/ChunkingLibrary
0x000000000d13d000 	/System/Library/PrivateFrameworks/Apple80211.framework/Versions/A/Apple80211
0x000000000d13d000 	/System/Library/Frameworks/CoreWLAN.framework/Versions/A/CoreWLAN
0x000000000d13d000 	/System/Library/Frameworks/IOBluetooth.framework/Versions/A/IOBluetooth
0x000000000d13d000 	/System/Library/PrivateFrameworks/CoreWiFi.framework/Versions/A/CoreWiFi
0x000000000d13d000 	/System/Library/Frameworks/CoreBluetooth.framework/Versions/A/CoreBluetooth
0x000000000d13d000 	/System/Library/PrivateFrameworks/DebugSymbols.framework/Versions/A/DebugSymbols
0x000000000d13d000 	/System/Library/PrivateFrameworks/CoreSymbolication.framework/Versions/A/CoreSymbolication
0x000000000d13d000 	/System/Library/PrivateFrameworks/Symbolication.framework/Versions/A/Symbolication
0x000000000d13d000 	/System/Library/PrivateFrameworks/SpeechRecognitionCore.framework/Versions/A/SpeechRecognitionCore
0x0000000108a00000 	/Library/Java/JavaVirtualMachines/jdk1.8.0_60.jdk/Contents/Home/jre/lib/server/libjvm.dylib
0x000000000d13d000 	/usr/lib/libstdc++.6.dylib
0x0000000108142000 	/Library/Java/JavaVirtualMachines/jdk1.8.0_60.jdk/Contents/Home/jre/lib/libverify.dylib
0x0000000108150000 	/Library/Java/JavaVirtualMachines/jdk1.8.0_60.jdk/Contents/Home/jre/lib/libjava.dylib
0x000000010818f000 	/Library/Java/JavaVirtualMachines/jdk1.8.0_60.jdk/Contents/Home/jre/lib/libzip.dylib
0x000000011f9b0000 	/System/Library/Frameworks/JavaVM.framework/Frameworks/JavaRuntimeSupport.framework/JavaRuntimeSupport
0x00000001081e9000 	/System/Library/Frameworks/JavaVM.framework/Versions/A/Frameworks/JavaNativeFoundation.framework/Versions/A/JavaNativeFoundation
0x000000011f9c8000 	/System/Library/Frameworks/JavaVM.framework/Versions/A/JavaVM
0x000000000d13d000 	/System/Library/Frameworks/Carbon.framework/Versions/A/Carbon
0x000000011f9d5000 	/System/Library/PrivateFrameworks/JavaLaunching.framework/Versions/A/JavaLaunching
0x000000000d13d000 	/System/Library/Frameworks/Carbon.framework/Versions/A/Frameworks/CommonPanels.framework/Versions/A/CommonPanels
0x000000000d13d000 	/System/Library/Frameworks/Carbon.framework/Versions/A/Frameworks/Help.framework/Versions/A/Help
0x000000000d13d000 	/System/Library/Frameworks/Carbon.framework/Versions/A/Frameworks/ImageCapture.framework/Versions/A/ImageCapture
0x000000000d13d000 	/System/Library/Frameworks/Carbon.framework/Versions/A/Frameworks/OpenScripting.framework/Versions/A/OpenScripting
0x000000000d13d000 	/System/Library/Frameworks/Carbon.framework/Versions/A/Frameworks/Print.framework/Versions/A/Print
0x000000000d13d000 	/System/Library/Frameworks/Carbon.framework/Versions/A/Frameworks/SecurityHI.framework/Versions/A/SecurityHI
0x0000000121909000 	/Library/Java/JavaVirtualMachines/jdk1.8.0_60.jdk/Contents/Home/jre/lib/libawt.dylib
0x00000001219b1000 	/Library/Java/JavaVirtualMachines/jdk1.8.0_60.jdk/Contents/Home/jre/lib/./libmlib_image.dylib
0x0000000121a7d000 	/Library/Java/JavaVirtualMachines/jdk1.8.0_60.jdk/Contents/Home/jre/lib/libawt_lwawt.dylib
0x0000000121b32000 	/Library/Java/JavaVirtualMachines/jdk1.8.0_60.jdk/Contents/Home/jre/lib/./libosxapp.dylib
0x000000000d13d000 	/System/Library/Frameworks/ExceptionHandling.framework/Versions/A/ExceptionHandling
0x000000000d13d000 	/System/Library/PrivateFrameworks/CoreServicesInternal.framework/Versions/A/CoreServicesInternal
0x000000000d13d000 	/System/Library/PrivateFrameworks/CloudDocs.framework/Versions/A/CloudDocs
0x000000000d13d000 	/System/Library/PrivateFrameworks/CoreDuet.framework/Versions/A/CoreDuet
0x000000000d13d000 	/System/Library/Frameworks/CloudKit.framework/Versions/A/CloudKit
0x000000000d13d000 	/System/Library/PrivateFrameworks/ProtocolBuffer.framework/Versions/A/ProtocolBuffer
0x000000000d13d000 	/System/Library/PrivateFrameworks/CoreDuetDaemonProtocol.framework/Versions/A/CoreDuetDaemonProtocol
0x000000000d13d000 	/System/Library/PrivateFrameworks/CoreDuetDebugLogging.framework/Versions/A/CoreDuetDebugLogging
0x000000000d13d000 	/System/Library/PrivateFrameworks/MMCS.framework/Versions/A/MMCS
0x000000000d13d000 	/System/Library/Frameworks/CoreLocation.framework/Versions/A/CoreLocation
0x000000000d13d000 	/System/Library/PrivateFrameworks/ProtectedCloudStorage.framework/Versions/A/ProtectedCloudStorage
0x000000000d13d000 	/System/Library/PrivateFrameworks/GeoServices.framework/Versions/A/GeoServices
0x000000000d13d000 	/System/Library/Frameworks/CoreGraphics.framework/Versions/A/Resources/libCGCMS.A.dylib
0x000000000d13d000 	/System/Library/Frameworks/CoreGraphics.framework/Versions/A/Resources/libRIP.A.dylib
0x000000000d13d000 	/System/Library/Frameworks/CoreGraphics.framework/Versions/A/Resources/libCGXType.A.dylib
0x000000000d13d000 	/System/Library/Frameworks/OpenCL.framework/Versions/A/Libraries/libcldcpuengine.dylib
0x000000000d13d000 	/System/Library/PrivateFrameworks/DiskImages.framework/Versions/A/DiskImages
0x000000000d13d000 	/System/Library/Frameworks/DiscRecording.framework/Versions/A/DiscRecording
0x000000000d13d000 	/usr/lib/libcsfde.dylib
0x000000000d13d000 	/usr/lib/libcurl.4.dylib
0x000000000d13d000 	/System/Library/PrivateFrameworks/MediaKit.framework/Versions/A/MediaKit
0x000000000d13d000 	/usr/lib/libCoreStorage.dylib
0x000000000d13d000 	/System/Library/PrivateFrameworks/EFILogin.framework/Versions/A/EFILogin
0x000000000d13d000 	/usr/lib/libutil.dylib
0x000000000d13d000 	/System/Library/PrivateFrameworks/FindMyDevice.framework/Versions/A/FindMyDevice
0x000000000d13d000 	/System/Library/Frameworks/LDAP.framework/Versions/A/LDAP
0x000000000d13d000 	/usr/lib/libsasl2.2.dylib
0x000000000d13d000 	/System/Library/PrivateFrameworks/CoreDaemon.framework/Versions/B/CoreDaemon
0x000000000d13d000 	/usr/lib/libcrypto.0.9.8.dylib
0x000000000d13d000 	/System/Library/PrivateFrameworks/AppleSRP.framework/Versions/A/AppleSRP
0x000000000d13d000 	/System/Library/PrivateFrameworks/TrustEvaluationAgent.framework/Versions/A/TrustEvaluationAgent
0x0000000124a49000 	cl_kernels
0x0000000124a4b000 	/System/Library/Frameworks/OpenCL.framework/Versions/A/Libraries/ImageFormats/unorm8_bgra.dylib
0x0000000124b75000 	cl_kernels
0x000000000d13d000 	/System/Library/PrivateFrameworks/FamilyControls.framework/Versions/A/FamilyControls
0x000000000d13d000 	/System/Library/PrivateFrameworks/CommerceKit.framework/Versions/A/Frameworks/CommerceCore.framework/Versions/A/CommerceCore
0x000000000d13d000 	/System/Library/PrivateFrameworks/SystemAdministration.framework/Versions/A/SystemAdministration
0x000000000d13d000 	/System/Library/PrivateFrameworks/AppContainer.framework/Versions/A/AppContainer
0x000000000d13d000 	/System/Library/PrivateFrameworks/SecCodeWrapper.framework/Versions/A/SecCodeWrapper
0x000000000d13d000 	/System/Library/Frameworks/DirectoryService.framework/Versions/A/DirectoryService
0x000000000d13d000 	/System/Library/PrivateFrameworks/LoginUIKit.framework/Versions/A/Frameworks/LoginUICore.framework/Versions/A/LoginUICore
0x000000000d13d000 	/usr/lib/libodfde.dylib
0x000000000d13d000 	/System/Library/Frameworks/OpenGL.framework/Versions/A/Resources/GLEngine.bundle/GLEngine
0x000000000d13d000 	/System/Library/Frameworks/OpenGL.framework/Versions/A/Libraries/libGLProgrammability.dylib
0x0000000125d70000 	/System/Library/Extensions/AppleIntelHD5000GraphicsGLDriver.bundle/Contents/MacOS/AppleIntelHD5000GraphicsGLDriver
0x000000000d13d000 	/System/Library/PrivateFrameworks/IOAccelerator.framework/Versions/A/IOAccelerator
0x000000000d13d000 	/System/Library/PrivateFrameworks/GPUSupport.framework/Versions/A/Libraries/libGPUSupportMercury.dylib
0x000000000d13d000 	/System/Library/Frameworks/OpenGL.framework/Versions/A/Resources/GLRendererFloat.bundle/GLRendererFloat
0x0000000126de2000 	/Library/Java/JavaVirtualMachines/jdk1.8.0_60.jdk/Contents/Home/jre/lib/libfontmanager.dylib
0x0000000128024000 	/Library/Java/JavaVirtualMachines/jdk1.8.0_60.jdk/Contents/Home/jre/lib/libosxui.dylib
0x00000001280e2000 	/Library/Java/JavaVirtualMachines/jdk1.8.0_60.jdk/Contents/Home/jre/lib/libnet.dylib
0x0000000128321000 	/Library/Java/JavaVirtualMachines/jdk1.8.0_60.jdk/Contents/Home/jre/lib/libnio.dylib
0x000000000d13d000 	/System/Library/Frameworks/ApplicationServices.framework/Versions/A/Frameworks/ATS.framework/Versions/A/Resources/libTrueTypeScaler.dylib
0x000000017b3b1000 	/private/var/folders/x9/z_v5q4vx5yx_kt718rrfk_lm0000gn/T/jogamp_0000/file_cache/jln978124971044908153/jln1534839621830475779/libgluegen-rt.jnilib
0x00000001280f9000 	/private/var/folders/x9/z_v5q4vx5yx_kt718rrfk_lm0000gn/T/jogamp_0000/file_cache/jln978124971044908153/jln1534839621830475779/libnativewindow_awt.jnilib
0x000000017b3b5000 	/Library/Java/JavaVirtualMachines/jdk1.8.0_60.jdk/Contents/Home/jre/lib/libjawt.dylib
0x000000017b3b8000 	/private/var/folders/x9/z_v5q4vx5yx_kt718rrfk_lm0000gn/T/jogamp_0000/file_cache/jln978124971044908153/jln1534839621830475779/libnativewindow_macosx.jnilib
0x000000017d375000 	/private/var/folders/x9/z_v5q4vx5yx_kt718rrfk_lm0000gn/T/jogamp_0000/file_cache/jln978124971044908153/jln1534839621830475779/libjogl_desktop.jnilib

VM Arguments:
jvm_args: -Djava.security.policy=java.policy.applet -Dfile.encoding=UTF-8 
java_command: sun.applet.AppletViewer HelloUCSDWorld1444252512581.html
java_class_path (initial): /Users/gregorymankes/Google Drive/Udacity and Other Courses/Coursera/Data Structures Specialization/Course 1/Code/UCSDUnfoldingMaps/build:/Users/gregorymankes/Google Drive/Udacity and Other Courses/Coursera/Data Structures Specialization/Course 1/Code/UCSDUnfoldingMaps/lib/core.jar:/Users/gregorymankes/Google Drive/Udacity and Other Courses/Coursera/Data Structures Specialization/Course 1/Code/UCSDUnfoldingMaps/lib/gluegen-rt.jar:/Users/gregorymankes/Google Drive/Udacity and Other Courses/Coursera/Data Structures Specialization/Course 1/Code/UCSDUnfoldingMaps/lib/jogl-all.jar:/Users/gregorymankes/Google Drive/Udacity and Other Courses/Coursera/Data Structures Specialization/Course 1/Code/UCSDUnfoldingMaps/lib/log4j-1.2.15.jar:/Users/gregorymankes/Google Drive/Udacity and Other Courses/Coursera/Data Structures Specialization/Course 1/Code/UCSDUnfoldingMaps/lib/sqlite-jdbc-3.7.2.jar:/Users/gregorymankes/Google Drive/Udacity and Other Courses/Coursera/Data Structures Specialization/Course 1/Code/UCSDUnfoldingMaps/lib/json4processing.jar:/Users/gregorymankes/Google Drive/Udacity and Other Courses/Coursera/Data Structures Specialization/Course 1/Code/UCSDUnfoldingMaps/lib/libTUIO.jar:/Users/gregorymankes/Google Drive/Udacity and Other Courses/Coursera/Data Structures Specialization/Course 1/Code/UCSDUnfoldingMaps/lib/unfolding.0.9.7-uscd.jar
Launcher Type: SUN_STANDARD

Environment Variables:
PATH=/usr/bin:/bin:/usr/sbin:/sbin
SHELL=/bin/bash

Signal Handlers:
SIGSEGV: [libjvm.dylib+0x5a6d31], sa_mask[0]=11111111011111110111111111111111, sa_flags=SA_ONSTACK|SA_RESTART|SA_SIGINFO
SIGBUS: [libjvm.dylib+0x5a6d31], sa_mask[0]=11111111011111110111111111111111, sa_flags=SA_RESTART|SA_SIGINFO
SIGFPE: [libjvm.dylib+0x480a4c], sa_mask[0]=11111111011111110111111111111111, sa_flags=SA_RESTART|SA_SIGINFO
SIGPIPE: [libjvm.dylib+0x480a4c], sa_mask[0]=11111111011111110111111111111111, sa_flags=SA_RESTART|SA_SIGINFO
SIGXFSZ: [libjvm.dylib+0x480a4c], sa_mask[0]=11111111011111110111111111111111, sa_flags=SA_RESTART|SA_SIGINFO
SIGILL: [libjvm.dylib+0x480a4c], sa_mask[0]=11111111011111110111111111111111, sa_flags=SA_RESTART|SA_SIGINFO
SIGUSR1: SIG_DFL, sa_mask[0]=00000000000000000000000000000000, sa_flags=none
SIGUSR2: [libjvm.dylib+0x48056a], sa_mask[0]=00100000000000000000000000000000, sa_flags=SA_RESTART|SA_SIGINFO
SIGHUP: [libjvm.dylib+0x47eb41], sa_mask[0]=11111111011111110111111111111111, sa_flags=SA_RESTART|SA_SIGINFO
SIGINT: [libjvm.dylib+0x47eb41], sa_mask[0]=11111111011111110111111111111111, sa_flags=SA_RESTART|SA_SIGINFO
SIGTERM: [libjvm.dylib+0x47eb41], sa_mask[0]=11111111011111110111111111111111, sa_flags=SA_RESTART|SA_SIGINFO
SIGQUIT: [libjvm.dylib+0x47eb41], sa_mask[0]=11111111011111110111111111111111, sa_flags=SA_RESTART|SA_SIGINFO


---------------  S Y S T E M  ---------------

OS:Bsduname:Darwin 14.5.0 Darwin Kernel Version 14.5.0: Wed Jul 29 02:26:53 PDT 2015; root:xnu-2782.40.9~1/RELEASE_X86_64 x86_64
rlimit: STACK 8192k, CORE 0k, NPROC 709, NOFILE 10240, AS infinity
load average:2.16 1.69 1.58

CPU:total 4 (2 cores per cpu, 2 threads per core) family 6 model 69 stepping 1, cmov, cx8, fxsr, mmx, sse, sse2, sse3, ssse3, sse4.1, sse4.2, popcnt, avx, avx2, aes, clmul, erms, lzcnt, ht, tsc, tscinvbit, bmi1, bmi2

Memory: 4k page, physical 8388608k(440840k free)

/proc/meminfo:


vm_info: Java HotSpot(TM) 64-Bit Server VM (25.60-b23) for bsd-amd64 JRE (1.8.0_60-b27), built on Aug  4 2015 10:47:24 by "java_re" with gcc 4.2.1 (Based on Apple Inc. build 5658) (LLVM build 2336.11.00)

time: Wed Oct  7 17:17:20 2015
elapsed time: 127 seconds (0d 0h 2m 7s)

