#
# A fatal error has been detected by the Java Runtime Environment:
#
#  SIGSEGV (0xb) at pc=0x00007fff92a00d5d, pid=2390, tid=2571
#
# JRE version: Java(TM) SE Runtime Environment (8.0_60-b27) (build 1.8.0_60-b27)
# Java VM: Java HotSpot(TM) 64-Bit Server VM (25.60-b23 mixed mode bsd-amd64 compressed oops)
# Problematic frame:
# C  [libobjc.A.dylib+0x6d5d]  objc_msgSend+0x1d
#
# Failed to write core dump. Core dumps have been disabled. To enable core dumping, try "ulimit -c unlimited" before starting Java again
#
# If you would like to submit a bug report, please visit:
#   http://bugreport.java.com/bugreport/crash.jsp
# The crash happened outside the Java Virtual Machine in native code.
# See problematic frame for where to report the bug.
#

---------------  T H R E A D  ---------------

Current thread (0x00007ff5ba925800):  JavaThread "AWT-AppKit" daemon [_thread_in_native, id=2571, stack(0x00007fff51684000,0x00007fff51e84000)]

siginfo: si_signo: 11 (SIGSEGV), si_code: 1 (SEGV_MAPERR), si_addr: 0x0000000000000018

Registers:
RAX=0x00007ff5bec0b1b0, RBX=0x00000001279be450, RCX=0x00000001279e2d80, RDX=0x00000001278cc420
RSP=0x00007fff51e7f0a8, RBP=0x00007fff51e7f160, RSI=0x00007fff899ead06, RDI=0x00007ff5bcff0020
R8 =0x0000000000000000, R9 =0x0000000000000810, R10=0x00007fff899ead06, R11=0x0000000000000000
R12=0x0000000000000000, R13=0x000000018620d6d0, R14=0x00000001279be440, R15=0x00007ff5ba925800
RIP=0x00007fff92a00d5d, EFLAGS=0x0000000000010246, ERR=0x0000000000000004
  TRAPNO=0x000000000000000e

Top of Stack: (sp=0x00007fff51e7f0a8)
0x00007fff51e7f0a8:   00000001279bc157 00007fff51e7f100
0x00007fff51e7f0b8:   0000000000000003 00007fff51e7f0e0
0x00007fff51e7f0c8:   000000010e1e9992 000000018620d6d0
0x00007fff51e7f0d8:   000000018620d6d0 00007ff5bec0b1b0
0x00007fff51e7f0e8:   00000001279be6a0 00000001279be710
0x00007fff51e7f0f8:   00007fff75d82740 00007fff783c24b0
0x00007fff51e7f108:   00000001279be450 00000001279be690
0x00007fff51e7f118:   00007ff5bec0b1b0 00007ff5bcff0020
0x00007fff51e7f128:   00007ff5ba64ad40 00007ff5bec0b1b0
0x00007fff51e7f138:   00007ff5bcff0020 00007fff51e7f1e8
0x00007fff51e7f148:   00007ff5ba9259f8 000000018620d6d0
0x00007fff51e7f158:   00007fff51e7f210 00007fff51e7f1d8
0x00007fff51e7f168:   000000010f815954 000000018620d6d0
0x00007fff51e7f178:   00007fff51e7f210 00007fff51e7f1d8
0x00007fff51e7f188:   000000010f8156e7 000000010f8156a2
0x00007fff51e7f198:   00007fff51e7f198 000000018620d6d0
0x00007fff51e7f1a8:   00007fff51e7f210 0000000186210308
0x00007fff51e7f1b8:   0000000000000000 000000018620d6d0
0x00007fff51e7f1c8:   0000000000000000 00007fff51e7f1f8
0x00007fff51e7f1d8:   00007fff51e7f258 000000010f807c4d
0x00007fff51e7f1e8:   0000000741708db8 000000010f80f578
0x00007fff51e7f1f8:   00007ff5bec0b1b0 00007fff51e7f258
0x00007fff51e7f208:   00007ff5bcff0020 000000010f810d82
0x00007fff51e7f218:   00007fff51e7f218 000000018620d89a
0x00007fff51e7f228:   00007fff51e7f280 0000000186210308
0x00007fff51e7f238:   0000000000000000 000000018620d8a8
0x00007fff51e7f248:   00007fff51e7f1f8 00007fff51e7f268
0x00007fff51e7f258:   00007fff51e7f2c8 000000010f807c4d
0x00007fff51e7f268:   00007ff5bec0b1b0 0000000741a3d240
0x00007fff51e7f278:   00007ff5bcff0020 0000000741a3d240
0x00007fff51e7f288:   00007fff51e7f288 000000018ce023be
0x00007fff51e7f298:   00007fff51e7f2d8 000000018ce02478 

Instructions: (pc=0x00007fff92a00d5d)
0x00007fff92a00d3d:   44 00 00 48 85 ff 2e 74 62 40 f6 c7 01 2e 75 66
0x00007fff92a00d4d:   49 bb f8 ff ff ff ff 7f 00 00 4c 23 1f 49 89 f2
0x00007fff92a00d5d:   45 23 53 18 49 c1 e2 04 4d 03 53 10 49 3b 32 75
0x00007fff92a00d6d:   04 41 ff 62 08 49 83 3a 01 76 0d 49 83 c2 10 49 

Register to memory mapping:

RAX=0x00007ff5bec0b1b0 is an unknown value
RBX=0x00000001279be450: Java_jogamp_nativewindow_macosx_OSXUtil_GetScreenRefreshRate0+0x1cf0 in /private/var/folders/x9/z_v5q4vx5yx_kt718rrfk_lm0000gn/T/jogamp_0000/file_cache/jln6656379170812497138/jln4582393699371887376/libnativewindow_macosx.jnilib at 0x00000001279b7000
RCX=0x00000001279e2d80 is an unknown value
RDX=0x00000001278cc420 is an unknown value
RSP=0x00007fff51e7f0a8 is pointing into the stack for thread: 0x00007ff5ba925800
RBP=0x00007fff51e7f160 is pointing into the stack for thread: 0x00007ff5ba925800
RSI=0x00007fff899ead06 is an unknown value
RDI=0x00007ff5bcff0020 is an unknown value
R8 =0x0000000000000000 is an unknown value
R9 =0x0000000000000810 is an unknown value
R10=0x00007fff899ead06 is an unknown value
R11=0x0000000000000000 is an unknown value
R12=0x0000000000000000 is an unknown value
R13={method} {0x000000018620d6d0} 'UnsetJAWTRootSurfaceLayer0' '(JJ)V' in 'jogamp/nativewindow/jawt/macosx/MacOSXJAWTWindow'
R14=0x00000001279be440: Java_jogamp_nativewindow_macosx_OSXUtil_GetScreenRefreshRate0+0x1ce0 in /private/var/folders/x9/z_v5q4vx5yx_kt718rrfk_lm0000gn/T/jogamp_0000/file_cache/jln6656379170812497138/jln4582393699371887376/libnativewindow_macosx.jnilib at 0x00000001279b7000
R15=0x00007ff5ba925800 is a thread


Stack: [0x00007fff51684000,0x00007fff51e84000],  sp=0x00007fff51e7f0a8,  free space=8172k
Native frames: (J=compiled Java code, j=interpreted, Vv=VM code, C=native code)
C  [libobjc.A.dylib+0x6d5d]  objc_msgSend+0x1d
j  jogamp.nativewindow.jawt.macosx.MacOSXJAWTWindow.UnsetJAWTRootSurfaceLayer0(JJ)V+0
j  jogamp.nativewindow.jawt.macosx.MacOSXJAWTWindow.access$200(JJ)V+2
j  jogamp.nativewindow.jawt.macosx.MacOSXJAWTWindow$1.run()V+38
J 2789 C1 com.jogamp.common.util.RunnableTask.run()V (345 bytes) @ 0x000000010fdaacd4 [0x000000010fdaab40+0x194]
v  ~StubRoutines::call_stub
V  [libjvm.dylib+0x2eab0e]
V  [libjvm.dylib+0x321bb7]
V  [libjvm.dylib+0x31438b]
C  [libnativewindow_macosx.jnilib+0x5326]  Java_jogamp_nativewindow_jawt_macosx_MacOSXJAWTWindow_UnsetJAWTRootSurfaceLayer0+0x2b6
C  [Foundation+0x7754e]  __NSThreadPerformPerform+0x117
C  [CoreFoundation+0xaa621]  __CFRUNLOOP_IS_CALLING_OUT_TO_A_SOURCE0_PERFORM_FUNCTION__+0x11
C  [CoreFoundation+0x89d97]  __CFRunLoopDoSources0+0x1a7
C  [CoreFoundation+0x8933f]  __CFRunLoopRun+0x39f
C  [CoreFoundation+0x88d38]  CFRunLoopRunSpecific+0x128
C  [HIToolbox+0x30d55]  RunCurrentEventLoopInMode+0xeb
C  [HIToolbox+0x30a97]  ReceiveNextEventCommon+0xb8
C  [HIToolbox+0x309cf]  _BlockUntilNextEventMatchingListInModeWithFilter+0x47
C  [AppKit+0x49f3a]  _DPSNextEvent+0x42b
C  [AppKit+0x49369]  -[NSApplication _nextEventMatchingEventMask:untilDate:inMode:dequeue:]+0x1c6
C  [libosxapp.dylib+0x23aa]  -[NSApplicationAWT nextEventMatchingMask:untilDate:inMode:dequeue:]+0x7c
C  [AppKit+0x3decc]  -[NSApplication run]+0x2aa
C  [libosxapp.dylib+0x214d]  +[NSApplicationAWT runAWTLoopWithApp:]+0x9c
C  [libawt_lwawt.dylib+0x44517]  -[AWTStarter starter:]+0x389
C  [Foundation+0x7754e]  __NSThreadPerformPerform+0x117
C  [CoreFoundation+0xaa621]  __CFRUNLOOP_IS_CALLING_OUT_TO_A_SOURCE0_PERFORM_FUNCTION__+0x11
C  [CoreFoundation+0x89e1c]  __CFRunLoopDoSources0+0x22c
C  [CoreFoundation+0x8933f]  __CFRunLoopRun+0x39f
C  [CoreFoundation+0x88d38]  CFRunLoopRunSpecific+0x128
C  [java+0x6463]  CreateExecutionEnvironment+0x367
C  [java+0x21ac]  JLI_Launch+0x7a0
C  [java+0x84c0]  main+0x65
C  [java+0x1a04]  start+0x34
C  0x0000000000000007

Java frames: (J=compiled Java code, j=interpreted, Vv=VM code)
j  jogamp.nativewindow.jawt.macosx.MacOSXJAWTWindow.UnsetJAWTRootSurfaceLayer0(JJ)V+0
j  jogamp.nativewindow.jawt.macosx.MacOSXJAWTWindow.access$200(JJ)V+2
j  jogamp.nativewindow.jawt.macosx.MacOSXJAWTWindow$1.run()V+38
J 2789 C1 com.jogamp.common.util.RunnableTask.run()V (345 bytes) @ 0x000000010fdaacd4 [0x000000010fdaab40+0x194]
v  ~StubRoutines::call_stub

---------------  P R O C E S S  ---------------

Java Threads: ( => current thread )
  0x00007ff5c0813000 JavaThread "Thread-95" [_thread_blocked, id=67347, stack(0x000070000104a000,0x000070000114a000)]
  0x00007ff5bbc93000 JavaThread "Animation Thread" [_thread_blocked, id=58923, stack(0x000070000186b000,0x000070000196b000)]
  0x00007ff5bbcad800 JavaThread "AWT-EventQueue-1" [_thread_in_native, id=59419, stack(0x000070000196e000,0x0000700001a6e000)]
  0x00007ff5bb00c000 JavaThread "DestroyJavaVM" [_thread_blocked, id=5891, stack(0x000070000011a000,0x000070000021a000)]
  0x00007ff5baa6c800 JavaThread "AWT-EventQueue-0" [_thread_blocked, id=56835, stack(0x0000700001768000,0x0000700001868000)]
  0x00007ff5bc09e000 JavaThread "Java2D Disposer" daemon [_thread_blocked, id=53511, stack(0x00007000014df000,0x00007000015df000)]
  0x00007ff5bb9cd000 JavaThread "Java2D Queue Flusher" daemon [_thread_blocked, id=50439, stack(0x00007000013dc000,0x00007000014dc000)]
  0x00007ff5ba940000 JavaThread "AWT-Shutdown" [_thread_blocked, id=29459, stack(0x0000700001150000,0x0000700001250000)]
=>0x00007ff5ba925800 JavaThread "AWT-AppKit" daemon [_thread_in_native, id=2571, stack(0x00007fff51684000,0x00007fff51e84000)]
  0x00007ff5bb028800 JavaThread "Service Thread" daemon [_thread_blocked, id=18691, stack(0x0000700000e44000,0x0000700000f44000)]
  0x00007ff5bb02b000 JavaThread "C1 CompilerThread2" daemon [_thread_blocked, id=18179, stack(0x0000700000d41000,0x0000700000e41000)]
  0x00007ff5bb02a800 JavaThread "C2 CompilerThread1" daemon [_thread_blocked, id=17667, stack(0x0000700000c3e000,0x0000700000d3e000)]
  0x00007ff5bb027800 JavaThread "C2 CompilerThread0" daemon [_thread_blocked, id=17155, stack(0x0000700000b3b000,0x0000700000c3b000)]
  0x00007ff5bb027000 JavaThread "Signal Dispatcher" daemon [_thread_blocked, id=12815, stack(0x0000700000a38000,0x0000700000b38000)]
  0x00007ff5bb014800 JavaThread "Finalizer" daemon [_thread_blocked, id=12291, stack(0x000070000082f000,0x000070000092f000)]
  0x00007ff5bb801000 JavaThread "Reference Handler" daemon [_thread_blocked, id=11779, stack(0x000070000072c000,0x000070000082c000)]

Other Threads:
  0x00007ff5ba859000 VMThread [stack: 0x0000700000629000,0x0000700000729000] [id=11267]
  0x00007ff5bb01c800 WatcherThread [stack: 0x0000700000f47000,0x0000700001047000] [id=19203]

VM state:not at safepoint (normal execution)

VM Mutex/Monitor currently owned by a thread: None

Heap:
 PSYoungGen      total 43520K, used 26973K [0x0000000795580000, 0x0000000798f80000, 0x00000007c0000000)
  eden space 29696K, 67% used [0x0000000795580000,0x0000000796917640,0x0000000797280000)
  from space 13824K, 50% used [0x0000000798200000,0x00000007988c01a0,0x0000000798f80000)
  to   space 14848K, 0% used [0x0000000797280000,0x0000000797280000,0x0000000798100000)
 ParOldGen       total 86016K, used 29256K [0x0000000740000000, 0x0000000745400000, 0x0000000795580000)
  object space 86016K, 34% used [0x0000000740000000,0x0000000741c92018,0x0000000745400000)
 Metaspace       used 21334K, capacity 21531K, committed 21808K, reserved 1069056K
  class space    used 2047K, capacity 2112K, committed 2176K, reserved 1048576K

Card table byte_map: [0x000000011ebc0000,0x000000011efc1000] byte_map_base: 0x000000011b1c0000

Marking Bits: (ParMarkBitMap*) 0x000000010e8d6e20
 Begin Bits: [0x000000011f26c000, 0x000000012126c000)
 End Bits:   [0x000000012126c000, 0x000000012326c000)

Polling page: 0x000000010efc8000

CodeCache: size=245760Kb used=9587Kb max_used=9600Kb free=236172Kb
 bounds [0x000000010f800000, 0x0000000110170000, 0x000000011e800000]
 total_blobs=3631 nmethods=2737 adapters=807
 compilation: enabled

Compilation events (10 events):
Event: 27.902 Thread 0x00007ff5bb02b000 3130       3       sun.net.www.protocol.jar.Handler::parseContextSpec (154 bytes)
Event: 27.904 Thread 0x00007ff5bb02b000 nmethod 3130 0x0000000110163850 code [0x0000000110163c40, 0x0000000110166328]
Event: 27.904 Thread 0x00007ff5bb02b000 3131       3       sun.net.www.ParseUtil::canonizeString (195 bytes)
Event: 27.905 Thread 0x00007ff5bb02b000 nmethod 3131 0x0000000110167510 code [0x00000001101678e0, 0x0000000110169d28]
Event: 27.910 Thread 0x00007ff5bb02a800 3132  s    4       sun.misc.URLClassPath::getNextLoader (88 bytes)
Event: 27.913 Thread 0x00007ff5bb02b000 3133       1       sun.java2d.SurfaceData::isValid (5 bytes)
Event: 27.913 Thread 0x00007ff5bb02b000 nmethod 3133 0x000000011014acd0 code [0x000000011014ae20, 0x000000011014af30]
Event: 27.913 Thread 0x00007ff5bb02b000 3134       1       java.lang.ThreadLocal::initialValue (2 bytes)
Event: 27.913 Thread 0x00007ff5bb02b000 nmethod 3134 0x000000011014aa10 code [0x000000011014ab60, 0x000000011014ac70]
Event: 27.915 Thread 0x00007ff5bb02a800 nmethod 3132 0x0000000110149c10 code [0x0000000110149d80, 0x000000011014a4f8]

GC Heap History (10 events):
Event: 14.719 GC heap before
{Heap before GC invocations=9 (full 1):
 PSYoungGen      total 48640K, used 32384K [0x0000000795580000, 0x000000079a900000, 0x00000007c0000000)
  eden space 32256K, 100% used [0x0000000795580000,0x0000000797500000,0x0000000797500000)
  from space 16384K, 0% used [0x0000000797500000,0x0000000797520000,0x0000000798500000)
  to   space 17408K, 0% used [0x0000000799800000,0x0000000799800000,0x000000079a900000)
 ParOldGen       total 86016K, used 29232K [0x0000000740000000, 0x0000000745400000, 0x0000000795580000)
  object space 86016K, 33% used [0x0000000740000000,0x0000000741c8c018,0x0000000745400000)
 Metaspace       used 21243K, capacity 21467K, committed 21808K, reserved 1069056K
  class space    used 2039K, capacity 2112K, committed 2176K, reserved 1048576K
Event: 14.720 GC heap after
Heap after GC invocations=9 (full 1):
 PSYoungGen      total 32256K, used 160K [0x0000000795580000, 0x0000000799880000, 0x00000007c0000000)
  eden space 31744K, 0% used [0x0000000795580000,0x0000000795580000,0x0000000797480000)
  from space 512K, 31% used [0x0000000799800000,0x0000000799828000,0x0000000799880000)
  to   space 17920K, 0% used [0x0000000797580000,0x0000000797580000,0x0000000798700000)
 ParOldGen       total 86016K, used 29240K [0x0000000740000000, 0x0000000745400000, 0x0000000795580000)
  object space 86016K, 33% used [0x0000000740000000,0x0000000741c8e018,0x0000000745400000)
 Metaspace       used 21243K, capacity 21467K, committed 21808K, reserved 1069056K
  class space    used 2039K, capacity 2112K, committed 2176K, reserved 1048576K
}
Event: 16.058 GC heap before
{Heap before GC invocations=10 (full 1):
 PSYoungGen      total 32256K, used 31904K [0x0000000795580000, 0x0000000799880000, 0x00000007c0000000)
  eden space 31744K, 100% used [0x0000000795580000,0x0000000797480000,0x0000000797480000)
  from space 512K, 31% used [0x0000000799800000,0x0000000799828000,0x0000000799880000)
  to   space 17920K, 0% used [0x0000000797580000,0x0000000797580000,0x0000000798700000)
 ParOldGen       total 86016K, used 29240K [0x0000000740000000, 0x0000000745400000, 0x0000000795580000)
  object space 86016K, 33% used [0x0000000740000000,0x0000000741c8e018,0x0000000745400000)
 Metaspace       used 21267K, capacity 21467K, committed 21808K, reserved 1069056K
  class space    used 2039K, capacity 2112K, committed 2176K, reserved 1048576K
Event: 16.060 GC heap after
Heap after GC invocations=10 (full 1):
 PSYoungGen      total 49152K, used 4704K [0x0000000795580000, 0x0000000799880000, 0x00000007c0000000)
  eden space 31232K, 0% used [0x0000000795580000,0x0000000795580000,0x0000000797400000)
  from space 17920K, 26% used [0x0000000797580000,0x0000000797a18130,0x0000000798700000)
  to   space 17408K, 0% used [0x0000000798780000,0x0000000798780000,0x0000000799880000)
 ParOldGen       total 86016K, used 29248K [0x0000000740000000, 0x0000000745400000, 0x0000000795580000)
  object space 86016K, 34% used [0x0000000740000000,0x0000000741c90018,0x0000000745400000)
 Metaspace       used 21267K, capacity 21467K, committed 21808K, reserved 1069056K
  class space    used 2039K, capacity 2112K, committed 2176K, reserved 1048576K
}
Event: 18.535 GC heap before
{Heap before GC invocations=11 (full 1):
 PSYoungGen      total 49152K, used 35936K [0x0000000795580000, 0x0000000799880000, 0x00000007c0000000)
  eden space 31232K, 100% used [0x0000000795580000,0x0000000797400000,0x0000000797400000)
  from space 17920K, 26% used [0x0000000797580000,0x0000000797a18130,0x0000000798700000)
  to   space 17408K, 0% used [0x0000000798780000,0x0000000798780000,0x0000000799880000)
 ParOldGen       total 86016K, used 29248K [0x0000000740000000, 0x0000000745400000, 0x0000000795580000)
  object space 86016K, 34% used [0x0000000740000000,0x0000000741c90018,0x0000000745400000)
 Metaspace       used 21296K, capacity 21467K, committed 21808K, reserved 1069056K
  class space    used 2039K, capacity 2112K, committed 2176K, reserved 1048576K
Event: 18.538 GC heap after
Heap after GC invocations=11 (full 1):
 PSYoungGen      total 43008K, used 7008K [0x0000000795580000, 0x0000000799380000, 0x00000007c0000000)
  eden space 30720K, 0% used [0x0000000795580000,0x0000000795580000,0x0000000797380000)
  from space 12288K, 57% used [0x0000000798780000,0x0000000798e581c0,0x0000000799380000)
  to   space 16384K, 0% used [0x0000000797380000,0x0000000797380000,0x0000000798380000)
 ParOldGen       total 86016K, used 29256K [0x0000000740000000, 0x0000000745400000, 0x0000000795580000)
  object space 86016K, 34% used [0x0000000740000000,0x0000000741c92018,0x0000000745400000)
 Metaspace       used 21296K, capacity 21467K, committed 21808K, reserved 1069056K
  class space    used 2039K, capacity 2112K, committed 2176K, reserved 1048576K
}
Event: 22.436 GC heap before
{Heap before GC invocations=12 (full 1):
 PSYoungGen      total 43008K, used 37728K [0x0000000795580000, 0x0000000799380000, 0x00000007c0000000)
  eden space 30720K, 100% used [0x0000000795580000,0x0000000797380000,0x0000000797380000)
  from space 12288K, 57% used [0x0000000798780000,0x0000000798e581c0,0x0000000799380000)
  to   space 16384K, 0% used [0x0000000797380000,0x0000000797380000,0x0000000798380000)
 ParOldGen       total 86016K, used 29256K [0x0000000740000000, 0x0000000745400000, 0x0000000795580000)
  object space 86016K, 34% used [0x0000000740000000,0x0000000741c92018,0x0000000745400000)
 Metaspace       used 21297K, capacity 21467K, committed 21808K, reserved 1069056K
  class space    used 2039K, capacity 2112K, committed 2176K, reserved 1048576K
Event: 22.438 GC heap after
Heap after GC invocations=12 (full 1):
 PSYoungGen      total 37376K, used 7008K [0x0000000795580000, 0x0000000799100000, 0x00000007c0000000)
  eden space 30208K, 0% used [0x0000000795580000,0x0000000795580000,0x0000000797300000)
  from space 7168K, 97% used [0x0000000797380000,0x0000000797a581c0,0x0000000797a80000)
  to   space 15360K, 0% used [0x0000000798200000,0x0000000798200000,0x0000000799100000)
 ParOldGen       total 86016K, used 29256K [0x0000000740000000, 0x0000000745400000, 0x0000000795580000)
  object space 86016K, 34% used [0x0000000740000000,0x0000000741c92018,0x0000000745400000)
 Metaspace       used 21297K, capacity 21467K, committed 21808K, reserved 1069056K
  class space    used 2039K, capacity 2112K, committed 2176K, reserved 1048576K
}
Event: 25.803 GC heap before
{Heap before GC invocations=13 (full 1):
 PSYoungGen      total 37376K, used 37216K [0x0000000795580000, 0x0000000799100000, 0x00000007c0000000)
  eden space 30208K, 100% used [0x0000000795580000,0x0000000797300000,0x0000000797300000)
  from space 7168K, 97% used [0x0000000797380000,0x0000000797a581c0,0x0000000797a80000)
  to   space 15360K, 0% used [0x0000000798200000,0x0000000798200000,0x0000000799100000)
 ParOldGen       total 86016K, used 29256K [0x0000000740000000, 0x0000000745400000, 0x0000000795580000)
  object space 86016K, 34% used [0x0000000740000000,0x0000000741c92018,0x0000000745400000)
 Metaspace       used 21298K, capacity 21467K, committed 21808K, reserved 1069056K
  class space    used 2039K, capacity 2112K, committed 2176K, reserved 1048576K
Event: 25.806 GC heap after
Heap after GC invocations=13 (full 1):
 PSYoungGen      total 43520K, used 6912K [0x0000000795580000, 0x0000000798f80000, 0x00000007c0000000)
  eden space 29696K, 0% used [0x0000000795580000,0x0000000795580000,0x0000000797280000)
  from space 13824K, 50% used [0x0000000798200000,0x00000007988c01a0,0x0000000798f80000)
  to   space 14848K, 0% used [0x0000000797280000,0x0000000797280000,0x0000000798100000)
 ParOldGen       total 86016K, used 29256K [0x0000000740000000, 0x0000000745400000, 0x0000000795580000)
  object space 86016K, 34% used [0x0000000740000000,0x0000000741c92018,0x0000000745400000)
 Metaspace       used 21298K, capacity 21467K, committed 21808K, reserved 1069056K
  class space    used 2039K, capacity 2112K, committed 2176K, reserved 1048576K
}

Deoptimization events (10 events):
Event: 4.522 Thread 0x00007ff5bbcad800 Uncommon trap: reason=unstable_if action=reinterpret pc=0x000000010feec224 method=java.lang.Math.round(F)I @ 36
Event: 4.551 Thread 0x00007ff5bbcad800 Uncommon trap: reason=unstable_if action=reinterpret pc=0x000000010fed7978 method=java.text.DigitList.getDataChars(I)[C @ 13
Event: 4.551 Thread 0x00007ff5bbcad800 Uncommon trap: reason=unstable_if action=reinterpret pc=0x000000010fed0a44 method=java.text.DecimalFormat.subformat(Ljava/lang/StringBuffer;Ljava/text/Format$FieldDelegate;ZZIIII)Ljava/lang/StringBuffer; @ 753
Event: 6.117 Thread 0x00007ff5bbcad800 Uncommon trap: reason=unstable_if action=reinterpret pc=0x000000010f98a384 method=module5.CommonMarker.draw(Lprocessing/core/PGraphics;FF)V @ 4
Event: 18.918 Thread 0x00007ff5bbc93000 Uncommon trap: reason=unstable_if action=reinterpret pc=0x0000000110152780 method=sun.awt.PostEventQueue.flush()V @ 23
Event: 27.884 Thread 0x00007ff5bbcad800 Uncommon trap: reason=unstable_if action=reinterpret pc=0x000000010fe3ace8 method=com.jogamp.common.util.VersionNumber.compareTo(Lcom/jogamp/common/util/VersionNumber;)I @ 21
Event: 27.886 Thread 0x00007ff5baa6c800 Uncommon trap: reason=unstable_if action=reinterpret pc=0x000000010ff9a5d4 method=java.awt.Font.equals(Ljava/lang/Object;)Z @ 2
Event: 27.899 Thread 0x00007ff5ba9ba000 Uncommon trap: reason=unstable_if action=reinterpret pc=0x000000010fd6990c method=java.util.HashMap.putVal(ILjava/lang/Object;Ljava/lang/Object;ZZ)Ljava/lang/Object; @ 81
Event: 27.899 Thread 0x00007ff5ba9ba000 Uncommon trap: reason=unstable_if action=reinterpret pc=0x000000010fcff014 method=java.util.HashMap.putVal(ILjava/lang/Object;Ljava/lang/Object;ZZ)Ljava/lang/Object; @ 81
Event: 27.911 Thread 0x00007ff5bbcad800 Uncommon trap: reason=unstable_if action=reinterpret pc=0x000000010f9ea7d8 method=java.security.AccessControlContext.optimize()Ljava/security/AccessControlContext; @ 233

Internal exceptions (10 events):
Event: 0.147 Thread 0x00007ff5bb00c000 Exception <a 'java/lang/NoSuchFieldError': method resolution failed> (0x000000079583cdc0) thrown at [/Users/java_re/workspace/8-2-build-macosx-x86_64/jdk8u60/4407/hotspot/src/share/vm/prims/methodHandles.cpp, line 1146]
Event: 0.281 Thread 0x00007ff5bb00c000 Exception <a 'java/io/FileNotFoundException'> (0x00000007958b8bd0) thrown at [/Users/java_re/workspace/8-2-build-macosx-x86_64/jdk8u60/4407/hotspot/src/share/vm/prims/jni.cpp, line 709]
Event: 0.281 Thread 0x00007ff5bb00c000 Exception <a 'java/io/FileNotFoundException'> (0x00000007958b9758) thrown at [/Users/java_re/workspace/8-2-build-macosx-x86_64/jdk8u60/4407/hotspot/src/share/vm/prims/jni.cpp, line 709]
Event: 0.313 Thread 0x00007ff5bb00c000 Exception <a 'java/io/FileNotFoundException'> (0x00000007959c96a0) thrown at [/Users/java_re/workspace/8-2-build-macosx-x86_64/jdk8u60/4407/hotspot/src/share/vm/prims/jni.cpp, line 709]
Event: 0.381 Thread 0x00007ff5bb00c000 Exception <a 'java/io/FileNotFoundException'> (0x0000000795a08298) thrown at [/Users/java_re/workspace/8-2-build-macosx-x86_64/jdk8u60/4407/hotspot/src/share/vm/prims/jni.cpp, line 709]
Event: 1.571 Thread 0x00007ff5bbc93000 Exception <a 'java/lang/UnsatisfiedLinkError': com.jogamp.common.util.JarUtil.fixNativeLibAttribs(Ljava/lang/String;)Z> (0x0000000796d46d70) thrown at [/Users/java_re/workspace/8-2-build-macosx-x86_64/jdk8u60/4407/hotspot/src/share/vm/prims/nativeLookup.c
Event: 1.765 Thread 0x00007ff5bb014800 Exception <a 'java/lang/NullPointerException'> (0x00000007956a47f8) thrown at [/Users/java_re/workspace/8-2-build-macosx-x86_64/jdk8u60/4407/hotspot/src/share/vm/interpreter/linkResolver.cpp, line 1178]
Event: 2.312 Thread 0x00007ff5bbcad800 Exception <a 'java/io/FileNotFoundException'> (0x000000079618b210) thrown at [/Users/java_re/workspace/8-2-build-macosx-x86_64/jdk8u60/4407/hotspot/src/share/vm/prims/jni.cpp, line 709]
Event: 2.312 Thread 0x00007ff5bbcad800 Exception <a 'java/io/FileNotFoundException'> (0x00000007961974c8) thrown at [/Users/java_re/workspace/8-2-build-macosx-x86_64/jdk8u60/4407/hotspot/src/share/vm/prims/jni.cpp, line 709]
Event: 2.312 Thread 0x00007ff5bbcad800 Implicit null exception at 0x000000010f9a6935 to 0x000000010f9a6c99

Events (10 events):
Event: 27.911 loading class java/awt/LightweightDispatcher$2 done
Event: 27.911 loading class java/awt/event/AWTEventListenerProxy
Event: 27.911 loading class java/awt/event/AWTEventListenerProxy done
Event: 27.911 Executing VM operation: Deoptimize
Event: 27.912 Executing VM operation: Deoptimize done
Event: 27.912 loading class java/awt/Toolkit$ToolkitEventMulticaster
Event: 27.912 loading class java/awt/Toolkit$ToolkitEventMulticaster done
Event: 27.912 Thread 0x00007ff5ba9ba000 Thread exited: 0x00007ff5ba9ba000
Event: 27.913 loading class java/awt/Window$1DisposeAction
Event: 27.913 loading class java/awt/Window$1DisposeAction done


Dynamic libraries:
0x00000000055d0000 	/System/Library/Frameworks/Cocoa.framework/Versions/A/Cocoa
0x00000000055d0000 	/System/Library/Frameworks/Security.framework/Versions/A/Security
0x00000000055d0000 	/System/Library/Frameworks/ApplicationServices.framework/Versions/A/ApplicationServices
0x00000000055d0000 	/usr/lib/libz.1.dylib
0x00000000055d0000 	/usr/lib/libSystem.B.dylib
0x00000000055d0000 	/usr/lib/libobjc.A.dylib
0x00000000055d0000 	/System/Library/Frameworks/CoreFoundation.framework/Versions/A/CoreFoundation
0x00000000055d0000 	/System/Library/Frameworks/Foundation.framework/Versions/C/Foundation
0x00000000055d0000 	/System/Library/Frameworks/AppKit.framework/Versions/C/AppKit
0x00000000055d0000 	/System/Library/Frameworks/CoreData.framework/Versions/A/CoreData
0x00000000055d0000 	/System/Library/PrivateFrameworks/RemoteViewServices.framework/Versions/A/RemoteViewServices
0x00000000055d0000 	/System/Library/PrivateFrameworks/UIFoundation.framework/Versions/A/UIFoundation
0x00000000055d0000 	/usr/lib/libScreenReader.dylib
0x00000000055d0000 	/System/Library/Frameworks/Accelerate.framework/Versions/A/Accelerate
0x00000000055d0000 	/System/Library/Frameworks/IOSurface.framework/Versions/A/IOSurface
0x00000000055d0000 	/System/Library/Frameworks/AudioToolbox.framework/Versions/A/AudioToolbox
0x00000000055d0000 	/System/Library/Frameworks/AudioUnit.framework/Versions/A/AudioUnit
0x00000000055d0000 	/System/Library/PrivateFrameworks/DataDetectorsCore.framework/Versions/A/DataDetectorsCore
0x00000000055d0000 	/System/Library/PrivateFrameworks/DesktopServicesPriv.framework/Versions/A/DesktopServicesPriv
0x00000000055d0000 	/System/Library/Frameworks/Carbon.framework/Versions/A/Frameworks/HIToolbox.framework/Versions/A/HIToolbox
0x00000000055d0000 	/System/Library/Frameworks/QuartzCore.framework/Versions/A/QuartzCore
0x00000000055d0000 	/System/Library/Frameworks/Carbon.framework/Versions/A/Frameworks/SpeechRecognition.framework/Versions/A/SpeechRecognition
0x00000000055d0000 	/usr/lib/libauto.dylib
0x00000000055d0000 	/usr/lib/libicucore.A.dylib
0x00000000055d0000 	/usr/lib/libxml2.2.dylib
0x00000000055d0000 	/System/Library/PrivateFrameworks/CoreUI.framework/Versions/A/CoreUI
0x00000000055d0000 	/System/Library/Frameworks/CoreAudio.framework/Versions/A/CoreAudio
0x00000000055d0000 	/System/Library/Frameworks/DiskArbitration.framework/Versions/A/DiskArbitration
0x00000000055d0000 	/usr/lib/liblangid.dylib
0x00000000055d0000 	/System/Library/PrivateFrameworks/MultitouchSupport.framework/Versions/A/MultitouchSupport
0x00000000055d0000 	/System/Library/Frameworks/IOKit.framework/Versions/A/IOKit
0x00000000055d0000 	/usr/lib/libDiagnosticMessagesClient.dylib
0x00000000055d0000 	/System/Library/Frameworks/CoreServices.framework/Versions/A/CoreServices
0x00000000055d0000 	/System/Library/PrivateFrameworks/PerformanceAnalysis.framework/Versions/A/PerformanceAnalysis
0x00000000055d0000 	/System/Library/PrivateFrameworks/GenerationalStorage.framework/Versions/A/GenerationalStorage
0x00000000055d0000 	/System/Library/Frameworks/OpenGL.framework/Versions/A/OpenGL
0x00000000055d0000 	/System/Library/PrivateFrameworks/Sharing.framework/Versions/A/Sharing
0x00000000055d0000 	/System/Library/Frameworks/CoreGraphics.framework/Versions/A/CoreGraphics
0x00000000055d0000 	/System/Library/Frameworks/CoreImage.framework/Versions/A/CoreImage
0x00000000055d0000 	/System/Library/Frameworks/CoreText.framework/Versions/A/CoreText
0x00000000055d0000 	/System/Library/Frameworks/ImageIO.framework/Versions/A/ImageIO
0x00000000055d0000 	/System/Library/PrivateFrameworks/Backup.framework/Versions/A/Backup
0x00000000055d0000 	/usr/lib/libextension.dylib
0x00000000055d0000 	/usr/lib/libarchive.2.dylib
0x00000000055d0000 	/System/Library/Frameworks/CFNetwork.framework/Versions/A/CFNetwork
0x00000000055d0000 	/System/Library/Frameworks/SystemConfiguration.framework/Versions/A/SystemConfiguration
0x00000000055d0000 	/usr/lib/libCRFSuite.dylib
0x00000000055d0000 	/usr/lib/libc++.1.dylib
0x00000000055d0000 	/usr/lib/libc++abi.dylib
0x00000000055d0000 	/usr/lib/system/libcache.dylib
0x00000000055d0000 	/usr/lib/system/libcommonCrypto.dylib
0x00000000055d0000 	/usr/lib/system/libcompiler_rt.dylib
0x00000000055d0000 	/usr/lib/system/libcopyfile.dylib
0x00000000055d0000 	/usr/lib/system/libcorecrypto.dylib
0x00000000055d0000 	/usr/lib/system/libdispatch.dylib
0x00000000055d0000 	/usr/lib/system/libdyld.dylib
0x00000000055d0000 	/usr/lib/system/libkeymgr.dylib
0x00000000055d0000 	/usr/lib/system/liblaunch.dylib
0x00000000055d0000 	/usr/lib/system/libmacho.dylib
0x00000000055d0000 	/usr/lib/system/libquarantine.dylib
0x00000000055d0000 	/usr/lib/system/libremovefile.dylib
0x00000000055d0000 	/usr/lib/system/libsystem_asl.dylib
0x00000000055d0000 	/usr/lib/system/libsystem_blocks.dylib
0x00000000055d0000 	/usr/lib/system/libsystem_c.dylib
0x00000000055d0000 	/usr/lib/system/libsystem_configuration.dylib
0x00000000055d0000 	/usr/lib/system/libsystem_coreservices.dylib
0x00000000055d0000 	/usr/lib/system/libsystem_coretls.dylib
0x00000000055d0000 	/usr/lib/system/libsystem_dnssd.dylib
0x00000000055d0000 	/usr/lib/system/libsystem_info.dylib
0x00000000055d0000 	/usr/lib/system/libsystem_kernel.dylib
0x00000000055d0000 	/usr/lib/system/libsystem_m.dylib
0x00000000055d0000 	/usr/lib/system/libsystem_malloc.dylib
0x00000000055d0000 	/usr/lib/system/libsystem_network.dylib
0x00000000055d0000 	/usr/lib/system/libsystem_networkextension.dylib
0x00000000055d0000 	/usr/lib/system/libsystem_notify.dylib
0x00000000055d0000 	/usr/lib/system/libsystem_platform.dylib
0x00000000055d0000 	/usr/lib/system/libsystem_pthread.dylib
0x00000000055d0000 	/usr/lib/system/libsystem_sandbox.dylib
0x00000000055d0000 	/usr/lib/system/libsystem_secinit.dylib
0x00000000055d0000 	/usr/lib/system/libsystem_trace.dylib
0x00000000055d0000 	/usr/lib/system/libunc.dylib
0x00000000055d0000 	/usr/lib/system/libunwind.dylib
0x00000000055d0000 	/usr/lib/system/libxpc.dylib
0x00000000055d0000 	/usr/lib/libenergytrace.dylib
0x00000000055d0000 	/usr/lib/libbsm.0.dylib
0x00000000055d0000 	/usr/lib/system/libkxld.dylib
0x00000000055d0000 	/usr/lib/libxar.1.dylib
0x00000000055d0000 	/usr/lib/libsqlite3.dylib
0x00000000055d0000 	/usr/lib/libpam.2.dylib
0x00000000055d0000 	/usr/lib/libOpenScriptingUtil.dylib
0x00000000055d0000 	/usr/lib/libbz2.1.0.dylib
0x00000000055d0000 	/usr/lib/liblzma.5.dylib
0x00000000055d0000 	/System/Library/Frameworks/CoreServices.framework/Versions/A/Frameworks/FSEvents.framework/Versions/A/FSEvents
0x00000000055d0000 	/System/Library/Frameworks/CoreServices.framework/Versions/A/Frameworks/CarbonCore.framework/Versions/A/CarbonCore
0x00000000055d0000 	/System/Library/Frameworks/CoreServices.framework/Versions/A/Frameworks/Metadata.framework/Versions/A/Metadata
0x00000000055d0000 	/System/Library/Frameworks/CoreServices.framework/Versions/A/Frameworks/OSServices.framework/Versions/A/OSServices
0x00000000055d0000 	/System/Library/Frameworks/CoreServices.framework/Versions/A/Frameworks/SearchKit.framework/Versions/A/SearchKit
0x00000000055d0000 	/System/Library/Frameworks/CoreServices.framework/Versions/A/Frameworks/AE.framework/Versions/A/AE
0x00000000055d0000 	/System/Library/Frameworks/CoreServices.framework/Versions/A/Frameworks/LaunchServices.framework/Versions/A/LaunchServices
0x00000000055d0000 	/System/Library/Frameworks/CoreServices.framework/Versions/A/Frameworks/DictionaryServices.framework/Versions/A/DictionaryServices
0x00000000055d0000 	/System/Library/Frameworks/CoreServices.framework/Versions/A/Frameworks/SharedFileList.framework/Versions/A/SharedFileList
0x00000000055d0000 	/System/Library/Frameworks/NetFS.framework/Versions/A/NetFS
0x00000000055d0000 	/System/Library/PrivateFrameworks/NetAuth.framework/Versions/A/NetAuth
0x00000000055d0000 	/System/Library/PrivateFrameworks/login.framework/Versions/A/Frameworks/loginsupport.framework/Versions/A/loginsupport
0x00000000055d0000 	/System/Library/PrivateFrameworks/TCC.framework/Versions/A/TCC
0x00000000055d0000 	/usr/lib/libmecabra.dylib
0x00000000055d0000 	/System/Library/Frameworks/ApplicationServices.framework/Versions/A/Frameworks/ATS.framework/Versions/A/ATS
0x00000000055d0000 	/System/Library/Frameworks/ApplicationServices.framework/Versions/A/Frameworks/ColorSync.framework/Versions/A/ColorSync
0x00000000055d0000 	/System/Library/Frameworks/ApplicationServices.framework/Versions/A/Frameworks/HIServices.framework/Versions/A/HIServices
0x00000000055d0000 	/System/Library/Frameworks/ApplicationServices.framework/Versions/A/Frameworks/LangAnalysis.framework/Versions/A/LangAnalysis
0x00000000055d0000 	/System/Library/Frameworks/ApplicationServices.framework/Versions/A/Frameworks/PrintCore.framework/Versions/A/PrintCore
0x00000000055d0000 	/System/Library/Frameworks/ApplicationServices.framework/Versions/A/Frameworks/QD.framework/Versions/A/QD
0x00000000055d0000 	/System/Library/Frameworks/ApplicationServices.framework/Versions/A/Frameworks/SpeechSynthesis.framework/Versions/A/SpeechSynthesis
0x00000000055d0000 	/System/Library/Frameworks/Metal.framework/Versions/A/Metal
0x00000000055d0000 	/System/Library/Frameworks/Accelerate.framework/Versions/A/Frameworks/vImage.framework/Versions/A/vImage
0x00000000055d0000 	/System/Library/Frameworks/Accelerate.framework/Versions/A/Frameworks/vecLib.framework/Versions/A/vecLib
0x00000000055d0000 	/System/Library/Frameworks/Accelerate.framework/Versions/A/Frameworks/vecLib.framework/Versions/A/libvDSP.dylib
0x00000000055d0000 	/System/Library/Frameworks/Accelerate.framework/Versions/A/Frameworks/vecLib.framework/Versions/A/libvMisc.dylib
0x00000000055d0000 	/System/Library/Frameworks/Accelerate.framework/Versions/A/Frameworks/vecLib.framework/Versions/A/libLAPACK.dylib
0x00000000055d0000 	/System/Library/Frameworks/Accelerate.framework/Versions/A/Frameworks/vecLib.framework/Versions/A/libBLAS.dylib
0x00000000055d0000 	/System/Library/Frameworks/Accelerate.framework/Versions/A/Frameworks/vecLib.framework/Versions/A/libLinearAlgebra.dylib
0x00000000055d0000 	/System/Library/Frameworks/Accelerate.framework/Versions/A/Frameworks/vecLib.framework/Versions/A/libSparseBLAS.dylib
0x00000000055d0000 	/System/Library/PrivateFrameworks/GPUCompiler.framework/libmetal_timestamp.dylib
0x00000000055d0000 	/System/Library/Frameworks/OpenGL.framework/Versions/A/Libraries/libCoreFSCache.dylib
0x00000000055d0000 	/System/Library/PrivateFrameworks/IOAccelerator.framework/Versions/A/IOAccelerator
0x00000000055d0000 	/System/Library/Frameworks/ApplicationServices.framework/Versions/A/Frameworks/ATS.framework/Versions/A/Resources/libFontParser.dylib
0x00000000055d0000 	/System/Library/Frameworks/ApplicationServices.framework/Versions/A/Frameworks/ATS.framework/Versions/A/Resources/libFontRegistry.dylib
0x00000000055d0000 	/System/Library/PrivateFrameworks/AppleVPA.framework/Versions/A/AppleVPA
0x00000000055d0000 	/System/Library/PrivateFrameworks/AppleJPEG.framework/Versions/A/AppleJPEG
0x00000000055d0000 	/System/Library/Frameworks/ImageIO.framework/Versions/A/Resources/libJPEG.dylib
0x00000000055d0000 	/System/Library/Frameworks/ImageIO.framework/Versions/A/Resources/libTIFF.dylib
0x00000000055d0000 	/System/Library/Frameworks/ImageIO.framework/Versions/A/Resources/libPng.dylib
0x00000000055d0000 	/System/Library/Frameworks/ImageIO.framework/Versions/A/Resources/libGIF.dylib
0x00000000055d0000 	/System/Library/Frameworks/ImageIO.framework/Versions/A/Resources/libJP2.dylib
0x00000000055d0000 	/System/Library/Frameworks/ImageIO.framework/Versions/A/Resources/libRadiance.dylib
0x00000000055d0000 	/System/Library/Frameworks/CoreVideo.framework/Versions/A/CoreVideo
0x00000000055d0000 	/System/Library/Frameworks/OpenGL.framework/Versions/A/Libraries/libGLU.dylib
0x00000000055d0000 	/System/Library/Frameworks/OpenGL.framework/Versions/A/Libraries/libGFXShared.dylib
0x00000000055d0000 	/System/Library/Frameworks/OpenGL.framework/Versions/A/Libraries/libGL.dylib
0x00000000055d0000 	/System/Library/Frameworks/OpenGL.framework/Versions/A/Libraries/libGLImage.dylib
0x00000000055d0000 	/System/Library/Frameworks/OpenGL.framework/Versions/A/Libraries/libCVMSPluginSupport.dylib
0x00000000055d0000 	/System/Library/Frameworks/OpenGL.framework/Versions/A/Libraries/libCoreVMClient.dylib
0x00000000055d0000 	/usr/lib/libcups.2.dylib
0x00000000055d0000 	/System/Library/Frameworks/Kerberos.framework/Versions/A/Kerberos
0x00000000055d0000 	/System/Library/Frameworks/GSS.framework/Versions/A/GSS
0x00000000055d0000 	/usr/lib/libresolv.9.dylib
0x00000000055d0000 	/usr/lib/libiconv.2.dylib
0x00000000055d0000 	/System/Library/PrivateFrameworks/Heimdal.framework/Versions/A/Heimdal
0x00000000055d0000 	/usr/lib/libheimdal-asn1.dylib
0x00000000055d0000 	/System/Library/Frameworks/OpenDirectory.framework/Versions/A/OpenDirectory
0x00000000055d0000 	/System/Library/PrivateFrameworks/CommonAuth.framework/Versions/A/CommonAuth
0x00000000055d0000 	/System/Library/Frameworks/OpenDirectory.framework/Versions/A/Frameworks/CFOpenDirectory.framework/Versions/A/CFOpenDirectory
0x00000000055d0000 	/System/Library/Frameworks/SecurityFoundation.framework/Versions/A/SecurityFoundation
0x00000000055d0000 	/System/Library/PrivateFrameworks/LanguageModeling.framework/Versions/A/LanguageModeling
0x00000000055d0000 	/usr/lib/libmarisa.dylib
0x00000000055d0000 	/usr/lib/libChineseTokenizer.dylib
0x00000000055d0000 	/usr/lib/libcmph.dylib
0x00000000055d0000 	/usr/lib/libcompression.dylib
0x00000000055d0000 	/System/Library/Frameworks/ServiceManagement.framework/Versions/A/ServiceManagement
0x00000000055d0000 	/usr/lib/libxslt.1.dylib
0x00000000055d0000 	/System/Library/Frameworks/Carbon.framework/Versions/A/Frameworks/Ink.framework/Versions/A/Ink
0x00000000055d0000 	/usr/lib/libFosl_dynamic.dylib
0x00000000055d0000 	/System/Library/PrivateFrameworks/FaceCore.framework/Versions/A/FaceCore
0x00000000055d0000 	/System/Library/Frameworks/OpenCL.framework/Versions/A/OpenCL
0x00000000055d0000 	/System/Library/PrivateFrameworks/CrashReporterSupport.framework/Versions/A/CrashReporterSupport
0x00000000055d0000 	/System/Library/PrivateFrameworks/IconServices.framework/Versions/A/IconServices
0x00000000055d0000 	/System/Library/PrivateFrameworks/Apple80211.framework/Versions/A/Apple80211
0x00000000055d0000 	/System/Library/Frameworks/CoreWLAN.framework/Versions/A/CoreWLAN
0x00000000055d0000 	/System/Library/Frameworks/IOBluetooth.framework/Versions/A/IOBluetooth
0x00000000055d0000 	/System/Library/PrivateFrameworks/CoreWiFi.framework/Versions/A/CoreWiFi
0x00000000055d0000 	/System/Library/Frameworks/CoreBluetooth.framework/Versions/A/CoreBluetooth
0x00000000055d0000 	/System/Library/PrivateFrameworks/ChunkingLibrary.framework/Versions/A/ChunkingLibrary
0x00000000055d0000 	/System/Library/PrivateFrameworks/DebugSymbols.framework/Versions/A/DebugSymbols
0x00000000055d0000 	/System/Library/PrivateFrameworks/CoreSymbolication.framework/Versions/A/CoreSymbolication
0x00000000055d0000 	/System/Library/PrivateFrameworks/Symbolication.framework/Versions/A/Symbolication
0x00000000055d0000 	/System/Library/PrivateFrameworks/SpeechRecognitionCore.framework/Versions/A/SpeechRecognitionCore
0x000000010dff8000 	/Library/Java/JavaVirtualMachines/jdk1.8.0_60.jdk/Contents/Home/jre/lib/server/libjvm.dylib
0x00000000055d0000 	/usr/lib/libstdc++.6.dylib
0x000000010ef85000 	/Library/Java/JavaVirtualMachines/jdk1.8.0_60.jdk/Contents/Home/jre/lib/libverify.dylib
0x000000010ef93000 	/Library/Java/JavaVirtualMachines/jdk1.8.0_60.jdk/Contents/Home/jre/lib/libjava.dylib
0x000000010efd2000 	/Library/Java/JavaVirtualMachines/jdk1.8.0_60.jdk/Contents/Home/jre/lib/libzip.dylib
0x0000000125142000 	/System/Library/Frameworks/JavaVM.framework/Frameworks/JavaRuntimeSupport.framework/JavaRuntimeSupport
0x000000012515d000 	/System/Library/Frameworks/JavaVM.framework/Versions/A/Frameworks/JavaNativeFoundation.framework/Versions/A/JavaNativeFoundation
0x0000000125172000 	/System/Library/Frameworks/JavaVM.framework/Versions/A/JavaVM
0x00000000055d0000 	/System/Library/Frameworks/Carbon.framework/Versions/A/Carbon
0x000000012517f000 	/System/Library/PrivateFrameworks/JavaLaunching.framework/Versions/A/JavaLaunching
0x00000000055d0000 	/System/Library/Frameworks/Carbon.framework/Versions/A/Frameworks/CommonPanels.framework/Versions/A/CommonPanels
0x00000000055d0000 	/System/Library/Frameworks/Carbon.framework/Versions/A/Frameworks/Help.framework/Versions/A/Help
0x00000000055d0000 	/System/Library/Frameworks/Carbon.framework/Versions/A/Frameworks/ImageCapture.framework/Versions/A/ImageCapture
0x00000000055d0000 	/System/Library/Frameworks/Carbon.framework/Versions/A/Frameworks/OpenScripting.framework/Versions/A/OpenScripting
0x00000000055d0000 	/System/Library/Frameworks/Carbon.framework/Versions/A/Frameworks/Print.framework/Versions/A/Print
0x00000000055d0000 	/System/Library/Frameworks/Carbon.framework/Versions/A/Frameworks/SecurityHI.framework/Versions/A/SecurityHI
0x0000000126a9d000 	/Library/Java/JavaVirtualMachines/jdk1.8.0_60.jdk/Contents/Home/jre/lib/libawt.dylib
0x0000000126b45000 	/Library/Java/JavaVirtualMachines/jdk1.8.0_60.jdk/Contents/Home/jre/lib/./libmlib_image.dylib
0x0000000126c11000 	/Library/Java/JavaVirtualMachines/jdk1.8.0_60.jdk/Contents/Home/jre/lib/libawt_lwawt.dylib
0x0000000126cc6000 	/Library/Java/JavaVirtualMachines/jdk1.8.0_60.jdk/Contents/Home/jre/lib/./libosxapp.dylib
0x00000000055d0000 	/System/Library/Frameworks/ExceptionHandling.framework/Versions/A/ExceptionHandling
0x00000000055d0000 	/System/Library/PrivateFrameworks/CoreServicesInternal.framework/Versions/A/CoreServicesInternal
0x00000000055d0000 	/System/Library/Frameworks/CoreGraphics.framework/Versions/A/Resources/libRIP.A.dylib
0x00000000055d0000 	/System/Library/Frameworks/Accelerate.framework/Versions/A/Frameworks/vImage.framework/Versions/A/Libraries/libCGInterfaces.dylib
0x00000000055d0000 	/System/Library/Frameworks/CoreGraphics.framework/Versions/A/Resources/libCGXType.A.dylib
0x00000000055d0000 	/System/Library/Frameworks/OpenCL.framework/Versions/A/Libraries/libcldcpuengine.dylib
0x00000000055d0000 	/System/Library/PrivateFrameworks/DiskImages.framework/Versions/A/DiskImages
0x00000000055d0000 	/System/Library/Frameworks/DiscRecording.framework/Versions/A/DiscRecording
0x00000000055d0000 	/usr/lib/libcsfde.dylib
0x00000000055d0000 	/usr/lib/libcurl.4.dylib
0x00000000055d0000 	/System/Library/PrivateFrameworks/MediaKit.framework/Versions/A/MediaKit
0x00000000055d0000 	/System/Library/PrivateFrameworks/ProtectedCloudStorage.framework/Versions/A/ProtectedCloudStorage
0x00000000055d0000 	/usr/lib/libCoreStorage.dylib
0x00000000055d0000 	/System/Library/PrivateFrameworks/EFILogin.framework/Versions/A/EFILogin
0x00000000055d0000 	/usr/lib/libutil.dylib
0x00000000055d0000 	/System/Library/PrivateFrameworks/FindMyDevice.framework/Versions/A/FindMyDevice
0x00000000055d0000 	/System/Library/Frameworks/LDAP.framework/Versions/A/LDAP
0x00000000055d0000 	/usr/lib/libsasl2.2.dylib
0x00000000055d0000 	/System/Library/PrivateFrameworks/CoreDaemon.framework/Versions/B/CoreDaemon
0x00000000055d0000 	/usr/lib/libcrypto.0.9.8.dylib
0x00000000055d0000 	/System/Library/PrivateFrameworks/AppleSRP.framework/Versions/A/AppleSRP
0x00000000055d0000 	/System/Library/PrivateFrameworks/TrustEvaluationAgent.framework/Versions/A/TrustEvaluationAgent
0x0000000128404000 	cl_kernels
0x00000000055d0000 	/System/Library/Frameworks/OpenCL.framework/Versions/A/Libraries/ImageFormats/unorm8_bgra.dylib
0x00000000055d0000 	/System/Library/Frameworks/OpenCL.framework/Versions/A/Libraries/ImageFormats/unorm8_rgba.dylib
0x00000000055d0000 	/System/Library/PrivateFrameworks/FamilyControls.framework/Versions/A/FamilyControls
0x00000000055d0000 	/System/Library/PrivateFrameworks/CommerceKit.framework/Versions/A/Frameworks/CommerceCore.framework/Versions/A/CommerceCore
0x00000000055d0000 	/System/Library/PrivateFrameworks/SystemAdministration.framework/Versions/A/SystemAdministration
0x00000000055d0000 	/System/Library/PrivateFrameworks/AppContainer.framework/Versions/A/AppContainer
0x00000000055d0000 	/System/Library/PrivateFrameworks/SecCodeWrapper.framework/Versions/A/SecCodeWrapper
0x00000000055d0000 	/System/Library/Frameworks/DirectoryService.framework/Versions/A/DirectoryService
0x00000000055d0000 	/System/Library/PrivateFrameworks/LoginUIKit.framework/Versions/A/Frameworks/LoginUICore.framework/Versions/A/LoginUICore
0x00000000055d0000 	/usr/lib/libodfde.dylib
0x00000000055d0000 	/System/Library/Frameworks/OpenGL.framework/Versions/A/Resources/GLEngine.bundle/GLEngine
0x00000000055d0000 	/System/Library/Frameworks/OpenGL.framework/Versions/A/Libraries/libGLProgrammability.dylib
0x0000000129499000 	/System/Library/Extensions/AppleIntelHD5000GraphicsGLDriver.bundle/Contents/MacOS/AppleIntelHD5000GraphicsGLDriver
0x00000000055d0000 	/System/Library/PrivateFrameworks/GPUSupport.framework/Versions/A/Libraries/libGPUSupportMercury.dylib
0x00000000055d0000 	/System/Library/Frameworks/OpenGL.framework/Versions/A/Resources/GLRendererFloat.bundle/GLRendererFloat
0x000000012a450000 	/Library/Java/JavaVirtualMachines/jdk1.8.0_60.jdk/Contents/Home/jre/lib/libfontmanager.dylib
0x000000012b8ea000 	/Library/Java/JavaVirtualMachines/jdk1.8.0_60.jdk/Contents/Home/jre/lib/libosxui.dylib
0x000000012c735000 	/Library/Java/JavaVirtualMachines/jdk1.8.0_60.jdk/Contents/Home/jre/lib/libnet.dylib
0x000000012c598000 	/Library/Java/JavaVirtualMachines/jdk1.8.0_60.jdk/Contents/Home/jre/lib/libnio.dylib
0x00000000055d0000 	/System/Library/Frameworks/ApplicationServices.framework/Versions/A/Frameworks/ATS.framework/Versions/A/Resources/libTrueTypeScaler.dylib
0x000000018440f000 	/System/Library/Extensions/AppleIntelHD5000GraphicsMTLDriver.bundle/Contents/MacOS/AppleIntelHD5000GraphicsMTLDriver
0x00000001279ac000 	/private/var/folders/x9/z_v5q4vx5yx_kt718rrfk_lm0000gn/T/jogamp_0000/file_cache/jln6656379170812497138/jln4582393699371887376/libgluegen-rt.jnilib
0x00000001279b1000 	/private/var/folders/x9/z_v5q4vx5yx_kt718rrfk_lm0000gn/T/jogamp_0000/file_cache/jln6656379170812497138/jln4582393699371887376/libnativewindow_awt.jnilib
0x00000001279b4000 	/Library/Java/JavaVirtualMachines/jdk1.8.0_60.jdk/Contents/Home/jre/lib/libjawt.dylib
0x00000001279b7000 	/private/var/folders/x9/z_v5q4vx5yx_kt718rrfk_lm0000gn/T/jogamp_0000/file_cache/jln6656379170812497138/jln4582393699371887376/libnativewindow_macosx.jnilib
0x00000001860bb000 	/private/var/folders/x9/z_v5q4vx5yx_kt718rrfk_lm0000gn/T/jogamp_0000/file_cache/jln6656379170812497138/jln4582393699371887376/libjogl_desktop.jnilib
0x0000000188934000 	/Library/Java/JavaVirtualMachines/jdk1.8.0_60.jdk/Contents/Home/jre/lib/libt2k.dylib

VM Arguments:
jvm_args: -Djava.security.policy=java.policy.applet -Dfile.encoding=UTF-8 
java_command: sun.applet.AppletViewer module5.EarthquakeCityMap1444431453793.html
java_class_path (initial): /Users/gregorymankes/Google Drive/Udacity and Other Courses/Coursera/Data Structures Specialization/Course 1/Code/UCSDUnfoldingMaps/build:/Users/gregorymankes/Google Drive/Udacity and Other Courses/Coursera/Data Structures Specialization/Course 1/Code/UCSDUnfoldingMaps/lib/core.jar:/Users/gregorymankes/Google Drive/Udacity and Other Courses/Coursera/Data Structures Specialization/Course 1/Code/UCSDUnfoldingMaps/lib/gluegen-rt.jar:/Users/gregorymankes/Google Drive/Udacity and Other Courses/Coursera/Data Structures Specialization/Course 1/Code/UCSDUnfoldingMaps/lib/jogl-all.jar:/Users/gregorymankes/Google Drive/Udacity and Other Courses/Coursera/Data Structures Specialization/Course 1/Code/UCSDUnfoldingMaps/lib/log4j-1.2.15.jar:/Users/gregorymankes/Google Drive/Udacity and Other Courses/Coursera/Data Structures Specialization/Course 1/Code/UCSDUnfoldingMaps/lib/sqlite-jdbc-3.7.2.jar:/Users/gregorymankes/Google Drive/Udacity and Other Courses/Coursera/Data Structures Specialization/Course 1/Code/UCSDUnfoldingMaps/lib/json4processing.jar:/Users/gregorymankes/Google Drive/Udacity and Other Courses/Coursera/Data Structures Specialization/Course 1/Code/UCSDUnfoldingMaps/lib/libTUIO.jar:/Users/gregorymankes/Google Drive/Udacity and Other Courses/Coursera/Data Structures Specialization/Course 1/Code/UCSDUnfoldingMaps/lib/unfolding.0.9.7-uscd.jar
Launcher Type: SUN_STANDARD

Environment Variables:
PATH=/usr/bin:/bin:/usr/sbin:/sbin
SHELL=/bin/bash

Signal Handlers:
SIGSEGV: [libjvm.dylib+0x5a6d31], sa_mask[0]=11111111011111110111111111111111, sa_flags=SA_ONSTACK|SA_RESTART|SA_SIGINFO
SIGBUS: [libjvm.dylib+0x5a6d31], sa_mask[0]=11111111011111110111111111111111, sa_flags=SA_RESTART|SA_SIGINFO
SIGFPE: [libjvm.dylib+0x480a4c], sa_mask[0]=11111111011111110111111111111111, sa_flags=SA_RESTART|SA_SIGINFO
SIGPIPE: [libjvm.dylib+0x480a4c], sa_mask[0]=11111111011111110111111111111111, sa_flags=SA_RESTART|SA_SIGINFO
SIGXFSZ: [libjvm.dylib+0x480a4c], sa_mask[0]=11111111011111110111111111111111, sa_flags=SA_RESTART|SA_SIGINFO
SIGILL: [libjvm.dylib+0x480a4c], sa_mask[0]=11111111011111110111111111111111, sa_flags=SA_RESTART|SA_SIGINFO
SIGUSR1: SIG_DFL, sa_mask[0]=00000000000000000000000000000000, sa_flags=none
SIGUSR2: [libjvm.dylib+0x48056a], sa_mask[0]=00100000000000000000000000000000, sa_flags=SA_RESTART|SA_SIGINFO
SIGHUP: [libjvm.dylib+0x47eb41], sa_mask[0]=11111111011111110111111111111111, sa_flags=SA_RESTART|SA_SIGINFO
SIGINT: [libjvm.dylib+0x47eb41], sa_mask[0]=11111111011111110111111111111111, sa_flags=SA_RESTART|SA_SIGINFO
SIGTERM: [libjvm.dylib+0x47eb41], sa_mask[0]=11111111011111110111111111111111, sa_flags=SA_RESTART|SA_SIGINFO
SIGQUIT: [libjvm.dylib+0x47eb41], sa_mask[0]=11111111011111110111111111111111, sa_flags=SA_RESTART|SA_SIGINFO


---------------  S Y S T E M  ---------------

OS:Bsduname:Darwin 15.0.0 Darwin Kernel Version 15.0.0: Wed Aug 26 16:57:32 PDT 2015; root:xnu-3247.1.106~1/RELEASE_X86_64 x86_64
rlimit: STACK 8192k, CORE 0k, NPROC 709, NOFILE 10240, AS infinity
load average:1.86 1.92 1.99

CPU:total 4 (2 cores per cpu, 2 threads per core) family 6 model 69 stepping 1, cmov, cx8, fxsr, mmx, sse, sse2, sse3, ssse3, sse4.1, sse4.2, popcnt, avx, avx2, aes, clmul, erms, lzcnt, ht, tsc, tscinvbit, bmi1, bmi2

Memory: 4k page, physical 8388608k(967392k free)

/proc/meminfo:


vm_info: Java HotSpot(TM) 64-Bit Server VM (25.60-b23) for bsd-amd64 JRE (1.8.0_60-b27), built on Aug  4 2015 10:47:24 by "java_re" with gcc 4.2.1 (Based on Apple Inc. build 5658) (LLVM build 2336.11.00)

time: Fri Oct  9 18:58:01 2015
elapsed time: 27 seconds (0d 0h 0m 27s)

