#
# A fatal error has been detected by the Java Runtime Environment:
#
#  SIGSEGV (0xb) at pc=0x00007fff96c380dd, pid=1747, tid=1811
#
# JRE version: Java(TM) SE Runtime Environment (8.0_60-b27) (build 1.8.0_60-b27)
# Java VM: Java HotSpot(TM) 64-Bit Server VM (25.60-b23 mixed mode bsd-amd64 compressed oops)
# Problematic frame:
# C  [libobjc.A.dylib+0x10dd]  objc_msgSend+0x1d
#
# Failed to write core dump. Core dumps have been disabled. To enable core dumping, try "ulimit -c unlimited" before starting Java again
#
# If you would like to submit a bug report, please visit:
#   http://bugreport.java.com/bugreport/crash.jsp
# The crash happened outside the Java Virtual Machine in native code.
# See problematic frame for where to report the bug.
#

---------------  T H R E A D  ---------------

Current thread (0x00007fd4da153800):  JavaThread "AWT-AppKit" daemon [_thread_in_native, id=1811, stack(0x00007fff5035c000,0x00007fff50b5c000)]

siginfo: si_signo: 11 (SIGSEGV), si_code: 1 (SEGV_MAPERR), si_addr: 0x0000000000000018

Registers:
RAX=0x00007fd4d9cc20c0, RBX=0x000000018254b450, RCX=0x000000012f1c0d40, RDX=0x000000012f1c0360
RSP=0x00007fff50b571f8, RBP=0x00007fff50b572b0, RSI=0x00007fff9b96740f, RDI=0x00007fd4de5ec780
R8 =0x0000000000000000, R9 =0x0000000000000f50, R10=0x00007fff9b96740f, R11=0x0000000000000000
R12=0x0000000000000000, R13=0x00000001843dd9b0, R14=0x000000018254b440, R15=0x00007fd4da153800
RIP=0x00007fff96c380dd, EFLAGS=0x0000000000010246, ERR=0x0000000000000004
  TRAPNO=0x000000000000000e

Top of Stack: (sp=0x00007fff50b571f8)
0x00007fff50b571f8:   0000000182549157 00007fff50b57250
0x00007fff50b57208:   0000000000000003 00007fff50b57230
0x00007fff50b57218:   000000010f394992 00000001843dd9b0
0x00007fff50b57228:   00000001843dd9b0 00007fd4d9cc20c0
0x00007fff50b57238:   000000018254b6a0 000000018254b710
0x00007fff50b57248:   00007fff7e911550 00007fff7de86c80
0x00007fff50b57258:   000000018254b450 000000018254b690
0x00007fff50b57268:   00007fd4d9cc20c0 00007fd4de5ec780
0x00007fff50b57278:   00007fd4d9d637c0 00007fd4d9cc20c0
0x00007fff50b57288:   00007fd4de5ec780 00007fff50b57338
0x00007fff50b57298:   00007fd4da1539f8 00000001843dd9b0
0x00007fff50b572a8:   00007fff50b57360 00007fff50b57328
0x00007fff50b572b8:   000000011029a954 00000001843dd9b0
0x00007fff50b572c8:   00007fff50b57360 00007fff50b57328
0x00007fff50b572d8:   000000011029a6e7 000000011029a6a2
0x00007fff50b572e8:   00007fff50b572e8 00000001843dd9b0
0x00007fff50b572f8:   00007fff50b57360 00000001843e05e8
0x00007fff50b57308:   0000000000000000 00000001843dd9b0
0x00007fff50b57318:   0000000000000000 00007fff50b57348
0x00007fff50b57328:   00007fff50b573a8 000000011028cc4d
0x00007fff50b57338:   0000000740718330 0000000110294578
0x00007fff50b57348:   00007fd4d9cc20c0 00007fff50b573a8
0x00007fff50b57358:   00007fd4de5ec780 0000000110295d82
0x00007fff50b57368:   00007fff50b57368 00000001843ddb7a
0x00007fff50b57378:   00007fff50b573d0 00000001843e05e8
0x00007fff50b57388:   0000000000000000 00000001843ddb88
0x00007fff50b57398:   00007fff50b57348 00007fff50b573b8
0x00007fff50b573a8:   00007fff50b57418 000000011028cc4d
0x00007fff50b573b8:   00007fd4d9cc20c0 00000007417d3ed8
0x00007fff50b573c8:   00007fd4de5ec780 00000007417d3ed8
0x00007fff50b573d8:   00007fff50b573d8 000000018b6e3e26
0x00007fff50b573e8:   00007fff50b57428 000000018b6e3ee0 

Instructions: (pc=0x00007fff96c380dd)
0x00007fff96c380bd:   00 00 00 48 85 ff 2e 74 7a 40 f6 c7 01 2e 75 7e
0x00007fff96c380cd:   49 bb f8 ff ff ff ff 7f 00 00 4c 23 1f 49 89 f2
0x00007fff96c380dd:   45 23 53 18 49 c1 e2 04 4d 03 53 10 49 3b 32 75
0x00007fff96c380ed:   04 41 ff 62 08 49 83 3a 00 74 6a 4d 3b 53 10 74 

Register to memory mapping:

RAX=0x00007fd4d9cc20c0 is an unknown value
RBX=0x000000018254b450: Java_jogamp_nativewindow_macosx_OSXUtil_GetScreenRefreshRate0+0x1cf0 in /private/var/folders/x9/z_v5q4vx5yx_kt718rrfk_lm0000gn/T/jogamp_0000/file_cache/jln2889136517877625885/jln4985343118817366454/libnativewindow_macosx.jnilib at 0x0000000182544000
RCX=0x000000012f1c0d40 is an unknown value
RDX=0x000000012f1c0360 is an unknown value
RSP=0x00007fff50b571f8 is pointing into the stack for thread: 0x00007fd4da153800
RBP=0x00007fff50b572b0 is pointing into the stack for thread: 0x00007fd4da153800
RSI=0x00007fff9b96740f is an unknown value
RDI=0x00007fd4de5ec780 is an unknown value
R8 =0x0000000000000000 is an unknown value
R9 =0x0000000000000f50 is an unknown value
R10=0x00007fff9b96740f is an unknown value
R11=0x0000000000000000 is an unknown value
R12=0x0000000000000000 is an unknown value
R13={method} {0x00000001843dd9b0} 'UnsetJAWTRootSurfaceLayer0' '(JJ)V' in 'jogamp/nativewindow/jawt/macosx/MacOSXJAWTWindow'
R14=0x000000018254b440: Java_jogamp_nativewindow_macosx_OSXUtil_GetScreenRefreshRate0+0x1ce0 in /private/var/folders/x9/z_v5q4vx5yx_kt718rrfk_lm0000gn/T/jogamp_0000/file_cache/jln2889136517877625885/jln4985343118817366454/libnativewindow_macosx.jnilib at 0x0000000182544000
R15=0x00007fd4da153800 is a thread


Stack: [0x00007fff5035c000,0x00007fff50b5c000],  sp=0x00007fff50b571f8,  free space=8172k
Native frames: (J=compiled Java code, j=interpreted, Vv=VM code, C=native code)
C  [libobjc.A.dylib+0x10dd]  objc_msgSend+0x1d
j  jogamp.nativewindow.jawt.macosx.MacOSXJAWTWindow.UnsetJAWTRootSurfaceLayer0(JJ)V+0
j  jogamp.nativewindow.jawt.macosx.MacOSXJAWTWindow.access$200(JJ)V+2
j  jogamp.nativewindow.jawt.macosx.MacOSXJAWTWindow$1.run()V+38
J 2256 C1 com.jogamp.common.util.RunnableTask.run()V (345 bytes) @ 0x0000000110ae55d4 [0x0000000110ae5440+0x194]
v  ~StubRoutines::call_stub
V  [libjvm.dylib+0x2eab0e]
V  [libjvm.dylib+0x321bb7]
V  [libjvm.dylib+0x31438b]
C  [libnativewindow_macosx.jnilib+0x5326]  Java_jogamp_nativewindow_jawt_macosx_MacOSXJAWTWindow_UnsetJAWTRootSurfaceLayer0+0x2b6
C  [Foundation+0x92dd0]  __NSThreadPerformPerform+0x125
C  [CoreFoundation+0x80a01]  __CFRUNLOOP_IS_CALLING_OUT_TO_A_SOURCE0_PERFORM_FUNCTION__+0x11
C  [CoreFoundation+0x72c5c]  __CFRunLoopDoSources0+0x1dc
C  [CoreFoundation+0x721bf]  __CFRunLoopRun+0x39f
C  [CoreFoundation+0x71bd8]  CFRunLoopRunSpecific+0x128
C  [HIToolbox+0x3256f]  RunCurrentEventLoopInMode+0xeb
C  [HIToolbox+0x321ee]  ReceiveNextEventCommon+0xb3
C  [HIToolbox+0x3212b]  _BlockUntilNextEventMatchingListInModeWithFilter+0x47
C  [AppKit+0x918ab]  _DPSNextEvent+0x3d2
C  [AppKit+0x90e58]  -[NSApplication nextEventMatchingMask:untilDate:inMode:dequeue:]+0x15a
C  [libosxapp.dylib+0x23aa]  -[NSApplicationAWT nextEventMatchingMask:untilDate:inMode:dequeue:]+0x7c
C  [AppKit+0x86af3]  -[NSApplication run]+0x252
C  [libosxapp.dylib+0x214d]  +[NSApplicationAWT runAWTLoopWithApp:]+0x9c
C  [libawt_lwawt.dylib+0x44517]  -[AWTStarter starter:]+0x389
C  [Foundation+0x92dd0]  __NSThreadPerformPerform+0x125
C  [CoreFoundation+0x80a01]  __CFRUNLOOP_IS_CALLING_OUT_TO_A_SOURCE0_PERFORM_FUNCTION__+0x11
C  [CoreFoundation+0x72b8d]  __CFRunLoopDoSources0+0x10d
C  [CoreFoundation+0x721bf]  __CFRunLoopRun+0x39f
C  [CoreFoundation+0x71bd8]  CFRunLoopRunSpecific+0x128
C  [java+0x6463]  CreateExecutionEnvironment+0x367
C  [java+0x21ac]  JLI_Launch+0x7a0
C  [java+0x84c0]  main+0x65
C  [java+0x1a04]  start+0x34
C  0x0000000000000007

Java frames: (J=compiled Java code, j=interpreted, Vv=VM code)
j  jogamp.nativewindow.jawt.macosx.MacOSXJAWTWindow.UnsetJAWTRootSurfaceLayer0(JJ)V+0
j  jogamp.nativewindow.jawt.macosx.MacOSXJAWTWindow.access$200(JJ)V+2
j  jogamp.nativewindow.jawt.macosx.MacOSXJAWTWindow$1.run()V+38
J 2256 C1 com.jogamp.common.util.RunnableTask.run()V (345 bytes) @ 0x0000000110ae55d4 [0x0000000110ae5440+0x194]
v  ~StubRoutines::call_stub

---------------  P R O C E S S  ---------------

Java Threads: ( => current thread )
  0x00007fd4da6b2000 JavaThread "Thread-159" [_thread_blocked, id=63847, stack(0x000000018f9bf000,0x000000018fabf000)]
  0x00007fd4daca9800 JavaThread "Image Fetcher 1" daemon [_thread_blocked, id=64543, stack(0x000000018def4000,0x000000018dff4000)]
  0x00007fd4df38a000 JavaThread "Image Fetcher 0" daemon [_thread_blocked, id=36663, stack(0x000000018db19000,0x000000018dc19000)]
  0x00007fd4dabdf000 JavaThread "Keep-Alive-Timer" daemon [_thread_blocked, id=63291, stack(0x000000018a1b4000,0x000000018a2b4000)]
  0x00007fd4dbb63800 JavaThread "Animation Thread" [_thread_blocked, id=56859, stack(0x0000000182708000,0x0000000182808000)]
  0x00007fd4db16a800 JavaThread "AWT-EventQueue-1" [_thread_in_native, id=57363, stack(0x0000000182bc0000,0x0000000182cc0000)]
  0x00007fd4da006000 JavaThread "DestroyJavaVM" [_thread_blocked, id=3331, stack(0x000000011012d000,0x000000011022d000)]
  0x00007fd4db09b800 JavaThread "AWT-EventQueue-0" [_thread_blocked, id=55559, stack(0x000000012f09d000,0x000000012f19d000)]
  0x00007fd4da1a0800 JavaThread "Java2D Disposer" daemon [_thread_blocked, id=51735, stack(0x000000012de5b000,0x000000012df5b000)]
  0x00007fd4db9a6000 JavaThread "Java2D Queue Flusher" daemon [_thread_blocked, id=50183, stack(0x000000012cde9000,0x000000012cee9000)]
  0x00007fd4db908800 JavaThread "AWT-Shutdown" [_thread_blocked, id=28691, stack(0x000000012a442000,0x000000012a542000)]
=>0x00007fd4da153800 JavaThread "AWT-AppKit" daemon [_thread_in_native, id=1811, stack(0x00007fff5035c000,0x00007fff50b5c000)]
  0x00007fd4da835800 JavaThread "Service Thread" daemon [_thread_blocked, id=17923, stack(0x00000001287c1000,0x00000001288c1000)]
  0x00007fd4da02d000 JavaThread "C1 CompilerThread2" daemon [_thread_blocked, id=17411, stack(0x00000001286be000,0x00000001287be000)]
  0x00007fd4da02c000 JavaThread "C2 CompilerThread1" daemon [_thread_blocked, id=16899, stack(0x00000001285bb000,0x00000001286bb000)]
  0x00007fd4da005000 JavaThread "C2 CompilerThread0" daemon [_thread_blocked, id=16387, stack(0x00000001284b8000,0x00000001285b8000)]
  0x00007fd4db80f800 JavaThread "Signal Dispatcher" daemon [_thread_blocked, id=12307, stack(0x00000001283b5000,0x00000001284b5000)]
  0x00007fd4da019800 JavaThread "Finalizer" daemon [_thread_blocked, id=11011, stack(0x0000000126a22000,0x0000000126b22000)]
  0x00007fd4da019000 JavaThread "Reference Handler" daemon [_thread_blocked, id=10499, stack(0x000000012691f000,0x0000000126a1f000)]

Other Threads:
  0x00007fd4db807800 VMThread [stack: 0x000000012681c000,0x000000012691c000] [id=9987]
  0x00007fd4db048800 WatcherThread [stack: 0x00000001288c4000,0x00000001289c4000] [id=18435]

VM state:not at safepoint (normal execution)

VM Mutex/Monitor currently owned by a thread: None

Heap:
 PSYoungGen      total 66560K, used 44819K [0x0000000795580000, 0x000000079b600000, 0x00000007c0000000)
  eden space 50176K, 56% used [0x0000000795580000,0x0000000797148830,0x0000000798680000)
  from space 16384K, 99% used [0x0000000799b00000,0x000000079aafc420,0x000000079ab00000)
  to   space 20992K, 0% used [0x0000000798680000,0x0000000798680000,0x0000000799b00000)
 ParOldGen       total 88064K, used 34184K [0x0000000740000000, 0x0000000745600000, 0x0000000795580000)
  object space 88064K, 38% used [0x0000000740000000,0x0000000742162360,0x0000000745600000)
 Metaspace       used 21383K, capacity 21595K, committed 21808K, reserved 1069056K
  class space    used 2048K, capacity 2112K, committed 2176K, reserved 1048576K

Card table byte_map: [0x0000000120000000,0x0000000120401000] byte_map_base: 0x000000011c600000

Marking Bits: (ParMarkBitMap*) 0x000000010fa81e20
 Begin Bits: [0x00000001209b5000, 0x00000001229b5000)
 End Bits:   [0x00000001229b5000, 0x00000001249b5000)

Polling page: 0x0000000110272000

CodeCache: size=245760Kb used=10034Kb max_used=10055Kb free=235726Kb
 bounds [0x0000000110285000, 0x0000000110c75000, 0x000000011f285000]
 total_blobs=3694 nmethods=2802 adapters=805
 compilation: enabled

Compilation events (10 events):
Event: 19.522 Thread 0x00007fd4da02c000 3209       4       processing.opengl.PJOGL::clearDepth (11 bytes)
Event: 19.524 Thread 0x00007fd4da02c000 nmethod 3209 0x0000000110c12610 code [0x0000000110c12780, 0x0000000110c12948]
Event: 19.654 Thread 0x00007fd4da02d000 3210       1       sun.java2d.SurfaceData::isValid (5 bytes)
Event: 19.655 Thread 0x00007fd4da02d000 nmethod 3210 0x0000000110c35650 code [0x0000000110c357a0, 0x0000000110c358b0]
Event: 19.655 Thread 0x00007fd4da005000 3211  s    4       sun.misc.URLClassPath::getNextLoader (88 bytes)
Event: 19.656 Thread 0x00007fd4da02c000 3212  s!   4       sun.misc.URLClassPath::getLoader (197 bytes)
Event: 19.661 Thread 0x00007fd4da005000 nmethod 3211 0x0000000110c37590 code [0x0000000110c37700, 0x0000000110c37e78]
Event: 19.661 Thread 0x00007fd4da02c000 nmethod 3212 0x0000000110c4a0d0 code [0x0000000110c4a240, 0x0000000110c4aa18]
Event: 19.666 Thread 0x00007fd4da02d000 3213       3       sun.java2d.pipe.RenderBuffer::position (11 bytes)
Event: 19.666 Thread 0x00007fd4da02d000 nmethod 3213 0x0000000110c49dd0 code [0x0000000110c49f20, 0x0000000110c4a070]

GC Heap History (10 events):
Event: 8.414 GC heap before
{Heap before GC invocations=7 (full 1):
 PSYoungGen      total 47616K, used 5709K [0x0000000795580000, 0x0000000799400000, 0x00000007c0000000)
  eden space 32256K, 0% used [0x0000000795580000,0x0000000795580000,0x0000000797500000)
  from space 15360K, 37% used [0x0000000798500000,0x0000000798a934a0,0x0000000799400000)
  to   space 15872K, 0% used [0x0000000797500000,0x0000000797500000,0x0000000798480000)
 ParOldGen       total 87552K, used 23724K [0x0000000740000000, 0x0000000745580000, 0x0000000795580000)
  object space 87552K, 27% used [0x0000000740000000,0x000000074172b1e0,0x0000000745580000)
 Metaspace       used 20880K, capacity 21083K, committed 21296K, reserved 1069056K
  class space    used 2040K, capacity 2112K, committed 2176K, reserved 1048576K
Event: 8.477 GC heap after
Heap after GC invocations=7 (full 1):
 PSYoungGen      total 47616K, used 0K [0x0000000795580000, 0x0000000799400000, 0x00000007c0000000)
  eden space 32256K, 0% used [0x0000000795580000,0x0000000795580000,0x0000000797500000)
  from space 15360K, 0% used [0x0000000798500000,0x0000000798500000,0x0000000799400000)
  to   space 15872K, 0% used [0x0000000797500000,0x0000000797500000,0x0000000798480000)
 ParOldGen       total 88064K, used 27144K [0x0000000740000000, 0x0000000745600000, 0x0000000795580000)
  object space 88064K, 30% used [0x0000000740000000,0x0000000741a82180,0x0000000745600000)
 Metaspace       used 20880K, capacity 21083K, committed 21296K, reserved 1069056K
  class space    used 2040K, capacity 2112K, committed 2176K, reserved 1048576K
}
Event: 10.138 GC heap before
{Heap before GC invocations=8 (full 1):
 PSYoungGen      total 47616K, used 32256K [0x0000000795580000, 0x0000000799400000, 0x00000007c0000000)
  eden space 32256K, 100% used [0x0000000795580000,0x0000000797500000,0x0000000797500000)
  from space 15360K, 0% used [0x0000000798500000,0x0000000798500000,0x0000000799400000)
  to   space 15872K, 0% used [0x0000000797500000,0x0000000797500000,0x0000000798480000)
 ParOldGen       total 88064K, used 27144K [0x0000000740000000, 0x0000000745600000, 0x0000000795580000)
  object space 88064K, 30% used [0x0000000740000000,0x0000000741a82180,0x0000000745600000)
 Metaspace       used 20957K, capacity 21147K, committed 21552K, reserved 1069056K
  class space    used 2040K, capacity 2112K, committed 2176K, reserved 1048576K
Event: 10.140 GC heap after
Heap after GC invocations=8 (full 1):
 PSYoungGen      total 48128K, used 6080K [0x0000000795580000, 0x000000079a200000, 0x00000007c0000000)
  eden space 32256K, 0% used [0x0000000795580000,0x0000000795580000,0x0000000797500000)
  from space 15872K, 38% used [0x0000000797500000,0x0000000797af0170,0x0000000798480000)
  to   space 15872K, 0% used [0x0000000799280000,0x0000000799280000,0x000000079a200000)
 ParOldGen       total 88064K, used 27152K [0x0000000740000000, 0x0000000745600000, 0x0000000795580000)
  object space 88064K, 30% used [0x0000000740000000,0x0000000741a84180,0x0000000745600000)
 Metaspace       used 20957K, capacity 21147K, committed 21552K, reserved 1069056K
  class space    used 2040K, capacity 2112K, committed 2176K, reserved 1048576K
}
Event: 13.273 GC heap before
{Heap before GC invocations=9 (full 1):
 PSYoungGen      total 48128K, used 38336K [0x0000000795580000, 0x000000079a200000, 0x00000007c0000000)
  eden space 32256K, 100% used [0x0000000795580000,0x0000000797500000,0x0000000797500000)
  from space 15872K, 38% used [0x0000000797500000,0x0000000797af0170,0x0000000798480000)
  to   space 15872K, 0% used [0x0000000799280000,0x0000000799280000,0x000000079a200000)
 ParOldGen       total 88064K, used 27152K [0x0000000740000000, 0x0000000745600000, 0x0000000795580000)
  object space 88064K, 30% used [0x0000000740000000,0x0000000741a84180,0x0000000745600000)
 Metaspace       used 21214K, capacity 21403K, committed 21808K, reserved 1069056K
  class space    used 2040K, capacity 2112K, committed 2176K, reserved 1048576K
Event: 13.277 GC heap after
Heap after GC invocations=9 (full 1):
 PSYoungGen      total 57344K, used 8608K [0x0000000795580000, 0x0000000799e80000, 0x00000007c0000000)
  eden space 45056K, 0% used [0x0000000795580000,0x0000000795580000,0x0000000798180000)
  from space 12288K, 70% used [0x0000000799280000,0x0000000799ae8210,0x0000000799e80000)
  to   space 14848K, 0% used [0x0000000798180000,0x0000000798180000,0x0000000799000000)
 ParOldGen       total 88064K, used 27160K [0x0000000740000000, 0x0000000745600000, 0x0000000795580000)
  object space 88064K, 30% used [0x0000000740000000,0x0000000741a86180,0x0000000745600000)
 Metaspace       used 21214K, capacity 21403K, committed 21808K, reserved 1069056K
  class space    used 2040K, capacity 2112K, committed 2176K, reserved 1048576K
}
Event: 16.552 GC heap before
{Heap before GC invocations=10 (full 1):
 PSYoungGen      total 57344K, used 53664K [0x0000000795580000, 0x0000000799e80000, 0x00000007c0000000)
  eden space 45056K, 100% used [0x0000000795580000,0x0000000798180000,0x0000000798180000)
  from space 12288K, 70% used [0x0000000799280000,0x0000000799ae8210,0x0000000799e80000)
  to   space 14848K, 0% used [0x0000000798180000,0x0000000798180000,0x0000000799000000)
 ParOldGen       total 88064K, used 27160K [0x0000000740000000, 0x0000000745600000, 0x0000000795580000)
  object space 88064K, 30% used [0x0000000740000000,0x0000000741a86180,0x0000000745600000)
 Metaspace       used 21272K, capacity 21467K, committed 21808K, reserved 1069056K
  class space    used 2040K, capacity 2112K, committed 2176K, reserved 1048576K
Event: 16.558 GC heap after
Heap after GC invocations=10 (full 1):
 PSYoungGen      total 59904K, used 14448K [0x0000000795580000, 0x000000079ab00000, 0x00000007c0000000)
  eden space 45056K, 0% used [0x0000000795580000,0x0000000795580000,0x0000000798180000)
  from space 14848K, 97% used [0x0000000798180000,0x0000000798f9c3a0,0x0000000799000000)
  to   space 16384K, 0% used [0x0000000799b00000,0x0000000799b00000,0x000000079ab00000)
 ParOldGen       total 88064K, used 27168K [0x0000000740000000, 0x0000000745600000, 0x0000000795580000)
  object space 88064K, 30% used [0x0000000740000000,0x0000000741a88180,0x0000000745600000)
 Metaspace       used 21272K, capacity 21467K, committed 21808K, reserved 1069056K
  class space    used 2040K, capacity 2112K, committed 2176K, reserved 1048576K
}
Event: 17.573 GC heap before
{Heap before GC invocations=11 (full 1):
 PSYoungGen      total 59904K, used 59504K [0x0000000795580000, 0x000000079ab00000, 0x00000007c0000000)
  eden space 45056K, 100% used [0x0000000795580000,0x0000000798180000,0x0000000798180000)
  from space 14848K, 97% used [0x0000000798180000,0x0000000798f9c3a0,0x0000000799000000)
  to   space 16384K, 0% used [0x0000000799b00000,0x0000000799b00000,0x000000079ab00000)
 ParOldGen       total 88064K, used 27168K [0x0000000740000000, 0x0000000745600000, 0x0000000795580000)
  object space 88064K, 30% used [0x0000000740000000,0x0000000741a88180,0x0000000745600000)
 Metaspace       used 21342K, capacity 21531K, committed 21808K, reserved 1069056K
  class space    used 2040K, capacity 2112K, committed 2176K, reserved 1048576K
Event: 17.583 GC heap after
Heap after GC invocations=11 (full 1):
 PSYoungGen      total 66560K, used 16369K [0x0000000795580000, 0x000000079b600000, 0x00000007c0000000)
  eden space 50176K, 0% used [0x0000000795580000,0x0000000795580000,0x0000000798680000)
  from space 16384K, 99% used [0x0000000799b00000,0x000000079aafc420,0x000000079ab00000)
  to   space 20992K, 0% used [0x0000000798680000,0x0000000798680000,0x0000000799b00000)
 ParOldGen       total 88064K, used 34184K [0x0000000740000000, 0x0000000745600000, 0x0000000795580000)
  object space 88064K, 38% used [0x0000000740000000,0x0000000742162360,0x0000000745600000)
 Metaspace       used 21342K, capacity 21531K, committed 21808K, reserved 1069056K
  class space    used 2040K, capacity 2112K, committed 2176K, reserved 1048576K
}

Deoptimization events (10 events):
Event: 5.772 Thread 0x00007fd4db16a800 Uncommon trap: reason=unstable_if action=reinterpret pc=0x0000000110983780 method=java.text.DecimalFormat.subformat(Ljava/lang/StringBuffer;Ljava/text/Format$FieldDelegate;ZZIIII)Ljava/lang/StringBuffer; @ 753
Event: 19.619 Thread 0x00007fd4db16a800 Uncommon trap: reason=class_check action=maybe_recompile pc=0x0000000110c63624 method=java.awt.EventQueue.coalesceEvent(Ljava/awt/AWTEvent;I)Z @ 32
Event: 19.621 Thread 0x00007fd4db16a800 Uncommon trap: reason=class_check action=maybe_recompile pc=0x000000011067e950 method=java.util.Arrays.copyOf([Ljava/lang/Object;ILjava/lang/Class;)[Ljava/lang/Object; @ 24
Event: 19.621 Thread 0x00007fd4db16a800 Uncommon trap: reason=class_check action=maybe_recompile pc=0x000000011067e950 method=java.util.Arrays.copyOf([Ljava/lang/Object;ILjava/lang/Class;)[Ljava/lang/Object; @ 24
Event: 19.621 Thread 0x00007fd4db09b800 Uncommon trap: reason=unstable_if action=reinterpret pc=0x0000000110c63024 method=java.awt.EventQueue.getPriority(Ljava/awt/AWTEvent;)I @ 71
Event: 19.621 Thread 0x00007fd4db16a800 Uncommon trap: reason=unstable_if action=reinterpret pc=0x0000000110386868 method=com.jogamp.common.util.VersionNumber.compareTo(Lcom/jogamp/common/util/VersionNumber;)I @ 21
Event: 19.640 Thread 0x00007fd4db09b800 Uncommon trap: reason=unstable_if action=reinterpret pc=0x0000000110a38d94 method=java.awt.Font.equals(Ljava/lang/Object;)Z @ 2
Event: 19.652 Thread 0x00007fd4db9a0800 Uncommon trap: reason=unstable_if action=reinterpret pc=0x0000000110837d84 method=java.util.HashMap.putVal(ILjava/lang/Object;Ljava/lang/Object;ZZ)Ljava/lang/Object; @ 81
Event: 19.652 Thread 0x00007fd4db9a0800 Uncommon trap: reason=unstable_if action=reinterpret pc=0x0000000110751ab4 method=java.util.HashMap.putVal(ILjava/lang/Object;Ljava/lang/Object;ZZ)Ljava/lang/Object; @ 81
Event: 19.664 Thread 0x00007fd4db16a800 Uncommon trap: reason=unstable_if action=reinterpret pc=0x000000011088ed38 method=java.security.AccessControlContext.optimize()Ljava/security/AccessControlContext; @ 233

Internal exceptions (10 events):
Event: 0.166 Thread 0x00007fd4da006000 Exception <a 'java/lang/NoSuchFieldError': method resolution failed> (0x000000079587cd10) thrown at [/Users/java_re/workspace/8-2-build-macosx-x86_64/jdk8u60/4407/hotspot/src/share/vm/prims/methodHandles.cpp, line 1146]
Event: 0.168 Thread 0x00007fd4da006000 Exception <a 'java/lang/NoSuchFieldError': method resolution failed> (0x000000079588a4e0) thrown at [/Users/java_re/workspace/8-2-build-macosx-x86_64/jdk8u60/4407/hotspot/src/share/vm/prims/methodHandles.cpp, line 1146]
Event: 0.301 Thread 0x00007fd4da006000 Exception <a 'java/io/FileNotFoundException'> (0x0000000795906338) thrown at [/Users/java_re/workspace/8-2-build-macosx-x86_64/jdk8u60/4407/hotspot/src/share/vm/prims/jni.cpp, line 709]
Event: 0.301 Thread 0x00007fd4da006000 Exception <a 'java/io/FileNotFoundException'> (0x0000000795906ec0) thrown at [/Users/java_re/workspace/8-2-build-macosx-x86_64/jdk8u60/4407/hotspot/src/share/vm/prims/jni.cpp, line 709]
Event: 0.385 Thread 0x00007fd4da006000 Exception <a 'java/io/FileNotFoundException'> (0x0000000795a58888) thrown at [/Users/java_re/workspace/8-2-build-macosx-x86_64/jdk8u60/4407/hotspot/src/share/vm/prims/jni.cpp, line 709]
Event: 1.650 Thread 0x00007fd4dbb63800 Exception <a 'java/lang/UnsatisfiedLinkError': com.jogamp.common.util.JarUtil.fixNativeLibAttribs(Ljava/lang/String;)Z> (0x0000000796e5d8d8) thrown at [/Users/java_re/workspace/8-2-build-macosx-x86_64/jdk8u60/4407/hotspot/src/share/vm/prims/nativeLookup.c
Event: 1.832 Thread 0x00007fd4da019800 Exception <a 'java/lang/NullPointerException'> (0x00000007956bf2f8) thrown at [/Users/java_re/workspace/8-2-build-macosx-x86_64/jdk8u60/4407/hotspot/src/share/vm/interpreter/linkResolver.cpp, line 1178]
Event: 2.393 Thread 0x00007fd4db16a800 Exception <a 'java/io/FileNotFoundException'> (0x00000007963df778) thrown at [/Users/java_re/workspace/8-2-build-macosx-x86_64/jdk8u60/4407/hotspot/src/share/vm/prims/jni.cpp, line 709]
Event: 2.394 Thread 0x00007fd4db16a800 Exception <a 'java/io/FileNotFoundException'> (0x00000007963eccf0) thrown at [/Users/java_re/workspace/8-2-build-macosx-x86_64/jdk8u60/4407/hotspot/src/share/vm/prims/jni.cpp, line 709]
Event: 2.394 Thread 0x00007fd4db16a800 Implicit null exception at 0x00000001104394f5 to 0x0000000110439859

Events (10 events):
Event: 19.664 loading class java/awt/LightweightDispatcher$2 done
Event: 19.664 loading class java/awt/event/AWTEventListenerProxy
Event: 19.664 loading class java/awt/event/AWTEventListenerProxy done
Event: 19.664 Executing VM operation: Deoptimize
Event: 19.665 Executing VM operation: Deoptimize done
Event: 19.665 loading class java/awt/Toolkit$ToolkitEventMulticaster
Event: 19.665 loading class java/awt/Toolkit$ToolkitEventMulticaster done
Event: 19.665 Thread 0x00007fd4db9a0800 Thread exited: 0x00007fd4db9a0800
Event: 19.665 loading class java/awt/Window$1DisposeAction
Event: 19.665 loading class java/awt/Window$1DisposeAction done


Dynamic libraries:
0x000000000d13d000 	/System/Library/Frameworks/Cocoa.framework/Versions/A/Cocoa
0x000000000d13d000 	/System/Library/Frameworks/Security.framework/Versions/A/Security
0x000000000d13d000 	/System/Library/Frameworks/ApplicationServices.framework/Versions/A/ApplicationServices
0x000000000d13d000 	/usr/lib/libz.1.dylib
0x000000000d13d000 	/usr/lib/libSystem.B.dylib
0x000000000d13d000 	/usr/lib/libobjc.A.dylib
0x000000000d13d000 	/System/Library/Frameworks/CoreFoundation.framework/Versions/A/CoreFoundation
0x000000000d13d000 	/System/Library/Frameworks/Foundation.framework/Versions/C/Foundation
0x000000000d13d000 	/System/Library/Frameworks/AppKit.framework/Versions/C/AppKit
0x000000000d13d000 	/System/Library/Frameworks/CoreData.framework/Versions/A/CoreData
0x000000000d13d000 	/System/Library/PrivateFrameworks/RemoteViewServices.framework/Versions/A/RemoteViewServices
0x000000000d13d000 	/System/Library/PrivateFrameworks/UIFoundation.framework/Versions/A/UIFoundation
0x000000000d13d000 	/System/Library/Frameworks/IOSurface.framework/Versions/A/IOSurface
0x000000000d13d000 	/System/Library/Frameworks/AudioToolbox.framework/Versions/A/AudioToolbox
0x000000000d13d000 	/System/Library/Frameworks/AudioUnit.framework/Versions/A/AudioUnit
0x000000000d13d000 	/System/Library/PrivateFrameworks/DataDetectorsCore.framework/Versions/A/DataDetectorsCore
0x000000000d13d000 	/System/Library/PrivateFrameworks/DesktopServicesPriv.framework/Versions/A/DesktopServicesPriv
0x000000000d13d000 	/System/Library/Frameworks/Carbon.framework/Versions/A/Frameworks/HIToolbox.framework/Versions/A/HIToolbox
0x000000000d13d000 	/System/Library/Frameworks/QuartzCore.framework/Versions/A/QuartzCore
0x000000000d13d000 	/System/Library/Frameworks/Carbon.framework/Versions/A/Frameworks/SpeechRecognition.framework/Versions/A/SpeechRecognition
0x000000000d13d000 	/usr/lib/libauto.dylib
0x000000000d13d000 	/usr/lib/libicucore.A.dylib
0x000000000d13d000 	/usr/lib/libxml2.2.dylib
0x000000000d13d000 	/System/Library/PrivateFrameworks/CoreUI.framework/Versions/A/CoreUI
0x000000000d13d000 	/System/Library/Frameworks/CoreAudio.framework/Versions/A/CoreAudio
0x000000000d13d000 	/System/Library/Frameworks/DiskArbitration.framework/Versions/A/DiskArbitration
0x000000000d13d000 	/usr/lib/liblangid.dylib
0x000000000d13d000 	/System/Library/PrivateFrameworks/MultitouchSupport.framework/Versions/A/MultitouchSupport
0x000000000d13d000 	/System/Library/Frameworks/IOKit.framework/Versions/A/IOKit
0x000000000d13d000 	/usr/lib/libDiagnosticMessagesClient.dylib
0x000000000d13d000 	/System/Library/Frameworks/CoreServices.framework/Versions/A/CoreServices
0x000000000d13d000 	/System/Library/PrivateFrameworks/PerformanceAnalysis.framework/Versions/A/PerformanceAnalysis
0x000000000d13d000 	/System/Library/PrivateFrameworks/GenerationalStorage.framework/Versions/A/GenerationalStorage
0x000000000d13d000 	/System/Library/Frameworks/OpenGL.framework/Versions/A/OpenGL
0x000000000d13d000 	/System/Library/PrivateFrameworks/Sharing.framework/Versions/A/Sharing
0x000000000d13d000 	/System/Library/Frameworks/CoreGraphics.framework/Versions/A/CoreGraphics
0x000000000d13d000 	/System/Library/Frameworks/CoreText.framework/Versions/A/CoreText
0x000000000d13d000 	/System/Library/Frameworks/ImageIO.framework/Versions/A/ImageIO
0x000000000d13d000 	/usr/lib/libextension.dylib
0x000000000d13d000 	/System/Library/PrivateFrameworks/Backup.framework/Versions/A/Backup
0x000000000d13d000 	/usr/lib/libarchive.2.dylib
0x000000000d13d000 	/System/Library/Frameworks/CFNetwork.framework/Versions/A/CFNetwork
0x000000000d13d000 	/System/Library/Frameworks/SystemConfiguration.framework/Versions/A/SystemConfiguration
0x000000000d13d000 	/usr/lib/libCRFSuite.dylib
0x000000000d13d000 	/usr/lib/libc++.1.dylib
0x000000000d13d000 	/usr/lib/libc++abi.dylib
0x000000000d13d000 	/usr/lib/system/libcache.dylib
0x000000000d13d000 	/usr/lib/system/libcommonCrypto.dylib
0x000000000d13d000 	/usr/lib/system/libcompiler_rt.dylib
0x000000000d13d000 	/usr/lib/system/libcopyfile.dylib
0x000000000d13d000 	/usr/lib/system/libcorecrypto.dylib
0x000000000d13d000 	/usr/lib/system/libdispatch.dylib
0x000000000d13d000 	/usr/lib/system/libdyld.dylib
0x000000000d13d000 	/usr/lib/system/libkeymgr.dylib
0x000000000d13d000 	/usr/lib/system/liblaunch.dylib
0x000000000d13d000 	/usr/lib/system/libmacho.dylib
0x000000000d13d000 	/usr/lib/system/libquarantine.dylib
0x000000000d13d000 	/usr/lib/system/libremovefile.dylib
0x000000000d13d000 	/usr/lib/system/libsystem_asl.dylib
0x000000000d13d000 	/usr/lib/system/libsystem_blocks.dylib
0x000000000d13d000 	/usr/lib/system/libsystem_c.dylib
0x000000000d13d000 	/usr/lib/system/libsystem_configuration.dylib
0x000000000d13d000 	/usr/lib/system/libsystem_coreservices.dylib
0x000000000d13d000 	/usr/lib/system/libsystem_coretls.dylib
0x000000000d13d000 	/usr/lib/system/libsystem_dnssd.dylib
0x000000000d13d000 	/usr/lib/system/libsystem_info.dylib
0x000000000d13d000 	/usr/lib/system/libsystem_kernel.dylib
0x000000000d13d000 	/usr/lib/system/libsystem_m.dylib
0x000000000d13d000 	/usr/lib/system/libsystem_malloc.dylib
0x000000000d13d000 	/usr/lib/system/libsystem_network.dylib
0x000000000d13d000 	/usr/lib/system/libsystem_networkextension.dylib
0x000000000d13d000 	/usr/lib/system/libsystem_notify.dylib
0x000000000d13d000 	/usr/lib/system/libsystem_platform.dylib
0x000000000d13d000 	/usr/lib/system/libsystem_pthread.dylib
0x000000000d13d000 	/usr/lib/system/libsystem_sandbox.dylib
0x000000000d13d000 	/usr/lib/system/libsystem_secinit.dylib
0x000000000d13d000 	/usr/lib/system/libsystem_stats.dylib
0x000000000d13d000 	/usr/lib/system/libsystem_trace.dylib
0x000000000d13d000 	/usr/lib/system/libunc.dylib
0x000000000d13d000 	/usr/lib/system/libunwind.dylib
0x000000000d13d000 	/usr/lib/system/libxpc.dylib
0x000000000d13d000 	/usr/lib/libbz2.1.0.dylib
0x000000000d13d000 	/usr/lib/liblzma.5.dylib
0x000000000d13d000 	/usr/lib/libbsm.0.dylib
0x000000000d13d000 	/usr/lib/libsqlite3.dylib
0x000000000d13d000 	/usr/lib/system/libkxld.dylib
0x000000000d13d000 	/usr/lib/libxar.1.dylib
0x000000000d13d000 	/usr/lib/libpam.2.dylib
0x000000000d13d000 	/usr/lib/libOpenScriptingUtil.dylib
0x000000000d13d000 	/System/Library/Frameworks/CoreServices.framework/Versions/A/Frameworks/FSEvents.framework/Versions/A/FSEvents
0x000000000d13d000 	/System/Library/Frameworks/CoreServices.framework/Versions/A/Frameworks/CarbonCore.framework/Versions/A/CarbonCore
0x000000000d13d000 	/System/Library/Frameworks/CoreServices.framework/Versions/A/Frameworks/Metadata.framework/Versions/A/Metadata
0x000000000d13d000 	/System/Library/Frameworks/CoreServices.framework/Versions/A/Frameworks/OSServices.framework/Versions/A/OSServices
0x000000000d13d000 	/System/Library/Frameworks/CoreServices.framework/Versions/A/Frameworks/SearchKit.framework/Versions/A/SearchKit
0x000000000d13d000 	/System/Library/Frameworks/CoreServices.framework/Versions/A/Frameworks/AE.framework/Versions/A/AE
0x000000000d13d000 	/System/Library/Frameworks/CoreServices.framework/Versions/A/Frameworks/LaunchServices.framework/Versions/A/LaunchServices
0x000000000d13d000 	/System/Library/Frameworks/CoreServices.framework/Versions/A/Frameworks/DictionaryServices.framework/Versions/A/DictionaryServices
0x000000000d13d000 	/System/Library/Frameworks/NetFS.framework/Versions/A/NetFS
0x000000000d13d000 	/System/Library/PrivateFrameworks/NetAuth.framework/Versions/A/NetAuth
0x000000000d13d000 	/System/Library/PrivateFrameworks/login.framework/Versions/A/Frameworks/loginsupport.framework/Versions/A/loginsupport
0x000000000d13d000 	/System/Library/PrivateFrameworks/TCC.framework/Versions/A/TCC
0x000000000d13d000 	/usr/lib/libmecabra.dylib
0x000000000d13d000 	/System/Library/Frameworks/ApplicationServices.framework/Versions/A/Frameworks/ATS.framework/Versions/A/ATS
0x000000000d13d000 	/System/Library/Frameworks/ApplicationServices.framework/Versions/A/Frameworks/ColorSync.framework/Versions/A/ColorSync
0x000000000d13d000 	/System/Library/Frameworks/ApplicationServices.framework/Versions/A/Frameworks/HIServices.framework/Versions/A/HIServices
0x000000000d13d000 	/System/Library/Frameworks/ApplicationServices.framework/Versions/A/Frameworks/LangAnalysis.framework/Versions/A/LangAnalysis
0x000000000d13d000 	/System/Library/Frameworks/ApplicationServices.framework/Versions/A/Frameworks/PrintCore.framework/Versions/A/PrintCore
0x000000000d13d000 	/System/Library/Frameworks/ApplicationServices.framework/Versions/A/Frameworks/QD.framework/Versions/A/QD
0x000000000d13d000 	/System/Library/Frameworks/ApplicationServices.framework/Versions/A/Frameworks/SpeechSynthesis.framework/Versions/A/SpeechSynthesis
0x000000000d13d000 	/System/Library/Frameworks/Accelerate.framework/Versions/A/Accelerate
0x000000000d13d000 	/System/Library/Frameworks/Accelerate.framework/Versions/A/Frameworks/vImage.framework/Versions/A/vImage
0x000000000d13d000 	/System/Library/Frameworks/Accelerate.framework/Versions/A/Frameworks/vecLib.framework/Versions/A/vecLib
0x000000000d13d000 	/System/Library/Frameworks/Accelerate.framework/Versions/A/Frameworks/vecLib.framework/Versions/A/libvDSP.dylib
0x000000000d13d000 	/System/Library/Frameworks/Accelerate.framework/Versions/A/Frameworks/vecLib.framework/Versions/A/libvMisc.dylib
0x000000000d13d000 	/System/Library/Frameworks/Accelerate.framework/Versions/A/Frameworks/vecLib.framework/Versions/A/libLAPACK.dylib
0x000000000d13d000 	/System/Library/Frameworks/Accelerate.framework/Versions/A/Frameworks/vecLib.framework/Versions/A/libBLAS.dylib
0x000000000d13d000 	/System/Library/Frameworks/Accelerate.framework/Versions/A/Frameworks/vecLib.framework/Versions/A/libLinearAlgebra.dylib
0x000000000d13d000 	/System/Library/Frameworks/ApplicationServices.framework/Versions/A/Frameworks/ATS.framework/Versions/A/Resources/libFontParser.dylib
0x000000000d13d000 	/System/Library/Frameworks/ApplicationServices.framework/Versions/A/Frameworks/ATS.framework/Versions/A/Resources/libFontRegistry.dylib
0x000000000d13d000 	/System/Library/PrivateFrameworks/AppleVPA.framework/Versions/A/AppleVPA
0x000000000d13d000 	/System/Library/PrivateFrameworks/AppleJPEG.framework/Versions/A/AppleJPEG
0x000000000d13d000 	/System/Library/Frameworks/ImageIO.framework/Versions/A/Resources/libJPEG.dylib
0x000000000d13d000 	/System/Library/Frameworks/ImageIO.framework/Versions/A/Resources/libTIFF.dylib
0x000000000d13d000 	/System/Library/Frameworks/ImageIO.framework/Versions/A/Resources/libPng.dylib
0x000000000d13d000 	/System/Library/Frameworks/ImageIO.framework/Versions/A/Resources/libGIF.dylib
0x000000000d13d000 	/System/Library/Frameworks/ImageIO.framework/Versions/A/Resources/libJP2.dylib
0x000000000d13d000 	/System/Library/Frameworks/ImageIO.framework/Versions/A/Resources/libRadiance.dylib
0x000000000d13d000 	/System/Library/Frameworks/CoreVideo.framework/Versions/A/CoreVideo
0x000000000d13d000 	/System/Library/Frameworks/OpenGL.framework/Versions/A/Libraries/libGLU.dylib
0x000000000d13d000 	/System/Library/Frameworks/OpenGL.framework/Versions/A/Libraries/libGFXShared.dylib
0x000000000d13d000 	/System/Library/Frameworks/OpenGL.framework/Versions/A/Libraries/libGL.dylib
0x000000000d13d000 	/System/Library/Frameworks/OpenGL.framework/Versions/A/Libraries/libGLImage.dylib
0x000000000d13d000 	/System/Library/Frameworks/OpenGL.framework/Versions/A/Libraries/libCVMSPluginSupport.dylib
0x000000000d13d000 	/System/Library/Frameworks/OpenGL.framework/Versions/A/Libraries/libCoreVMClient.dylib
0x000000000d13d000 	/usr/lib/libcups.2.dylib
0x000000000d13d000 	/System/Library/Frameworks/Kerberos.framework/Versions/A/Kerberos
0x000000000d13d000 	/System/Library/Frameworks/GSS.framework/Versions/A/GSS
0x000000000d13d000 	/usr/lib/libresolv.9.dylib
0x000000000d13d000 	/usr/lib/libiconv.2.dylib
0x000000000d13d000 	/System/Library/PrivateFrameworks/Heimdal.framework/Versions/A/Heimdal
0x000000000d13d000 	/usr/lib/libheimdal-asn1.dylib
0x000000000d13d000 	/System/Library/Frameworks/OpenDirectory.framework/Versions/A/OpenDirectory
0x000000000d13d000 	/System/Library/PrivateFrameworks/CommonAuth.framework/Versions/A/CommonAuth
0x000000000d13d000 	/System/Library/Frameworks/OpenDirectory.framework/Versions/A/Frameworks/CFOpenDirectory.framework/Versions/A/CFOpenDirectory
0x000000000d13d000 	/System/Library/Frameworks/SecurityFoundation.framework/Versions/A/SecurityFoundation
0x000000000d13d000 	/System/Library/PrivateFrameworks/LanguageModeling.framework/Versions/A/LanguageModeling
0x000000000d13d000 	/usr/lib/libcmph.dylib
0x000000000d13d000 	/System/Library/Frameworks/ServiceManagement.framework/Versions/A/ServiceManagement
0x000000000d13d000 	/usr/lib/libxslt.1.dylib
0x000000000d13d000 	/System/Library/Frameworks/Carbon.framework/Versions/A/Frameworks/Ink.framework/Versions/A/Ink
0x000000000d13d000 	/System/Library/Frameworks/QuartzCore.framework/Versions/A/Frameworks/CoreImage.framework/Versions/A/CoreImage
0x000000000d13d000 	/System/Library/PrivateFrameworks/CrashReporterSupport.framework/Versions/A/CrashReporterSupport
0x000000000d13d000 	/System/Library/Frameworks/OpenCL.framework/Versions/A/OpenCL
0x000000000d13d000 	/System/Library/PrivateFrameworks/FaceCore.framework/Versions/A/FaceCore
0x000000000d13d000 	/System/Library/PrivateFrameworks/Ubiquity.framework/Versions/A/Ubiquity
0x000000000d13d000 	/System/Library/PrivateFrameworks/IconServices.framework/Versions/A/IconServices
0x000000000d13d000 	/System/Library/PrivateFrameworks/ChunkingLibrary.framework/Versions/A/ChunkingLibrary
0x000000000d13d000 	/System/Library/PrivateFrameworks/Apple80211.framework/Versions/A/Apple80211
0x000000000d13d000 	/System/Library/Frameworks/CoreWLAN.framework/Versions/A/CoreWLAN
0x000000000d13d000 	/System/Library/Frameworks/IOBluetooth.framework/Versions/A/IOBluetooth
0x000000000d13d000 	/System/Library/PrivateFrameworks/CoreWiFi.framework/Versions/A/CoreWiFi
0x000000000d13d000 	/System/Library/Frameworks/CoreBluetooth.framework/Versions/A/CoreBluetooth
0x000000000d13d000 	/System/Library/PrivateFrameworks/DebugSymbols.framework/Versions/A/DebugSymbols
0x000000000d13d000 	/System/Library/PrivateFrameworks/CoreSymbolication.framework/Versions/A/CoreSymbolication
0x000000000d13d000 	/System/Library/PrivateFrameworks/Symbolication.framework/Versions/A/Symbolication
0x000000000d13d000 	/System/Library/PrivateFrameworks/SpeechRecognitionCore.framework/Versions/A/SpeechRecognitionCore
0x000000010f1a3000 	/Library/Java/JavaVirtualMachines/jdk1.8.0_60.jdk/Contents/Home/jre/lib/server/libjvm.dylib
0x000000000d13d000 	/usr/lib/libstdc++.6.dylib
0x000000011022f000 	/Library/Java/JavaVirtualMachines/jdk1.8.0_60.jdk/Contents/Home/jre/lib/libverify.dylib
0x000000011023d000 	/Library/Java/JavaVirtualMachines/jdk1.8.0_60.jdk/Contents/Home/jre/lib/libjava.dylib
0x000000011027c000 	/Library/Java/JavaVirtualMachines/jdk1.8.0_60.jdk/Contents/Home/jre/lib/libzip.dylib
0x0000000126b24000 	/System/Library/Frameworks/JavaVM.framework/Frameworks/JavaRuntimeSupport.framework/JavaRuntimeSupport
0x0000000126b3c000 	/System/Library/Frameworks/JavaVM.framework/Versions/A/Frameworks/JavaNativeFoundation.framework/Versions/A/JavaNativeFoundation
0x000000011f7f0000 	/System/Library/Frameworks/JavaVM.framework/Versions/A/JavaVM
0x000000000d13d000 	/System/Library/Frameworks/Carbon.framework/Versions/A/Carbon
0x0000000126b51000 	/System/Library/PrivateFrameworks/JavaLaunching.framework/Versions/A/JavaLaunching
0x000000000d13d000 	/System/Library/Frameworks/Carbon.framework/Versions/A/Frameworks/CommonPanels.framework/Versions/A/CommonPanels
0x000000000d13d000 	/System/Library/Frameworks/Carbon.framework/Versions/A/Frameworks/Help.framework/Versions/A/Help
0x000000000d13d000 	/System/Library/Frameworks/Carbon.framework/Versions/A/Frameworks/ImageCapture.framework/Versions/A/ImageCapture
0x000000000d13d000 	/System/Library/Frameworks/Carbon.framework/Versions/A/Frameworks/OpenScripting.framework/Versions/A/OpenScripting
0x000000000d13d000 	/System/Library/Frameworks/Carbon.framework/Versions/A/Frameworks/Print.framework/Versions/A/Print
0x000000000d13d000 	/System/Library/Frameworks/Carbon.framework/Versions/A/Frameworks/SecurityHI.framework/Versions/A/SecurityHI
0x0000000128a01000 	/Library/Java/JavaVirtualMachines/jdk1.8.0_60.jdk/Contents/Home/jre/lib/libawt.dylib
0x0000000128aa9000 	/Library/Java/JavaVirtualMachines/jdk1.8.0_60.jdk/Contents/Home/jre/lib/./libmlib_image.dylib
0x0000000128b75000 	/Library/Java/JavaVirtualMachines/jdk1.8.0_60.jdk/Contents/Home/jre/lib/libawt_lwawt.dylib
0x0000000128c2a000 	/Library/Java/JavaVirtualMachines/jdk1.8.0_60.jdk/Contents/Home/jre/lib/./libosxapp.dylib
0x000000000d13d000 	/System/Library/Frameworks/ExceptionHandling.framework/Versions/A/ExceptionHandling
0x000000000d13d000 	/System/Library/PrivateFrameworks/CoreServicesInternal.framework/Versions/A/CoreServicesInternal
0x000000000d13d000 	/System/Library/PrivateFrameworks/CloudDocs.framework/Versions/A/CloudDocs
0x000000000d13d000 	/System/Library/PrivateFrameworks/CoreDuet.framework/Versions/A/CoreDuet
0x000000000d13d000 	/System/Library/Frameworks/CloudKit.framework/Versions/A/CloudKit
0x000000000d13d000 	/System/Library/PrivateFrameworks/ProtocolBuffer.framework/Versions/A/ProtocolBuffer
0x000000000d13d000 	/System/Library/PrivateFrameworks/CoreDuetDaemonProtocol.framework/Versions/A/CoreDuetDaemonProtocol
0x000000000d13d000 	/System/Library/PrivateFrameworks/CoreDuetDebugLogging.framework/Versions/A/CoreDuetDebugLogging
0x000000000d13d000 	/System/Library/PrivateFrameworks/MMCS.framework/Versions/A/MMCS
0x000000000d13d000 	/System/Library/Frameworks/CoreLocation.framework/Versions/A/CoreLocation
0x000000000d13d000 	/System/Library/PrivateFrameworks/ProtectedCloudStorage.framework/Versions/A/ProtectedCloudStorage
0x000000000d13d000 	/System/Library/PrivateFrameworks/GeoServices.framework/Versions/A/GeoServices
0x000000000d13d000 	/System/Library/Frameworks/CoreGraphics.framework/Versions/A/Resources/libCGCMS.A.dylib
0x000000000d13d000 	/System/Library/Frameworks/CoreGraphics.framework/Versions/A/Resources/libRIP.A.dylib
0x000000000d13d000 	/System/Library/Frameworks/CoreGraphics.framework/Versions/A/Resources/libCGXType.A.dylib
0x000000000d13d000 	/System/Library/Frameworks/OpenCL.framework/Versions/A/Libraries/libcldcpuengine.dylib
0x000000000d13d000 	/System/Library/PrivateFrameworks/DiskImages.framework/Versions/A/DiskImages
0x000000000d13d000 	/System/Library/Frameworks/DiscRecording.framework/Versions/A/DiscRecording
0x000000000d13d000 	/usr/lib/libcsfde.dylib
0x000000000d13d000 	/usr/lib/libcurl.4.dylib
0x000000000d13d000 	/System/Library/PrivateFrameworks/MediaKit.framework/Versions/A/MediaKit
0x000000000d13d000 	/usr/lib/libCoreStorage.dylib
0x000000000d13d000 	/System/Library/PrivateFrameworks/EFILogin.framework/Versions/A/EFILogin
0x000000000d13d000 	/usr/lib/libutil.dylib
0x000000000d13d000 	/System/Library/PrivateFrameworks/FindMyDevice.framework/Versions/A/FindMyDevice
0x000000000d13d000 	/System/Library/Frameworks/LDAP.framework/Versions/A/LDAP
0x000000000d13d000 	/usr/lib/libsasl2.2.dylib
0x000000000d13d000 	/System/Library/PrivateFrameworks/CoreDaemon.framework/Versions/B/CoreDaemon
0x000000000d13d000 	/usr/lib/libcrypto.0.9.8.dylib
0x000000000d13d000 	/System/Library/PrivateFrameworks/AppleSRP.framework/Versions/A/AppleSRP
0x000000000d13d000 	/System/Library/PrivateFrameworks/TrustEvaluationAgent.framework/Versions/A/TrustEvaluationAgent
0x000000012bbc4000 	cl_kernels
0x000000012bbc6000 	/System/Library/Frameworks/OpenCL.framework/Versions/A/Libraries/ImageFormats/unorm8_bgra.dylib
0x000000012bcf0000 	cl_kernels
0x000000000d13d000 	/System/Library/PrivateFrameworks/FamilyControls.framework/Versions/A/FamilyControls
0x000000000d13d000 	/System/Library/PrivateFrameworks/CommerceKit.framework/Versions/A/Frameworks/CommerceCore.framework/Versions/A/CommerceCore
0x000000000d13d000 	/System/Library/PrivateFrameworks/SystemAdministration.framework/Versions/A/SystemAdministration
0x000000000d13d000 	/System/Library/PrivateFrameworks/AppContainer.framework/Versions/A/AppContainer
0x000000000d13d000 	/System/Library/PrivateFrameworks/SecCodeWrapper.framework/Versions/A/SecCodeWrapper
0x000000000d13d000 	/System/Library/Frameworks/DirectoryService.framework/Versions/A/DirectoryService
0x000000000d13d000 	/System/Library/PrivateFrameworks/LoginUIKit.framework/Versions/A/Frameworks/LoginUICore.framework/Versions/A/LoginUICore
0x000000000d13d000 	/usr/lib/libodfde.dylib
0x000000000d13d000 	/System/Library/Frameworks/OpenGL.framework/Versions/A/Resources/GLEngine.bundle/GLEngine
0x000000000d13d000 	/System/Library/Frameworks/OpenGL.framework/Versions/A/Libraries/libGLProgrammability.dylib
0x000000012ceeb000 	/System/Library/Extensions/AppleIntelHD5000GraphicsGLDriver.bundle/Contents/MacOS/AppleIntelHD5000GraphicsGLDriver
0x000000000d13d000 	/System/Library/PrivateFrameworks/IOAccelerator.framework/Versions/A/IOAccelerator
0x000000000d13d000 	/System/Library/PrivateFrameworks/GPUSupport.framework/Versions/A/Libraries/libGPUSupportMercury.dylib
0x000000000d13d000 	/System/Library/Frameworks/OpenGL.framework/Versions/A/Resources/GLRendererFloat.bundle/GLRendererFloat
0x000000012df5d000 	/Library/Java/JavaVirtualMachines/jdk1.8.0_60.jdk/Contents/Home/jre/lib/libfontmanager.dylib
0x000000012f033000 	/Library/Java/JavaVirtualMachines/jdk1.8.0_60.jdk/Contents/Home/jre/lib/libosxui.dylib
0x000000012f25b000 	/Library/Java/JavaVirtualMachines/jdk1.8.0_60.jdk/Contents/Home/jre/lib/libnet.dylib
0x000000012f49a000 	/Library/Java/JavaVirtualMachines/jdk1.8.0_60.jdk/Contents/Home/jre/lib/libnio.dylib
0x000000000d13d000 	/System/Library/Frameworks/ApplicationServices.framework/Versions/A/Frameworks/ATS.framework/Versions/A/Resources/libTrueTypeScaler.dylib
0x000000018253d000 	/private/var/folders/x9/z_v5q4vx5yx_kt718rrfk_lm0000gn/T/jogamp_0000/file_cache/jln2889136517877625885/jln4985343118817366454/libgluegen-rt.jnilib
0x000000012f272000 	/private/var/folders/x9/z_v5q4vx5yx_kt718rrfk_lm0000gn/T/jogamp_0000/file_cache/jln2889136517877625885/jln4985343118817366454/libnativewindow_awt.jnilib
0x0000000182541000 	/Library/Java/JavaVirtualMachines/jdk1.8.0_60.jdk/Contents/Home/jre/lib/libjawt.dylib
0x0000000182544000 	/private/var/folders/x9/z_v5q4vx5yx_kt718rrfk_lm0000gn/T/jogamp_0000/file_cache/jln2889136517877625885/jln4985343118817366454/libnativewindow_macosx.jnilib
0x000000018428b000 	/private/var/folders/x9/z_v5q4vx5yx_kt718rrfk_lm0000gn/T/jogamp_0000/file_cache/jln2889136517877625885/jln4985343118817366454/libjogl_desktop.jnilib
0x0000000186751000 	/Library/Java/JavaVirtualMachines/jdk1.8.0_60.jdk/Contents/Home/jre/lib/libt2k.dylib

VM Arguments:
jvm_args: -Djava.security.policy=java.policy.applet -Dfile.encoding=UTF-8 
java_command: sun.applet.AppletViewer module5.EarthquakeCityMap1444253804392.html
java_class_path (initial): /Users/gregorymankes/Google Drive/Udacity and Other Courses/Coursera/Data Structures Specialization/Course 1/Code/UCSDUnfoldingMaps/build:/Users/gregorymankes/Google Drive/Udacity and Other Courses/Coursera/Data Structures Specialization/Course 1/Code/UCSDUnfoldingMaps/lib/core.jar:/Users/gregorymankes/Google Drive/Udacity and Other Courses/Coursera/Data Structures Specialization/Course 1/Code/UCSDUnfoldingMaps/lib/gluegen-rt.jar:/Users/gregorymankes/Google Drive/Udacity and Other Courses/Coursera/Data Structures Specialization/Course 1/Code/UCSDUnfoldingMaps/lib/jogl-all.jar:/Users/gregorymankes/Google Drive/Udacity and Other Courses/Coursera/Data Structures Specialization/Course 1/Code/UCSDUnfoldingMaps/lib/log4j-1.2.15.jar:/Users/gregorymankes/Google Drive/Udacity and Other Courses/Coursera/Data Structures Specialization/Course 1/Code/UCSDUnfoldingMaps/lib/sqlite-jdbc-3.7.2.jar:/Users/gregorymankes/Google Drive/Udacity and Other Courses/Coursera/Data Structures Specialization/Course 1/Code/UCSDUnfoldingMaps/lib/json4processing.jar:/Users/gregorymankes/Google Drive/Udacity and Other Courses/Coursera/Data Structures Specialization/Course 1/Code/UCSDUnfoldingMaps/lib/libTUIO.jar:/Users/gregorymankes/Google Drive/Udacity and Other Courses/Coursera/Data Structures Specialization/Course 1/Code/UCSDUnfoldingMaps/lib/unfolding.0.9.7-uscd.jar
Launcher Type: SUN_STANDARD

Environment Variables:
PATH=/usr/bin:/bin:/usr/sbin:/sbin
SHELL=/bin/bash

Signal Handlers:
SIGSEGV: [libjvm.dylib+0x5a6d31], sa_mask[0]=11111111011111110111111111111111, sa_flags=SA_ONSTACK|SA_RESTART|SA_SIGINFO
SIGBUS: [libjvm.dylib+0x5a6d31], sa_mask[0]=11111111011111110111111111111111, sa_flags=SA_RESTART|SA_SIGINFO
SIGFPE: [libjvm.dylib+0x480a4c], sa_mask[0]=11111111011111110111111111111111, sa_flags=SA_RESTART|SA_SIGINFO
SIGPIPE: [libjvm.dylib+0x480a4c], sa_mask[0]=11111111011111110111111111111111, sa_flags=SA_RESTART|SA_SIGINFO
SIGXFSZ: [libjvm.dylib+0x480a4c], sa_mask[0]=11111111011111110111111111111111, sa_flags=SA_RESTART|SA_SIGINFO
SIGILL: [libjvm.dylib+0x480a4c], sa_mask[0]=11111111011111110111111111111111, sa_flags=SA_RESTART|SA_SIGINFO
SIGUSR1: SIG_DFL, sa_mask[0]=00000000000000000000000000000000, sa_flags=none
SIGUSR2: [libjvm.dylib+0x48056a], sa_mask[0]=00100000000000000000000000000000, sa_flags=SA_RESTART|SA_SIGINFO
SIGHUP: [libjvm.dylib+0x47eb41], sa_mask[0]=11111111011111110111111111111111, sa_flags=SA_RESTART|SA_SIGINFO
SIGINT: [libjvm.dylib+0x47eb41], sa_mask[0]=11111111011111110111111111111111, sa_flags=SA_RESTART|SA_SIGINFO
SIGTERM: [libjvm.dylib+0x47eb41], sa_mask[0]=11111111011111110111111111111111, sa_flags=SA_RESTART|SA_SIGINFO
SIGQUIT: [libjvm.dylib+0x47eb41], sa_mask[0]=11111111011111110111111111111111, sa_flags=SA_RESTART|SA_SIGINFO


---------------  S Y S T E M  ---------------

OS:Bsduname:Darwin 14.5.0 Darwin Kernel Version 14.5.0: Wed Jul 29 02:26:53 PDT 2015; root:xnu-2782.40.9~1/RELEASE_X86_64 x86_64
rlimit: STACK 8192k, CORE 0k, NPROC 709, NOFILE 10240, AS infinity
load average:1.61 1.32 1.29

CPU:total 4 (2 cores per cpu, 2 threads per core) family 6 model 69 stepping 1, cmov, cx8, fxsr, mmx, sse, sse2, sse3, ssse3, sse4.1, sse4.2, popcnt, avx, avx2, aes, clmul, erms, lzcnt, ht, tsc, tscinvbit, bmi1, bmi2

Memory: 4k page, physical 8388608k(338792k free)

/proc/meminfo:


vm_info: Java HotSpot(TM) 64-Bit Server VM (25.60-b23) for bsd-amd64 JRE (1.8.0_60-b27), built on Aug  4 2015 10:47:24 by "java_re" with gcc 4.2.1 (Based on Apple Inc. build 5658) (LLVM build 2336.11.00)

time: Wed Oct  7 17:37:04 2015
elapsed time: 19 seconds (0d 0h 0m 19s)

