#
# A fatal error has been detected by the Java Runtime Environment:
#
#  SIGSEGV (0xb) at pc=0x00007fff9309cd5d, pid=7538, tid=2571
#
# JRE version: Java(TM) SE Runtime Environment (8.0_60-b27) (build 1.8.0_60-b27)
# Java VM: Java HotSpot(TM) 64-Bit Server VM (25.60-b23 mixed mode bsd-amd64 compressed oops)
# Problematic frame:
# C  [libobjc.A.dylib+0x6d5d]  objc_msgSend+0x1d
#
# Failed to write core dump. Core dumps have been disabled. To enable core dumping, try "ulimit -c unlimited" before starting Java again
#
# If you would like to submit a bug report, please visit:
#   http://bugreport.java.com/bugreport/crash.jsp
# The crash happened outside the Java Virtual Machine in native code.
# See problematic frame for where to report the bug.
#

---------------  T H R E A D  ---------------

Current thread (0x00007fe76204e000):  JavaThread "AWT-AppKit" daemon [_thread_in_native, id=2571, stack(0x00007fff4fda7000,0x00007fff505a7000)]

siginfo: si_signo: 11 (SIGSEGV), si_code: 1 (SEGV_MAPERR), si_addr: 0x0000000000000018

Registers:
RAX=0x00007fe76055ec00, RBX=0x00000001294f3450, RCX=0x000000012951cd60, RDX=0x000000012951cd80
RSP=0x00007fff505a20a8, RBP=0x00007fff505a2160, RSI=0x00007fff8f9d8d0e, RDI=0x00007fe765426450
R8 =0x0000000000000000, R9 =0x0000000000000810, R10=0x00007fff8f9d8d0e, R11=0x0000000000000000
R12=0x0000000000000000, R13=0x00000001887fdf30, R14=0x00000001294f3440, R15=0x00007fe76204e000
RIP=0x00007fff9309cd5d, EFLAGS=0x0000000000010246, ERR=0x0000000000000004
  TRAPNO=0x000000000000000e

Top of Stack: (sp=0x00007fff505a20a8)
0x00007fff505a20a8:   00000001294f1157 00007fff505a2100
0x00007fff505a20b8:   0000000000000003 00007fff505a20e0
0x00007fff505a20c8:   000000010fac6992 00000001887fdf30
0x00007fff505a20d8:   00000001887fdf30 00007fe76055ec00
0x00007fff505a20e8:   00000001294f36a0 00000001294f3710
0x00007fff505a20f8:   00007fff7575c740 00007fff761304c0
0x00007fff505a2108:   00000001294f3450 00000001294f3690
0x00007fff505a2118:   00007fe76055ec00 00007fe765426450
0x00007fff505a2128:   00007fe76558cc80 00007fe76055ec00
0x00007fff505a2138:   00007fe765426450 00007fff505a21e8
0x00007fff505a2148:   00007fe76204e1f8 00000001887fdf30
0x00007fff505a2158:   00007fff505a2210 00007fff505a21d8
0x00007fff505a2168:   0000000111215954 00000001887fdf30
0x00007fff505a2178:   00007fff505a2210 00007fff505a21d8
0x00007fff505a2188:   00000001112156e7 00000001112156a2
0x00007fff505a2198:   00007fff505a2198 00000001887fdf30
0x00007fff505a21a8:   00007fff505a2210 0000000188800b68
0x00007fff505a21b8:   0000000000000000 00000001887fdf30
0x00007fff505a21c8:   0000000000000000 00007fff505a21f8
0x00007fff505a21d8:   00007fff505a2258 0000000111207c4d
0x00007fff505a21e8:   0000000740df3748 000000011120f578
0x00007fff505a21f8:   00007fe76055ec00 00007fff505a2258
0x00007fff505a2208:   00007fe765426450 0000000111210d82
0x00007fff505a2218:   00007fff505a2218 00000001887fe0fa
0x00007fff505a2228:   00007fff505a2280 0000000188800b68
0x00007fff505a2238:   0000000000000000 00000001887fe108
0x00007fff505a2248:   00007fff505a21f8 00007fff505a2268
0x00007fff505a2258:   00007fff505a22c8 0000000111207c4d
0x00007fff505a2268:   00007fe76055ec00 00000007400ab7b0
0x00007fff505a2278:   00007fe765426450 00000007400ab7b0
0x00007fff505a2288:   00007fff505a2288 000000018b3da676
0x00007fff505a2298:   00007fff505a22d8 000000018b3da730 

Instructions: (pc=0x00007fff9309cd5d)
0x00007fff9309cd3d:   44 00 00 48 85 ff 2e 74 62 40 f6 c7 01 2e 75 66
0x00007fff9309cd4d:   49 bb f8 ff ff ff ff 7f 00 00 4c 23 1f 49 89 f2
0x00007fff9309cd5d:   45 23 53 18 49 c1 e2 04 4d 03 53 10 49 3b 32 75
0x00007fff9309cd6d:   04 41 ff 62 08 49 83 3a 01 76 0d 49 83 c2 10 49 

Register to memory mapping:

RAX=0x00007fe76055ec00 is an unknown value
RBX=0x00000001294f3450: Java_jogamp_nativewindow_macosx_OSXUtil_GetScreenRefreshRate0+0x1cf0 in /private/var/folders/x9/z_v5q4vx5yx_kt718rrfk_lm0000gn/T/jogamp_0000/file_cache/jln5485572782053778117/jln2820400775864911519/libnativewindow_macosx.jnilib at 0x00000001294ec000
RCX=0x000000012951cd60 is an unknown value
RDX=0x000000012951cd80 is an unknown value
RSP=0x00007fff505a20a8 is pointing into the stack for thread: 0x00007fe76204e000
RBP=0x00007fff505a2160 is pointing into the stack for thread: 0x00007fe76204e000
RSI=0x00007fff8f9d8d0e is an unknown value
RDI=0x00007fe765426450 is an unknown value
R8 =0x0000000000000000 is an unknown value
R9 =0x0000000000000810 is an unknown value
R10=0x00007fff8f9d8d0e is an unknown value
R11=0x0000000000000000 is an unknown value
R12=0x0000000000000000 is an unknown value
R13={method} {0x00000001887fdf30} 'UnsetJAWTRootSurfaceLayer0' '(JJ)V' in 'jogamp/nativewindow/jawt/macosx/MacOSXJAWTWindow'
R14=0x00000001294f3440: Java_jogamp_nativewindow_macosx_OSXUtil_GetScreenRefreshRate0+0x1ce0 in /private/var/folders/x9/z_v5q4vx5yx_kt718rrfk_lm0000gn/T/jogamp_0000/file_cache/jln5485572782053778117/jln2820400775864911519/libnativewindow_macosx.jnilib at 0x00000001294ec000
R15=0x00007fe76204e000 is a thread


Stack: [0x00007fff4fda7000,0x00007fff505a7000],  sp=0x00007fff505a20a8,  free space=8172k
Native frames: (J=compiled Java code, j=interpreted, Vv=VM code, C=native code)
C  [libobjc.A.dylib+0x6d5d]  objc_msgSend+0x1d
j  jogamp.nativewindow.jawt.macosx.MacOSXJAWTWindow.UnsetJAWTRootSurfaceLayer0(JJ)V+0
j  jogamp.nativewindow.jawt.macosx.MacOSXJAWTWindow.access$200(JJ)V+2
j  jogamp.nativewindow.jawt.macosx.MacOSXJAWTWindow$1.run()V+38
J 2856 C1 com.jogamp.common.util.RunnableTask.run()V (345 bytes) @ 0x0000000111ca8cd4 [0x0000000111ca8b40+0x194]
v  ~StubRoutines::call_stub
V  [libjvm.dylib+0x2eab0e]
V  [libjvm.dylib+0x321bb7]
V  [libjvm.dylib+0x31438b]
C  [libnativewindow_macosx.jnilib+0x5326]  Java_jogamp_nativewindow_jawt_macosx_MacOSXJAWTWindow_UnsetJAWTRootSurfaceLayer0+0x2b6
C  [Foundation+0x7741e]  __NSThreadPerformPerform+0x117
C  [CoreFoundation+0xaa8b1]  __CFRUNLOOP_IS_CALLING_OUT_TO_A_SOURCE0_PERFORM_FUNCTION__+0x11
C  [CoreFoundation+0x8a027]  __CFRunLoopDoSources0+0x1a7
C  [CoreFoundation+0x895cf]  __CFRunLoopRun+0x39f
C  [CoreFoundation+0x88fc8]  CFRunLoopRunSpecific+0x128
C  [HIToolbox+0x30d55]  RunCurrentEventLoopInMode+0xeb
C  [HIToolbox+0x30a97]  ReceiveNextEventCommon+0xb8
C  [HIToolbox+0x309cf]  _BlockUntilNextEventMatchingListInModeWithFilter+0x47
C  [AppKit+0x49d96]  _DPSNextEvent+0x42b
C  [AppKit+0x491c5]  -[NSApplication _nextEventMatchingEventMask:untilDate:inMode:dequeue:]+0x1c6
C  [libosxapp.dylib+0x23aa]  -[NSApplicationAWT nextEventMatchingMask:untilDate:inMode:dequeue:]+0x7c
C  [AppKit+0x3dd28]  -[NSApplication run]+0x2aa
C  [libosxapp.dylib+0x214d]  +[NSApplicationAWT runAWTLoopWithApp:]+0x9c
C  [libawt_lwawt.dylib+0x44517]  -[AWTStarter starter:]+0x389
C  [Foundation+0x7741e]  __NSThreadPerformPerform+0x117
C  [CoreFoundation+0xaa8b1]  __CFRUNLOOP_IS_CALLING_OUT_TO_A_SOURCE0_PERFORM_FUNCTION__+0x11
C  [CoreFoundation+0x8a0ac]  __CFRunLoopDoSources0+0x22c
C  [CoreFoundation+0x895cf]  __CFRunLoopRun+0x39f
C  [CoreFoundation+0x88fc8]  CFRunLoopRunSpecific+0x128
C  [java+0x6463]  CreateExecutionEnvironment+0x367
C  [java+0x21ac]  JLI_Launch+0x7a0
C  [java+0x84c0]  main+0x65
C  [java+0x1a04]  start+0x34
C  0x0000000000000007

Java frames: (J=compiled Java code, j=interpreted, Vv=VM code)
j  jogamp.nativewindow.jawt.macosx.MacOSXJAWTWindow.UnsetJAWTRootSurfaceLayer0(JJ)V+0
j  jogamp.nativewindow.jawt.macosx.MacOSXJAWTWindow.access$200(JJ)V+2
j  jogamp.nativewindow.jawt.macosx.MacOSXJAWTWindow$1.run()V+38
J 2856 C1 com.jogamp.common.util.RunnableTask.run()V (345 bytes) @ 0x0000000111ca8cd4 [0x0000000111ca8b40+0x194]
v  ~StubRoutines::call_stub

---------------  P R O C E S S  ---------------

Java Threads: ( => current thread )
  0x00007fe755061800 JavaThread "Thread-20" [_thread_blocked, id=62991, stack(0x00007000019ee000,0x0000700001aee000)]
  0x00007fe762364800 JavaThread "AWT-EventQueue-1" [_thread_in_native, id=59179, stack(0x0000700001868000,0x0000700001968000)]
  0x00007fe760806000 JavaThread "DestroyJavaVM" [_thread_blocked, id=5891, stack(0x000070000011a000,0x000070000021a000)]
  0x00007fe7619af800 JavaThread "AWT-EventQueue-0" [_thread_blocked, id=56839, stack(0x0000700001662000,0x0000700001762000)]
  0x00007fe761965000 JavaThread "Java2D Disposer" daemon [_thread_blocked, id=52995, stack(0x00007000013d9000,0x00007000014d9000)]
  0x00007fe76093c000 JavaThread "Java2D Queue Flusher" daemon [_thread_blocked, id=49927, stack(0x00007000012d6000,0x00007000013d6000)]
  0x00007fe762056000 JavaThread "AWT-Shutdown" [_thread_blocked, id=29459, stack(0x0000700001150000,0x0000700001250000)]
=>0x00007fe76204e000 JavaThread "AWT-AppKit" daemon [_thread_in_native, id=2571, stack(0x00007fff4fda7000,0x00007fff505a7000)]
  0x00007fe76108e800 JavaThread "Service Thread" daemon [_thread_blocked, id=18435, stack(0x0000700000dc1000,0x0000700000ec1000)]
  0x00007fe761083800 JavaThread "C1 CompilerThread2" daemon [_thread_blocked, id=17923, stack(0x0000700000cbe000,0x0000700000dbe000)]
  0x00007fe761083000 JavaThread "C2 CompilerThread1" daemon [_thread_blocked, id=17411, stack(0x0000700000bbb000,0x0000700000cbb000)]
  0x00007fe761036000 JavaThread "C2 CompilerThread0" daemon [_thread_blocked, id=16899, stack(0x0000700000ab8000,0x0000700000bb8000)]
  0x00007fe761035800 JavaThread "Signal Dispatcher" daemon [_thread_blocked, id=13839, stack(0x00007000009b5000,0x0000700000ab5000)]
  0x00007fe762008800 JavaThread "Finalizer" daemon [_thread_blocked, id=12291, stack(0x000070000082f000,0x000070000092f000)]
  0x00007fe76102e000 JavaThread "Reference Handler" daemon [_thread_blocked, id=11779, stack(0x000070000072c000,0x000070000082c000)]

Other Threads:
  0x00007fe762008000 VMThread [stack: 0x0000700000629000,0x0000700000729000] [id=11267]
  0x00007fe76181a800 WatcherThread [stack: 0x0000700000ec4000,0x0000700000fc4000] [id=18947]

VM state:not at safepoint (normal execution)

VM Mutex/Monitor currently owned by a thread: None

Heap:
 PSYoungGen      total 106496K, used 65511K [0x0000000795580000, 0x000000079fa80000, 0x00000007c0000000)
  eden space 95232K, 60% used [0x0000000795580000,0x0000000798d67388,0x000000079b280000)
  from space 11264K, 73% used [0x000000079b280000,0x000000079ba92900,0x000000079bd80000)
  to   space 11264K, 0% used [0x000000079ef80000,0x000000079ef80000,0x000000079fa80000)
 ParOldGen       total 70656K, used 20773K [0x0000000740000000, 0x0000000744500000, 0x0000000795580000)
  object space 70656K, 29% used [0x0000000740000000,0x0000000741449558,0x0000000744500000)
 Metaspace       used 27284K, capacity 27513K, committed 27904K, reserved 1075200K
  class space    used 2139K, capacity 2240K, committed 2304K, reserved 1048576K

Card table byte_map: [0x00000001205c0000,0x00000001209c1000] byte_map_base: 0x000000011cbc0000

Marking Bits: (ParMarkBitMap*) 0x00000001101b3e20
 Begin Bits: [0x0000000120c6c000, 0x0000000122c6c000)
 End Bits:   [0x0000000122c6c000, 0x0000000124c6c000)

Polling page: 0x000000011095c000

CodeCache: size=245760Kb used=11724Kb max_used=11732Kb free=234035Kb
 bounds [0x0000000111200000, 0x0000000111d90000, 0x0000000120200000]
 total_blobs=3896 nmethods=2997 adapters=812
 compilation: enabled

Compilation events (10 events):
Event: 26.995 Thread 0x00007fe761083800 3124       3       java.awt.EventQueue$4::run (19 bytes)
Event: 26.996 Thread 0x00007fe761083800 nmethod 3124 0x0000000111d77750 code [0x0000000111d77940, 0x0000000111d77f78]
Event: 27.024 Thread 0x00007fe761083000 3125       4       java.util.HashMap::containsKey (18 bytes)
Event: 27.025 Thread 0x00007fe761083800 3126       3       java.awt.Rectangle::isEmpty (20 bytes)
Event: 27.025 Thread 0x00007fe761083800 nmethod 3126 0x0000000111d71990 code [0x0000000111d71b00, 0x0000000111d71cf0]
Event: 27.028 Thread 0x00007fe761083000 nmethod 3125 0x0000000111d74050 code [0x0000000111d741c0, 0x0000000111d744d8]
Event: 27.034 Thread 0x00007fe761083800 3127       1       java.lang.ref.Reference::clear (6 bytes)
Event: 27.034 Thread 0x00007fe761083800 nmethod 3127 0x0000000111d716d0 code [0x0000000111d71820, 0x0000000111d71950]
Event: 27.035 Thread 0x00007fe761083800 3128   !   3       sun.lwawt.LWComponentPeer::isShowing (49 bytes)
Event: 27.035 Thread 0x00007fe761083800 nmethod 3128 0x0000000111d76a10 code [0x0000000111d76bc0, 0x0000000111d774a8]

GC Heap History (10 events):
Event: 5.012 GC heap before
{Heap before GC invocations=4 (full 1):
 PSYoungGen      total 38400K, used 4976K [0x0000000795580000, 0x000000079a080000, 0x00000007c0000000)
  eden space 33280K, 0% used [0x0000000795580000,0x0000000795580000,0x0000000797600000)
  from space 5120K, 97% used [0x0000000797600000,0x0000000797adc120,0x0000000797b00000)
  to   space 5120K, 0% used [0x0000000799b80000,0x0000000799b80000,0x000000079a080000)
 ParOldGen       total 87552K, used 13699K [0x0000000740000000, 0x0000000745580000, 0x0000000795580000)
  object space 87552K, 15% used [0x0000000740000000,0x0000000740d60c78,0x0000000745580000)
 Metaspace       used 20972K, capacity 21148K, committed 21248K, reserved 1069056K
  class space    used 1971K, capacity 2046K, committed 2048K, reserved 1048576K
Event: 5.065 GC heap after
Heap after GC invocations=4 (full 1):
 PSYoungGen      total 38400K, used 0K [0x0000000795580000, 0x000000079a080000, 0x00000007c0000000)
  eden space 33280K, 0% used [0x0000000795580000,0x0000000795580000,0x0000000797600000)
  from space 5120K, 0% used [0x0000000797600000,0x0000000797600000,0x0000000797b00000)
  to   space 5120K, 0% used [0x0000000799b80000,0x0000000799b80000,0x000000079a080000)
 ParOldGen       total 70656K, used 17534K [0x0000000740000000, 0x0000000744500000, 0x0000000795580000)
  object space 70656K, 24% used [0x0000000740000000,0x000000074111fa18,0x0000000744500000)
 Metaspace       used 20972K, capacity 21148K, committed 21248K, reserved 1069056K
  class space    used 1971K, capacity 2046K, committed 2048K, reserved 1048576K
}
Event: 6.712 GC heap before
{Heap before GC invocations=5 (full 1):
 PSYoungGen      total 38400K, used 33040K [0x0000000795580000, 0x000000079a080000, 0x00000007c0000000)
  eden space 33280K, 99% used [0x0000000795580000,0x00000007975c4210,0x0000000797600000)
  from space 5120K, 0% used [0x0000000797600000,0x0000000797600000,0x0000000797b00000)
  to   space 5120K, 0% used [0x0000000799b80000,0x0000000799b80000,0x000000079a080000)
 ParOldGen       total 70656K, used 17534K [0x0000000740000000, 0x0000000744500000, 0x0000000795580000)
  object space 70656K, 24% used [0x0000000740000000,0x000000074111fa18,0x0000000744500000)
 Metaspace       used 25363K, capacity 25610K, committed 25984K, reserved 1073152K
  class space    used 2030K, capacity 2111K, committed 2176K, reserved 1048576K
Event: 6.716 GC heap after
Heap after GC invocations=5 (full 1):
 PSYoungGen      total 62464K, used 4655K [0x0000000795580000, 0x000000079a080000, 0x00000007c0000000)
  eden space 57344K, 0% used [0x0000000795580000,0x0000000795580000,0x0000000798d80000)
  from space 5120K, 90% used [0x0000000799b80000,0x000000079a00bd08,0x000000079a080000)
  to   space 5120K, 0% used [0x0000000799680000,0x0000000799680000,0x0000000799b80000)
 ParOldGen       total 70656K, used 17542K [0x0000000740000000, 0x0000000744500000, 0x0000000795580000)
  object space 70656K, 24% used [0x0000000740000000,0x0000000741121a18,0x0000000744500000)
 Metaspace       used 25363K, capacity 25610K, committed 25984K, reserved 1073152K
  class space    used 2030K, capacity 2111K, committed 2176K, reserved 1048576K
}
Event: 9.547 GC heap before
{Heap before GC invocations=6 (full 1):
 PSYoungGen      total 62464K, used 61999K [0x0000000795580000, 0x000000079a080000, 0x00000007c0000000)
  eden space 57344K, 100% used [0x0000000795580000,0x0000000798d80000,0x0000000798d80000)
  from space 5120K, 90% used [0x0000000799b80000,0x000000079a00bd08,0x000000079a080000)
  to   space 5120K, 0% used [0x0000000799680000,0x0000000799680000,0x0000000799b80000)
 ParOldGen       total 70656K, used 17542K [0x0000000740000000, 0x0000000744500000, 0x0000000795580000)
  object space 70656K, 24% used [0x0000000740000000,0x0000000741121a18,0x0000000744500000)
 Metaspace       used 26863K, capacity 27097K, committed 27392K, reserved 1075200K
  class space    used 2131K, capacity 2208K, committed 2304K, reserved 1048576K
Event: 9.561 GC heap after
Heap after GC invocations=6 (full 1):
 PSYoungGen      total 71680K, used 5115K [0x0000000795580000, 0x000000079c800000, 0x00000007c0000000)
  eden space 66560K, 0% used [0x0000000795580000,0x0000000795580000,0x0000000799680000)
  from space 5120K, 99% used [0x0000000799680000,0x0000000799b7ee28,0x0000000799b80000)
  to   space 10752K, 0% used [0x000000079bd80000,0x000000079bd80000,0x000000079c800000)
 ParOldGen       total 70656K, used 20765K [0x0000000740000000, 0x0000000744500000, 0x0000000795580000)
  object space 70656K, 29% used [0x0000000740000000,0x0000000741447558,0x0000000744500000)
 Metaspace       used 26863K, capacity 27097K, committed 27392K, reserved 1075200K
  class space    used 2131K, capacity 2208K, committed 2304K, reserved 1048576K
}
Event: 13.725 GC heap before
{Heap before GC invocations=7 (full 1):
 PSYoungGen      total 71680K, used 71675K [0x0000000795580000, 0x000000079c800000, 0x00000007c0000000)
  eden space 66560K, 100% used [0x0000000795580000,0x0000000799680000,0x0000000799680000)
  from space 5120K, 99% used [0x0000000799680000,0x0000000799b7ee28,0x0000000799b80000)
  to   space 10752K, 0% used [0x000000079bd80000,0x000000079bd80000,0x000000079c800000)
 ParOldGen       total 70656K, used 20765K [0x0000000740000000, 0x0000000744500000, 0x0000000795580000)
  object space 70656K, 29% used [0x0000000740000000,0x0000000741447558,0x0000000744500000)
 Metaspace       used 27176K, capacity 27417K, committed 27648K, reserved 1075200K
  class space    used 2131K, capacity 2208K, committed 2304K, reserved 1048576K
Event: 13.731 GC heap after
Heap after GC invocations=7 (full 1):
 PSYoungGen      total 105984K, used 8266K [0x0000000795580000, 0x000000079d400000, 0x00000007c0000000)
  eden space 95232K, 0% used [0x0000000795580000,0x0000000795580000,0x000000079b280000)
  from space 10752K, 76% used [0x000000079bd80000,0x000000079c592900,0x000000079c800000)
  to   space 11264K, 0% used [0x000000079b280000,0x000000079b280000,0x000000079bd80000)
 ParOldGen       total 70656K, used 20773K [0x0000000740000000, 0x0000000744500000, 0x0000000795580000)
  object space 70656K, 29% used [0x0000000740000000,0x0000000741449558,0x0000000744500000)
 Metaspace       used 27176K, capacity 27417K, committed 27648K, reserved 1075200K
  class space    used 2131K, capacity 2208K, committed 2304K, reserved 1048576K
}
Event: 22.311 GC heap before
{Heap before GC invocations=8 (full 1):
 PSYoungGen      total 105984K, used 103498K [0x0000000795580000, 0x000000079d400000, 0x00000007c0000000)
  eden space 95232K, 100% used [0x0000000795580000,0x000000079b280000,0x000000079b280000)
  from space 10752K, 76% used [0x000000079bd80000,0x000000079c592900,0x000000079c800000)
  to   space 11264K, 0% used [0x000000079b280000,0x000000079b280000,0x000000079bd80000)
 ParOldGen       total 70656K, used 20773K [0x0000000740000000, 0x0000000744500000, 0x0000000795580000)
  object space 70656K, 29% used [0x0000000740000000,0x0000000741449558,0x0000000744500000)
 Metaspace       used 27237K, capacity 27481K, committed 27904K, reserved 1075200K
  class space    used 2131K, capacity 2208K, committed 2304K, reserved 1048576K
Event: 22.317 GC heap after
Heap after GC invocations=8 (full 1):
 PSYoungGen      total 106496K, used 8266K [0x0000000795580000, 0x000000079fa80000, 0x00000007c0000000)
  eden space 95232K, 0% used [0x0000000795580000,0x0000000795580000,0x000000079b280000)
  from space 11264K, 73% used [0x000000079b280000,0x000000079ba92900,0x000000079bd80000)
  to   space 11264K, 0% used [0x000000079ef80000,0x000000079ef80000,0x000000079fa80000)
 ParOldGen       total 70656K, used 20773K [0x0000000740000000, 0x0000000744500000, 0x0000000795580000)
  object space 70656K, 29% used [0x0000000740000000,0x0000000741449558,0x0000000744500000)
 Metaspace       used 27237K, capacity 27481K, committed 27904K, reserved 1075200K
  class space    used 2131K, capacity 2208K, committed 2304K, reserved 1048576K
}

Deoptimization events (10 events):
Event: 26.992 Thread 0x00007fe762364800 Uncommon trap: reason=class_check action=maybe_recompile pc=0x000000011165c110 method=java.util.Arrays.copyOf([Ljava/lang/Object;ILjava/lang/Class;)[Ljava/lang/Object; @ 24
Event: 26.992 Thread 0x00007fe762364800 Uncommon trap: reason=class_check action=maybe_recompile pc=0x000000011165c110 method=java.util.Arrays.copyOf([Ljava/lang/Object;ILjava/lang/Class;)[Ljava/lang/Object; @ 24
Event: 26.992 Thread 0x00007fe762364800 Uncommon trap: reason=class_check action=maybe_recompile pc=0x000000011165c110 method=java.util.Arrays.copyOf([Ljava/lang/Object;ILjava/lang/Class;)[Ljava/lang/Object; @ 24
Event: 26.992 Thread 0x00007fe762364800 Uncommon trap: reason=unstable_if action=reinterpret pc=0x0000000111aab2a8 method=com.jogamp.common.util.VersionNumber.compareTo(Lcom/jogamp/common/util/VersionNumber;)I @ 21
Event: 26.993 Thread 0x00007fe7620b2800 Uncommon trap: reason=unstable_if action=reinterpret pc=0x0000000111cfd4e4 method=java.security.AccessControlContext.combine([Ljava/security/ProtectionDomain;[Ljava/security/ProtectionDomain;)[Ljava/security/ProtectionDomain; @ 151
Event: 26.994 Thread 0x00007fe7619af800 Uncommon trap: reason=unstable_if action=reinterpret pc=0x00000001119aca54 method=java.awt.Font.equals(Ljava/lang/Object;)Z @ 2
Event: 27.024 Thread 0x00007fe7620b2800 Uncommon trap: reason=unstable_if action=reinterpret pc=0x00000001116922a8 method=java.util.HashMap.putVal(ILjava/lang/Object;Ljava/lang/Object;ZZ)Ljava/lang/Object; @ 81
Event: 27.024 Thread 0x00007fe7620b2800 Uncommon trap: reason=unstable_if action=reinterpret pc=0x00000001116836fc method=java.util.HashMap.putVal(ILjava/lang/Object;Ljava/lang/Object;ZZ)Ljava/lang/Object; @ 81
Event: 27.034 Thread 0x00007fe762364800 Uncommon trap: reason=unstable_if action=reinterpret pc=0x0000000111ac431c method=java.security.AccessControlContext.combine([Ljava/security/ProtectionDomain;[Ljava/security/ProtectionDomain;)[Ljava/security/ProtectionDomain; @ 151
Event: 27.035 Thread 0x00007fe755061800 Uncommon trap: reason=predicate action=maybe_recompile pc=0x0000000111d11df0 method=java.util.Vector.indexOf(Ljava/lang/Object;I)I @ 44

Internal exceptions (10 events):
Event: 0.244 Thread 0x00007fe760806000 Exception <a 'java/lang/NoSuchFieldError': method resolution failed> (0x000000079583cdc0) thrown at [/Users/java_re/workspace/8-2-build-macosx-x86_64/jdk8u60/4407/hotspot/src/share/vm/prims/methodHandles.cpp, line 1146]
Event: 0.520 Thread 0x00007fe760806000 Exception <a 'java/io/FileNotFoundException'> (0x00000007958b8be8) thrown at [/Users/java_re/workspace/8-2-build-macosx-x86_64/jdk8u60/4407/hotspot/src/share/vm/prims/jni.cpp, line 709]
Event: 0.520 Thread 0x00007fe760806000 Exception <a 'java/io/FileNotFoundException'> (0x00000007958b9770) thrown at [/Users/java_re/workspace/8-2-build-macosx-x86_64/jdk8u60/4407/hotspot/src/share/vm/prims/jni.cpp, line 709]
Event: 0.762 Thread 0x00007fe760806000 Exception <a 'java/io/FileNotFoundException'> (0x0000000795a07d00) thrown at [/Users/java_re/workspace/8-2-build-macosx-x86_64/jdk8u60/4407/hotspot/src/share/vm/prims/jni.cpp, line 709]
Event: 3.164 Thread 0x00007fe76235b000 Exception <a 'java/lang/UnsatisfiedLinkError': com.jogamp.common.util.JarUtil.fixNativeLibAttribs(Ljava/lang/String;)Z> (0x0000000796d6dbd8) thrown at [/Users/java_re/workspace/8-2-build-macosx-x86_64/jdk8u60/4407/hotspot/src/share/vm/prims/nativeLookup.c
Event: 3.534 Thread 0x00007fe762008800 Exception <a 'java/lang/NullPointerException'> (0x00000007956a44f0) thrown at [/Users/java_re/workspace/8-2-build-macosx-x86_64/jdk8u60/4407/hotspot/src/share/vm/interpreter/linkResolver.cpp, line 1178]
Event: 4.255 Thread 0x00007fe762364800 Exception <a 'java/io/FileNotFoundException'> (0x00000007962018f0) thrown at [/Users/java_re/workspace/8-2-build-macosx-x86_64/jdk8u60/4407/hotspot/src/share/vm/prims/jni.cpp, line 709]
Event: 4.256 Thread 0x00007fe762364800 Exception <a 'java/io/FileNotFoundException'> (0x000000079620dba8) thrown at [/Users/java_re/workspace/8-2-build-macosx-x86_64/jdk8u60/4407/hotspot/src/share/vm/prims/jni.cpp, line 709]
Event: 4.256 Thread 0x00007fe762364800 Implicit null exception at 0x00000001113bc0b5 to 0x00000001113bc419
Event: 4.905 Thread 0x00007fe7623fe800 Implicit null exception at 0x00000001113bc935 to 0x00000001113bcca5

Events (10 events):
Event: 27.034 loading class java/awt/event/AWTEventListenerProxy
Event: 27.034 loading class java/awt/event/AWTEventListenerProxy done
Event: 27.034 loading class java/awt/Toolkit$ToolkitEventMulticaster
Event: 27.034 loading class java/awt/Toolkit$ToolkitEventMulticaster done
Event: 27.035 Thread 0x00007fe7620b2800 Thread exited: 0x00007fe7620b2800
Event: 27.035 Thread 0x00007fe755061800 Uncommon trap: trap_request=0xffffff86 fr.pc=0x0000000111d11df0
Event: 27.035 Thread 0x00007fe755061800 DEOPT PACKING pc=0x0000000111d11df0 sp=0x0000700001aed830
Event: 27.035 Thread 0x00007fe755061800 DEOPT UNPACKING pc=0x0000000111205229 sp=0x0000700001aed748 mode 2
Event: 27.035 loading class java/awt/Window$1DisposeAction
Event: 27.035 loading class java/awt/Window$1DisposeAction done


Dynamic libraries:
0x0000000004479000 	/System/Library/Frameworks/Cocoa.framework/Versions/A/Cocoa
0x0000000004479000 	/System/Library/Frameworks/Security.framework/Versions/A/Security
0x0000000004479000 	/System/Library/Frameworks/ApplicationServices.framework/Versions/A/ApplicationServices
0x0000000004479000 	/usr/lib/libz.1.dylib
0x0000000004479000 	/usr/lib/libSystem.B.dylib
0x0000000004479000 	/usr/lib/libobjc.A.dylib
0x0000000004479000 	/System/Library/Frameworks/CoreFoundation.framework/Versions/A/CoreFoundation
0x0000000004479000 	/System/Library/Frameworks/Foundation.framework/Versions/C/Foundation
0x0000000004479000 	/System/Library/Frameworks/AppKit.framework/Versions/C/AppKit
0x0000000004479000 	/System/Library/Frameworks/CoreData.framework/Versions/A/CoreData
0x0000000004479000 	/System/Library/PrivateFrameworks/RemoteViewServices.framework/Versions/A/RemoteViewServices
0x0000000004479000 	/System/Library/PrivateFrameworks/UIFoundation.framework/Versions/A/UIFoundation
0x0000000004479000 	/usr/lib/libScreenReader.dylib
0x0000000004479000 	/System/Library/Frameworks/Accelerate.framework/Versions/A/Accelerate
0x0000000004479000 	/System/Library/Frameworks/IOSurface.framework/Versions/A/IOSurface
0x0000000004479000 	/System/Library/Frameworks/AudioToolbox.framework/Versions/A/AudioToolbox
0x0000000004479000 	/System/Library/Frameworks/AudioUnit.framework/Versions/A/AudioUnit
0x0000000004479000 	/System/Library/PrivateFrameworks/DataDetectorsCore.framework/Versions/A/DataDetectorsCore
0x0000000004479000 	/System/Library/PrivateFrameworks/DesktopServicesPriv.framework/Versions/A/DesktopServicesPriv
0x0000000004479000 	/System/Library/Frameworks/Carbon.framework/Versions/A/Frameworks/HIToolbox.framework/Versions/A/HIToolbox
0x0000000004479000 	/System/Library/Frameworks/QuartzCore.framework/Versions/A/QuartzCore
0x0000000004479000 	/System/Library/Frameworks/Carbon.framework/Versions/A/Frameworks/SpeechRecognition.framework/Versions/A/SpeechRecognition
0x0000000004479000 	/usr/lib/libauto.dylib
0x0000000004479000 	/usr/lib/libicucore.A.dylib
0x0000000004479000 	/usr/lib/libxml2.2.dylib
0x0000000004479000 	/System/Library/PrivateFrameworks/CoreUI.framework/Versions/A/CoreUI
0x0000000004479000 	/System/Library/Frameworks/CoreAudio.framework/Versions/A/CoreAudio
0x0000000004479000 	/System/Library/Frameworks/DiskArbitration.framework/Versions/A/DiskArbitration
0x0000000004479000 	/usr/lib/liblangid.dylib
0x0000000004479000 	/System/Library/PrivateFrameworks/MultitouchSupport.framework/Versions/A/MultitouchSupport
0x0000000004479000 	/System/Library/Frameworks/IOKit.framework/Versions/A/IOKit
0x0000000004479000 	/usr/lib/libDiagnosticMessagesClient.dylib
0x0000000004479000 	/System/Library/Frameworks/CoreServices.framework/Versions/A/CoreServices
0x0000000004479000 	/System/Library/PrivateFrameworks/PerformanceAnalysis.framework/Versions/A/PerformanceAnalysis
0x0000000004479000 	/System/Library/PrivateFrameworks/GenerationalStorage.framework/Versions/A/GenerationalStorage
0x0000000004479000 	/System/Library/Frameworks/OpenGL.framework/Versions/A/OpenGL
0x0000000004479000 	/System/Library/PrivateFrameworks/Sharing.framework/Versions/A/Sharing
0x0000000004479000 	/System/Library/Frameworks/CoreGraphics.framework/Versions/A/CoreGraphics
0x0000000004479000 	/System/Library/Frameworks/CoreImage.framework/Versions/A/CoreImage
0x0000000004479000 	/System/Library/Frameworks/CoreText.framework/Versions/A/CoreText
0x0000000004479000 	/System/Library/Frameworks/ImageIO.framework/Versions/A/ImageIO
0x0000000004479000 	/System/Library/PrivateFrameworks/Backup.framework/Versions/A/Backup
0x0000000004479000 	/usr/lib/libextension.dylib
0x0000000004479000 	/usr/lib/libarchive.2.dylib
0x0000000004479000 	/System/Library/Frameworks/CFNetwork.framework/Versions/A/CFNetwork
0x0000000004479000 	/System/Library/Frameworks/SystemConfiguration.framework/Versions/A/SystemConfiguration
0x0000000004479000 	/usr/lib/libCRFSuite.dylib
0x0000000004479000 	/usr/lib/libc++.1.dylib
0x0000000004479000 	/usr/lib/libc++abi.dylib
0x0000000004479000 	/usr/lib/system/libcache.dylib
0x0000000004479000 	/usr/lib/system/libcommonCrypto.dylib
0x0000000004479000 	/usr/lib/system/libcompiler_rt.dylib
0x0000000004479000 	/usr/lib/system/libcopyfile.dylib
0x0000000004479000 	/usr/lib/system/libcorecrypto.dylib
0x0000000004479000 	/usr/lib/system/libdispatch.dylib
0x0000000004479000 	/usr/lib/system/libdyld.dylib
0x0000000004479000 	/usr/lib/system/libkeymgr.dylib
0x0000000004479000 	/usr/lib/system/liblaunch.dylib
0x0000000004479000 	/usr/lib/system/libmacho.dylib
0x0000000004479000 	/usr/lib/system/libquarantine.dylib
0x0000000004479000 	/usr/lib/system/libremovefile.dylib
0x0000000004479000 	/usr/lib/system/libsystem_asl.dylib
0x0000000004479000 	/usr/lib/system/libsystem_blocks.dylib
0x0000000004479000 	/usr/lib/system/libsystem_c.dylib
0x0000000004479000 	/usr/lib/system/libsystem_configuration.dylib
0x0000000004479000 	/usr/lib/system/libsystem_coreservices.dylib
0x0000000004479000 	/usr/lib/system/libsystem_coretls.dylib
0x0000000004479000 	/usr/lib/system/libsystem_dnssd.dylib
0x0000000004479000 	/usr/lib/system/libsystem_info.dylib
0x0000000004479000 	/usr/lib/system/libsystem_kernel.dylib
0x0000000004479000 	/usr/lib/system/libsystem_m.dylib
0x0000000004479000 	/usr/lib/system/libsystem_malloc.dylib
0x0000000004479000 	/usr/lib/system/libsystem_network.dylib
0x0000000004479000 	/usr/lib/system/libsystem_networkextension.dylib
0x0000000004479000 	/usr/lib/system/libsystem_notify.dylib
0x0000000004479000 	/usr/lib/system/libsystem_platform.dylib
0x0000000004479000 	/usr/lib/system/libsystem_pthread.dylib
0x0000000004479000 	/usr/lib/system/libsystem_sandbox.dylib
0x0000000004479000 	/usr/lib/system/libsystem_secinit.dylib
0x0000000004479000 	/usr/lib/system/libsystem_trace.dylib
0x0000000004479000 	/usr/lib/system/libunc.dylib
0x0000000004479000 	/usr/lib/system/libunwind.dylib
0x0000000004479000 	/usr/lib/system/libxpc.dylib
0x0000000004479000 	/usr/lib/libenergytrace.dylib
0x0000000004479000 	/usr/lib/libbsm.0.dylib
0x0000000004479000 	/usr/lib/system/libkxld.dylib
0x0000000004479000 	/usr/lib/libxar.1.dylib
0x0000000004479000 	/usr/lib/libsqlite3.dylib
0x0000000004479000 	/usr/lib/libpam.2.dylib
0x0000000004479000 	/usr/lib/libOpenScriptingUtil.dylib
0x0000000004479000 	/usr/lib/libbz2.1.0.dylib
0x0000000004479000 	/usr/lib/liblzma.5.dylib
0x0000000004479000 	/System/Library/Frameworks/CoreServices.framework/Versions/A/Frameworks/FSEvents.framework/Versions/A/FSEvents
0x0000000004479000 	/System/Library/Frameworks/CoreServices.framework/Versions/A/Frameworks/CarbonCore.framework/Versions/A/CarbonCore
0x0000000004479000 	/System/Library/Frameworks/CoreServices.framework/Versions/A/Frameworks/Metadata.framework/Versions/A/Metadata
0x0000000004479000 	/System/Library/Frameworks/CoreServices.framework/Versions/A/Frameworks/OSServices.framework/Versions/A/OSServices
0x0000000004479000 	/System/Library/Frameworks/CoreServices.framework/Versions/A/Frameworks/SearchKit.framework/Versions/A/SearchKit
0x0000000004479000 	/System/Library/Frameworks/CoreServices.framework/Versions/A/Frameworks/AE.framework/Versions/A/AE
0x0000000004479000 	/System/Library/Frameworks/CoreServices.framework/Versions/A/Frameworks/LaunchServices.framework/Versions/A/LaunchServices
0x0000000004479000 	/System/Library/Frameworks/CoreServices.framework/Versions/A/Frameworks/DictionaryServices.framework/Versions/A/DictionaryServices
0x0000000004479000 	/System/Library/Frameworks/CoreServices.framework/Versions/A/Frameworks/SharedFileList.framework/Versions/A/SharedFileList
0x0000000004479000 	/System/Library/Frameworks/NetFS.framework/Versions/A/NetFS
0x0000000004479000 	/System/Library/PrivateFrameworks/NetAuth.framework/Versions/A/NetAuth
0x0000000004479000 	/System/Library/PrivateFrameworks/login.framework/Versions/A/Frameworks/loginsupport.framework/Versions/A/loginsupport
0x0000000004479000 	/System/Library/PrivateFrameworks/TCC.framework/Versions/A/TCC
0x0000000004479000 	/usr/lib/libmecabra.dylib
0x0000000004479000 	/System/Library/Frameworks/ApplicationServices.framework/Versions/A/Frameworks/ATS.framework/Versions/A/ATS
0x0000000004479000 	/System/Library/Frameworks/ApplicationServices.framework/Versions/A/Frameworks/ColorSync.framework/Versions/A/ColorSync
0x0000000004479000 	/System/Library/Frameworks/ApplicationServices.framework/Versions/A/Frameworks/HIServices.framework/Versions/A/HIServices
0x0000000004479000 	/System/Library/Frameworks/ApplicationServices.framework/Versions/A/Frameworks/LangAnalysis.framework/Versions/A/LangAnalysis
0x0000000004479000 	/System/Library/Frameworks/ApplicationServices.framework/Versions/A/Frameworks/PrintCore.framework/Versions/A/PrintCore
0x0000000004479000 	/System/Library/Frameworks/ApplicationServices.framework/Versions/A/Frameworks/QD.framework/Versions/A/QD
0x0000000004479000 	/System/Library/Frameworks/ApplicationServices.framework/Versions/A/Frameworks/SpeechSynthesis.framework/Versions/A/SpeechSynthesis
0x0000000004479000 	/System/Library/Frameworks/Metal.framework/Versions/A/Metal
0x0000000004479000 	/System/Library/Frameworks/Accelerate.framework/Versions/A/Frameworks/vImage.framework/Versions/A/vImage
0x0000000004479000 	/System/Library/Frameworks/Accelerate.framework/Versions/A/Frameworks/vecLib.framework/Versions/A/vecLib
0x0000000004479000 	/System/Library/Frameworks/Accelerate.framework/Versions/A/Frameworks/vecLib.framework/Versions/A/libvDSP.dylib
0x0000000004479000 	/System/Library/Frameworks/Accelerate.framework/Versions/A/Frameworks/vecLib.framework/Versions/A/libvMisc.dylib
0x0000000004479000 	/System/Library/Frameworks/Accelerate.framework/Versions/A/Frameworks/vecLib.framework/Versions/A/libLAPACK.dylib
0x0000000004479000 	/System/Library/Frameworks/Accelerate.framework/Versions/A/Frameworks/vecLib.framework/Versions/A/libBLAS.dylib
0x0000000004479000 	/System/Library/Frameworks/Accelerate.framework/Versions/A/Frameworks/vecLib.framework/Versions/A/libLinearAlgebra.dylib
0x0000000004479000 	/System/Library/Frameworks/Accelerate.framework/Versions/A/Frameworks/vecLib.framework/Versions/A/libSparseBLAS.dylib
0x0000000004479000 	/System/Library/PrivateFrameworks/GPUCompiler.framework/libmetal_timestamp.dylib
0x0000000004479000 	/System/Library/Frameworks/OpenGL.framework/Versions/A/Libraries/libCoreFSCache.dylib
0x0000000004479000 	/System/Library/PrivateFrameworks/IOAccelerator.framework/Versions/A/IOAccelerator
0x0000000004479000 	/System/Library/Frameworks/ApplicationServices.framework/Versions/A/Frameworks/ATS.framework/Versions/A/Resources/libFontParser.dylib
0x0000000004479000 	/System/Library/Frameworks/ApplicationServices.framework/Versions/A/Frameworks/ATS.framework/Versions/A/Resources/libFontRegistry.dylib
0x0000000004479000 	/System/Library/PrivateFrameworks/AppleVPA.framework/Versions/A/AppleVPA
0x0000000004479000 	/System/Library/PrivateFrameworks/AppleJPEG.framework/Versions/A/AppleJPEG
0x0000000004479000 	/System/Library/Frameworks/ImageIO.framework/Versions/A/Resources/libJPEG.dylib
0x0000000004479000 	/System/Library/Frameworks/ImageIO.framework/Versions/A/Resources/libTIFF.dylib
0x0000000004479000 	/System/Library/Frameworks/ImageIO.framework/Versions/A/Resources/libPng.dylib
0x0000000004479000 	/System/Library/Frameworks/ImageIO.framework/Versions/A/Resources/libGIF.dylib
0x0000000004479000 	/System/Library/Frameworks/ImageIO.framework/Versions/A/Resources/libJP2.dylib
0x0000000004479000 	/System/Library/Frameworks/ImageIO.framework/Versions/A/Resources/libRadiance.dylib
0x0000000004479000 	/System/Library/Frameworks/CoreVideo.framework/Versions/A/CoreVideo
0x0000000004479000 	/System/Library/Frameworks/OpenGL.framework/Versions/A/Libraries/libGLU.dylib
0x0000000004479000 	/System/Library/Frameworks/OpenGL.framework/Versions/A/Libraries/libGFXShared.dylib
0x0000000004479000 	/System/Library/Frameworks/OpenGL.framework/Versions/A/Libraries/libGL.dylib
0x0000000004479000 	/System/Library/Frameworks/OpenGL.framework/Versions/A/Libraries/libGLImage.dylib
0x0000000004479000 	/System/Library/Frameworks/OpenGL.framework/Versions/A/Libraries/libCVMSPluginSupport.dylib
0x0000000004479000 	/System/Library/Frameworks/OpenGL.framework/Versions/A/Libraries/libCoreVMClient.dylib
0x0000000004479000 	/usr/lib/libcups.2.dylib
0x0000000004479000 	/System/Library/Frameworks/Kerberos.framework/Versions/A/Kerberos
0x0000000004479000 	/System/Library/Frameworks/GSS.framework/Versions/A/GSS
0x0000000004479000 	/usr/lib/libresolv.9.dylib
0x0000000004479000 	/usr/lib/libiconv.2.dylib
0x0000000004479000 	/System/Library/PrivateFrameworks/Heimdal.framework/Versions/A/Heimdal
0x0000000004479000 	/usr/lib/libheimdal-asn1.dylib
0x0000000004479000 	/System/Library/Frameworks/OpenDirectory.framework/Versions/A/OpenDirectory
0x0000000004479000 	/System/Library/PrivateFrameworks/CommonAuth.framework/Versions/A/CommonAuth
0x0000000004479000 	/System/Library/Frameworks/OpenDirectory.framework/Versions/A/Frameworks/CFOpenDirectory.framework/Versions/A/CFOpenDirectory
0x0000000004479000 	/System/Library/Frameworks/SecurityFoundation.framework/Versions/A/SecurityFoundation
0x0000000004479000 	/System/Library/PrivateFrameworks/LanguageModeling.framework/Versions/A/LanguageModeling
0x0000000004479000 	/usr/lib/libmarisa.dylib
0x0000000004479000 	/usr/lib/libChineseTokenizer.dylib
0x0000000004479000 	/usr/lib/libcmph.dylib
0x0000000004479000 	/usr/lib/libcompression.dylib
0x0000000004479000 	/System/Library/Frameworks/ServiceManagement.framework/Versions/A/ServiceManagement
0x0000000004479000 	/usr/lib/libxslt.1.dylib
0x0000000004479000 	/System/Library/Frameworks/Carbon.framework/Versions/A/Frameworks/Ink.framework/Versions/A/Ink
0x0000000004479000 	/usr/lib/libFosl_dynamic.dylib
0x0000000004479000 	/System/Library/PrivateFrameworks/FaceCore.framework/Versions/A/FaceCore
0x0000000004479000 	/System/Library/Frameworks/OpenCL.framework/Versions/A/OpenCL
0x0000000004479000 	/System/Library/PrivateFrameworks/CrashReporterSupport.framework/Versions/A/CrashReporterSupport
0x0000000004479000 	/System/Library/PrivateFrameworks/IconServices.framework/Versions/A/IconServices
0x0000000004479000 	/System/Library/PrivateFrameworks/Apple80211.framework/Versions/A/Apple80211
0x0000000004479000 	/System/Library/Frameworks/CoreWLAN.framework/Versions/A/CoreWLAN
0x0000000004479000 	/System/Library/Frameworks/IOBluetooth.framework/Versions/A/IOBluetooth
0x0000000004479000 	/System/Library/PrivateFrameworks/CoreWiFi.framework/Versions/A/CoreWiFi
0x0000000004479000 	/System/Library/Frameworks/CoreBluetooth.framework/Versions/A/CoreBluetooth
0x0000000004479000 	/System/Library/PrivateFrameworks/ChunkingLibrary.framework/Versions/A/ChunkingLibrary
0x0000000004479000 	/System/Library/PrivateFrameworks/DebugSymbols.framework/Versions/A/DebugSymbols
0x0000000004479000 	/System/Library/PrivateFrameworks/CoreSymbolication.framework/Versions/A/CoreSymbolication
0x0000000004479000 	/System/Library/PrivateFrameworks/Symbolication.framework/Versions/A/Symbolication
0x0000000004479000 	/System/Library/PrivateFrameworks/SpeechRecognitionCore.framework/Versions/A/SpeechRecognitionCore
0x000000010f8d5000 	/Library/Java/JavaVirtualMachines/jdk1.8.0_60.jdk/Contents/Home/jre/lib/server/libjvm.dylib
0x000000011085e000 	/usr/lib/libstdc++.6.dylib
0x0000000110919000 	/Library/Java/JavaVirtualMachines/jdk1.8.0_60.jdk/Contents/Home/jre/lib/libverify.dylib
0x0000000110927000 	/Library/Java/JavaVirtualMachines/jdk1.8.0_60.jdk/Contents/Home/jre/lib/libjava.dylib
0x0000000110966000 	/Library/Java/JavaVirtualMachines/jdk1.8.0_60.jdk/Contents/Home/jre/lib/libzip.dylib
0x0000000126ad2000 	/System/Library/Frameworks/JavaVM.framework/Frameworks/JavaRuntimeSupport.framework/JavaRuntimeSupport
0x0000000126aed000 	/System/Library/Frameworks/JavaVM.framework/Versions/A/Frameworks/JavaNativeFoundation.framework/Versions/A/JavaNativeFoundation
0x0000000126b02000 	/System/Library/Frameworks/JavaVM.framework/Versions/A/JavaVM
0x0000000004479000 	/System/Library/Frameworks/Carbon.framework/Versions/A/Carbon
0x0000000126b0f000 	/System/Library/PrivateFrameworks/JavaLaunching.framework/Versions/A/JavaLaunching
0x0000000004479000 	/System/Library/Frameworks/Carbon.framework/Versions/A/Frameworks/CommonPanels.framework/Versions/A/CommonPanels
0x0000000004479000 	/System/Library/Frameworks/Carbon.framework/Versions/A/Frameworks/Help.framework/Versions/A/Help
0x0000000004479000 	/System/Library/Frameworks/Carbon.framework/Versions/A/Frameworks/ImageCapture.framework/Versions/A/ImageCapture
0x0000000004479000 	/System/Library/Frameworks/Carbon.framework/Versions/A/Frameworks/OpenScripting.framework/Versions/A/OpenScripting
0x0000000004479000 	/System/Library/Frameworks/Carbon.framework/Versions/A/Frameworks/Print.framework/Versions/A/Print
0x0000000004479000 	/System/Library/Frameworks/Carbon.framework/Versions/A/Frameworks/SecurityHI.framework/Versions/A/SecurityHI
0x0000000128432000 	/Library/Java/JavaVirtualMachines/jdk1.8.0_60.jdk/Contents/Home/jre/lib/libawt.dylib
0x00000001284da000 	/Library/Java/JavaVirtualMachines/jdk1.8.0_60.jdk/Contents/Home/jre/lib/./libmlib_image.dylib
0x00000001285a6000 	/Library/Java/JavaVirtualMachines/jdk1.8.0_60.jdk/Contents/Home/jre/lib/libawt_lwawt.dylib
0x000000012865b000 	/Library/Java/JavaVirtualMachines/jdk1.8.0_60.jdk/Contents/Home/jre/lib/./libosxapp.dylib
0x0000000004479000 	/System/Library/Frameworks/ExceptionHandling.framework/Versions/A/ExceptionHandling
0x0000000004479000 	/System/Library/PrivateFrameworks/CoreServicesInternal.framework/Versions/A/CoreServicesInternal
0x0000000004479000 	/System/Library/Frameworks/CoreGraphics.framework/Versions/A/Resources/libRIP.A.dylib
0x00000001291ff000 	/System/Library/Frameworks/Accelerate.framework/Frameworks/vImage.framework/Versions/A/Libraries/libCGInterfaces.dylib
0x0000000004479000 	/System/Library/Frameworks/CoreGraphics.framework/Versions/A/Resources/libCGXType.A.dylib
0x0000000004479000 	/System/Library/Frameworks/OpenCL.framework/Versions/A/Libraries/libcldcpuengine.dylib
0x0000000004479000 	/System/Library/PrivateFrameworks/DiskImages.framework/Versions/A/DiskImages
0x0000000004479000 	/System/Library/Frameworks/DiscRecording.framework/Versions/A/DiscRecording
0x0000000004479000 	/usr/lib/libcsfde.dylib
0x0000000004479000 	/usr/lib/libcurl.4.dylib
0x0000000004479000 	/System/Library/PrivateFrameworks/MediaKit.framework/Versions/A/MediaKit
0x0000000004479000 	/System/Library/PrivateFrameworks/ProtectedCloudStorage.framework/Versions/A/ProtectedCloudStorage
0x0000000004479000 	/usr/lib/libCoreStorage.dylib
0x0000000004479000 	/System/Library/PrivateFrameworks/EFILogin.framework/Versions/A/EFILogin
0x0000000004479000 	/usr/lib/libutil.dylib
0x0000000004479000 	/System/Library/PrivateFrameworks/FindMyDevice.framework/Versions/A/FindMyDevice
0x0000000004479000 	/System/Library/Frameworks/LDAP.framework/Versions/A/LDAP
0x0000000004479000 	/usr/lib/libsasl2.2.dylib
0x0000000004479000 	/System/Library/PrivateFrameworks/CoreDaemon.framework/Versions/B/CoreDaemon
0x0000000004479000 	/usr/lib/libcrypto.0.9.8.dylib
0x0000000004479000 	/System/Library/PrivateFrameworks/AppleSRP.framework/Versions/A/AppleSRP
0x0000000004479000 	/System/Library/PrivateFrameworks/TrustEvaluationAgent.framework/Versions/A/TrustEvaluationAgent
0x0000000129f3a000 	cl_kernels
0x0000000004479000 	/System/Library/Frameworks/OpenCL.framework/Versions/A/Libraries/ImageFormats/unorm8_bgra.dylib
0x0000000004479000 	/System/Library/Frameworks/OpenCL.framework/Versions/A/Libraries/ImageFormats/unorm8_rgba.dylib
0x0000000004479000 	/System/Library/PrivateFrameworks/FamilyControls.framework/Versions/A/FamilyControls
0x0000000004479000 	/System/Library/PrivateFrameworks/CommerceKit.framework/Versions/A/Frameworks/CommerceCore.framework/Versions/A/CommerceCore
0x0000000004479000 	/System/Library/PrivateFrameworks/SystemAdministration.framework/Versions/A/SystemAdministration
0x0000000004479000 	/System/Library/PrivateFrameworks/AppContainer.framework/Versions/A/AppContainer
0x0000000004479000 	/System/Library/PrivateFrameworks/SecCodeWrapper.framework/Versions/A/SecCodeWrapper
0x0000000004479000 	/System/Library/Frameworks/DirectoryService.framework/Versions/A/DirectoryService
0x0000000004479000 	/System/Library/PrivateFrameworks/LoginUIKit.framework/Versions/A/Frameworks/LoginUICore.framework/Versions/A/LoginUICore
0x0000000004479000 	/usr/lib/libodfde.dylib
0x000000012afcf000 	/System/Library/Frameworks/OpenGL.framework/Resources/GLEngine.bundle/GLEngine
0x0000000004479000 	/System/Library/Frameworks/OpenGL.framework/Versions/A/Libraries/libGLProgrammability.dylib
0x000000012b1b7000 	/System/Library/Extensions/AppleIntelHD5000GraphicsGLDriver.bundle/Contents/MacOS/AppleIntelHD5000GraphicsGLDriver
0x0000000004479000 	/System/Library/PrivateFrameworks/GPUSupport.framework/Versions/A/Libraries/libGPUSupportMercury.dylib
0x000000012b913000 	/System/Library/Frameworks/OpenGL.framework/Resources//GLRendererFloat.bundle/GLRendererFloat
0x000000012c19e000 	/Library/Java/JavaVirtualMachines/jdk1.8.0_60.jdk/Contents/Home/jre/lib/libfontmanager.dylib
0x000000012d638000 	/Library/Java/JavaVirtualMachines/jdk1.8.0_60.jdk/Contents/Home/jre/lib/libosxui.dylib
0x000000012e300000 	/Library/Java/JavaVirtualMachines/jdk1.8.0_60.jdk/Contents/Home/jre/lib/libnet.dylib
0x000000012e4f1000 	/Library/Java/JavaVirtualMachines/jdk1.8.0_60.jdk/Contents/Home/jre/lib/libnio.dylib
0x0000000004479000 	/System/Library/Frameworks/ApplicationServices.framework/Versions/A/Frameworks/ATS.framework/Versions/A/Resources/libTrueTypeScaler.dylib
0x0000000186ad2000 	/System/Library/Extensions/AppleIntelHD5000GraphicsMTLDriver.bundle/Contents/MacOS/AppleIntelHD5000GraphicsMTLDriver
0x00000001294e1000 	/private/var/folders/x9/z_v5q4vx5yx_kt718rrfk_lm0000gn/T/jogamp_0000/file_cache/jln5485572782053778117/jln2820400775864911519/libgluegen-rt.jnilib
0x00000001294e6000 	/private/var/folders/x9/z_v5q4vx5yx_kt718rrfk_lm0000gn/T/jogamp_0000/file_cache/jln5485572782053778117/jln2820400775864911519/libnativewindow_awt.jnilib
0x00000001294e9000 	/Library/Java/JavaVirtualMachines/jdk1.8.0_60.jdk/Contents/Home/jre/lib/libjawt.dylib
0x00000001294ec000 	/private/var/folders/x9/z_v5q4vx5yx_kt718rrfk_lm0000gn/T/jogamp_0000/file_cache/jln5485572782053778117/jln2820400775864911519/libnativewindow_macosx.jnilib
0x0000000188695000 	/private/var/folders/x9/z_v5q4vx5yx_kt718rrfk_lm0000gn/T/jogamp_0000/file_cache/jln5485572782053778117/jln2820400775864911519/libjogl_desktop.jnilib
0x000000018b166000 	/Library/Java/JavaVirtualMachines/jdk1.8.0_60.jdk/Contents/Home/jre/lib/libt2k.dylib

VM Arguments:
jvm_args: -Djava.security.policy=java.policy.applet -Dfile.encoding=UTF-8 
java_command: sun.applet.AppletViewer module6.EarthquakeCityMap1446071168651.html
java_class_path (initial): /Users/gregorymankes/Google Drive/Udacity and Other Courses/Coursera/Data Structures Specialization/Course 1/Code/UCSDUnfoldingMaps/build:/Users/gregorymankes/Google Drive/Udacity and Other Courses/Coursera/Data Structures Specialization/Course 1/Code/UCSDUnfoldingMaps/lib/core.jar:/Users/gregorymankes/Google Drive/Udacity and Other Courses/Coursera/Data Structures Specialization/Course 1/Code/UCSDUnfoldingMaps/lib/gluegen-rt.jar:/Users/gregorymankes/Google Drive/Udacity and Other Courses/Coursera/Data Structures Specialization/Course 1/Code/UCSDUnfoldingMaps/lib/jogl-all.jar:/Users/gregorymankes/Google Drive/Udacity and Other Courses/Coursera/Data Structures Specialization/Course 1/Code/UCSDUnfoldingMaps/lib/log4j-1.2.15.jar:/Users/gregorymankes/Google Drive/Udacity and Other Courses/Coursera/Data Structures Specialization/Course 1/Code/UCSDUnfoldingMaps/lib/sqlite-jdbc-3.7.2.jar:/Users/gregorymankes/Google Drive/Udacity and Other Courses/Coursera/Data Structures Specialization/Course 1/Code/UCSDUnfoldingMaps/lib/json4processing.jar:/Users/gregorymankes/Google Drive/Udacity and Other Courses/Coursera/Data Structures Specialization/Course 1/Code/UCSDUnfoldingMaps/lib/libTUIO.jar:/Users/gregorymankes/Google Drive/Udacity and Other Courses/Coursera/Data Structures Specialization/Course 1/Code/UCSDUnfoldingMaps/lib/unfolding.0.9.7-uscd.jar
Launcher Type: SUN_STANDARD

Environment Variables:
PATH=/usr/bin:/bin:/usr/sbin:/sbin
SHELL=/bin/bash

Signal Handlers:
SIGSEGV: [libjvm.dylib+0x5a6d31], sa_mask[0]=11111111011111110111111111111111, sa_flags=SA_ONSTACK|SA_RESTART|SA_SIGINFO
SIGBUS: [libjvm.dylib+0x5a6d31], sa_mask[0]=11111111011111110111111111111111, sa_flags=SA_RESTART|SA_SIGINFO
SIGFPE: [libjvm.dylib+0x480a4c], sa_mask[0]=11111111011111110111111111111111, sa_flags=SA_RESTART|SA_SIGINFO
SIGPIPE: [libjvm.dylib+0x480a4c], sa_mask[0]=11111111011111110111111111111111, sa_flags=SA_RESTART|SA_SIGINFO
SIGXFSZ: [libjvm.dylib+0x480a4c], sa_mask[0]=11111111011111110111111111111111, sa_flags=SA_RESTART|SA_SIGINFO
SIGILL: [libjvm.dylib+0x480a4c], sa_mask[0]=11111111011111110111111111111111, sa_flags=SA_RESTART|SA_SIGINFO
SIGUSR1: SIG_DFL, sa_mask[0]=00000000000000000000000000000000, sa_flags=none
SIGUSR2: [libjvm.dylib+0x48056a], sa_mask[0]=00100000000000000000000000000000, sa_flags=SA_RESTART|SA_SIGINFO
SIGHUP: [libjvm.dylib+0x47eb41], sa_mask[0]=11111111011111110111111111111111, sa_flags=SA_RESTART|SA_SIGINFO
SIGINT: [libjvm.dylib+0x47eb41], sa_mask[0]=11111111011111110111111111111111, sa_flags=SA_RESTART|SA_SIGINFO
SIGTERM: [libjvm.dylib+0x47eb41], sa_mask[0]=11111111011111110111111111111111, sa_flags=SA_RESTART|SA_SIGINFO
SIGQUIT: [libjvm.dylib+0x47eb41], sa_mask[0]=11111111011111110111111111111111, sa_flags=SA_RESTART|SA_SIGINFO


---------------  S Y S T E M  ---------------

OS:Bsduname:Darwin 15.0.0 Darwin Kernel Version 15.0.0: Sat Sep 19 15:53:46 PDT 2015; root:xnu-3247.10.11~1/RELEASE_X86_64 x86_64
rlimit: STACK 8192k, CORE 0k, NPROC 709, NOFILE 10240, AS infinity
load average:2.94 2.42 2.19

CPU:total 4 (2 cores per cpu, 2 threads per core) family 6 model 69 stepping 1, cmov, cx8, fxsr, mmx, sse, sse2, sse3, ssse3, sse4.1, sse4.2, popcnt, avx, avx2, aes, clmul, erms, lzcnt, ht, tsc, tscinvbit, bmi1, bmi2

Memory: 4k page, physical 8388608k(107604k free)

/proc/meminfo:


vm_info: Java HotSpot(TM) 64-Bit Server VM (25.60-b23) for bsd-amd64 JRE (1.8.0_60-b27), built on Aug  4 2015 10:47:24 by "java_re" with gcc 4.2.1 (Based on Apple Inc. build 5658) (LLVM build 2336.11.00)

time: Wed Oct 28 18:26:35 2015
elapsed time: 27 seconds (0d 0h 0m 27s)

